2025-04-25 13:42:57,776 - INFO - [adicionar_produto] - Iniciando processo de adição de novo produto
2025-04-25 13:42:59,753 - ERROR - [_processar_produto] - Erro inesperado: ID deve ser um inteiro ou None.
2025-04-25 13:43:15,961 - ERROR - [_processar_produto] - Erro inesperado: ID deve ser um inteiro ou None.
2025-04-25 13:43:19,880 - INFO - [editar_produto] - Iniciando processo de edição de produto
2025-04-25 13:43:19,881 - DEBUG - [editar_produto] - Produto selecionado para edição - ID: 3
2025-04-25 13:43:19,916 - INFO - [editar_produto] - Diálogo de edição aberto para produto ID: 3
2025-04-25 13:43:23,280 - ERROR - [_processar_produto] - Erro inesperado: Preço deve ser um número.
2025-04-25 13:47:49,550 - INFO - [editar_produto] - Iniciando processo de edição de produto
2025-04-25 13:47:49,558 - DEBUG - [editar_produto] - Produto selecionado para edição - ID: 3
2025-04-25 13:47:49,598 - INFO - [editar_produto] - Diálogo de edição aberto para produto ID: 3
2025-04-25 13:47:55,278 - ERROR - [_processar_produto] - Erro inesperado: Preço deve ser um número.
2025-04-25 13:47:59,358 - ERROR - [_processar_produto] - Erro inesperado: Preço deve ser um número.
2025-04-25 13:48:02,007 - INFO - [adicionar_produto] - Iniciando processo de adição de novo produto
2025-04-25 13:48:03,460 - ERROR - [_processar_produto] - Erro inesperado: ID deve ser um inteiro ou None.
2025-04-25 13:48:08,701 - ERROR - [_processar_produto] - Erro inesperado: ID deve ser um inteiro ou None.
2025-04-25 13:48:09,117 - ERROR - [_processar_produto] - Erro inesperado: ID deve ser um inteiro ou None.
2025-04-25 13:50:45,492 - INFO - [adicionar_produto] - Iniciando processo de adição de novo produto
2025-04-25 13:50:47,075 - ERROR - [_processar_produto] - Erro de validação: Preço deve ser um número válido (ex: 10.99)
2025-04-25 13:51:02,659 - INFO - [_executar_query] - ✅ Cadastro de produto realizado com sucesso
2025-04-25 13:51:02,661 - DEBUG - [atualizar_tabela] - Atualizando tabela de produtos
2025-04-25 13:51:02,713 - DEBUG - [atualizar_tabela] - Tabela de produtos atualizada com sucesso
2025-04-25 13:53:24,856 - INFO - [editar_produto] - Iniciando processo de edição de produto
2025-04-25 13:53:24,857 - DEBUG - [editar_produto] - Produto selecionado para edição - ID: 6
2025-04-25 13:53:24,894 - INFO - [editar_produto] - Diálogo de edição aberto para produto ID: 6
2025-04-25 13:53:27,959 - INFO - [_executar_query] - ✅ Edição de produto realizado com sucesso
2025-04-25 13:53:27,961 - DEBUG - [atualizar_tabela] - Atualizando tabela de produtos
2025-04-25 13:53:28,021 - DEBUG - [atualizar_tabela] - Tabela de produtos atualizada com sucesso
2025-04-25 13:53:40,313 - INFO - [buscar_produto] - Iniciando busca por produtos com termo: 'p'
2025-04-25 13:53:45,065 - INFO - [buscar_produto] - Iniciando busca por produtos com termo: '3'
2025-04-25 13:53:45,108 - ERROR - [buscar_produto] - Erro na busca: 'Produto' object has no attribute 'sort'
Traceback (most recent call last):
  File "c:\PYTHON\app_joyceCakes\controllers\estoque_controller.py", line 37, in buscar_produto
    self.view.tabela.carregar_produtos(produtos if produtos else None)
  File "c:\PYTHON\app_joyceCakes\views\listagem_produtos.py", line 116, in carregar_produtos
    produtos.sort(
    ^^^^^^^^^^^^^
AttributeError: 'Produto' object has no attribute 'sort'
2025-04-25 13:54:16,657 - INFO - [buscar_produto] - Iniciando busca por produtos com termo: '3'
2025-04-25 13:54:16,675 - ERROR - [buscar_produto] - Erro na busca: 'Produto' object has no attribute 'sort'
Traceback (most recent call last):
  File "c:\PYTHON\app_joyceCakes\controllers\estoque_controller.py", line 37, in buscar_produto
    self.view.tabela.carregar_produtos(produtos if produtos else None)
  File "c:\PYTHON\app_joyceCakes\views\listagem_produtos.py", line 116, in carregar_produtos
    produtos.sort(
    ^^^^^^^^^^^^^
AttributeError: 'Produto' object has no attribute 'sort'
2025-04-25 14:04:55,010 - INFO - [buscar_produto] - Iniciando busca por produtos com termo: '4'
2025-04-25 14:04:59,353 - INFO - [buscar_produto] - Iniciando busca por produtos com termo: '3'
2025-04-25 14:05:02,305 - INFO - [buscar_produto] - Iniciando busca por produtos com termo: '1'
2025-04-25 14:14:31,978 - INFO - [buscar_produto] - Iniciando busca por produtos com termo: '56'
2025-04-25 14:14:37,586 - INFO - [buscar_produto] - Iniciando busca por produtos com termo: '5'
2025-04-25 14:14:41,187 - INFO - [buscar_produto] - Iniciando busca por produtos com termo: '9'
2025-04-25 14:14:44,714 - INFO - [buscar_produto] - Iniciando busca por produtos com termo: '250'
2025-04-25 14:18:17,833 - INFO - [buscar_produto] - Iniciando busca por produtos com termo: '212e'
2025-04-25 14:18:20,624 - INFO - [buscar_produto] - Iniciando busca por produtos com termo: '6'
2025-04-25 14:18:25,044 - INFO - [buscar_produto] - Iniciando busca por produtos com termo: 'prod'
2025-04-25 14:25:29,523 - DEBUG - [atualizar_tabela] - Atualizando tabela de produtos
2025-04-25 14:25:29,569 - DEBUG - [atualizar_tabela] - Tabela de produtos atualizada com sucesso
2025-04-25 14:25:30,883 - DEBUG - [atualizar_tabela] - Atualizando tabela de produtos
2025-04-25 14:25:30,931 - DEBUG - [atualizar_tabela] - Tabela de produtos atualizada com sucesso
2025-04-28 11:01:29,193 - INFO - [editar_produto] - Iniciando processo de edição de produto
2025-04-28 11:01:29,194 - DEBUG - [editar_produto] - Produto selecionado para edição - ID: 3
2025-04-28 11:01:29,266 - INFO - [editar_produto] - Diálogo de edição aberto para produto ID: 3
2025-04-28 11:01:34,314 - INFO - [_executar_query] - ✅ Edição de produto realizado com sucesso
2025-04-28 11:01:34,317 - DEBUG - [atualizar_tabela] - Atualizando tabela de produtos
2025-04-28 11:01:34,371 - DEBUG - [atualizar_tabela] - Tabela de produtos atualizada com sucesso
2025-04-28 11:24:16,815 - INFO - [editar_produto] - Iniciando processo de edição de produto
2025-04-28 11:24:16,816 - DEBUG - [editar_produto] - Produto selecionado para edição - ID: 3
2025-04-28 11:24:16,869 - INFO - [editar_produto] - Diálogo de edição aberto para produto ID: 3
2025-04-28 11:24:20,018 - INFO - [_executar_query] - ✅ Edição de produto realizado com sucesso
2025-04-28 11:24:20,022 - DEBUG - [atualizar_tabela] - Atualizando tabela de produtos
2025-04-28 11:24:20,140 - DEBUG - [atualizar_tabela] - Tabela de produtos atualizada com sucesso
2025-04-28 11:24:44,463 - INFO - [buscar_produto] - Iniciando busca por produtos com termo: 'prod'
2025-04-28 11:24:54,238 - INFO - [buscar_produto] - Iniciando busca por produtos com termo: ''
2025-04-28 11:24:54,239 - DEBUG - [buscar_produto] - Termo de busca vazio - carregando todos os produtos com paginação
2025-04-30 14:00:54,843 - INFO - [editar_produto] - Iniciando processo de edição de produto
2025-04-30 14:00:54,851 - DEBUG - [editar_produto] - Produto selecionado para edição - ID: 3
2025-04-30 14:00:54,889 - INFO - [editar_produto] - Diálogo de edição aberto para produto ID: 3
2025-04-30 14:01:01,469 - INFO - [_executar_query] - ✅ Edição de produto realizado com sucesso
2025-04-30 14:01:01,471 - DEBUG - [atualizar_tabela] - Atualizando tabela de produtos
2025-04-30 14:01:01,513 - DEBUG - [atualizar_tabela] - Tabela de produtos atualizada com sucesso
2025-04-30 14:01:06,123 - INFO - [remover_produto] - Iniciando processo de remoção de produto
2025-04-30 14:01:06,124 - DEBUG - [remover_produto] - Confirmando remoção do produto ID: 3
2025-04-30 14:01:06,193 - INFO - [remover_produto] - Produto ID 3 removido com sucesso!
2025-04-30 14:01:07,940 - INFO - [adicionar_produto] - Iniciando processo de adição de novo produto
2025-04-30 14:01:19,935 - INFO - [_executar_query] - ✅ Cadastro de produto realizado com sucesso
2025-04-30 14:01:19,936 - DEBUG - [atualizar_tabela] - Atualizando tabela de produtos
2025-04-30 14:01:19,982 - DEBUG - [atualizar_tabela] - Tabela de produtos atualizada com sucesso
2025-04-30 14:01:26,084 - INFO - [adicionar_produto] - Iniciando processo de adição de novo produto
2025-04-30 14:01:34,652 - INFO - [_executar_query] - ✅ Cadastro de produto realizado com sucesso
2025-04-30 14:01:34,653 - DEBUG - [atualizar_tabela] - Atualizando tabela de produtos
2025-04-30 14:01:34,702 - DEBUG - [atualizar_tabela] - Tabela de produtos atualizada com sucesso
2025-04-30 14:01:56,220 - INFO - [adicionar_produto] - Iniciando processo de adição de novo produto
2025-04-30 14:02:07,079 - INFO - [_executar_query] - ✅ Cadastro de produto realizado com sucesso
2025-04-30 14:02:07,081 - DEBUG - [atualizar_tabela] - Atualizando tabela de produtos
2025-04-30 14:02:07,129 - DEBUG - [atualizar_tabela] - Tabela de produtos atualizada com sucesso
2025-04-30 14:57:25,710 - INFO - [buscar_produto] - Iniciando busca por produtos com termo: ''
2025-04-30 14:57:25,711 - DEBUG - [buscar_produto] - Termo de busca vazio - carregando todos os produtos com paginação
2025-04-30 14:57:26,821 - INFO - [adicionar_produto] - Iniciando processo de adição de novo produto
2025-04-30 14:59:14,549 - INFO - [buscar_produto] - Iniciando busca por produtos com termo: ''
2025-04-30 14:59:14,550 - DEBUG - [buscar_produto] - Termo de busca vazio - carregando todos os produtos com paginação
2025-04-30 14:59:33,420 - INFO - [buscar_produto] - Iniciando busca por produtos com termo: ''
2025-04-30 14:59:33,421 - DEBUG - [buscar_produto] - Termo de busca vazio - carregando todos os produtos com paginação
2025-04-30 15:00:16,789 - INFO - [buscar_produto] - Iniciando busca por produtos com termo: ''
2025-04-30 15:00:16,790 - DEBUG - [buscar_produto] - Termo de busca vazio - carregando todos os produtos com paginação
2025-04-30 15:00:17,340 - INFO - [adicionar_produto] - Iniciando processo de adição de novo produto
2025-04-30 15:00:20,187 - INFO - [remover_produto] - Iniciando processo de remoção de produto
2025-04-30 15:00:20,188 - WARNING - [remover_produto] - Nenhum produto selecionado para remoção
2025-04-30 15:04:12,977 - INFO - [buscar_produto] - Iniciando busca por produtos com termo: ''
2025-04-30 15:04:12,978 - DEBUG - [buscar_produto] - Termo de busca vazio - carregando todos os produtos com paginação
2025-04-30 15:04:13,505 - INFO - [adicionar_produto] - Iniciando processo de adição de novo produto
2025-04-30 15:08:01,776 - INFO - [adicionar_produto] - Iniciando processo de adição de novo produto
2025-04-30 15:08:03,870 - DEBUG - [atualizar_tabela] - Atualizando tabela de produtos
2025-04-30 15:08:03,926 - DEBUG - [atualizar_tabela] - Tabela de produtos atualizada com sucesso
2025-04-30 15:08:05,454 - INFO - [buscar_produto] - Iniciando busca por produtos com termo: ''
2025-04-30 15:08:05,454 - DEBUG - [buscar_produto] - Termo de busca vazio - carregando todos os produtos com paginação
2025-04-30 15:08:06,430 - INFO - [adicionar_produto] - Iniciando processo de adição de novo produto
2025-04-30 15:10:50,277 - INFO - [remover_produto] - Iniciando processo de remoção de produto
2025-04-30 15:10:50,278 - DEBUG - [remover_produto] - Confirmando remoção do produto ID: 14
2025-04-30 15:10:50,490 - INFO - [remover_produto] - Produto ID 14 removido com sucesso!
