2025-05-31 17:42:47,089 - INFO - [EstoquePage.__init__] Iniciando EstoquePage... [_log | meu_logger]
2025-05-31 17:42:47,105 - INFO - [EstoqueModel.__init__] EstoqueModel inicializado. [_log | meu_logger]
2025-05-31 17:42:47,110 - INFO - [RodapePaginacao.__init__] RodapePaginacao inicializado. [_log | meu_logger]
2025-05-31 17:42:47,112 - DEBUG - [RodapePaginacao.__init__] Total de páginas definido: None [_log | meu_logger]
2025-05-31 17:42:47,122 - INFO - [EstoquePageView.__init__] EstoquePageView inicializado. [_log | meu_logger]
2025-05-31 17:42:47,126 - INFO - [EstoquePageController.__init__] EstoquePageController inicializado. [_log | meu_logger]
2025-05-31 17:42:47,130 - INFO - [EstoquePage.__init__] EstoquePageController criado com sucesso. [_log | meu_logger]
2025-05-31 17:42:47,130 - DEBUG - [EstoquePage.start] Método start() chamado. Exibindo view do estoque. [_log | meu_logger]
2025-05-31 17:42:47,130 - DEBUG - [EstoquePageController.exibir_view_estoque] Exibindo view_estoque. [_log | meu_logger]
2025-05-31 17:42:47,130 - DEBUG - [EstoquePageController.carregar_dados_estoque] Buscando dados de produtos no model. [_log | meu_logger]
2025-05-31 17:42:47,130 - DEBUG - [EstoqueDataHandler.listar_produtos_paginados] Chamando listar_produtos() com: Página=1, Quantidade=20, OrdenarPor=None, Filtros=None [_log | meu_logger]
2025-05-31 17:42:47,184 - INFO - [EstoquePageView.alimentar_Dados] Atualizando dados da tabela... [_log | meu_logger]
2025-05-31 17:42:47,184 - DEBUG - [EstoquePageView.alimentar_Dados] Headers: [] [_log | meu_logger]
2025-05-31 17:42:47,184 - DEBUG - [EstoquePageView.alimentar_Dados] Total de linhas: 0 [_log | meu_logger]
2025-05-31 17:42:47,185 - INFO - [EstoquePageView.create_view_estoque] Construindo view de estoque... [_log | meu_logger]
2025-05-31 17:42:47,186 - DEBUG - [RodapePaginacao.build] Chamando build() do RodapePaginacao. [_log | meu_logger]
2025-05-31 17:42:47,187 - DEBUG - [RodapePaginacao.construir] Construindo controles do rodapé de paginação. [_log | meu_logger]
2025-05-31 17:42:47,187 - DEBUG - [RodapePaginacao.construir] Texto da página: Página 1 de 1 [_log | meu_logger]
2025-05-31 17:44:04,863 - INFO - [EstoquePage.__init__] Iniciando EstoquePage... [_log | meu_logger]
2025-05-31 17:44:04,874 - INFO - [EstoqueModel.__init__] EstoqueModel inicializado. [_log | meu_logger]
2025-05-31 17:44:04,875 - INFO - [RodapePaginacao.__init__] RodapePaginacao inicializado. [_log | meu_logger]
2025-05-31 17:44:04,875 - DEBUG - [RodapePaginacao.__init__] Total de páginas definido: None [_log | meu_logger]
2025-05-31 17:44:04,876 - INFO - [EstoquePageView.__init__] EstoquePageView inicializado. [_log | meu_logger]
2025-05-31 17:44:04,877 - INFO - [EstoquePageController.__init__] EstoquePageController inicializado. [_log | meu_logger]
2025-05-31 17:44:04,880 - INFO - [EstoquePage.__init__] EstoquePageController criado com sucesso. [_log | meu_logger]
2025-05-31 17:44:04,880 - DEBUG - [EstoquePage.start] Método start() chamado. Exibindo view do estoque. [_log | meu_logger]
2025-05-31 17:44:04,881 - DEBUG - [EstoquePageController.exibir_view_estoque] Exibindo view_estoque. [_log | meu_logger]
2025-05-31 17:44:04,881 - DEBUG - [EstoquePageController.carregar_dados_estoque] Buscando dados de produtos no model. [_log | meu_logger]
2025-05-31 17:44:04,881 - DEBUG - [EstoqueDataHandler.listar_produtos_paginados] Chamando listar_produtos() com: Página=1, Quantidade=20, OrdenarPor=None, Filtros=None [_log | meu_logger]
2025-05-31 17:44:04,993 - DEBUG - [EstoqueModel.get_colunas_produto] Buscando colunas da tabela 'produto'. [_log | meu_logger]
2025-05-31 17:44:05,018 - DEBUG - [EstoqueModel.get_colunas_produto] Colunas encontradas: ['id', 'nome', 'descricao', 'preco', 'quantidade', 'tipo'] [_log | meu_logger]
2025-05-31 17:44:05,018 - INFO - [EstoquePageView.alimentar_Dados] Atualizando dados da tabela... [_log | meu_logger]
2025-05-31 17:44:05,020 - DEBUG - [EstoquePageView.alimentar_Dados] Headers: ['id', 'nome', 'descricao', 'preco', 'quantidade', 'tipo'] [_log | meu_logger]
2025-05-31 17:44:05,020 - DEBUG - [EstoquePageView.alimentar_Dados] Total de linhas: 3 [_log | meu_logger]
2025-05-31 17:44:05,021 - INFO - [EstoquePageView.create_view_estoque] Construindo view de estoque... [_log | meu_logger]
2025-05-31 17:44:05,022 - DEBUG - [RodapePaginacao.build] Chamando build() do RodapePaginacao. [_log | meu_logger]
2025-05-31 17:44:05,022 - DEBUG - [RodapePaginacao.construir] Construindo controles do rodapé de paginação. [_log | meu_logger]
2025-05-31 17:44:05,023 - DEBUG - [RodapePaginacao.construir] Texto da página: Página 1 de 1 [_log | meu_logger]
2025-05-31 17:44:05,031 - INFO - [EstoquePage.start] View de estoque adicionada à página. [_log | meu_logger]
2025-05-31 17:44:05,031 - DEBUG - [EstoqueDataHandler.listar_produtos_paginados] Chamando listar_produtos() com: Página=1, Quantidade=20, OrdenarPor=None, Filtros=None [_log | meu_logger]
2025-05-31 17:44:05,032 - DEBUG - [EstoqueDataHandler.listar_produtos_paginados] Usando resultado em cache da paginação. [_log | meu_logger]
2025-05-31 17:44:05,032 - DEBUG - [EstoquePage._log_initial_data] Dados iniciais carregados: [{'id': 4, 'nome': 'Teste', 'descricao': '...', 'preco': Decimal('99.00'), 'quantidade': 1, 'tipo': 'kg'}]... [_log | meu_logger]
2025-05-31 17:44:22,368 - INFO - [EstoqueProductHandler.selecionar_produto] Produto selecionado: ID 4 [_log | meu_logger]
2025-05-31 17:44:24,543 - INFO - [EstoqueProductHandler.selecionar_produto] Produto selecionado: ID 5 [_log | meu_logger]
2025-05-31 17:44:24,959 - INFO - [EstoqueProductHandler.selecionar_produto] Produto selecionado: ID 6 [_log | meu_logger]
2025-05-31 17:44:26,263 - INFO - [DialogProduto.__init__] Inicializando o DialogProduto [_log | meu_logger]
2025-05-31 17:44:26,266 - INFO - [DialogProduto.abrir] Abrindo diálogo no modo adição [_log | meu_logger]
2025-05-31 17:44:38,840 - INFO - [DialogProduto.fechar] Fechando diálogo [_log | meu_logger]
2025-05-31 17:44:40,231 - INFO - [EstoquePageController.editar_produto] Produto para ediar : {'id': 6, 'nome': 'Teste_3', 'descricao': '...', 'preco': Decimal('88.00'), 'quantidade': 7, 'tipo': 'litro'} [_log | meu_logger]
2025-05-31 17:47:22,629 - INFO - [DialogProduto.__init__] Inicializando o DialogProduto [_log | meu_logger]
2025-05-31 17:47:22,632 - INFO - [DialogProduto.abrir] Abrindo diálogo no modo adição [_log | meu_logger]
2025-05-31 17:47:26,933 - INFO - [DialogProduto.fechar] Fechando diálogo [_log | meu_logger]
2025-05-31 17:47:27,781 - INFO - [EstoqueProductHandler.selecionar_produto] Produto selecionado: ID 4 [_log | meu_logger]
2025-05-31 17:47:28,605 - INFO - [EstoquePageController.editar_produto] Produto para ediar : {'id': 4, 'nome': 'Teste', 'descricao': '...', 'preco': Decimal('99.00'), 'quantidade': 1, 'tipo': 'kg'} [_log | meu_logger]
2025-05-31 17:51:21,389 - INFO - [EstoquePage.__init__] Iniciando EstoquePage... [_log | meu_logger]
2025-05-31 17:51:21,400 - INFO - [EstoqueModel.__init__] EstoqueModel inicializado. [_log | meu_logger]
2025-05-31 17:51:21,410 - INFO - [RodapePaginacao.__init__] RodapePaginacao inicializado. [_log | meu_logger]
2025-05-31 17:51:21,411 - DEBUG - [RodapePaginacao.__init__] Total de páginas definido: None [_log | meu_logger]
2025-05-31 17:51:21,413 - INFO - [EstoquePageView.__init__] EstoquePageView inicializado. [_log | meu_logger]
2025-05-31 17:51:21,414 - INFO - [EstoquePageController.__init__] EstoquePageController inicializado. [_log | meu_logger]
2025-05-31 17:51:21,414 - INFO - [EstoquePage.__init__] EstoquePageController criado com sucesso. [_log | meu_logger]
2025-05-31 17:51:21,414 - DEBUG - [EstoquePage.start] Método start() chamado. Exibindo view do estoque. [_log | meu_logger]
2025-05-31 17:51:21,414 - DEBUG - [EstoquePageController.exibir_view_estoque] Exibindo view_estoque. [_log | meu_logger]
2025-05-31 17:51:21,414 - DEBUG - [EstoquePageController.carregar_dados_estoque] Buscando dados de produtos no model. [_log | meu_logger]
2025-05-31 17:51:21,415 - DEBUG - [EstoqueDataHandler.listar_produtos_paginados] Chamando listar_produtos() com: Página=1, Quantidade=20, OrdenarPor=None, Filtros=None [_log | meu_logger]
2025-05-31 17:51:21,434 - DEBUG - [EstoqueModel.get_colunas_produto] Buscando colunas da tabela 'produto'. [_log | meu_logger]
2025-05-31 17:51:21,438 - DEBUG - [EstoqueModel.get_colunas_produto] Colunas encontradas: ['id', 'nome', 'descricao', 'preco', 'quantidade', 'tipo'] [_log | meu_logger]
2025-05-31 17:51:21,438 - INFO - [EstoquePageView.alimentar_Dados] Atualizando dados da tabela... [_log | meu_logger]
2025-05-31 17:51:21,439 - DEBUG - [EstoquePageView.alimentar_Dados] Headers: ['id', 'nome', 'descricao', 'preco', 'quantidade', 'tipo'] [_log | meu_logger]
2025-05-31 17:51:21,439 - DEBUG - [EstoquePageView.alimentar_Dados] Total de linhas: 3 [_log | meu_logger]
2025-05-31 17:51:21,440 - INFO - [EstoquePageView.create_view_estoque] Construindo view de estoque... [_log | meu_logger]
2025-05-31 17:51:21,444 - DEBUG - [RodapePaginacao.build] Chamando build() do RodapePaginacao. [_log | meu_logger]
2025-05-31 17:51:21,444 - DEBUG - [RodapePaginacao.construir] Construindo controles do rodapé de paginação. [_log | meu_logger]
2025-05-31 17:51:21,444 - DEBUG - [RodapePaginacao.construir] Texto da página: Página 1 de 1 [_log | meu_logger]
2025-05-31 17:51:21,453 - INFO - [EstoquePage.start] View de estoque adicionada à página. [_log | meu_logger]
2025-05-31 17:51:21,454 - DEBUG - [EstoqueDataHandler.listar_produtos_paginados] Chamando listar_produtos() com: Página=1, Quantidade=20, OrdenarPor=None, Filtros=None [_log | meu_logger]
2025-05-31 17:51:21,454 - DEBUG - [EstoqueDataHandler.listar_produtos_paginados] Usando resultado em cache da paginação. [_log | meu_logger]
2025-05-31 17:51:21,454 - DEBUG - [EstoquePage._log_initial_data] Dados iniciais carregados: [{'id': 4, 'nome': 'Teste', 'descricao': '...', 'preco': Decimal('99.00'), 'quantidade': 1, 'tipo': 'kg'}]... [_log | meu_logger]
2025-05-31 17:51:23,003 - INFO - [EstoqueProductHandler.selecionar_produto] Produto selecionado: ID 4 [_log | meu_logger]
2025-05-31 17:51:23,962 - INFO - [EstoquePageController.editar_produto] Produto para ediar : {'id': 4, 'nome': 'Teste', 'descricao': '...', 'preco': Decimal('99.00'), 'quantidade': 1, 'tipo': 'kg'} [_log | meu_logger]
2025-05-31 17:51:23,963 - INFO - [DialogProduto.__init__] Inicializando o DialogProduto [_log | meu_logger]
2025-05-31 17:51:23,965 - INFO - [DialogProduto.abrir] Abrindo diálogo no modo edição [_log | meu_logger]
2025-05-31 17:51:29,802 - INFO - [DialogProduto.fechar] Fechando diálogo [_log | meu_logger]
2025-05-31 17:51:31,395 - INFO - [EstoqueProductHandler.selecionar_produto] Produto selecionado: ID 5 [_log | meu_logger]
2025-05-31 17:51:32,707 - INFO - [DialogProduto.__init__] Inicializando o DialogProduto [_log | meu_logger]
2025-05-31 17:51:32,710 - INFO - [DialogProduto.abrir] Abrindo diálogo no modo adição [_log | meu_logger]
2025-05-31 17:51:37,042 - INFO - [DialogProduto.fechar] Fechando diálogo [_log | meu_logger]
2025-05-31 17:51:39,250 - INFO - [EstoqueProductHandler.selecionar_produto] Produto selecionado: ID 6 [_log | meu_logger]
2025-05-31 17:51:40,331 - INFO - [EstoquePageController.editar_produto] Produto para ediar : {'id': 6, 'nome': 'Teste_3', 'descricao': '...', 'preco': Decimal('88.00'), 'quantidade': 7, 'tipo': 'litro'} [_log | meu_logger]
2025-05-31 17:51:40,331 - INFO - [DialogProduto.__init__] Inicializando o DialogProduto [_log | meu_logger]
2025-05-31 17:51:40,333 - INFO - [DialogProduto.abrir] Abrindo diálogo no modo edição [_log | meu_logger]
2025-05-31 17:51:48,338 - INFO - [DialogProduto.fechar] Fechando diálogo [_log | meu_logger]
2025-05-31 17:51:49,259 - INFO - [DialogProduto.__init__] Inicializando o DialogProduto [_log | meu_logger]
2025-05-31 17:51:49,261 - INFO - [DialogProduto.abrir] Abrindo diálogo no modo adição [_log | meu_logger]
2025-05-31 17:52:19,087 - INFO - [EstoqueModel.adicionar] Produto 'Teste_dilogue_add' adicionado com sucesso. [_log | meu_logger]
2025-05-31 17:52:19,094 - DEBUG - [EstoquePageController.carregar_dados_estoque] Buscando dados de produtos no model. [_log | meu_logger]
2025-05-31 17:52:19,095 - DEBUG - [EstoqueDataHandler.listar_produtos_paginados] Chamando listar_produtos() com: Página=1, Quantidade=20, OrdenarPor=None, Filtros=None [_log | meu_logger]
2025-05-31 17:52:19,095 - DEBUG - [EstoqueDataHandler.listar_produtos_paginados] Usando resultado em cache da paginação. [_log | meu_logger]
2025-05-31 17:52:19,095 - INFO - [EstoquePageView.alimentar_Dados] Atualizando dados da tabela... [_log | meu_logger]
2025-05-31 17:52:19,097 - DEBUG - [EstoquePageView.alimentar_Dados] Headers: ['id', 'nome', 'descricao', 'preco', 'quantidade', 'tipo'] [_log | meu_logger]
2025-05-31 17:52:19,097 - DEBUG - [EstoquePageView.alimentar_Dados] Total de linhas: 3 [_log | meu_logger]
2025-05-31 17:52:19,104 - INFO - [DialogProduto.fechar] Fechando diálogo [_log | meu_logger]
2025-05-31 17:52:19,112 - INFO - [DialogProduto.fechar] Fechando diálogo [_log | meu_logger]
2025-05-31 17:52:33,186 - DEBUG - [EstoquePageController.carregar_dados_estoque] Buscando dados de produtos no model. [_log | meu_logger]
2025-05-31 17:52:33,186 - DEBUG - [EstoqueDataHandler.listar_produtos_paginados] Chamando listar_produtos() com: Página=1, Quantidade=20, OrdenarPor=None, Filtros=None [_log | meu_logger]
2025-05-31 17:52:33,189 - DEBUG - [EstoqueModel.get_colunas_produto] Buscando colunas da tabela 'produto'. [_log | meu_logger]
2025-05-31 17:52:33,192 - DEBUG - [EstoqueModel.get_colunas_produto] Colunas encontradas: ['id', 'nome', 'descricao', 'preco', 'quantidade', 'tipo'] [_log | meu_logger]
2025-05-31 17:52:33,192 - INFO - [EstoquePageView.alimentar_Dados] Atualizando dados da tabela... [_log | meu_logger]
2025-05-31 17:52:33,194 - DEBUG - [EstoquePageView.alimentar_Dados] Headers: ['id', 'nome', 'descricao', 'preco', 'quantidade', 'tipo'] [_log | meu_logger]
2025-05-31 17:52:33,194 - DEBUG - [EstoquePageView.alimentar_Dados] Total de linhas: 4 [_log | meu_logger]
2025-05-31 17:52:34,417 - DEBUG - [EstoquePageController.carregar_dados_estoque] Buscando dados de produtos no model. [_log | meu_logger]
2025-05-31 17:52:34,418 - DEBUG - [EstoqueDataHandler.listar_produtos_paginados] Chamando listar_produtos() com: Página=1, Quantidade=20, OrdenarPor=None, Filtros=None [_log | meu_logger]
2025-05-31 17:52:34,421 - DEBUG - [EstoqueModel.get_colunas_produto] Buscando colunas da tabela 'produto'. [_log | meu_logger]
2025-05-31 17:52:34,423 - DEBUG - [EstoqueModel.get_colunas_produto] Colunas encontradas: ['id', 'nome', 'descricao', 'preco', 'quantidade', 'tipo'] [_log | meu_logger]
2025-05-31 17:52:34,424 - INFO - [EstoquePageView.alimentar_Dados] Atualizando dados da tabela... [_log | meu_logger]
2025-05-31 17:52:34,425 - DEBUG - [EstoquePageView.alimentar_Dados] Headers: ['id', 'nome', 'descricao', 'preco', 'quantidade', 'tipo'] [_log | meu_logger]
2025-05-31 17:52:34,426 - DEBUG - [EstoquePageView.alimentar_Dados] Total de linhas: 4 [_log | meu_logger]
2025-05-31 17:52:35,681 - INFO - [EstoqueProductHandler.selecionar_produto] Produto selecionado: ID 7 [_log | meu_logger]
2025-05-31 17:53:47,673 - INFO - [DialogProduto.__init__] Inicializando o DialogProduto [_log | meu_logger]
2025-05-31 17:53:47,675 - INFO - [DialogProduto.abrir] Abrindo diálogo no modo adição [_log | meu_logger]
2025-05-31 17:53:57,534 - INFO - [EstoqueModel.adicionar] Produto 'Jhjg' adicionado com sucesso. [_log | meu_logger]
2025-05-31 17:53:57,543 - DEBUG - [EstoquePageController.carregar_dados_estoque] Buscando dados de produtos no model. [_log | meu_logger]
2025-05-31 17:53:57,543 - DEBUG - [EstoqueDataHandler.listar_produtos_paginados] Chamando listar_produtos() com: Página=1, Quantidade=20, OrdenarPor=None, Filtros=None [_log | meu_logger]
2025-05-31 17:53:57,543 - DEBUG - [EstoqueDataHandler.listar_produtos_paginados] Usando resultado em cache da paginação. [_log | meu_logger]
2025-05-31 17:53:57,544 - INFO - [EstoquePageView.alimentar_Dados] Atualizando dados da tabela... [_log | meu_logger]
2025-05-31 17:53:57,545 - DEBUG - [EstoquePageView.alimentar_Dados] Headers: ['id', 'nome', 'descricao', 'preco', 'quantidade', 'tipo'] [_log | meu_logger]
2025-05-31 17:53:57,545 - DEBUG - [EstoquePageView.alimentar_Dados] Total de linhas: 4 [_log | meu_logger]
2025-05-31 17:53:57,554 - INFO - [DialogProduto.fechar] Fechando diálogo [_log | meu_logger]
2025-05-31 17:53:57,565 - INFO - [DialogProduto.fechar] Fechando diálogo [_log | meu_logger]
2025-05-31 17:54:01,592 - DEBUG - [EstoquePageController.carregar_dados_estoque] Buscando dados de produtos no model. [_log | meu_logger]
2025-05-31 17:54:01,592 - DEBUG - [EstoqueDataHandler.listar_produtos_paginados] Chamando listar_produtos() com: Página=1, Quantidade=20, OrdenarPor=None, Filtros=None [_log | meu_logger]
2025-05-31 17:54:01,596 - DEBUG - [EstoqueModel.get_colunas_produto] Buscando colunas da tabela 'produto'. [_log | meu_logger]
2025-05-31 17:54:01,598 - DEBUG - [EstoqueModel.get_colunas_produto] Colunas encontradas: ['id', 'nome', 'descricao', 'preco', 'quantidade', 'tipo'] [_log | meu_logger]
2025-05-31 17:54:01,598 - INFO - [EstoquePageView.alimentar_Dados] Atualizando dados da tabela... [_log | meu_logger]
2025-05-31 17:54:01,601 - DEBUG - [EstoquePageView.alimentar_Dados] Headers: ['id', 'nome', 'descricao', 'preco', 'quantidade', 'tipo'] [_log | meu_logger]
2025-05-31 17:54:01,601 - DEBUG - [EstoquePageView.alimentar_Dados] Total de linhas: 5 [_log | meu_logger]
2025-05-31 17:55:30,234 - INFO - [EstoquePage.__init__] Iniciando EstoquePage... [_log | meu_logger]
2025-05-31 17:55:30,241 - INFO - [EstoqueModel.__init__] EstoqueModel inicializado. [_log | meu_logger]
2025-05-31 17:55:30,241 - INFO - [RodapePaginacao.__init__] RodapePaginacao inicializado. [_log | meu_logger]
2025-05-31 17:55:30,242 - DEBUG - [RodapePaginacao.__init__] Total de páginas definido: None [_log | meu_logger]
2025-05-31 17:55:30,246 - INFO - [EstoquePageView.__init__] EstoquePageView inicializado. [_log | meu_logger]
2025-05-31 17:55:30,248 - INFO - [EstoquePageController.__init__] EstoquePageController inicializado. [_log | meu_logger]
2025-05-31 17:55:30,249 - INFO - [EstoquePage.__init__] EstoquePageController criado com sucesso. [_log | meu_logger]
2025-05-31 17:55:30,252 - DEBUG - [EstoquePage.start] Método start() chamado. Exibindo view do estoque. [_log | meu_logger]
2025-05-31 17:55:30,252 - DEBUG - [EstoquePageController.exibir_view_estoque] Exibindo view_estoque. [_log | meu_logger]
2025-05-31 17:55:30,252 - DEBUG - [EstoquePageController.carregar_dados_estoque] Buscando dados de produtos no model. [_log | meu_logger]
2025-05-31 17:55:30,252 - DEBUG - [EstoqueDataHandler.listar_produtos_paginados] Chamando listar_produtos() com: Página=1, Quantidade=20, OrdenarPor=None, Filtros=None [_log | meu_logger]
2025-05-31 17:55:30,274 - DEBUG - [EstoqueModel.get_colunas_produto] Buscando colunas da tabela 'produto'. [_log | meu_logger]
2025-05-31 17:55:30,278 - DEBUG - [EstoqueModel.get_colunas_produto] Colunas encontradas: ['id', 'nome', 'descricao', 'preco', 'quantidade', 'tipo'] [_log | meu_logger]
2025-05-31 17:55:30,278 - INFO - [EstoquePageView.alimentar_Dados] Atualizando dados da tabela... [_log | meu_logger]
2025-05-31 17:55:30,282 - DEBUG - [EstoquePageView.alimentar_Dados] Headers: ['id', 'nome', 'descricao', 'preco', 'quantidade', 'tipo'] [_log | meu_logger]
2025-05-31 17:55:30,282 - DEBUG - [EstoquePageView.alimentar_Dados] Total de linhas: 5 [_log | meu_logger]
2025-05-31 17:55:30,282 - INFO - [EstoquePageView.create_view_estoque] Construindo view de estoque... [_log | meu_logger]
2025-05-31 17:55:30,284 - DEBUG - [RodapePaginacao.build] Chamando build() do RodapePaginacao. [_log | meu_logger]
2025-05-31 17:55:30,284 - DEBUG - [RodapePaginacao.construir] Construindo controles do rodapé de paginação. [_log | meu_logger]
2025-05-31 17:55:30,284 - DEBUG - [RodapePaginacao.construir] Texto da página: Página 1 de 1 [_log | meu_logger]
2025-05-31 17:55:30,293 - INFO - [EstoquePage.start] View de estoque adicionada à página. [_log | meu_logger]
2025-05-31 17:55:30,293 - DEBUG - [EstoqueDataHandler.listar_produtos_paginados] Chamando listar_produtos() com: Página=1, Quantidade=20, OrdenarPor=None, Filtros=None [_log | meu_logger]
2025-05-31 17:55:30,293 - DEBUG - [EstoqueDataHandler.listar_produtos_paginados] Usando resultado em cache da paginação. [_log | meu_logger]
2025-05-31 17:55:30,294 - DEBUG - [EstoquePage._log_initial_data] Dados iniciais carregados: [{'id': 4, 'nome': 'Teste', 'descricao': '...', 'preco': Decimal('99.00'), 'quantidade': 1, 'tipo': 'kg'}]... [_log | meu_logger]
2025-05-31 17:55:37,919 - INFO - [DialogProduto.__init__] Inicializando o DialogProduto [_log | meu_logger]
2025-05-31 17:55:37,921 - INFO - [DialogProduto.abrir] Abrindo diálogo no modo adição [_log | meu_logger]
2025-05-31 17:55:47,439 - INFO - [EstoqueModel.adicionar] Produto 'Arros' adicionado com sucesso. [_log | meu_logger]
2025-05-31 17:55:47,446 - DEBUG - [EstoquePageController.carregar_dados_estoque] Buscando dados de produtos no model. [_log | meu_logger]
2025-05-31 17:55:47,446 - DEBUG - [EstoqueDataHandler.listar_produtos_paginados] Chamando listar_produtos() com: Página=1, Quantidade=20, OrdenarPor=None, Filtros=None [_log | meu_logger]
2025-05-31 17:55:47,446 - DEBUG - [EstoqueDataHandler.listar_produtos_paginados] Usando resultado em cache da paginação. [_log | meu_logger]
2025-05-31 17:55:47,446 - INFO - [EstoquePageView.alimentar_Dados] Atualizando dados da tabela... [_log | meu_logger]
2025-05-31 17:55:47,449 - DEBUG - [EstoquePageView.alimentar_Dados] Headers: ['id', 'nome', 'descricao', 'preco', 'quantidade', 'tipo'] [_log | meu_logger]
2025-05-31 17:55:47,449 - DEBUG - [EstoquePageView.alimentar_Dados] Total de linhas: 5 [_log | meu_logger]
2025-05-31 17:55:47,455 - INFO - [DialogProduto.fechar] Fechando diálogo [_log | meu_logger]
2025-05-31 17:55:47,461 - INFO - [DialogProduto.fechar] Fechando diálogo [_log | meu_logger]
2025-05-31 17:56:23,439 - DEBUG - [EstoquePageController.carregar_dados_estoque] Buscando dados de produtos no model. [_log | meu_logger]
2025-05-31 17:56:23,439 - DEBUG - [EstoqueDataHandler.listar_produtos_paginados] Chamando listar_produtos() com: Página=1, Quantidade=20, OrdenarPor=None, Filtros=None [_log | meu_logger]
2025-05-31 17:56:23,443 - DEBUG - [EstoqueModel.get_colunas_produto] Buscando colunas da tabela 'produto'. [_log | meu_logger]
2025-05-31 17:56:23,445 - DEBUG - [EstoqueModel.get_colunas_produto] Colunas encontradas: ['id', 'nome', 'descricao', 'preco', 'quantidade', 'tipo'] [_log | meu_logger]
2025-05-31 17:56:23,446 - INFO - [EstoquePageView.alimentar_Dados] Atualizando dados da tabela... [_log | meu_logger]
2025-05-31 17:56:23,448 - DEBUG - [EstoquePageView.alimentar_Dados] Headers: ['id', 'nome', 'descricao', 'preco', 'quantidade', 'tipo'] [_log | meu_logger]
2025-05-31 17:56:23,448 - DEBUG - [EstoquePageView.alimentar_Dados] Total de linhas: 6 [_log | meu_logger]
2025-05-31 18:02:30,626 - INFO - [EstoquePage.__init__] Iniciando EstoquePage... [_log | meu_logger]
2025-05-31 18:02:30,632 - INFO - [EstoqueModel.__init__] EstoqueModel inicializado. [_log | meu_logger]
2025-05-31 18:02:30,635 - INFO - [RodapePaginacao.__init__] RodapePaginacao inicializado. [_log | meu_logger]
2025-05-31 18:02:30,635 - DEBUG - [RodapePaginacao.__init__] Total de páginas definido: None [_log | meu_logger]
2025-05-31 18:02:30,636 - INFO - [EstoquePageView.__init__] EstoquePageView inicializado. [_log | meu_logger]
2025-05-31 18:02:30,637 - INFO - [EstoquePageController.__init__] EstoquePageController inicializado. [_log | meu_logger]
2025-05-31 18:02:30,638 - INFO - [EstoquePage.__init__] EstoquePageController criado com sucesso. [_log | meu_logger]
2025-05-31 18:02:30,652 - DEBUG - [EstoquePage.start] Método start() chamado. Exibindo view do estoque. [_log | meu_logger]
2025-05-31 18:02:30,653 - DEBUG - [EstoquePageController.exibir_view_estoque] Exibindo view_estoque. [_log | meu_logger]
2025-05-31 18:02:30,654 - DEBUG - [EstoquePageController.carregar_dados_estoque] Buscando dados de produtos no model. [_log | meu_logger]
2025-05-31 18:02:30,655 - DEBUG - [EstoqueDataHandler.listar_produtos_paginados] Chamando listar_produtos() com: Página=1, Quantidade=20, OrdenarPor=None, Filtros=None [_log | meu_logger]
2025-05-31 18:02:30,669 - DEBUG - [EstoqueModel.get_colunas_produto] Buscando colunas da tabela 'produto'. [_log | meu_logger]
2025-05-31 18:02:30,675 - DEBUG - [EstoqueModel.get_colunas_produto] Colunas encontradas: ['id', 'nome', 'descricao', 'preco', 'quantidade', 'tipo'] [_log | meu_logger]
2025-05-31 18:02:30,675 - INFO - [EstoquePageView.alimentar_Dados] Atualizando dados da tabela... [_log | meu_logger]
2025-05-31 18:02:30,679 - DEBUG - [EstoquePageView.alimentar_Dados] Headers: ['id', 'nome', 'descricao', 'preco', 'quantidade', 'tipo'] [_log | meu_logger]
2025-05-31 18:02:30,679 - DEBUG - [EstoquePageView.alimentar_Dados] Total de linhas: 6 [_log | meu_logger]
2025-05-31 18:02:30,680 - INFO - [EstoquePageView.create_view_estoque] Construindo view de estoque... [_log | meu_logger]
2025-05-31 18:02:30,682 - DEBUG - [RodapePaginacao.build] Chamando build() do RodapePaginacao. [_log | meu_logger]
2025-05-31 18:02:30,682 - DEBUG - [RodapePaginacao.construir] Construindo controles do rodapé de paginação. [_log | meu_logger]
2025-05-31 18:02:30,682 - DEBUG - [RodapePaginacao.construir] Texto da página: Página 1 de 1 [_log | meu_logger]
2025-05-31 18:02:30,694 - INFO - [EstoquePage.start] View de estoque adicionada à página. [_log | meu_logger]
2025-05-31 18:02:30,694 - DEBUG - [EstoqueDataHandler.listar_produtos_paginados] Chamando listar_produtos() com: Página=1, Quantidade=20, OrdenarPor=None, Filtros=None [_log | meu_logger]
2025-05-31 18:02:30,694 - DEBUG - [EstoqueDataHandler.listar_produtos_paginados] Usando resultado em cache da paginação. [_log | meu_logger]
2025-05-31 18:02:30,694 - DEBUG - [EstoquePage._log_initial_data] Dados iniciais carregados: [{'id': 4, 'nome': 'Teste', 'descricao': '...', 'preco': Decimal('99.00'), 'quantidade': 1, 'tipo': 'kg'}]... [_log | meu_logger]
2025-05-31 18:02:32,507 - INFO - [DialogProduto.__init__] Inicializando o DialogProduto [_log | meu_logger]
2025-05-31 18:02:32,509 - INFO - [DialogProduto.abrir] Abrindo diálogo no modo adição [_log | meu_logger]
2025-05-31 18:02:39,164 - INFO - [EstoqueModel.adicionar] Produto 'K' adicionado com sucesso. [_log | meu_logger]
2025-05-31 18:02:39,171 - DEBUG - [EstoquePageController.carregar_dados_estoque] Buscando dados de produtos no model. [_log | meu_logger]
2025-05-31 18:02:39,171 - DEBUG - [EstoqueDataHandler.listar_produtos_paginados] Chamando listar_produtos() com: Página=1, Quantidade=20, OrdenarPor=None, Filtros=None [_log | meu_logger]
2025-05-31 18:02:39,171 - DEBUG - [EstoqueDataHandler.listar_produtos_paginados] Usando resultado em cache da paginação. [_log | meu_logger]
2025-05-31 18:02:39,172 - INFO - [EstoquePageView.alimentar_Dados] Atualizando dados da tabela... [_log | meu_logger]
2025-05-31 18:02:39,174 - DEBUG - [EstoquePageView.alimentar_Dados] Headers: ['id', 'nome', 'descricao', 'preco', 'quantidade', 'tipo'] [_log | meu_logger]
2025-05-31 18:02:39,175 - DEBUG - [EstoquePageView.alimentar_Dados] Total de linhas: 6 [_log | meu_logger]
2025-05-31 18:02:39,181 - INFO - [DialogProduto.fechar] Fechando diálogo [_log | meu_logger]
2025-05-31 18:02:39,188 - INFO - [DialogProduto.fechar] Fechando diálogo [_log | meu_logger]
2025-05-31 18:02:43,378 - DEBUG - [EstoquePageController.carregar_dados_estoque] Buscando dados de produtos no model. [_log | meu_logger]
2025-05-31 18:02:43,379 - DEBUG - [EstoqueDataHandler.listar_produtos_paginados] Chamando listar_produtos() com: Página=1, Quantidade=20, OrdenarPor=None, Filtros=None [_log | meu_logger]
2025-05-31 18:02:43,383 - DEBUG - [EstoqueModel.get_colunas_produto] Buscando colunas da tabela 'produto'. [_log | meu_logger]
2025-05-31 18:02:43,386 - DEBUG - [EstoqueModel.get_colunas_produto] Colunas encontradas: ['id', 'nome', 'descricao', 'preco', 'quantidade', 'tipo'] [_log | meu_logger]
2025-05-31 18:02:43,386 - INFO - [EstoquePageView.alimentar_Dados] Atualizando dados da tabela... [_log | meu_logger]
2025-05-31 18:02:43,388 - DEBUG - [EstoquePageView.alimentar_Dados] Headers: ['id', 'nome', 'descricao', 'preco', 'quantidade', 'tipo'] [_log | meu_logger]
2025-05-31 18:02:43,388 - DEBUG - [EstoquePageView.alimentar_Dados] Total de linhas: 7 [_log | meu_logger]
2025-05-31 18:04:34,933 - INFO - [EstoquePage.__init__] Iniciando EstoquePage... [_log | meu_logger]
2025-05-31 18:04:34,938 - INFO - [EstoqueModel.__init__] EstoqueModel inicializado. [_log | meu_logger]
2025-05-31 18:04:34,938 - INFO - [RodapePaginacao.__init__] RodapePaginacao inicializado. [_log | meu_logger]
2025-05-31 18:04:34,939 - DEBUG - [RodapePaginacao.__init__] Total de páginas definido: None [_log | meu_logger]
2025-05-31 18:04:34,941 - INFO - [EstoquePageView.__init__] EstoquePageView inicializado. [_log | meu_logger]
2025-05-31 18:04:34,942 - INFO - [EstoquePageController.__init__] EstoquePageController inicializado. [_log | meu_logger]
2025-05-31 18:04:34,942 - INFO - [EstoquePage.__init__] EstoquePageController criado com sucesso. [_log | meu_logger]
2025-05-31 18:04:34,943 - DEBUG - [EstoquePage.start] Método start() chamado. Exibindo view do estoque. [_log | meu_logger]
2025-05-31 18:04:34,943 - DEBUG - [EstoquePageController.exibir_view_estoque] Exibindo view_estoque. [_log | meu_logger]
2025-05-31 18:04:34,943 - DEBUG - [EstoquePageController.carregar_dados_estoque] Buscando dados de produtos no model. [_log | meu_logger]
2025-05-31 18:04:34,943 - DEBUG - [EstoqueDataHandler.listar_produtos_paginados] Chamando listar_produtos() com: Página=1, Quantidade=20, OrdenarPor=None, Filtros=None [_log | meu_logger]
2025-05-31 18:04:34,950 - DEBUG - [EstoqueModel.get_colunas_produto] Buscando colunas da tabela 'produto'. [_log | meu_logger]
2025-05-31 18:04:34,953 - DEBUG - [EstoqueModel.get_colunas_produto] Colunas encontradas: ['id', 'nome', 'descricao', 'preco', 'quantidade', 'tipo'] [_log | meu_logger]
2025-05-31 18:04:34,953 - INFO - [EstoquePageView.alimentar_Dados] Atualizando dados da tabela... [_log | meu_logger]
2025-05-31 18:04:34,958 - DEBUG - [EstoquePageView.alimentar_Dados] Headers: ['id', 'nome', 'descricao', 'preco', 'quantidade', 'tipo'] [_log | meu_logger]
2025-05-31 18:04:34,959 - DEBUG - [EstoquePageView.alimentar_Dados] Total de linhas: 7 [_log | meu_logger]
2025-05-31 18:04:34,959 - INFO - [EstoquePageView.create_view_estoque] Construindo view de estoque... [_log | meu_logger]
2025-05-31 18:04:34,961 - DEBUG - [RodapePaginacao.build] Chamando build() do RodapePaginacao. [_log | meu_logger]
2025-05-31 18:04:34,961 - DEBUG - [RodapePaginacao.construir] Construindo controles do rodapé de paginação. [_log | meu_logger]
2025-05-31 18:04:34,961 - DEBUG - [RodapePaginacao.construir] Texto da página: Página 1 de 1 [_log | meu_logger]
2025-05-31 18:04:34,971 - INFO - [EstoquePage.start] View de estoque adicionada à página. [_log | meu_logger]
2025-05-31 18:04:34,972 - DEBUG - [EstoqueDataHandler.listar_produtos_paginados] Chamando listar_produtos() com: Página=1, Quantidade=20, OrdenarPor=None, Filtros=None [_log | meu_logger]
2025-05-31 18:04:34,972 - DEBUG - [EstoqueDataHandler.listar_produtos_paginados] Usando resultado em cache da paginação. [_log | meu_logger]
2025-05-31 18:04:34,972 - DEBUG - [EstoquePage._log_initial_data] Dados iniciais carregados: [{'id': 4, 'nome': 'Teste', 'descricao': '...', 'preco': Decimal('99.00'), 'quantidade': 1, 'tipo': 'kg'}]... [_log | meu_logger]
2025-05-31 18:04:39,457 - INFO - [DialogProduto.__init__] Inicializando o DialogProduto [_log | meu_logger]
2025-05-31 18:04:39,459 - INFO - [DialogProduto.abrir] Abrindo diálogo no modo adição [_log | meu_logger]
2025-05-31 18:04:43,978 - INFO - [EstoqueModel.adicionar] Produto 'P' adicionado com sucesso. [_log | meu_logger]
2025-05-31 18:04:43,985 - INFO - [EstoquePageController.salvar_callback] Produto adicionado: {'id': None, 'nome': 'P', 'descricao': 'p', 'preco': 0.0, 'quantidade': 1, 'tipo': 'unidade'} [_log | meu_logger]
2025-05-31 18:04:54,889 - INFO - [DialogProduto.fechar] Fechando diálogo [_log | meu_logger]
2025-05-31 18:04:55,680 - INFO - [EstoqueProductHandler.selecionar_produto] Produto selecionado: ID 9 [_log | meu_logger]
2025-05-31 18:04:58,808 - DEBUG - [EstoquePageController.carregar_dados_estoque] Buscando dados de produtos no model. [_log | meu_logger]
2025-05-31 18:04:58,808 - DEBUG - [EstoqueDataHandler.listar_produtos_paginados] Chamando listar_produtos() com: Página=1, Quantidade=20, OrdenarPor=None, Filtros=None [_log | meu_logger]
2025-05-31 18:04:58,812 - DEBUG - [EstoqueModel.get_colunas_produto] Buscando colunas da tabela 'produto'. [_log | meu_logger]
2025-05-31 18:04:58,815 - DEBUG - [EstoqueModel.get_colunas_produto] Colunas encontradas: ['id', 'nome', 'descricao', 'preco', 'quantidade', 'tipo'] [_log | meu_logger]
2025-05-31 18:04:58,815 - INFO - [EstoquePageView.alimentar_Dados] Atualizando dados da tabela... [_log | meu_logger]
2025-05-31 18:04:58,818 - DEBUG - [EstoquePageView.alimentar_Dados] Headers: ['id', 'nome', 'descricao', 'preco', 'quantidade', 'tipo'] [_log | meu_logger]
2025-05-31 18:04:58,818 - DEBUG - [EstoquePageView.alimentar_Dados] Total de linhas: 8 [_log | meu_logger]
2025-05-31 18:05:38,458 - INFO - [EstoquePage.__init__] Iniciando EstoquePage... [_log | meu_logger]
2025-05-31 18:05:38,466 - INFO - [EstoqueModel.__init__] EstoqueModel inicializado. [_log | meu_logger]
2025-05-31 18:05:38,467 - INFO - [RodapePaginacao.__init__] RodapePaginacao inicializado. [_log | meu_logger]
2025-05-31 18:05:38,467 - DEBUG - [RodapePaginacao.__init__] Total de páginas definido: None [_log | meu_logger]
2025-05-31 18:05:38,469 - INFO - [EstoquePageView.__init__] EstoquePageView inicializado. [_log | meu_logger]
2025-05-31 18:05:38,470 - INFO - [EstoquePageController.__init__] EstoquePageController inicializado. [_log | meu_logger]
2025-05-31 18:05:38,474 - INFO - [EstoquePage.__init__] EstoquePageController criado com sucesso. [_log | meu_logger]
2025-05-31 18:05:38,475 - DEBUG - [EstoquePage.start] Método start() chamado. Exibindo view do estoque. [_log | meu_logger]
2025-05-31 18:05:38,475 - DEBUG - [EstoquePageController.exibir_view_estoque] Exibindo view_estoque. [_log | meu_logger]
2025-05-31 18:05:38,475 - DEBUG - [EstoquePageController.carregar_dados_estoque] Buscando dados de produtos no model. [_log | meu_logger]
2025-05-31 18:05:38,475 - DEBUG - [EstoqueDataHandler.listar_produtos_paginados] Chamando listar_produtos() com: Página=1, Quantidade=20, OrdenarPor=None, Filtros=None [_log | meu_logger]
2025-05-31 18:05:38,501 - DEBUG - [EstoqueModel.get_colunas_produto] Buscando colunas da tabela 'produto'. [_log | meu_logger]
2025-05-31 18:05:38,518 - DEBUG - [EstoqueModel.get_colunas_produto] Colunas encontradas: ['id', 'nome', 'descricao', 'preco', 'quantidade', 'tipo'] [_log | meu_logger]
2025-05-31 18:05:38,518 - INFO - [EstoquePageView.alimentar_Dados] Atualizando dados da tabela... [_log | meu_logger]
2025-05-31 18:05:38,522 - DEBUG - [EstoquePageView.alimentar_Dados] Headers: ['id', 'nome', 'descricao', 'preco', 'quantidade', 'tipo'] [_log | meu_logger]
2025-05-31 18:05:38,522 - DEBUG - [EstoquePageView.alimentar_Dados] Total de linhas: 8 [_log | meu_logger]
2025-05-31 18:05:38,523 - INFO - [EstoquePageView.create_view_estoque] Construindo view de estoque... [_log | meu_logger]
2025-05-31 18:05:38,524 - DEBUG - [RodapePaginacao.build] Chamando build() do RodapePaginacao. [_log | meu_logger]
2025-05-31 18:05:38,525 - DEBUG - [RodapePaginacao.construir] Construindo controles do rodapé de paginação. [_log | meu_logger]
2025-05-31 18:05:38,525 - DEBUG - [RodapePaginacao.construir] Texto da página: Página 1 de 1 [_log | meu_logger]
2025-05-31 18:05:38,536 - INFO - [EstoquePage.start] View de estoque adicionada à página. [_log | meu_logger]
2025-05-31 18:05:38,537 - DEBUG - [EstoqueDataHandler.listar_produtos_paginados] Chamando listar_produtos() com: Página=1, Quantidade=20, OrdenarPor=None, Filtros=None [_log | meu_logger]
2025-05-31 18:05:38,537 - DEBUG - [EstoqueDataHandler.listar_produtos_paginados] Usando resultado em cache da paginação. [_log | meu_logger]
2025-05-31 18:05:38,537 - DEBUG - [EstoquePage._log_initial_data] Dados iniciais carregados: [{'id': 4, 'nome': 'Teste', 'descricao': '...', 'preco': Decimal('99.00'), 'quantidade': 1, 'tipo': 'kg'}]... [_log | meu_logger]
2025-05-31 18:05:43,528 - INFO - [DialogProduto.__init__] Inicializando o DialogProduto [_log | meu_logger]
2025-05-31 18:05:43,530 - INFO - [DialogProduto.abrir] Abrindo diálogo no modo adição [_log | meu_logger]
2025-05-31 18:05:54,010 - INFO - [EstoqueModel.adicionar] Produto 'O' adicionado com sucesso. [_log | meu_logger]
2025-05-31 18:05:54,017 - INFO - [EstoquePageController.salvar_callback] Produto adicionado: {'id': None, 'nome': 'O', 'descricao': 'j', 'preco': 0.0, 'quantidade': 1, 'tipo': 'unidade'} [_log | meu_logger]
2025-05-31 18:05:54,017 - DEBUG - [EstoquePageController.carregar_dados_estoque] Buscando dados de produtos no model. [_log | meu_logger]
2025-05-31 18:05:54,018 - DEBUG - [EstoqueDataHandler.listar_produtos_paginados] Chamando listar_produtos() com: Página=1, Quantidade=20, OrdenarPor=None, Filtros=None [_log | meu_logger]
2025-05-31 18:05:54,018 - DEBUG - [EstoqueDataHandler.listar_produtos_paginados] Usando resultado em cache da paginação. [_log | meu_logger]
2025-05-31 18:05:54,018 - INFO - [EstoquePageView.alimentar_Dados] Atualizando dados da tabela... [_log | meu_logger]
2025-05-31 18:05:54,021 - DEBUG - [EstoquePageView.alimentar_Dados] Headers: ['id', 'nome', 'descricao', 'preco', 'quantidade', 'tipo'] [_log | meu_logger]
2025-05-31 18:05:54,022 - DEBUG - [EstoquePageView.alimentar_Dados] Total de linhas: 8 [_log | meu_logger]
2025-05-31 18:05:54,029 - INFO - [DialogProduto.fechar] Fechando diálogo [_log | meu_logger]
2025-05-31 18:05:54,040 - INFO - [DialogProduto.fechar] Fechando diálogo [_log | meu_logger]
2025-05-31 18:05:59,864 - DEBUG - [EstoquePageController.carregar_dados_estoque] Buscando dados de produtos no model. [_log | meu_logger]
2025-05-31 18:05:59,864 - DEBUG - [EstoqueDataHandler.listar_produtos_paginados] Chamando listar_produtos() com: Página=1, Quantidade=20, OrdenarPor=None, Filtros=None [_log | meu_logger]
2025-05-31 18:05:59,868 - DEBUG - [EstoqueModel.get_colunas_produto] Buscando colunas da tabela 'produto'. [_log | meu_logger]
2025-05-31 18:05:59,871 - DEBUG - [EstoqueModel.get_colunas_produto] Colunas encontradas: ['id', 'nome', 'descricao', 'preco', 'quantidade', 'tipo'] [_log | meu_logger]
2025-05-31 18:05:59,871 - INFO - [EstoquePageView.alimentar_Dados] Atualizando dados da tabela... [_log | meu_logger]
2025-05-31 18:05:59,874 - DEBUG - [EstoquePageView.alimentar_Dados] Headers: ['id', 'nome', 'descricao', 'preco', 'quantidade', 'tipo'] [_log | meu_logger]
2025-05-31 18:05:59,875 - DEBUG - [EstoquePageView.alimentar_Dados] Total de linhas: 9 [_log | meu_logger]
2025-05-31 18:06:10,976 - INFO - [DialogProduto.__init__] Inicializando o DialogProduto [_log | meu_logger]
2025-05-31 18:06:10,978 - INFO - [DialogProduto.abrir] Abrindo diálogo no modo adição [_log | meu_logger]
2025-05-31 18:06:16,282 - INFO - [EstoqueModel.adicionar] Produto 'Ppp' adicionado com sucesso. [_log | meu_logger]
2025-05-31 18:06:16,293 - INFO - [EstoquePageController.salvar_callback] Produto adicionado: {'id': None, 'nome': 'Ppp', 'descricao': 'pppp', 'preco': 0.0, 'quantidade': 1, 'tipo': 'unidade'} [_log | meu_logger]
2025-05-31 18:06:16,293 - DEBUG - [EstoquePageController.carregar_dados_estoque] Buscando dados de produtos no model. [_log | meu_logger]
2025-05-31 18:06:16,294 - DEBUG - [EstoqueDataHandler.listar_produtos_paginados] Chamando listar_produtos() com: Página=1, Quantidade=20, OrdenarPor=None, Filtros=None [_log | meu_logger]
2025-05-31 18:06:16,294 - DEBUG - [EstoqueDataHandler.listar_produtos_paginados] Usando resultado em cache da paginação. [_log | meu_logger]
2025-05-31 18:06:16,294 - INFO - [EstoquePageView.alimentar_Dados] Atualizando dados da tabela... [_log | meu_logger]
2025-05-31 18:06:16,298 - DEBUG - [EstoquePageView.alimentar_Dados] Headers: ['id', 'nome', 'descricao', 'preco', 'quantidade', 'tipo'] [_log | meu_logger]
2025-05-31 18:06:16,298 - DEBUG - [EstoquePageView.alimentar_Dados] Total de linhas: 9 [_log | meu_logger]
2025-05-31 18:06:16,306 - INFO - [DialogProduto.fechar] Fechando diálogo [_log | meu_logger]
2025-05-31 18:06:16,316 - INFO - [DialogProduto.fechar] Fechando diálogo [_log | meu_logger]
2025-05-31 18:07:54,169 - INFO - [EstoquePage.__init__] Iniciando EstoquePage... [_log | meu_logger]
2025-05-31 18:07:54,178 - INFO - [EstoqueModel.__init__] EstoqueModel inicializado. [_log | meu_logger]
2025-05-31 18:07:54,180 - INFO - [RodapePaginacao.__init__] RodapePaginacao inicializado. [_log | meu_logger]
2025-05-31 18:07:54,180 - DEBUG - [RodapePaginacao.__init__] Total de páginas definido: None [_log | meu_logger]
2025-05-31 18:07:54,181 - INFO - [EstoquePageView.__init__] EstoquePageView inicializado. [_log | meu_logger]
2025-05-31 18:07:54,183 - INFO - [EstoquePageController.__init__] EstoquePageController inicializado. [_log | meu_logger]
2025-05-31 18:07:54,187 - INFO - [EstoquePage.__init__] EstoquePageController criado com sucesso. [_log | meu_logger]
2025-05-31 18:07:54,187 - DEBUG - [EstoquePage.start] Método start() chamado. Exibindo view do estoque. [_log | meu_logger]
2025-05-31 18:07:54,188 - DEBUG - [EstoquePageController.exibir_view_estoque] Exibindo view_estoque. [_log | meu_logger]
2025-05-31 18:07:54,188 - DEBUG - [EstoquePageController.carregar_dados_estoque] Buscando dados de produtos no model. [_log | meu_logger]
2025-05-31 18:07:54,188 - DEBUG - [EstoqueDataHandler.listar_produtos_paginados] Chamando listar_produtos() com: Página=1, Quantidade=20, OrdenarPor=None, Filtros=None [_log | meu_logger]
2025-05-31 18:07:54,211 - DEBUG - [EstoqueModel.get_colunas_produto] Buscando colunas da tabela 'produto'. [_log | meu_logger]
2025-05-31 18:07:54,221 - DEBUG - [EstoqueModel.get_colunas_produto] Colunas encontradas: ['id', 'nome', 'descricao', 'preco', 'quantidade', 'tipo'] [_log | meu_logger]
2025-05-31 18:07:54,221 - INFO - [EstoquePageView.alimentar_Dados] Atualizando dados da tabela... [_log | meu_logger]
2025-05-31 18:07:54,226 - DEBUG - [EstoquePageView.alimentar_Dados] Headers: ['id', 'nome', 'descricao', 'preco', 'quantidade', 'tipo'] [_log | meu_logger]
2025-05-31 18:07:54,226 - DEBUG - [EstoquePageView.alimentar_Dados] Total de linhas: 10 [_log | meu_logger]
2025-05-31 18:07:54,227 - INFO - [EstoquePageView.create_view_estoque] Construindo view de estoque... [_log | meu_logger]
2025-05-31 18:07:54,228 - DEBUG - [RodapePaginacao.build] Chamando build() do RodapePaginacao. [_log | meu_logger]
2025-05-31 18:07:54,228 - DEBUG - [RodapePaginacao.construir] Construindo controles do rodapé de paginação. [_log | meu_logger]
2025-05-31 18:07:54,229 - DEBUG - [RodapePaginacao.construir] Texto da página: Página 1 de 1 [_log | meu_logger]
2025-05-31 18:07:54,242 - INFO - [EstoquePage.start] View de estoque adicionada à página. [_log | meu_logger]
2025-05-31 18:07:54,243 - DEBUG - [EstoqueDataHandler.listar_produtos_paginados] Chamando listar_produtos() com: Página=1, Quantidade=20, OrdenarPor=None, Filtros=None [_log | meu_logger]
2025-05-31 18:07:54,244 - DEBUG - [EstoqueDataHandler.listar_produtos_paginados] Usando resultado em cache da paginação. [_log | meu_logger]
2025-05-31 18:07:54,244 - DEBUG - [EstoquePage._log_initial_data] Dados iniciais carregados: [{'id': 4, 'nome': 'Teste', 'descricao': '...', 'preco': Decimal('99.00'), 'quantidade': 1, 'tipo': 'kg'}]... [_log | meu_logger]
2025-05-31 18:07:57,318 - INFO - [DialogProduto.__init__] Inicializando o DialogProduto [_log | meu_logger]
2025-05-31 18:07:57,321 - INFO - [DialogProduto.abrir] Abrindo diálogo no modo adição [_log | meu_logger]
2025-05-31 18:08:03,984 - INFO - [EstoqueModel.adicionar] Produto 'Sdfg' adicionado com sucesso. [_log | meu_logger]
2025-05-31 18:08:03,993 - INFO - [EstoquePageController.salvar_callback] Produto adicionado: {'id': None, 'nome': 'Sdfg', 'descricao': 'fghj', 'preco': 0.0, 'quantidade': 1, 'tipo': 'unidade'} [_log | meu_logger]
2025-05-31 18:08:03,993 - DEBUG - [EstoquePageController.carregar_dados_estoque] Buscando dados de produtos no model. [_log | meu_logger]
2025-05-31 18:08:03,994 - DEBUG - [EstoqueDataHandler.listar_produtos_paginados] Chamando listar_produtos() com: Página=1, Quantidade=20, OrdenarPor=None, Filtros=None [_log | meu_logger]
2025-05-31 18:08:03,995 - DEBUG - [EstoqueDataHandler.listar_produtos_paginados] Usando resultado em cache da paginação. [_log | meu_logger]
2025-05-31 18:08:03,995 - INFO - [EstoquePageView.alimentar_Dados] Atualizando dados da tabela... [_log | meu_logger]
2025-05-31 18:08:03,999 - DEBUG - [EstoquePageView.alimentar_Dados] Headers: ['id', 'nome', 'descricao', 'preco', 'quantidade', 'tipo'] [_log | meu_logger]
2025-05-31 18:08:03,999 - DEBUG - [EstoquePageView.alimentar_Dados] Total de linhas: 10 [_log | meu_logger]
2025-05-31 18:08:04,017 - INFO - [DialogProduto.fechar] Fechando diálogo [_log | meu_logger]
2025-05-31 18:08:04,030 - INFO - [DialogProduto.fechar] Fechando diálogo [_log | meu_logger]
2025-05-31 18:08:12,734 - DEBUG - [EstoquePageController.carregar_dados_estoque] Buscando dados de produtos no model. [_log | meu_logger]
2025-05-31 18:08:12,735 - DEBUG - [EstoqueDataHandler.listar_produtos_paginados] Chamando listar_produtos() com: Página=1, Quantidade=20, OrdenarPor=None, Filtros=None [_log | meu_logger]
2025-05-31 18:08:12,738 - DEBUG - [EstoqueModel.get_colunas_produto] Buscando colunas da tabela 'produto'. [_log | meu_logger]
2025-05-31 18:08:12,740 - DEBUG - [EstoqueModel.get_colunas_produto] Colunas encontradas: ['id', 'nome', 'descricao', 'preco', 'quantidade', 'tipo'] [_log | meu_logger]
2025-05-31 18:08:12,740 - INFO - [EstoquePageView.alimentar_Dados] Atualizando dados da tabela... [_log | meu_logger]
2025-05-31 18:08:12,744 - DEBUG - [EstoquePageView.alimentar_Dados] Headers: ['id', 'nome', 'descricao', 'preco', 'quantidade', 'tipo'] [_log | meu_logger]
2025-05-31 18:08:12,744 - DEBUG - [EstoquePageView.alimentar_Dados] Total de linhas: 11 [_log | meu_logger]
2025-05-31 18:10:36,169 - INFO - [EstoquePage.__init__] Iniciando EstoquePage... [_log | meu_logger]
2025-05-31 18:10:36,173 - INFO - [EstoqueModel.__init__] EstoqueModel inicializado. [_log | meu_logger]
2025-05-31 18:10:36,174 - INFO - [RodapePaginacao.__init__] RodapePaginacao inicializado. [_log | meu_logger]
2025-05-31 18:10:36,174 - DEBUG - [RodapePaginacao.__init__] Total de páginas definido: None [_log | meu_logger]
2025-05-31 18:10:36,175 - INFO - [EstoquePageView.__init__] EstoquePageView inicializado. [_log | meu_logger]
2025-05-31 18:10:36,177 - INFO - [EstoquePageController.__init__] EstoquePageController inicializado. [_log | meu_logger]
2025-05-31 18:10:36,178 - INFO - [EstoquePage.__init__] EstoquePageController criado com sucesso. [_log | meu_logger]
2025-05-31 18:10:36,178 - DEBUG - [EstoquePage.start] Método start() chamado. Exibindo view do estoque. [_log | meu_logger]
2025-05-31 18:10:36,178 - DEBUG - [EstoquePageController.exibir_view_estoque] Exibindo view_estoque. [_log | meu_logger]
2025-05-31 18:10:36,179 - DEBUG - [EstoquePageController.carregar_dados_estoque] Buscando dados de produtos no model. [_log | meu_logger]
2025-05-31 18:10:36,179 - DEBUG - [EstoqueDataHandler.listar_produtos_paginados] Chamando listar_produtos() com: Página=1, Quantidade=20, OrdenarPor=None, Filtros=None [_log | meu_logger]
2025-05-31 18:10:36,201 - DEBUG - [EstoqueModel.get_colunas_produto] Buscando colunas da tabela 'produto'. [_log | meu_logger]
2025-05-31 18:10:36,205 - DEBUG - [EstoqueModel.get_colunas_produto] Colunas encontradas: ['id', 'nome', 'descricao', 'preco', 'quantidade', 'tipo'] [_log | meu_logger]
2025-05-31 18:10:36,205 - INFO - [EstoquePageView.alimentar_Dados] Atualizando dados da tabela... [_log | meu_logger]
2025-05-31 18:10:36,212 - DEBUG - [EstoquePageView.alimentar_Dados] Headers: ['id', 'nome', 'descricao', 'preco', 'quantidade', 'tipo'] [_log | meu_logger]
2025-05-31 18:10:36,212 - DEBUG - [EstoquePageView.alimentar_Dados] Total de linhas: 11 [_log | meu_logger]
2025-05-31 18:10:36,213 - INFO - [EstoquePageView.create_view_estoque] Construindo view de estoque... [_log | meu_logger]
2025-05-31 18:10:36,214 - DEBUG - [RodapePaginacao.build] Chamando build() do RodapePaginacao. [_log | meu_logger]
2025-05-31 18:10:36,215 - DEBUG - [RodapePaginacao.construir] Construindo controles do rodapé de paginação. [_log | meu_logger]
2025-05-31 18:10:36,215 - DEBUG - [RodapePaginacao.construir] Texto da página: Página 1 de 1 [_log | meu_logger]
2025-05-31 18:10:36,229 - INFO - [EstoquePage.start] View de estoque adicionada à página. [_log | meu_logger]
2025-05-31 18:10:36,229 - DEBUG - [EstoqueDataHandler.listar_produtos_paginados] Chamando listar_produtos() com: Página=1, Quantidade=20, OrdenarPor=None, Filtros=None [_log | meu_logger]
2025-05-31 18:10:36,229 - DEBUG - [EstoqueDataHandler.listar_produtos_paginados] Usando resultado em cache da paginação. [_log | meu_logger]
2025-05-31 18:10:36,229 - DEBUG - [EstoquePage._log_initial_data] Dados iniciais carregados: [{'id': 4, 'nome': 'Teste', 'descricao': '...', 'preco': Decimal('99.00'), 'quantidade': 1, 'tipo': 'kg'}]... [_log | meu_logger]
2025-05-31 18:10:39,724 - INFO - [DialogProduto.__init__] Inicializando o DialogProduto [_log | meu_logger]
2025-05-31 18:10:39,727 - INFO - [DialogProduto.abrir] Abrindo diálogo no modo adição [_log | meu_logger]
2025-05-31 18:10:46,311 - INFO - [EstoqueModel.adicionar] Produto 'Terd' adicionado com sucesso. [_log | meu_logger]
2025-05-31 18:10:46,318 - INFO - [EstoquePageController.salvar_callback] Produto adicionado: {'id': None, 'nome': 'Terd', 'descricao': '', 'preco': 0.0, 'quantidade': 1, 'tipo': 'unidade'} [_log | meu_logger]
2025-05-31 18:10:46,318 - DEBUG - [EstoquePageController.carregar_dados_estoque] Buscando dados de produtos no model. [_log | meu_logger]
2025-05-31 18:10:46,318 - DEBUG - [EstoqueDataHandler.listar_produtos_paginados] Chamando listar_produtos() com: Página=1, Quantidade=20, OrdenarPor=None, Filtros=None [_log | meu_logger]
2025-05-31 18:10:46,319 - DEBUG - [EstoqueDataHandler.listar_produtos_paginados] Usando resultado em cache da paginação. [_log | meu_logger]
2025-05-31 18:10:46,319 - INFO - [EstoquePageView.alimentar_Dados] Atualizando dados da tabela... [_log | meu_logger]
2025-05-31 18:10:46,323 - DEBUG - [EstoquePageView.alimentar_Dados] Headers: ['id', 'nome', 'descricao', 'preco', 'quantidade', 'tipo'] [_log | meu_logger]
2025-05-31 18:10:46,323 - DEBUG - [EstoquePageView.alimentar_Dados] Total de linhas: 11 [_log | meu_logger]
2025-05-31 18:10:46,338 - INFO - [DialogProduto.fechar] Fechando diálogo [_log | meu_logger]
2025-05-31 18:10:46,348 - INFO - [DialogProduto.fechar] Fechando diálogo [_log | meu_logger]
2025-05-31 18:10:50,572 - DEBUG - [EstoquePageController.carregar_dados_estoque] Buscando dados de produtos no model. [_log | meu_logger]
2025-05-31 18:10:50,572 - DEBUG - [EstoqueDataHandler.listar_produtos_paginados] Chamando listar_produtos() com: Página=1, Quantidade=20, OrdenarPor=None, Filtros=None [_log | meu_logger]
2025-05-31 18:10:50,576 - DEBUG - [EstoqueModel.get_colunas_produto] Buscando colunas da tabela 'produto'. [_log | meu_logger]
2025-05-31 18:10:50,579 - DEBUG - [EstoqueModel.get_colunas_produto] Colunas encontradas: ['id', 'nome', 'descricao', 'preco', 'quantidade', 'tipo'] [_log | meu_logger]
2025-05-31 18:10:50,579 - INFO - [EstoquePageView.alimentar_Dados] Atualizando dados da tabela... [_log | meu_logger]
2025-05-31 18:10:50,583 - DEBUG - [EstoquePageView.alimentar_Dados] Headers: ['id', 'nome', 'descricao', 'preco', 'quantidade', 'tipo'] [_log | meu_logger]
2025-05-31 18:10:50,583 - DEBUG - [EstoquePageView.alimentar_Dados] Total de linhas: 12 [_log | meu_logger]
2025-05-31 18:10:53,589 - INFO - [DialogProduto.__init__] Inicializando o DialogProduto [_log | meu_logger]
2025-05-31 18:10:53,591 - INFO - [DialogProduto.abrir] Abrindo diálogo no modo adição [_log | meu_logger]
2025-05-31 18:10:57,304 - INFO - [EstoqueModel.adicionar] Produto 'Sdsd' adicionado com sucesso. [_log | meu_logger]
2025-05-31 18:10:57,313 - INFO - [EstoquePageController.salvar_callback] Produto adicionado: {'id': None, 'nome': 'Sdsd', 'descricao': '', 'preco': 0.0, 'quantidade': 1, 'tipo': 'unidade'} [_log | meu_logger]
2025-05-31 18:10:57,313 - DEBUG - [EstoquePageController.carregar_dados_estoque] Buscando dados de produtos no model. [_log | meu_logger]
2025-05-31 18:10:57,313 - DEBUG - [EstoqueDataHandler.listar_produtos_paginados] Chamando listar_produtos() com: Página=1, Quantidade=20, OrdenarPor=None, Filtros=None [_log | meu_logger]
2025-05-31 18:10:57,314 - DEBUG - [EstoqueDataHandler.listar_produtos_paginados] Usando resultado em cache da paginação. [_log | meu_logger]
2025-05-31 18:10:57,314 - INFO - [EstoquePageView.alimentar_Dados] Atualizando dados da tabela... [_log | meu_logger]
2025-05-31 18:10:57,319 - DEBUG - [EstoquePageView.alimentar_Dados] Headers: ['id', 'nome', 'descricao', 'preco', 'quantidade', 'tipo'] [_log | meu_logger]
2025-05-31 18:10:57,319 - DEBUG - [EstoquePageView.alimentar_Dados] Total de linhas: 12 [_log | meu_logger]
2025-05-31 18:10:57,373 - INFO - [DialogProduto.fechar] Fechando diálogo [_log | meu_logger]
2025-05-31 18:10:57,382 - INFO - [DialogProduto.fechar] Fechando diálogo [_log | meu_logger]
2025-05-31 18:10:58,867 - INFO - [EstoqueProductHandler.selecionar_produto] Produto selecionado: ID 10 [_log | meu_logger]
2025-05-31 18:11:02,299 - DEBUG - [EstoquePageController.carregar_dados_estoque] Buscando dados de produtos no model. [_log | meu_logger]
2025-05-31 18:11:02,300 - DEBUG - [EstoqueDataHandler.listar_produtos_paginados] Chamando listar_produtos() com: Página=1, Quantidade=20, OrdenarPor=None, Filtros=None [_log | meu_logger]
2025-05-31 18:11:02,303 - DEBUG - [EstoqueModel.get_colunas_produto] Buscando colunas da tabela 'produto'. [_log | meu_logger]
2025-05-31 18:11:02,306 - DEBUG - [EstoqueModel.get_colunas_produto] Colunas encontradas: ['id', 'nome', 'descricao', 'preco', 'quantidade', 'tipo'] [_log | meu_logger]
2025-05-31 18:11:02,306 - INFO - [EstoquePageView.alimentar_Dados] Atualizando dados da tabela... [_log | meu_logger]
2025-05-31 18:11:02,311 - DEBUG - [EstoquePageView.alimentar_Dados] Headers: ['id', 'nome', 'descricao', 'preco', 'quantidade', 'tipo'] [_log | meu_logger]
2025-05-31 18:11:02,311 - DEBUG - [EstoquePageView.alimentar_Dados] Total de linhas: 13 [_log | meu_logger]
2025-05-31 18:13:12,760 - INFO - [EstoquePage.__init__] Iniciando EstoquePage... [_log | meu_logger]
2025-05-31 18:13:12,767 - INFO - [EstoqueModel.__init__] EstoqueModel inicializado. [_log | meu_logger]
2025-05-31 18:13:12,768 - INFO - [RodapePaginacao.__init__] RodapePaginacao inicializado. [_log | meu_logger]
2025-05-31 18:13:12,768 - DEBUG - [RodapePaginacao.__init__] Total de páginas definido: None [_log | meu_logger]
2025-05-31 18:13:12,772 - INFO - [EstoquePageView.__init__] EstoquePageView inicializado. [_log | meu_logger]
2025-05-31 18:13:12,773 - INFO - [EstoquePageController.__init__] EstoquePageController inicializado. [_log | meu_logger]
2025-05-31 18:13:12,774 - INFO - [EstoquePage.__init__] EstoquePageController criado com sucesso. [_log | meu_logger]
2025-05-31 18:13:12,774 - DEBUG - [EstoquePage.start] Método start() chamado. Exibindo view do estoque. [_log | meu_logger]
2025-05-31 18:13:12,776 - DEBUG - [EstoquePageController.exibir_view_estoque] Exibindo view_estoque. [_log | meu_logger]
2025-05-31 18:13:12,777 - DEBUG - [EstoquePageController.carregar_dados_estoque] Buscando dados de produtos no model. [_log | meu_logger]
2025-05-31 18:13:12,777 - DEBUG - [EstoqueDataHandler.listar_produtos_paginados] Chamando listar_produtos() com: Página=1, Quantidade=20, OrdenarPor=None, Filtros=None [_log | meu_logger]
2025-05-31 18:13:12,792 - DEBUG - [EstoqueModel.get_colunas_produto] Buscando colunas da tabela 'produto'. [_log | meu_logger]
2025-05-31 18:13:12,795 - DEBUG - [EstoqueModel.get_colunas_produto] Colunas encontradas: ['id', 'nome', 'descricao', 'preco', 'quantidade', 'tipo'] [_log | meu_logger]
2025-05-31 18:13:12,796 - INFO - [EstoquePageView.alimentar_Dados] Atualizando dados da tabela... [_log | meu_logger]
2025-05-31 18:13:12,802 - DEBUG - [EstoquePageView.alimentar_Dados] Headers: ['id', 'nome', 'descricao', 'preco', 'quantidade', 'tipo'] [_log | meu_logger]
2025-05-31 18:13:12,802 - DEBUG - [EstoquePageView.alimentar_Dados] Total de linhas: 13 [_log | meu_logger]
2025-05-31 18:13:12,803 - INFO - [EstoquePageView.create_view_estoque] Construindo view de estoque... [_log | meu_logger]
2025-05-31 18:13:12,804 - DEBUG - [RodapePaginacao.build] Chamando build() do RodapePaginacao. [_log | meu_logger]
2025-05-31 18:13:12,805 - DEBUG - [RodapePaginacao.construir] Construindo controles do rodapé de paginação. [_log | meu_logger]
2025-05-31 18:13:12,805 - DEBUG - [RodapePaginacao.construir] Texto da página: Página 1 de 1 [_log | meu_logger]
2025-05-31 18:13:12,819 - INFO - [EstoquePage.start] View de estoque adicionada à página. [_log | meu_logger]
2025-05-31 18:13:12,820 - DEBUG - [EstoqueDataHandler.listar_produtos_paginados] Chamando listar_produtos() com: Página=1, Quantidade=20, OrdenarPor=None, Filtros=None [_log | meu_logger]
2025-05-31 18:13:12,820 - DEBUG - [EstoqueDataHandler.listar_produtos_paginados] Usando resultado em cache da paginação. [_log | meu_logger]
2025-05-31 18:13:12,821 - DEBUG - [EstoquePage._log_initial_data] Dados iniciais carregados: [{'id': 4, 'nome': 'Teste', 'descricao': '...', 'preco': Decimal('99.00'), 'quantidade': 1, 'tipo': 'kg'}]... [_log | meu_logger]
2025-05-31 18:13:17,975 - INFO - [EstoqueProductHandler.selecionar_produto] Produto selecionado: ID 16 [_log | meu_logger]
2025-05-31 18:13:19,089 - INFO - [EstoquePageController.editar_produto] Produto para ediar : {'id': 16, 'nome': 'Sdsd', 'descricao': '', 'preco': Decimal('0.00'), 'quantidade': 1, 'tipo': 'unidade'} [_log | meu_logger]
2025-05-31 18:13:19,090 - INFO - [DialogProduto.__init__] Inicializando o DialogProduto [_log | meu_logger]
2025-05-31 18:13:19,093 - INFO - [DialogProduto.abrir] Abrindo diálogo no modo edição [_log | meu_logger]
2025-05-31 18:13:22,970 - INFO - [DialogProduto.fechar] Fechando diálogo [_log | meu_logger]
2025-05-31 18:13:25,386 - INFO - [EstoqueProductHandler.selecionar_produto] Produto selecionado: ID 4 [_log | meu_logger]
2025-05-31 18:13:26,138 - INFO - [DialogProduto.__init__] Inicializando o DialogProduto [_log | meu_logger]
2025-05-31 18:13:26,141 - INFO - [DialogProduto.abrir] Abrindo diálogo no modo adição [_log | meu_logger]
2025-05-31 18:13:35,081 - INFO - [EstoqueModel.adicionar] Produto 'Asdf' adicionado com sucesso. [_log | meu_logger]
2025-05-31 18:13:35,092 - INFO - [EstoquePageController.salvar_callback] Produto adicionado: {'id': None, 'nome': 'Asdf', 'descricao': 'asdf', 'preco': 4444.0, 'quantidade': 1, 'tipo': 'unidade'} [_log | meu_logger]
2025-05-31 18:13:35,093 - DEBUG - [EstoquePageController.carregar_dados_estoque] Buscando dados de produtos no model. [_log | meu_logger]
2025-05-31 18:13:35,093 - DEBUG - [EstoqueDataHandler.listar_produtos_paginados] Chamando listar_produtos() com: Página=1, Quantidade=20, OrdenarPor=None, Filtros=None [_log | meu_logger]
2025-05-31 18:13:35,093 - DEBUG - [EstoqueDataHandler.listar_produtos_paginados] Usando resultado em cache da paginação. [_log | meu_logger]
2025-05-31 18:13:35,094 - INFO - [EstoquePageView.alimentar_Dados] Atualizando dados da tabela... [_log | meu_logger]
2025-05-31 18:13:35,098 - DEBUG - [EstoquePageView.alimentar_Dados] Headers: ['id', 'nome', 'descricao', 'preco', 'quantidade', 'tipo'] [_log | meu_logger]
2025-05-31 18:13:35,099 - DEBUG - [EstoquePageView.alimentar_Dados] Total de linhas: 13 [_log | meu_logger]
2025-05-31 18:13:35,108 - INFO - [DialogProduto.fechar] Fechando diálogo [_log | meu_logger]
2025-05-31 18:13:35,122 - INFO - [DialogProduto.fechar] Fechando diálogo [_log | meu_logger]
2025-05-31 18:13:39,642 - DEBUG - [EstoquePageController.carregar_dados_estoque] Buscando dados de produtos no model. [_log | meu_logger]
2025-05-31 18:13:39,643 - DEBUG - [EstoqueDataHandler.listar_produtos_paginados] Chamando listar_produtos() com: Página=1, Quantidade=20, OrdenarPor=None, Filtros=None [_log | meu_logger]
2025-05-31 18:13:39,646 - DEBUG - [EstoqueModel.get_colunas_produto] Buscando colunas da tabela 'produto'. [_log | meu_logger]
2025-05-31 18:13:39,649 - DEBUG - [EstoqueModel.get_colunas_produto] Colunas encontradas: ['id', 'nome', 'descricao', 'preco', 'quantidade', 'tipo'] [_log | meu_logger]
2025-05-31 18:13:39,649 - INFO - [EstoquePageView.alimentar_Dados] Atualizando dados da tabela... [_log | meu_logger]
2025-05-31 18:13:39,654 - DEBUG - [EstoquePageView.alimentar_Dados] Headers: ['id', 'nome', 'descricao', 'preco', 'quantidade', 'tipo'] [_log | meu_logger]
2025-05-31 18:13:39,654 - DEBUG - [EstoquePageView.alimentar_Dados] Total de linhas: 14 [_log | meu_logger]
2025-05-31 18:17:03,555 - INFO - [EstoquePage.__init__] Iniciando EstoquePage... [_log | meu_logger]
2025-05-31 18:17:03,559 - INFO - [EstoqueModel.__init__] EstoqueModel inicializado. [_log | meu_logger]
2025-05-31 18:17:03,563 - INFO - [RodapePaginacao.__init__] RodapePaginacao inicializado. [_log | meu_logger]
2025-05-31 18:17:03,564 - DEBUG - [RodapePaginacao.__init__] Total de páginas definido: None [_log | meu_logger]
2025-05-31 18:17:03,566 - INFO - [EstoquePageView.__init__] EstoquePageView inicializado. [_log | meu_logger]
2025-05-31 18:17:03,566 - INFO - [EstoquePageController.__init__] EstoquePageController inicializado. [_log | meu_logger]
2025-05-31 18:17:03,567 - INFO - [EstoquePage.__init__] EstoquePageController criado com sucesso. [_log | meu_logger]
2025-05-31 18:17:03,570 - DEBUG - [EstoquePage.start] Método start() chamado. Exibindo view do estoque. [_log | meu_logger]
2025-05-31 18:17:03,572 - DEBUG - [EstoquePageController.exibir_view_estoque] Exibindo view_estoque. [_log | meu_logger]
2025-05-31 18:17:03,573 - DEBUG - [EstoquePageController.carregar_dados_estoque] Buscando dados de produtos no model. [_log | meu_logger]
2025-05-31 18:17:03,573 - DEBUG - [EstoqueDataHandler.listar_produtos_paginados] Chamando listar_produtos() com: Página=1, Quantidade=20, OrdenarPor=None, Filtros=None [_log | meu_logger]
2025-05-31 18:17:03,598 - DEBUG - [EstoqueModel.get_colunas_produto] Buscando colunas da tabela 'produto'. [_log | meu_logger]
2025-05-31 18:17:03,605 - DEBUG - [EstoqueModel.get_colunas_produto] Colunas encontradas: ['id', 'nome', 'descricao', 'preco', 'quantidade', 'tipo'] [_log | meu_logger]
2025-05-31 18:17:03,605 - INFO - [EstoquePageView.alimentar_Dados] Atualizando dados da tabela... [_log | meu_logger]
2025-05-31 18:17:03,612 - DEBUG - [EstoquePageView.alimentar_Dados] Headers: ['id', 'nome', 'descricao', 'preco', 'quantidade', 'tipo'] [_log | meu_logger]
2025-05-31 18:17:03,612 - DEBUG - [EstoquePageView.alimentar_Dados] Total de linhas: 14 [_log | meu_logger]
2025-05-31 18:17:03,613 - INFO - [EstoquePageView.create_view_estoque] Construindo view de estoque... [_log | meu_logger]
2025-05-31 18:17:03,614 - DEBUG - [RodapePaginacao.build] Chamando build() do RodapePaginacao. [_log | meu_logger]
2025-05-31 18:17:03,614 - DEBUG - [RodapePaginacao.construir] Construindo controles do rodapé de paginação. [_log | meu_logger]
2025-05-31 18:17:03,615 - DEBUG - [RodapePaginacao.construir] Texto da página: Página 1 de 1 [_log | meu_logger]
2025-05-31 18:17:03,632 - INFO - [EstoquePage.start] View de estoque adicionada à página. [_log | meu_logger]
2025-05-31 18:17:03,632 - DEBUG - [EstoqueDataHandler.listar_produtos_paginados] Chamando listar_produtos() com: Página=1, Quantidade=20, OrdenarPor=None, Filtros=None [_log | meu_logger]
2025-05-31 18:17:03,632 - DEBUG - [EstoqueDataHandler.listar_produtos_paginados] Usando resultado em cache da paginação. [_log | meu_logger]
2025-05-31 18:17:03,632 - DEBUG - [EstoquePage._log_initial_data] Dados iniciais carregados: [{'id': 4, 'nome': 'Teste', 'descricao': '...', 'preco': Decimal('99.00'), 'quantidade': 1, 'tipo': 'kg'}]... [_log | meu_logger]
2025-05-31 18:17:07,488 - INFO - [DialogProduto.__init__] Inicializando o DialogProduto [_log | meu_logger]
2025-05-31 18:17:07,490 - INFO - [DialogProduto.abrir] Abrindo diálogo no modo adição [_log | meu_logger]
2025-05-31 18:17:11,254 - INFO - [EstoqueModel.adicionar] Produto 'Asdfg' adicionado com sucesso. [_log | meu_logger]
2025-05-31 18:17:11,256 - INFO - [EstoquePageController.salvar_callback] Produto adicionado: {'id': None, 'nome': 'Asdfg', 'descricao': 'sdfg', 'preco': 0.0, 'quantidade': 1, 'tipo': 'unidade'} [_log | meu_logger]
2025-05-31 18:17:11,257 - INFO - [DialogProduto.fechar] Fechando diálogo [_log | meu_logger]
2025-05-31 18:17:11,265 - DEBUG - [EstoquePageController.carregar_dados_estoque] Buscando dados de produtos no model. [_log | meu_logger]
2025-05-31 18:17:11,265 - DEBUG - [EstoqueDataHandler.listar_produtos_paginados] Chamando listar_produtos() com: Página=1, Quantidade=20, OrdenarPor=None, Filtros=None [_log | meu_logger]
2025-05-31 18:17:11,265 - DEBUG - [EstoqueDataHandler.listar_produtos_paginados] Usando resultado em cache da paginação. [_log | meu_logger]
2025-05-31 18:17:11,266 - INFO - [EstoquePageView.alimentar_Dados] Atualizando dados da tabela... [_log | meu_logger]
2025-05-31 18:17:11,271 - DEBUG - [EstoquePageView.alimentar_Dados] Headers: ['id', 'nome', 'descricao', 'preco', 'quantidade', 'tipo'] [_log | meu_logger]
2025-05-31 18:17:11,271 - DEBUG - [EstoquePageView.alimentar_Dados] Total de linhas: 14 [_log | meu_logger]
2025-05-31 18:17:11,286 - INFO - [DialogProduto.fechar] Fechando diálogo [_log | meu_logger]
2025-05-31 18:17:14,440 - DEBUG - [EstoquePageController.carregar_dados_estoque] Buscando dados de produtos no model. [_log | meu_logger]
2025-05-31 18:17:14,440 - DEBUG - [EstoqueDataHandler.listar_produtos_paginados] Chamando listar_produtos() com: Página=1, Quantidade=20, OrdenarPor=None, Filtros=None [_log | meu_logger]
2025-05-31 18:17:14,444 - DEBUG - [EstoqueModel.get_colunas_produto] Buscando colunas da tabela 'produto'. [_log | meu_logger]
2025-05-31 18:17:14,446 - DEBUG - [EstoqueModel.get_colunas_produto] Colunas encontradas: ['id', 'nome', 'descricao', 'preco', 'quantidade', 'tipo'] [_log | meu_logger]
2025-05-31 18:17:14,446 - INFO - [EstoquePageView.alimentar_Dados] Atualizando dados da tabela... [_log | meu_logger]
2025-05-31 18:17:14,451 - DEBUG - [EstoquePageView.alimentar_Dados] Headers: ['id', 'nome', 'descricao', 'preco', 'quantidade', 'tipo'] [_log | meu_logger]
2025-05-31 18:17:14,452 - DEBUG - [EstoquePageView.alimentar_Dados] Total de linhas: 15 [_log | meu_logger]
2025-05-31 18:20:04,273 - INFO - [EstoquePage.__init__] Iniciando EstoquePage... [_log | meu_logger]
2025-05-31 18:20:04,278 - INFO - [EstoqueModel.__init__] EstoqueModel inicializado. [_log | meu_logger]
2025-05-31 18:20:04,284 - INFO - [RodapePaginacao.__init__] RodapePaginacao inicializado. [_log | meu_logger]
2025-05-31 18:20:04,285 - DEBUG - [RodapePaginacao.__init__] Total de páginas definido: None [_log | meu_logger]
2025-05-31 18:20:04,286 - INFO - [EstoquePageView.__init__] EstoquePageView inicializado. [_log | meu_logger]
2025-05-31 18:20:04,287 - INFO - [EstoquePageController.__init__] EstoquePageController inicializado. [_log | meu_logger]
2025-05-31 18:20:04,288 - INFO - [EstoquePage.__init__] EstoquePageController criado com sucesso. [_log | meu_logger]
2025-05-31 18:20:04,289 - DEBUG - [EstoquePage.start] Método start() chamado. Exibindo view do estoque. [_log | meu_logger]
2025-05-31 18:20:04,289 - DEBUG - [EstoquePageController.exibir_view_estoque] Exibindo view_estoque. [_log | meu_logger]
2025-05-31 18:20:04,289 - DEBUG - [EstoquePageController.carregar_dados_estoque] Buscando dados de produtos no model. [_log | meu_logger]
2025-05-31 18:20:04,289 - DEBUG - [EstoqueDataHandler.listar_produtos_paginados] Chamando listar_produtos() com: Página=1, Quantidade=20, OrdenarPor=None, Filtros=None [_log | meu_logger]
2025-05-31 18:20:04,309 - DEBUG - [EstoqueModel.get_colunas_produto] Buscando colunas da tabela 'produto'. [_log | meu_logger]
2025-05-31 18:20:04,313 - DEBUG - [EstoqueModel.get_colunas_produto] Colunas encontradas: ['id', 'nome', 'descricao', 'preco', 'quantidade', 'tipo'] [_log | meu_logger]
2025-05-31 18:20:04,314 - INFO - [EstoquePageView.alimentar_Dados] Atualizando dados da tabela... [_log | meu_logger]
2025-05-31 18:20:04,322 - DEBUG - [EstoquePageView.alimentar_Dados] Headers: ['id', 'nome', 'descricao', 'preco', 'quantidade', 'tipo'] [_log | meu_logger]
2025-05-31 18:20:04,322 - DEBUG - [EstoquePageView.alimentar_Dados] Total de linhas: 15 [_log | meu_logger]
2025-05-31 18:20:04,323 - INFO - [EstoquePageView.create_view_estoque] Construindo view de estoque... [_log | meu_logger]
2025-05-31 18:20:04,324 - DEBUG - [RodapePaginacao.build] Chamando build() do RodapePaginacao. [_log | meu_logger]
2025-05-31 18:20:04,324 - DEBUG - [RodapePaginacao.construir] Construindo controles do rodapé de paginação. [_log | meu_logger]
2025-05-31 18:20:04,325 - DEBUG - [RodapePaginacao.construir] Texto da página: Página 1 de 1 [_log | meu_logger]
2025-05-31 18:20:04,341 - INFO - [EstoquePage.start] View de estoque adicionada à página. [_log | meu_logger]
2025-05-31 18:20:04,341 - DEBUG - [EstoqueDataHandler.listar_produtos_paginados] Chamando listar_produtos() com: Página=1, Quantidade=20, OrdenarPor=None, Filtros=None [_log | meu_logger]
2025-05-31 18:20:04,341 - DEBUG - [EstoqueDataHandler.listar_produtos_paginados] Usando resultado em cache da paginação. [_log | meu_logger]
2025-05-31 18:20:04,342 - DEBUG - [EstoquePage._log_initial_data] Dados iniciais carregados: [{'id': 4, 'nome': 'Teste', 'descricao': '...', 'preco': Decimal('99.00'), 'quantidade': 1, 'tipo': 'kg'}]... [_log | meu_logger]
