2025-06-27 10:28:14,447 - INFO - [ReceitasPage.__init__] Iniciando ReceitasPage... [_log | meu_logger]
2025-06-27 10:28:14,451 - INFO - [ReceitasModel.__init__] ReceitasModel inicializado [_log | meu_logger]
2025-06-27 10:28:14,451 - DEBUG - [RodapePaginacao.set_callback] Callback definido: None [_log | meu_logger]
2025-06-27 10:28:14,451 - INFO - [RodapePaginacao.__init__] RodapePaginacao inicializado [_log | meu_logger]
2025-06-27 10:28:14,452 - DEBUG - [ReceitasPageView._initialize_components] Componentes básicos da view inicializados [_log | meu_logger]
2025-06-27 10:28:14,453 - DEBUG - [ReceitasPageView._setup_ui_elements] Elementos de busca configurados [_log | meu_logger]
2025-06-27 10:28:14,454 - INFO - [ReceitasPageView.__init__] ReceitasPageView inicializada [_log | meu_logger]
2025-06-27 10:28:14,455 - INFO - [ReceitaBloco.__init__] Componente ReceitaBloco inicializado [_log | meu_logger]
2025-06-27 10:28:14,455 - INFO - [ReceitasPageController.__init__] Inicializando ReceitasPageController [_log | meu_logger]
2025-06-27 10:28:14,455 - DEBUG - [ReceitasPageController._setup_callbacks] Configurando callbacks da view [_log | meu_logger]
2025-06-27 10:28:14,455 - DEBUG - [ReceitasPageView.set_on_buscar] Callback de busca configurado [_log | meu_logger]
2025-06-27 10:28:14,456 - DEBUG - [ReceitasPageView.definir_acoes_botoes_navBar] Callbacks definidos para navbar [_log | meu_logger]
2025-06-27 10:28:14,457 - DEBUG - [RodapePaginacao.set_callback] Callback definido: <bound method ReceitasPageController._handle_paginacao_receitas of <controller.receitas.controller_receitas_page.ReceitasPageController object at 0x000001F9EECAB110>> [_log | meu_logger]
2025-06-27 10:28:14,457 - DEBUG - [ReceitasPageView.definir_acoes_botoes_rodape] Callback definido para rodapé [_log | meu_logger]
2025-06-27 10:28:14,457 - INFO - [ReceitasPageController._initialize_handlers] Handlers inicializados com sucesso [_log | meu_logger]
2025-06-27 10:28:14,457 - INFO - [ReceitasPage.__init__] ReceitasPageController criado com sucesso. [_log | meu_logger]
2025-06-27 10:28:14,458 - DEBUG - [ReceitasPageController.exibir_view_receitas] Exibindo view inicial de receitas [_log | meu_logger]
2025-06-27 10:28:14,728 - DEBUG - [ReceitasPageController.carregar_dados_receitas] {
    "dados": [
        {
            "id": 1,
            "nome_receita": "Nome_Receita_1_Teste",
            "nome_produto": "Ggggggggg",
            "quantidade": 1.00,
            "preco_total": 0.00,
            "observacoes": "..."
        }
    ],
    "colunas": [
        "id",
        "nome_receita",
        "nome_produto",
        "quantidade",
        "preco_total",
        "observacoes"
    ],
    "pagina_atual": 1,
    "por_pagina": 20,
    "total_registros": 1,
    "total_paginas": 1
} [_log | meu_logger]
2025-06-27 10:28:14,729 - DEBUG - [ReceitasPageController.adicionar_receitas_view] Adicionando receita:{'dados': [{'id': 1, 'nome_receita': 'Nome_Receita_1_Teste', 'nome_produto': 'Ggggggggg', 'quantidade': Decimal('1.00'), 'preco_total': Decimal('0.00'), 'observacoes': '...'}], 'colunas': ['id', 'nome_receita', 'nome_produto', 'quantidade', 'preco_total', 'observacoes'], 'pagina_atual': 1, 'por_pagina': 20, 'total_registros': 1, 'total_paginas': 1} [_log | meu_logger]
2025-06-27 10:28:14,729 - ERROR - [ReceitaBloco.criar_bloco] Erro ao criar bloco: 'nome' [_log | meu_logger]
2025-06-27 10:28:14,729 - ERROR - [ReceitasPageController.adicionar_receitas_view] Erro ao adicionar receita: Column Control must be added to the page first [_log | meu_logger]
2025-06-27 10:28:14,730 - ERROR - [ReceitasPageController._handle_error] Erro atualizando view: 'NoneType' object has no attribute 'value' [_log | meu_logger]
2025-06-27 10:28:14,730 - DEBUG - [ReceitasPageView.create_view] Construindo a view completa de receitas [_log | meu_logger]
2025-06-27 10:36:18,000 - INFO - [ReceitasPage.__init__] Iniciando ReceitasPage... [_log | meu_logger]
2025-06-27 10:36:18,002 - INFO - [ReceitasModel.__init__] ReceitasModel inicializado [_log | meu_logger]
2025-06-27 10:36:18,002 - DEBUG - [RodapePaginacao.set_callback] Callback definido: None [_log | meu_logger]
2025-06-27 10:36:18,003 - INFO - [RodapePaginacao.__init__] RodapePaginacao inicializado [_log | meu_logger]
2025-06-27 10:36:18,003 - DEBUG - [ReceitasPageView._initialize_components] Componentes básicos da view inicializados [_log | meu_logger]
2025-06-27 10:36:18,004 - DEBUG - [ReceitasPageView._setup_ui_elements] Elementos de busca configurados [_log | meu_logger]
2025-06-27 10:36:18,004 - INFO - [ReceitasPageView.__init__] ReceitasPageView inicializada [_log | meu_logger]
2025-06-27 10:36:18,004 - INFO - [ReceitaBloco.__init__] Componente ReceitaBloco inicializado [_log | meu_logger]
2025-06-27 10:36:18,004 - INFO - [ReceitasPageController.__init__] Inicializando ReceitasPageController [_log | meu_logger]
2025-06-27 10:36:18,005 - DEBUG - [ReceitasPageController._setup_callbacks] Configurando callbacks da view [_log | meu_logger]
2025-06-27 10:36:18,005 - DEBUG - [ReceitasPageView.set_on_buscar] Callback de busca configurado [_log | meu_logger]
2025-06-27 10:36:18,005 - DEBUG - [ReceitasPageView.definir_acoes_botoes_navBar] Callbacks definidos para navbar [_log | meu_logger]
2025-06-27 10:36:18,005 - DEBUG - [RodapePaginacao.set_callback] Callback definido: <bound method ReceitasPageController._handle_paginacao_receitas of <controller.receitas.controller_receitas_page.ReceitasPageController object at 0x000001ED710ED370>> [_log | meu_logger]
2025-06-27 10:36:18,006 - DEBUG - [ReceitasPageView.definir_acoes_botoes_rodape] Callback definido para rodapé [_log | meu_logger]
2025-06-27 10:36:18,006 - INFO - [ReceitasPageController._initialize_handlers] Handlers inicializados com sucesso [_log | meu_logger]
2025-06-27 10:36:18,006 - INFO - [ReceitasPage.__init__] ReceitasPageController criado com sucesso. [_log | meu_logger]
2025-06-27 10:36:18,006 - DEBUG - [ReceitasPageController.exibir_view_receitas] Exibindo view inicial de receitas [_log | meu_logger]
2025-06-27 10:36:18,062 - DEBUG - [ReceitasPageController.carregar_dados_receitas] {
    "dados": [
        {
            "id": 1,
            "nome_receita": "Nome_Receita_1_Teste",
            "nome_produto": "Ggggggggg",
            "quantidade": 1.00,
            "preco_total": 0.00,
            "observacoes": "..."
        }
    ],
    "colunas": [
        "id",
        "nome_receita",
        "nome_produto",
        "quantidade",
        "preco_total",
        "observacoes"
    ],
    "pagina_atual": 1,
    "por_pagina": 20,
    "total_registros": 1,
    "total_paginas": 1
} [_log | meu_logger]
2025-06-27 10:36:18,063 - DEBUG - [ReceitasPageController.adicionar_receitas_view] Adicionando receita:{'dados': [{'id': 1, 'nome_receita': 'Nome_Receita_1_Teste', 'nome_produto': 'Ggggggggg', 'quantidade': Decimal('1.00'), 'preco_total': Decimal('0.00'), 'observacoes': '...'}], 'colunas': ['id', 'nome_receita', 'nome_produto', 'quantidade', 'preco_total', 'observacoes'], 'pagina_atual': 1, 'por_pagina': 20, 'total_registros': 1, 'total_paginas': 1} [_log | meu_logger]
2025-06-27 10:36:18,063 - ERROR - [ReceitaBloco.criar_bloco] Erro ao criar bloco: 'nome_receita' [_log | meu_logger]
2025-06-27 10:36:18,064 - ERROR - [ReceitasPageController.adicionar_receitas_view] Erro ao adicionar receita: Column Control must be added to the page first [_log | meu_logger]
2025-06-27 10:36:18,064 - ERROR - [ReceitasPageController._handle_error] Erro atualizando view: 'NoneType' object has no attribute 'value' [_log | meu_logger]
2025-06-27 10:36:18,065 - DEBUG - [ReceitasPageView.create_view] Construindo a view completa de receitas [_log | meu_logger]
2025-06-27 10:48:13,019 - INFO - [ReceitasPage.__init__] Iniciando ReceitasPage... [_log | meu_logger]
2025-06-27 10:48:13,021 - INFO - [ReceitasModel.__init__] ReceitasModel inicializado [_log | meu_logger]
2025-06-27 10:48:13,022 - DEBUG - [RodapePaginacao.set_callback] Callback definido: None [_log | meu_logger]
2025-06-27 10:48:13,022 - INFO - [RodapePaginacao.__init__] RodapePaginacao inicializado [_log | meu_logger]
2025-06-27 10:48:13,023 - DEBUG - [ReceitasPageView._initialize_components] Componentes básicos da view inicializados [_log | meu_logger]
2025-06-27 10:48:13,024 - DEBUG - [ReceitasPageView._setup_ui_elements] Elementos de busca configurados [_log | meu_logger]
2025-06-27 10:48:13,024 - INFO - [ReceitasPageView.__init__] ReceitasPageView inicializada [_log | meu_logger]
2025-06-27 10:48:13,025 - INFO - [ReceitaBloco.__init__] Componente ReceitaBloco inicializado [_log | meu_logger]
2025-06-27 10:48:13,025 - INFO - [ReceitasPageController.__init__] Inicializando ReceitasPageController [_log | meu_logger]
2025-06-27 10:48:13,026 - DEBUG - [ReceitasPageController._setup_callbacks] Configurando callbacks da view [_log | meu_logger]
2025-06-27 10:48:13,026 - DEBUG - [ReceitasPageView.set_on_buscar] Callback de busca configurado [_log | meu_logger]
2025-06-27 10:48:13,027 - DEBUG - [ReceitasPageView.definir_acoes_botoes_navBar] Callbacks definidos para navbar [_log | meu_logger]
2025-06-27 10:48:13,027 - DEBUG - [RodapePaginacao.set_callback] Callback definido: <bound method ReceitasPageController._handle_paginacao_receitas of <controller.receitas.controller_receitas_page.ReceitasPageController object at 0x000001FADB3C7EF0>> [_log | meu_logger]
2025-06-27 10:48:13,027 - DEBUG - [ReceitasPageView.definir_acoes_botoes_rodape] Callback definido para rodapé [_log | meu_logger]
2025-06-27 10:48:13,028 - INFO - [ReceitasPageController._initialize_handlers] Handlers inicializados com sucesso [_log | meu_logger]
2025-06-27 10:48:13,028 - INFO - [ReceitasPage.__init__] ReceitasPageController criado com sucesso. [_log | meu_logger]
2025-06-27 10:48:13,028 - DEBUG - [ReceitasPageController.exibir_view_receitas] Exibindo view inicial de receitas [_log | meu_logger]
2025-06-27 10:48:13,051 - DEBUG - [ReceitasPageController.carregar_dados_receitas] {
    "dados": [],
    "colunas": [],
    "pagina_atual": 1,
    "por_pagina": 20,
    "total_registros": 1,
    "total_paginas": 1
} [_log | meu_logger]
2025-06-27 10:48:13,051 - DEBUG - [ReceitasPageController.adicionar_receitas_view] Adicionando receita:{'dados': [], 'colunas': [], 'pagina_atual': 1, 'por_pagina': 20, 'total_registros': 1, 'total_paginas': 1} [_log | meu_logger]
2025-06-27 10:48:13,051 - ERROR - [ReceitaBloco.criar_bloco] Erro ao criar bloco: 'nome_receita' [_log | meu_logger]
2025-06-27 10:48:13,052 - ERROR - [ReceitasPageController.adicionar_receitas_view] Erro ao adicionar receita: Column Control must be added to the page first [_log | meu_logger]
2025-06-27 10:48:13,052 - ERROR - [ReceitasPageController._handle_error] Erro atualizando view: 'NoneType' object has no attribute 'value' [_log | meu_logger]
2025-06-27 10:48:13,053 - DEBUG - [ReceitasPageView.create_view] Construindo a view completa de receitas [_log | meu_logger]
2025-06-27 10:49:01,659 - INFO - [ReceitasPage.__init__] Iniciando ReceitasPage... [_log | meu_logger]
2025-06-27 10:49:01,661 - INFO - [ReceitasModel.__init__] ReceitasModel inicializado [_log | meu_logger]
2025-06-27 10:49:01,662 - DEBUG - [RodapePaginacao.set_callback] Callback definido: None [_log | meu_logger]
2025-06-27 10:49:01,662 - INFO - [RodapePaginacao.__init__] RodapePaginacao inicializado [_log | meu_logger]
2025-06-27 10:49:01,663 - DEBUG - [ReceitasPageView._initialize_components] Componentes básicos da view inicializados [_log | meu_logger]
2025-06-27 10:49:01,664 - DEBUG - [ReceitasPageView._setup_ui_elements] Elementos de busca configurados [_log | meu_logger]
2025-06-27 10:49:01,664 - INFO - [ReceitasPageView.__init__] ReceitasPageView inicializada [_log | meu_logger]
2025-06-27 10:49:01,665 - INFO - [ReceitaBloco.__init__] Componente ReceitaBloco inicializado [_log | meu_logger]
2025-06-27 10:49:01,665 - INFO - [ReceitasPageController.__init__] Inicializando ReceitasPageController [_log | meu_logger]
2025-06-27 10:49:01,665 - DEBUG - [ReceitasPageController._setup_callbacks] Configurando callbacks da view [_log | meu_logger]
2025-06-27 10:49:01,666 - DEBUG - [ReceitasPageView.set_on_buscar] Callback de busca configurado [_log | meu_logger]
2025-06-27 10:49:01,667 - DEBUG - [ReceitasPageView.definir_acoes_botoes_navBar] Callbacks definidos para navbar [_log | meu_logger]
2025-06-27 10:49:01,667 - DEBUG - [RodapePaginacao.set_callback] Callback definido: <bound method ReceitasPageController._handle_paginacao_receitas of <controller.receitas.controller_receitas_page.ReceitasPageController object at 0x000002DFA7C7ACC0>> [_log | meu_logger]
2025-06-27 10:49:01,667 - DEBUG - [ReceitasPageView.definir_acoes_botoes_rodape] Callback definido para rodapé [_log | meu_logger]
2025-06-27 10:49:01,668 - INFO - [ReceitasPageController._initialize_handlers] Handlers inicializados com sucesso [_log | meu_logger]
2025-06-27 10:49:01,668 - INFO - [ReceitasPage.__init__] ReceitasPageController criado com sucesso. [_log | meu_logger]
2025-06-27 10:49:01,669 - DEBUG - [ReceitasPageController.exibir_view_receitas] Exibindo view inicial de receitas [_log | meu_logger]
2025-06-27 10:49:01,716 - DEBUG - [ReceitasPageController.carregar_dados_receitas] {
    "dados": [
        {
            "id": 1,
            "nome_receita": "Nome_Receita_1_Teste",
            "nome_produto": "Ggggggggg",
            "quantidade": 1.00,
            "preco_total": 0.00,
            "observacoes": "...",
            "tempo_preparo_receita": null
        }
    ],
    "colunas": [
        "id",
        "nome_receita",
        "nome_produto",
        "quantidade",
        "preco_total",
        "observacoes",
        "tempo_preparo_receita"
    ],
    "pagina_atual": 1,
    "por_pagina": 20,
    "total_registros": 1,
    "total_paginas": 1
} [_log | meu_logger]
2025-06-27 10:49:01,717 - DEBUG - [ReceitasPageController.adicionar_receitas_view] Adicionando receita:{'dados': [{'id': 1, 'nome_receita': 'Nome_Receita_1_Teste', 'nome_produto': 'Ggggggggg', 'quantidade': Decimal('1.00'), 'preco_total': Decimal('0.00'), 'observacoes': '...', 'tempo_preparo_receita': None}], 'colunas': ['id', 'nome_receita', 'nome_produto', 'quantidade', 'preco_total', 'observacoes', 'tempo_preparo_receita'], 'pagina_atual': 1, 'por_pagina': 20, 'total_registros': 1, 'total_paginas': 1} [_log | meu_logger]
2025-06-27 10:49:01,717 - ERROR - [ReceitaBloco.criar_bloco] Erro ao criar bloco: 'nome_receita' [_log | meu_logger]
2025-06-27 10:49:01,718 - ERROR - [ReceitasPageController.adicionar_receitas_view] Erro ao adicionar receita: Column Control must be added to the page first [_log | meu_logger]
2025-06-27 10:49:01,719 - ERROR - [ReceitasPageController._handle_error] Erro atualizando view: 'NoneType' object has no attribute 'value' [_log | meu_logger]
2025-06-27 10:49:01,720 - DEBUG - [ReceitasPageView.create_view] Construindo a view completa de receitas [_log | meu_logger]
2025-06-27 10:51:49,842 - INFO - [ReceitasPage.__init__] Iniciando ReceitasPage... [_log | meu_logger]
2025-06-27 10:51:49,844 - INFO - [ReceitasModel.__init__] ReceitasModel inicializado [_log | meu_logger]
2025-06-27 10:51:49,844 - DEBUG - [RodapePaginacao.set_callback] Callback definido: None [_log | meu_logger]
2025-06-27 10:51:49,845 - INFO - [RodapePaginacao.__init__] RodapePaginacao inicializado [_log | meu_logger]
2025-06-27 10:51:49,845 - DEBUG - [ReceitasPageView._initialize_components] Componentes básicos da view inicializados [_log | meu_logger]
2025-06-27 10:51:49,846 - DEBUG - [ReceitasPageView._setup_ui_elements] Elementos de busca configurados [_log | meu_logger]
2025-06-27 10:51:49,846 - INFO - [ReceitasPageView.__init__] ReceitasPageView inicializada [_log | meu_logger]
2025-06-27 10:51:49,846 - INFO - [ReceitaBloco.__init__] Componente ReceitaBloco inicializado [_log | meu_logger]
2025-06-27 10:51:49,847 - INFO - [ReceitasPageController.__init__] Inicializando ReceitasPageController [_log | meu_logger]
2025-06-27 10:51:49,847 - DEBUG - [ReceitasPageController._setup_callbacks] Configurando callbacks da view [_log | meu_logger]
2025-06-27 10:51:49,847 - DEBUG - [ReceitasPageView.set_on_buscar] Callback de busca configurado [_log | meu_logger]
2025-06-27 10:51:49,847 - DEBUG - [ReceitasPageView.definir_acoes_botoes_navBar] Callbacks definidos para navbar [_log | meu_logger]
2025-06-27 10:51:49,847 - DEBUG - [RodapePaginacao.set_callback] Callback definido: <bound method ReceitasPageController._handle_paginacao_receitas of <controller.receitas.controller_receitas_page.ReceitasPageController object at 0x000002807C69E570>> [_log | meu_logger]
2025-06-27 10:51:49,848 - DEBUG - [ReceitasPageView.definir_acoes_botoes_rodape] Callback definido para rodapé [_log | meu_logger]
2025-06-27 10:51:49,848 - INFO - [ReceitasPageController._initialize_handlers] Handlers inicializados com sucesso [_log | meu_logger]
2025-06-27 10:51:49,848 - INFO - [ReceitasPage.__init__] ReceitasPageController criado com sucesso. [_log | meu_logger]
2025-06-27 10:51:49,849 - DEBUG - [ReceitasPageController.exibir_view_receitas] Exibindo view inicial de receitas [_log | meu_logger]
2025-06-27 10:51:49,876 - DEBUG - [ReceitasPageController.carregar_dados_receitas] {
    "dados": [],
    "colunas": [],
    "pagina_atual": 1,
    "por_pagina": 20,
    "total_registros": 1,
    "total_paginas": 1
} [_log | meu_logger]
2025-06-27 10:51:49,876 - DEBUG - [ReceitasPageController.adicionar_receitas_view] Adicionando receita:{'dados': [], 'colunas': [], 'pagina_atual': 1, 'por_pagina': 20, 'total_registros': 1, 'total_paginas': 1} [_log | meu_logger]
2025-06-27 10:51:49,877 - ERROR - [ReceitaBloco.criar_bloco] Erro ao criar bloco: 'nome_receita' [_log | meu_logger]
2025-06-27 10:51:49,877 - ERROR - [ReceitasPageController.adicionar_receitas_view] Erro ao adicionar receita: Column Control must be added to the page first [_log | meu_logger]
2025-06-27 10:51:49,879 - ERROR - [ReceitasPageController._handle_error] Erro atualizando view: 'NoneType' object has no attribute 'value' [_log | meu_logger]
2025-06-27 10:51:49,880 - DEBUG - [ReceitasPageView.create_view] Construindo a view completa de receitas [_log | meu_logger]
2025-06-27 10:54:09,320 - INFO - [ReceitasPage.__init__] Iniciando ReceitasPage... [_log | meu_logger]
2025-06-27 10:54:09,323 - INFO - [ReceitasModel.__init__] ReceitasModel inicializado [_log | meu_logger]
2025-06-27 10:54:09,323 - DEBUG - [RodapePaginacao.set_callback] Callback definido: None [_log | meu_logger]
2025-06-27 10:54:09,323 - INFO - [RodapePaginacao.__init__] RodapePaginacao inicializado [_log | meu_logger]
2025-06-27 10:54:09,324 - DEBUG - [ReceitasPageView._initialize_components] Componentes básicos da view inicializados [_log | meu_logger]
2025-06-27 10:54:09,325 - DEBUG - [ReceitasPageView._setup_ui_elements] Elementos de busca configurados [_log | meu_logger]
2025-06-27 10:54:09,325 - INFO - [ReceitasPageView.__init__] ReceitasPageView inicializada [_log | meu_logger]
2025-06-27 10:54:09,326 - INFO - [ReceitaBloco.__init__] Componente ReceitaBloco inicializado [_log | meu_logger]
2025-06-27 10:54:09,326 - INFO - [ReceitasPageController.__init__] Inicializando ReceitasPageController [_log | meu_logger]
2025-06-27 10:54:09,326 - DEBUG - [ReceitasPageController._setup_callbacks] Configurando callbacks da view [_log | meu_logger]
2025-06-27 10:54:09,327 - DEBUG - [ReceitasPageView.set_on_buscar] Callback de busca configurado [_log | meu_logger]
2025-06-27 10:54:09,327 - DEBUG - [ReceitasPageView.definir_acoes_botoes_navBar] Callbacks definidos para navbar [_log | meu_logger]
2025-06-27 10:54:09,328 - DEBUG - [RodapePaginacao.set_callback] Callback definido: <bound method ReceitasPageController._handle_paginacao_receitas of <controller.receitas.controller_receitas_page.ReceitasPageController object at 0x000001E74EE3E570>> [_log | meu_logger]
2025-06-27 10:54:09,328 - DEBUG - [ReceitasPageView.definir_acoes_botoes_rodape] Callback definido para rodapé [_log | meu_logger]
2025-06-27 10:54:09,329 - INFO - [ReceitasPageController._initialize_handlers] Handlers inicializados com sucesso [_log | meu_logger]
2025-06-27 10:54:09,329 - INFO - [ReceitasPage.__init__] ReceitasPageController criado com sucesso. [_log | meu_logger]
2025-06-27 10:54:09,330 - DEBUG - [ReceitasPageController.exibir_view_receitas] Exibindo view inicial de receitas [_log | meu_logger]
2025-06-27 10:54:09,348 - DEBUG - [ReceitasPageController.carregar_dados_receitas] {
    "dados": [
        {
            "id": 1,
            "nome_receita": "Nome_Receita_1_Teste",
            "nome_produto": "Ggggggggg",
            "quantidade": 1.00,
            "preco_total": 0.00,
            "observacoes": "...",
            "tempo_preparo_receita": null,
            "rendimento_receita": 0.00
        }
    ],
    "colunas": [
        "id",
        "nome_receita",
        "nome_produto",
        "quantidade",
        "preco_total",
        "observacoes",
        "tempo_preparo_receita",
        "rendimento_receita"
    ],
    "pagina_atual": 1,
    "por_pagina": 20,
    "total_registros": 1,
    "total_paginas": 1
} [_log | meu_logger]
2025-06-27 10:54:09,349 - DEBUG - [ReceitasPageController.adicionar_receitas_view] Adicionando receita:{'dados': [{'id': 1, 'nome_receita': 'Nome_Receita_1_Teste', 'nome_produto': 'Ggggggggg', 'quantidade': Decimal('1.00'), 'preco_total': Decimal('0.00'), 'observacoes': '...', 'tempo_preparo_receita': None, 'rendimento_receita': Decimal('0.00')}], 'colunas': ['id', 'nome_receita', 'nome_produto', 'quantidade', 'preco_total', 'observacoes', 'tempo_preparo_receita', 'rendimento_receita'], 'pagina_atual': 1, 'por_pagina': 20, 'total_registros': 1, 'total_paginas': 1} [_log | meu_logger]
2025-06-27 10:54:09,349 - ERROR - [ReceitaBloco.criar_bloco] Erro ao criar bloco: 'nome_receita' [_log | meu_logger]
2025-06-27 10:54:09,349 - ERROR - [ReceitasPageController.adicionar_receitas_view] Erro ao adicionar receita: Column Control must be added to the page first [_log | meu_logger]
2025-06-27 10:54:09,350 - ERROR - [ReceitasPageController._handle_error] Erro atualizando view: 'NoneType' object has no attribute 'value' [_log | meu_logger]
2025-06-27 10:54:09,350 - DEBUG - [ReceitasPageView.create_view] Construindo a view completa de receitas [_log | meu_logger]
2025-06-27 10:58:46,822 - INFO - [ReceitasPage.__init__] Iniciando ReceitasPage... [_log | meu_logger]
2025-06-27 10:58:46,826 - INFO - [ReceitasModel.__init__] ReceitasModel inicializado [_log | meu_logger]
2025-06-27 10:58:46,826 - DEBUG - [RodapePaginacao.set_callback] Callback definido: None [_log | meu_logger]
2025-06-27 10:58:46,826 - INFO - [RodapePaginacao.__init__] RodapePaginacao inicializado [_log | meu_logger]
2025-06-27 10:58:46,827 - DEBUG - [ReceitasPageView._initialize_components] Componentes básicos da view inicializados [_log | meu_logger]
2025-06-27 10:58:46,828 - DEBUG - [ReceitasPageView._setup_ui_elements] Elementos de busca configurados [_log | meu_logger]
2025-06-27 10:58:46,828 - INFO - [ReceitasPageView.__init__] ReceitasPageView inicializada [_log | meu_logger]
2025-06-27 10:58:46,828 - INFO - [ReceitaBloco.__init__] Componente ReceitaBloco inicializado [_log | meu_logger]
2025-06-27 10:58:46,829 - INFO - [ReceitasPageController.__init__] Inicializando ReceitasPageController [_log | meu_logger]
2025-06-27 10:58:46,829 - DEBUG - [ReceitasPageController._setup_callbacks] Configurando callbacks da view [_log | meu_logger]
2025-06-27 10:58:46,829 - DEBUG - [ReceitasPageView.set_on_buscar] Callback de busca configurado [_log | meu_logger]
2025-06-27 10:58:46,829 - DEBUG - [ReceitasPageView.definir_acoes_botoes_navBar] Callbacks definidos para navbar [_log | meu_logger]
2025-06-27 10:58:46,829 - DEBUG - [RodapePaginacao.set_callback] Callback definido: <bound method ReceitasPageController._handle_paginacao_receitas of <controller.receitas.controller_receitas_page.ReceitasPageController object at 0x000001EFE8D2F9B0>> [_log | meu_logger]
2025-06-27 10:58:46,830 - DEBUG - [ReceitasPageView.definir_acoes_botoes_rodape] Callback definido para rodapé [_log | meu_logger]
2025-06-27 10:58:46,830 - INFO - [ReceitasPageController._initialize_handlers] Handlers inicializados com sucesso [_log | meu_logger]
2025-06-27 10:58:46,830 - INFO - [ReceitasPage.__init__] ReceitasPageController criado com sucesso. [_log | meu_logger]
2025-06-27 10:58:46,831 - DEBUG - [ReceitasPageController.exibir_view_receitas] Exibindo view inicial de receitas [_log | meu_logger]
2025-06-27 10:58:46,843 - DEBUG - [ReceitasPageController.carregar_dados_receitas] {
    "dados": [],
    "colunas": [],
    "pagina_atual": 1,
    "por_pagina": 20,
    "total_registros": 1,
    "total_paginas": 1
} [_log | meu_logger]
2025-06-27 10:58:46,843 - DEBUG - [ReceitasPageController.adicionar_receitas_view] Adicionando receita:{'dados': [], 'colunas': [], 'pagina_atual': 1, 'por_pagina': 20, 'total_registros': 1, 'total_paginas': 1} [_log | meu_logger]
2025-06-27 10:58:46,843 - ERROR - [ReceitaBloco.criar_bloco] Erro ao criar bloco: 'nome_receita' [_log | meu_logger]
2025-06-27 10:58:46,844 - ERROR - [ReceitasPageController.adicionar_receitas_view] Erro ao adicionar receita: Column Control must be added to the page first [_log | meu_logger]
2025-06-27 10:58:46,844 - ERROR - [ReceitasPageController._handle_error] Erro atualizando view: 'NoneType' object has no attribute 'value' [_log | meu_logger]
2025-06-27 10:58:46,845 - DEBUG - [ReceitasPageView.create_view] Construindo a view completa de receitas [_log | meu_logger]
2025-06-27 10:59:12,927 - INFO - [ReceitasPage.__init__] Iniciando ReceitasPage... [_log | meu_logger]
2025-06-27 10:59:12,929 - INFO - [ReceitasModel.__init__] ReceitasModel inicializado [_log | meu_logger]
2025-06-27 10:59:12,930 - DEBUG - [RodapePaginacao.set_callback] Callback definido: None [_log | meu_logger]
2025-06-27 10:59:12,930 - INFO - [RodapePaginacao.__init__] RodapePaginacao inicializado [_log | meu_logger]
2025-06-27 10:59:12,931 - DEBUG - [ReceitasPageView._initialize_components] Componentes básicos da view inicializados [_log | meu_logger]
2025-06-27 10:59:12,932 - DEBUG - [ReceitasPageView._setup_ui_elements] Elementos de busca configurados [_log | meu_logger]
2025-06-27 10:59:12,933 - INFO - [ReceitasPageView.__init__] ReceitasPageView inicializada [_log | meu_logger]
2025-06-27 10:59:12,933 - INFO - [ReceitaBloco.__init__] Componente ReceitaBloco inicializado [_log | meu_logger]
2025-06-27 10:59:12,933 - INFO - [ReceitasPageController.__init__] Inicializando ReceitasPageController [_log | meu_logger]
2025-06-27 10:59:12,934 - DEBUG - [ReceitasPageController._setup_callbacks] Configurando callbacks da view [_log | meu_logger]
2025-06-27 10:59:12,934 - DEBUG - [ReceitasPageView.set_on_buscar] Callback de busca configurado [_log | meu_logger]
2025-06-27 10:59:12,934 - DEBUG - [ReceitasPageView.definir_acoes_botoes_navBar] Callbacks definidos para navbar [_log | meu_logger]
2025-06-27 10:59:12,935 - DEBUG - [RodapePaginacao.set_callback] Callback definido: <bound method ReceitasPageController._handle_paginacao_receitas of <controller.receitas.controller_receitas_page.ReceitasPageController object at 0x000001F78BBEACF0>> [_log | meu_logger]
2025-06-27 10:59:12,935 - DEBUG - [ReceitasPageView.definir_acoes_botoes_rodape] Callback definido para rodapé [_log | meu_logger]
2025-06-27 10:59:12,935 - INFO - [ReceitasPageController._initialize_handlers] Handlers inicializados com sucesso [_log | meu_logger]
2025-06-27 10:59:12,936 - INFO - [ReceitasPage.__init__] ReceitasPageController criado com sucesso. [_log | meu_logger]
2025-06-27 10:59:12,936 - DEBUG - [ReceitasPageController.exibir_view_receitas] Exibindo view inicial de receitas [_log | meu_logger]
2025-06-27 10:59:12,953 - DEBUG - [ReceitasPageController.carregar_dados_receitas] {
    "dados": [
        {
            "id": 1,
            "nome_receita": "Nome_Receita_1_Teste",
            "nome_produto": "Ggggggggg",
            "quantidade": 1.00,
            "preco_total": 0.00,
            "observacoes": "...",
            "modo_preparo_preparo_receita": "ModoPreparo_Receita_1_Teste",
            "tempo_preparo_receita": null,
            "rendimento_receita": 0.00,
            "descricao_receita": "Descricao_Receita_1_Teste"
        }
    ],
    "colunas": [
        "id",
        "nome_receita",
        "nome_produto",
        "quantidade",
        "preco_total",
        "observacoes",
        "modo_preparo_preparo_receita",
        "tempo_preparo_receita",
        "rendimento_receita",
        "descricao_receita"
    ],
    "pagina_atual": 1,
    "por_pagina": 20,
    "total_registros": 1,
    "total_paginas": 1
} [_log | meu_logger]
2025-06-27 10:59:12,953 - DEBUG - [ReceitasPageController.adicionar_receitas_view] Adicionando receita:{'dados': [{'id': 1, 'nome_receita': 'Nome_Receita_1_Teste', 'nome_produto': 'Ggggggggg', 'quantidade': Decimal('1.00'), 'preco_total': Decimal('0.00'), 'observacoes': '...', 'modo_preparo_preparo_receita': 'ModoPreparo_Receita_1_Teste', 'tempo_preparo_receita': None, 'rendimento_receita': Decimal('0.00'), 'descricao_receita': 'Descricao_Receita_1_Teste'}], 'colunas': ['id', 'nome_receita', 'nome_produto', 'quantidade', 'preco_total', 'observacoes', 'modo_preparo_preparo_receita', 'tempo_preparo_receita', 'rendimento_receita', 'descricao_receita'], 'pagina_atual': 1, 'por_pagina': 20, 'total_registros': 1, 'total_paginas': 1} [_log | meu_logger]
2025-06-27 10:59:12,954 - ERROR - [ReceitaBloco.criar_bloco] Erro ao criar bloco: 'nome_receita' [_log | meu_logger]
2025-06-27 10:59:12,954 - ERROR - [ReceitasPageController.adicionar_receitas_view] Erro ao adicionar receita: Column Control must be added to the page first [_log | meu_logger]
2025-06-27 10:59:12,954 - ERROR - [ReceitasPageController._handle_error] Erro atualizando view: 'NoneType' object has no attribute 'value' [_log | meu_logger]
2025-06-27 10:59:12,955 - DEBUG - [ReceitasPageView.create_view] Construindo a view completa de receitas [_log | meu_logger]
2025-06-27 11:00:08,430 - INFO - [ReceitasPage.__init__] Iniciando ReceitasPage... [_log | meu_logger]
2025-06-27 11:00:08,432 - INFO - [ReceitasModel.__init__] ReceitasModel inicializado [_log | meu_logger]
2025-06-27 11:00:08,432 - DEBUG - [RodapePaginacao.set_callback] Callback definido: None [_log | meu_logger]
2025-06-27 11:00:08,433 - INFO - [RodapePaginacao.__init__] RodapePaginacao inicializado [_log | meu_logger]
2025-06-27 11:00:08,433 - DEBUG - [ReceitasPageView._initialize_components] Componentes básicos da view inicializados [_log | meu_logger]
2025-06-27 11:00:08,434 - DEBUG - [ReceitasPageView._setup_ui_elements] Elementos de busca configurados [_log | meu_logger]
2025-06-27 11:00:08,434 - INFO - [ReceitasPageView.__init__] ReceitasPageView inicializada [_log | meu_logger]
2025-06-27 11:00:08,435 - INFO - [ReceitaBloco.__init__] Componente ReceitaBloco inicializado [_log | meu_logger]
2025-06-27 11:00:08,435 - INFO - [ReceitasPageController.__init__] Inicializando ReceitasPageController [_log | meu_logger]
2025-06-27 11:00:08,435 - DEBUG - [ReceitasPageController._setup_callbacks] Configurando callbacks da view [_log | meu_logger]
2025-06-27 11:00:08,435 - DEBUG - [ReceitasPageView.set_on_buscar] Callback de busca configurado [_log | meu_logger]
2025-06-27 11:00:08,436 - DEBUG - [ReceitasPageView.definir_acoes_botoes_navBar] Callbacks definidos para navbar [_log | meu_logger]
2025-06-27 11:00:08,436 - DEBUG - [RodapePaginacao.set_callback] Callback definido: <bound method ReceitasPageController._handle_paginacao_receitas of <controller.receitas.controller_receitas_page.ReceitasPageController object at 0x00000208FC46C200>> [_log | meu_logger]
2025-06-27 11:00:08,436 - DEBUG - [ReceitasPageView.definir_acoes_botoes_rodape] Callback definido para rodapé [_log | meu_logger]
2025-06-27 11:00:08,437 - INFO - [ReceitasPageController._initialize_handlers] Handlers inicializados com sucesso [_log | meu_logger]
2025-06-27 11:00:08,437 - INFO - [ReceitasPage.__init__] ReceitasPageController criado com sucesso. [_log | meu_logger]
2025-06-27 11:00:08,437 - DEBUG - [ReceitasPageController.exibir_view_receitas] Exibindo view inicial de receitas [_log | meu_logger]
2025-06-27 11:00:08,479 - DEBUG - [ReceitasPageController.carregar_dados_receitas] {
    "dados": [
        {
            "id": 1,
            "nome_receita": "Nome_Receita_1_Teste",
            "nome_produto": "Ggggggggg",
            "quantidade": 1.00,
            "preco_total": 0.00,
            "observacoes": "...",
            "modo_preparo_preparo_receita": "ModoPreparo_Receita_1_Teste",
            "tempo_preparo_receita": null,
            "rendimento_receita": 0.00,
            "descricao_receita": "Descricao_Receita_1_Teste"
        }
    ],
    "colunas": [
        "id",
        "nome_receita",
        "nome_produto",
        "quantidade",
        "preco_total",
        "observacoes",
        "modo_preparo_preparo_receita",
        "tempo_preparo_receita",
        "rendimento_receita",
        "descricao_receita"
    ],
    "pagina_atual": 1,
    "por_pagina": 20,
    "total_registros": 1,
    "total_paginas": 1
} [_log | meu_logger]
2025-06-27 11:00:08,479 - DEBUG - [ReceitasPageController.adicionar_receitas_view] Adicionando receita:{'dados': [{'id': 1, 'nome_receita': 'Nome_Receita_1_Teste', 'nome_produto': 'Ggggggggg', 'quantidade': Decimal('1.00'), 'preco_total': Decimal('0.00'), 'observacoes': '...', 'modo_preparo_preparo_receita': 'ModoPreparo_Receita_1_Teste', 'tempo_preparo_receita': None, 'rendimento_receita': Decimal('0.00'), 'descricao_receita': 'Descricao_Receita_1_Teste'}], 'colunas': ['id', 'nome_receita', 'nome_produto', 'quantidade', 'preco_total', 'observacoes', 'modo_preparo_preparo_receita', 'tempo_preparo_receita', 'rendimento_receita', 'descricao_receita'], 'pagina_atual': 1, 'por_pagina': 20, 'total_registros': 1, 'total_paginas': 1} [_log | meu_logger]
2025-06-27 11:00:08,480 - ERROR - [ReceitaBloco.criar_bloco] Erro ao criar bloco: 'nome_receita' [_log | meu_logger]
2025-06-27 11:00:08,480 - ERROR - [ReceitasPageController.adicionar_receitas_view] Erro ao adicionar receita: Column Control must be added to the page first [_log | meu_logger]
2025-06-27 11:00:08,481 - ERROR - [ReceitasPageController._handle_error] Erro atualizando view: 'NoneType' object has no attribute 'value' [_log | meu_logger]
2025-06-27 11:00:08,482 - DEBUG - [ReceitasPageView.create_view] Construindo a view completa de receitas [_log | meu_logger]
2025-06-27 11:03:26,868 - INFO - [ReceitasPage.__init__] Iniciando ReceitasPage... [_log | meu_logger]
2025-06-27 11:03:26,870 - INFO - [ReceitasModel.__init__] ReceitasModel inicializado [_log | meu_logger]
2025-06-27 11:03:26,871 - DEBUG - [RodapePaginacao.set_callback] Callback definido: None [_log | meu_logger]
2025-06-27 11:03:26,871 - INFO - [RodapePaginacao.__init__] RodapePaginacao inicializado [_log | meu_logger]
2025-06-27 11:03:26,873 - DEBUG - [ReceitasPageView._initialize_components] Componentes básicos da view inicializados [_log | meu_logger]
2025-06-27 11:03:26,874 - DEBUG - [ReceitasPageView._setup_ui_elements] Elementos de busca configurados [_log | meu_logger]
2025-06-27 11:03:26,874 - INFO - [ReceitasPageView.__init__] ReceitasPageView inicializada [_log | meu_logger]
2025-06-27 11:05:40,450 - INFO - [ReceitasPage.__init__] Iniciando ReceitasPage... [_log | meu_logger]
2025-06-27 11:05:40,452 - INFO - [ReceitasModel.__init__] ReceitasModel inicializado [_log | meu_logger]
2025-06-27 11:05:40,452 - DEBUG - [RodapePaginacao.set_callback] Callback definido: None [_log | meu_logger]
2025-06-27 11:05:40,453 - INFO - [RodapePaginacao.__init__] RodapePaginacao inicializado [_log | meu_logger]
2025-06-27 11:05:40,453 - DEBUG - [ReceitasPageView._initialize_components] Componentes básicos da view inicializados [_log | meu_logger]
2025-06-27 11:05:40,454 - DEBUG - [ReceitasPageView._setup_ui_elements] Elementos de busca configurados [_log | meu_logger]
2025-06-27 11:05:40,454 - INFO - [ReceitasPageView.__init__] ReceitasPageView inicializada [_log | meu_logger]
2025-06-27 11:05:40,455 - INFO - [ReceitaBloco.__init__] Componente ReceitaBloco inicializado [_log | meu_logger]
2025-06-27 11:05:40,455 - INFO - [ReceitasPageController.__init__] Inicializando ReceitasPageController [_log | meu_logger]
2025-06-27 11:05:40,455 - DEBUG - [ReceitasPageController._setup_callbacks] Configurando callbacks da view [_log | meu_logger]
2025-06-27 11:05:40,468 - DEBUG - [ReceitasPageView.set_on_buscar] Callback de busca configurado [_log | meu_logger]
2025-06-27 11:05:40,468 - DEBUG - [ReceitasPageView.definir_acoes_botoes_navBar] Callbacks definidos para navbar [_log | meu_logger]
2025-06-27 11:05:40,468 - DEBUG - [RodapePaginacao.set_callback] Callback definido: <bound method ReceitasPageController._handle_paginacao_receitas of <controller.receitas.controller_receitas_page.ReceitasPageController object at 0x000002429C4BE570>> [_log | meu_logger]
2025-06-27 11:05:40,469 - DEBUG - [ReceitasPageView.definir_acoes_botoes_rodape] Callback definido para rodapé [_log | meu_logger]
2025-06-27 11:05:40,469 - INFO - [ReceitasPageController._initialize_handlers] Handlers inicializados com sucesso [_log | meu_logger]
2025-06-27 11:05:40,469 - INFO - [ReceitasPage.__init__] ReceitasPageController criado com sucesso. [_log | meu_logger]
2025-06-27 11:05:40,469 - DEBUG - [ReceitasPageController.exibir_view_receitas] Exibindo view inicial de receitas [_log | meu_logger]
2025-06-27 11:05:40,983 - DEBUG - [ReceitasPageController.carregar_dados_receitas] {
    "dados": [
        {
            "id": 1,
            "nome_receita": "Nome_Receita_1_Teste",
            "nome_produto": "Ggggggggg",
            "quantidade": 1.00,
            "preco_total": 0.00,
            "observacoes": "...",
            "modo_preparo_preparo_receita": "ModoPreparo_Receita_1_Teste",
            "tempo_preparo_receita": null,
            "rendimento_receita": 0.00,
            "descricao_receita": "Descricao_Receita_1_Teste"
        }
    ],
    "colunas": [
        "id",
        "nome_receita",
        "nome_produto",
        "quantidade",
        "preco_total",
        "observacoes",
        "modo_preparo_preparo_receita",
        "tempo_preparo_receita",
        "rendimento_receita",
        "descricao_receita"
    ],
    "pagina_atual": 1,
    "por_pagina": 20,
    "total_registros": 1,
    "total_paginas": 1
} [_log | meu_logger]
2025-06-27 11:05:40,984 - DEBUG - [ReceitasPageController.adicionar_receitas_view] Adicionando receita:{'dados': [{'id': 1, 'nome_receita': 'Nome_Receita_1_Teste', 'nome_produto': 'Ggggggggg', 'quantidade': Decimal('1.00'), 'preco_total': Decimal('0.00'), 'observacoes': '...', 'modo_preparo_preparo_receita': 'ModoPreparo_Receita_1_Teste', 'tempo_preparo_receita': None, 'rendimento_receita': Decimal('0.00'), 'descricao_receita': 'Descricao_Receita_1_Teste'}], 'colunas': ['id', 'nome_receita', 'nome_produto', 'quantidade', 'preco_total', 'observacoes', 'modo_preparo_preparo_receita', 'tempo_preparo_receita', 'rendimento_receita', 'descricao_receita'], 'pagina_atual': 1, 'por_pagina': 20, 'total_registros': 1, 'total_paginas': 1} [_log | meu_logger]
2025-06-27 11:05:40,984 - ERROR - [ReceitaBloco.criar_bloco] Erro ao criar bloco: 'nome_receita' [_log | meu_logger]
2025-06-27 11:05:40,985 - ERROR - [ReceitasPageController.adicionar_receitas_view] Erro ao adicionar receita: Column Control must be added to the page first [_log | meu_logger]
2025-06-27 11:05:40,985 - ERROR - [ReceitasPageController._handle_error] Erro atualizando view: 'NoneType' object has no attribute 'value' [_log | meu_logger]
2025-06-27 11:05:40,986 - DEBUG - [ReceitasPageView.create_view] Construindo a view completa de receitas [_log | meu_logger]
2025-06-27 11:25:16,740 - INFO - [ReceitasPage.__init__] Iniciando ReceitasPage... [_log | meu_logger]
2025-06-27 11:25:16,764 - INFO - [ReceitasModel.__init__] ReceitasModel inicializado [_log | meu_logger]
2025-06-27 11:25:16,765 - DEBUG - [RodapePaginacao.set_callback] Callback definido: None [_log | meu_logger]
2025-06-27 11:25:16,767 - INFO - [RodapePaginacao.__init__] RodapePaginacao inicializado [_log | meu_logger]
2025-06-27 11:25:16,768 - DEBUG - [ReceitasPageView._initialize_components] Componentes básicos da view inicializados [_log | meu_logger]
2025-06-27 11:25:16,770 - DEBUG - [ReceitasPageView._setup_ui_elements] Elementos de busca configurados [_log | meu_logger]
2025-06-27 11:25:16,771 - INFO - [ReceitasPageView.__init__] ReceitasPageView inicializada [_log | meu_logger]
2025-06-27 11:26:01,227 - INFO - [ReceitasPage.__init__] Iniciando ReceitasPage... [_log | meu_logger]
2025-06-27 11:26:01,229 - INFO - [ReceitasModel.__init__] ReceitasModel inicializado [_log | meu_logger]
2025-06-27 11:26:01,230 - DEBUG - [RodapePaginacao.set_callback] Callback definido: None [_log | meu_logger]
2025-06-27 11:26:01,230 - INFO - [RodapePaginacao.__init__] RodapePaginacao inicializado [_log | meu_logger]
2025-06-27 11:26:01,230 - DEBUG - [ReceitasPageView._initialize_components] Componentes básicos da view inicializados [_log | meu_logger]
2025-06-27 11:26:01,231 - DEBUG - [ReceitasPageView._setup_ui_elements] Elementos de busca configurados [_log | meu_logger]
2025-06-27 11:26:01,231 - INFO - [ReceitasPageView.__init__] ReceitasPageView inicializada [_log | meu_logger]
2025-06-27 11:26:01,232 - INFO - [ReceitaBloco.__init__] Componente ReceitaBloco inicializado [_log | meu_logger]
2025-06-27 11:26:01,232 - INFO - [ReceitasPageController.__init__] Inicializando ReceitasPageController [_log | meu_logger]
2025-06-27 11:26:01,233 - DEBUG - [ReceitasPageController._setup_callbacks] Configurando callbacks da view [_log | meu_logger]
2025-06-27 11:26:01,233 - DEBUG - [ReceitasPageView.set_on_buscar] Callback de busca configurado [_log | meu_logger]
2025-06-27 11:26:01,233 - DEBUG - [ReceitasPageView.definir_acoes_botoes_navBar] Callbacks definidos para navbar [_log | meu_logger]
2025-06-27 11:26:01,233 - DEBUG - [RodapePaginacao.set_callback] Callback definido: <bound method ReceitasPageController._handle_paginacao_receitas of <controller.receitas.controller_receitas_page.ReceitasPageController object at 0x000001FA1168ACF0>> [_log | meu_logger]
2025-06-27 11:26:01,234 - DEBUG - [ReceitasPageView.definir_acoes_botoes_rodape] Callback definido para rodapé [_log | meu_logger]
2025-06-27 11:26:01,234 - INFO - [ReceitasPageController._initialize_handlers] Handlers inicializados com sucesso [_log | meu_logger]
2025-06-27 11:26:01,234 - INFO - [ReceitasPage.__init__] ReceitasPageController criado com sucesso. [_log | meu_logger]
2025-06-27 11:26:01,235 - DEBUG - [ReceitasPageController.exibir_view_receitas] Exibindo view inicial de receitas [_log | meu_logger]
2025-06-27 11:26:01,309 - DEBUG - [ReceitasPageController.carregar_dados_receitas] {
    "dados": [
        {
            "id": 1,
            "nome_receita": "Nome_Receita_1_Teste",
            "nome_produto": "Ggggggggg",
            "quantidade": 1.00,
            "preco_total": 0.00,
            "observacoes": "...",
            "modo_preparo_preparo_receita": "ModoPreparo_Receita_1_Teste",
            "tempo_preparo_receita": null,
            "rendimento_receita": 0.00,
            "descricao_receita": "Descricao_Receita_1_Teste"
        }
    ],
    "colunas": [
        "id",
        "nome_receita",
        "nome_produto",
        "quantidade",
        "preco_total",
        "observacoes",
        "modo_preparo_preparo_receita",
        "tempo_preparo_receita",
        "rendimento_receita",
        "descricao_receita"
    ],
    "pagina_atual": 1,
    "por_pagina": 20,
    "total_registros": 1,
    "total_paginas": 1
} [_log | meu_logger]
2025-06-27 11:26:01,310 - DEBUG - [ReceitasPageController.adicionar_receitas_view] Adicionando receitas: {'dados': [{'id': 1, 'nome_receita': 'Nome_Receita_1_Teste', 'nome_produto': 'Ggggggggg', 'quantidade': Decimal('1.00'), 'preco_total': Decimal('0.00'), 'observacoes': '...', 'modo_preparo_preparo_receita': 'ModoPreparo_Receita_1_Teste', 'tempo_preparo_receita': None, 'rendimento_receita': Decimal('0.00'), 'descricao_receita': 'Descricao_Receita_1_Teste'}], 'colunas': ['id', 'nome_receita', 'nome_produto', 'quantidade', 'preco_total', 'observacoes', 'modo_preparo_preparo_receita', 'tempo_preparo_receita', 'rendimento_receita', 'descricao_receita'], 'pagina_atual': 1, 'por_pagina': 20, 'total_registros': 1, 'total_paginas': 1} [_log | meu_logger]
2025-06-27 11:26:01,311 - DEBUG - [ReceitaBloco.criar_bloco] Criando bloco para receita: Nome_Receita_1_Teste [_log | meu_logger]
2025-06-27 11:26:01,312 - DEBUG - [ReceitaBloco._criar_chips_ingredientes] Ingredientes para chips: ['Ggggggggg'] [_log | meu_logger]
2025-06-27 11:26:01,312 - ERROR - [ReceitaBloco.criar_bloco] Erro ao criar bloco: Chip.__init__() got an unexpected keyword argument 'checkmark' [_log | meu_logger]
2025-06-27 11:26:01,312 - ERROR - [ReceitasPageController.adicionar_receitas_view] Erro ao adicionar receita: Column Control must be added to the page first [_log | meu_logger]
2025-06-27 11:26:01,313 - ERROR - [ReceitasPageController._handle_error] Erro atualizando view: 'NoneType' object has no attribute 'value' [_log | meu_logger]
2025-06-27 11:26:01,314 - DEBUG - [ReceitasPageView.create_view] Construindo a view completa de receitas [_log | meu_logger]
2025-06-27 11:29:12,003 - INFO - [ReceitasPage.__init__] Iniciando ReceitasPage... [_log | meu_logger]
2025-06-27 11:29:12,028 - INFO - [ReceitasModel.__init__] ReceitasModel inicializado [_log | meu_logger]
2025-06-27 11:29:12,028 - DEBUG - [RodapePaginacao.set_callback] Callback definido: None [_log | meu_logger]
2025-06-27 11:29:12,029 - INFO - [RodapePaginacao.__init__] RodapePaginacao inicializado [_log | meu_logger]
2025-06-27 11:29:12,029 - DEBUG - [ReceitasPageView._initialize_components] Componentes básicos da view inicializados [_log | meu_logger]
2025-06-27 11:29:12,030 - DEBUG - [ReceitasPageView._setup_ui_elements] Elementos de busca configurados [_log | meu_logger]
2025-06-27 11:29:12,030 - INFO - [ReceitasPageView.__init__] ReceitasPageView inicializada [_log | meu_logger]
2025-06-27 11:29:12,031 - INFO - [ReceitaBloco.__init__] Componente ReceitaBloco inicializado [_log | meu_logger]
2025-06-27 11:29:12,031 - INFO - [ReceitasPageController.__init__] Inicializando ReceitasPageController [_log | meu_logger]
2025-06-27 11:29:12,031 - DEBUG - [ReceitasPageController._setup_callbacks] Configurando callbacks da view [_log | meu_logger]
2025-06-27 11:29:12,031 - DEBUG - [ReceitasPageView.set_on_buscar] Callback de busca configurado [_log | meu_logger]
2025-06-27 11:29:12,032 - DEBUG - [ReceitasPageView.definir_acoes_botoes_navBar] Callbacks definidos para navbar [_log | meu_logger]
2025-06-27 11:29:12,032 - DEBUG - [RodapePaginacao.set_callback] Callback definido: <bound method ReceitasPageController._handle_paginacao_receitas of <controller.receitas.controller_receitas_page.ReceitasPageController object at 0x00000181709C4680>> [_log | meu_logger]
2025-06-27 11:29:12,032 - DEBUG - [ReceitasPageView.definir_acoes_botoes_rodape] Callback definido para rodapé [_log | meu_logger]
2025-06-27 11:29:12,032 - INFO - [ReceitasPageController._initialize_handlers] Handlers inicializados com sucesso [_log | meu_logger]
2025-06-27 11:29:12,032 - INFO - [ReceitasPage.__init__] ReceitasPageController criado com sucesso. [_log | meu_logger]
2025-06-27 11:29:12,033 - DEBUG - [ReceitasPageController.exibir_view_receitas] Exibindo view inicial de receitas [_log | meu_logger]
2025-06-27 11:29:12,057 - DEBUG - [ReceitasPageController.carregar_dados_receitas] {
    "dados": [
        {
            "id": 1,
            "nome_receita": "Nome_Receita_1_Teste",
            "nome_produto": "Ggggggggg",
            "quantidade": 1.00,
            "preco_total": 0.00,
            "observacoes": "...",
            "modo_preparo_preparo_receita": "ModoPreparo_Receita_1_Teste",
            "tempo_preparo_receita": null,
            "rendimento_receita": 0.00,
            "descricao_receita": "Descricao_Receita_1_Teste"
        }
    ],
    "colunas": [
        "id",
        "nome_receita",
        "nome_produto",
        "quantidade",
        "preco_total",
        "observacoes",
        "modo_preparo_preparo_receita",
        "tempo_preparo_receita",
        "rendimento_receita",
        "descricao_receita"
    ],
    "pagina_atual": 1,
    "por_pagina": 20,
    "total_registros": 1,
    "total_paginas": 1
} [_log | meu_logger]
2025-06-27 11:29:12,058 - DEBUG - [ReceitasPageController.adicionar_receitas_view] Adicionando receitas: {'dados': [{'id': 1, 'nome_receita': 'Nome_Receita_1_Teste', 'nome_produto': 'Ggggggggg', 'quantidade': Decimal('1.00'), 'preco_total': Decimal('0.00'), 'observacoes': '...', 'modo_preparo_preparo_receita': 'ModoPreparo_Receita_1_Teste', 'tempo_preparo_receita': None, 'rendimento_receita': Decimal('0.00'), 'descricao_receita': 'Descricao_Receita_1_Teste'}], 'colunas': ['id', 'nome_receita', 'nome_produto', 'quantidade', 'preco_total', 'observacoes', 'modo_preparo_preparo_receita', 'tempo_preparo_receita', 'rendimento_receita', 'descricao_receita'], 'pagina_atual': 1, 'por_pagina': 20, 'total_registros': 1, 'total_paginas': 1} [_log | meu_logger]
2025-06-27 11:29:12,059 - DEBUG - [ReceitaBloco.criar_bloco] Criando bloco para receita: Nome_Receita_1_Teste [_log | meu_logger]
2025-06-27 11:29:12,060 - DEBUG - [ReceitaBloco._criar_chips_ingredientes] Ingredientes para chips: ['Ggggggggg'] [_log | meu_logger]
2025-06-27 11:29:12,061 - ERROR - [ReceitasPageController.adicionar_receitas_view] Erro ao adicionar receita: Column Control must be added to the page first [_log | meu_logger]
2025-06-27 11:29:12,062 - ERROR - [ReceitasPageController._handle_error] Erro atualizando view: 'NoneType' object has no attribute 'value' [_log | meu_logger]
2025-06-27 11:29:12,063 - DEBUG - [ReceitasPageView.create_view] Construindo a view completa de receitas [_log | meu_logger]
2025-06-27 11:29:20,023 - INFO - [ReceitaBloco._handle_clique_bloco] Bloco de receita clicado [_log | meu_logger]
2025-06-27 11:29:42,439 - INFO - [ReceitaBloco._handle_clique_bloco] Bloco de receita clicado [_log | meu_logger]
2025-06-27 11:29:43,943 - INFO - [ReceitaBloco._handle_clique_bloco] Bloco de receita clicado [_log | meu_logger]
