2025-05-30 07:22:12,137 - INFO - [EstoquePage.__init__] Iniciando EstoquePage... [_log | meu_logger]
2025-05-30 07:22:12,146 - INFO - [EstoqueModel.__init__] EstoqueModel inicializado. [_log | meu_logger]
2025-05-30 07:22:12,147 - INFO - [RodapePaginacao.__init__] RodapePaginacao inicializado. [_log | meu_logger]
2025-05-30 07:22:12,147 - DEBUG - [RodapePaginacao.__init__] Total de páginas definido: None [_log | meu_logger]
2025-05-30 07:22:12,148 - INFO - [EstoquePageView.__init__] EstoquePageView inicializado. [_log | meu_logger]
2025-05-30 07:22:12,149 - INFO - [EstoquePageController.__init__] EstoquePageController inicializado. [_log | meu_logger]
2025-05-30 07:22:12,150 - INFO - [EstoquePage.__init__] EstoquePageController criado com sucesso. [_log | meu_logger]
2025-05-30 07:22:12,150 - DEBUG - [EstoquePage.start] Método start() chamado. Exibindo view do estoque. [_log | meu_logger]
2025-05-30 07:22:12,151 - DEBUG - [EstoquePageController.exibir_view_estoque] Exibindo view_estoque. [_log | meu_logger]
2025-05-30 07:22:12,151 - DEBUG - [EstoquePageController.carregar_dados_estoque] Buscando dados de produtos no model. [_log | meu_logger]
2025-05-30 07:22:12,151 - DEBUG - [EstoqueDataHandler.listar_produtos_paginados] Chamando listar_produtos() com: Página=1, Quantidade=20, OrdenarPor=None, Filtros=None [_log | meu_logger]
2025-05-30 07:22:12,804 - DEBUG - [EstoqueModel.get_colunas_produto] Buscando colunas da tabela 'produto'. [_log | meu_logger]
2025-05-30 07:22:12,879 - DEBUG - [EstoqueModel.get_colunas_produto] Colunas encontradas: ['id', 'nome', 'descricao', 'preco', 'quantidade', 'tipo'] [_log | meu_logger]
2025-05-30 07:22:12,879 - INFO - [EstoquePageView.alimentar_Dados] Atualizando dados da tabela... [_log | meu_logger]
2025-05-30 07:22:12,888 - DEBUG - [EstoquePageView.alimentar_Dados] Headers: ['id', 'nome', 'descricao', 'preco', 'quantidade', 'tipo'] [_log | meu_logger]
2025-05-30 07:22:12,888 - DEBUG - [EstoquePageView.alimentar_Dados] Total de linhas: 20 [_log | meu_logger]
2025-05-30 07:22:12,889 - INFO - [EstoquePageView.create_view_estoque] Construindo view de estoque... [_log | meu_logger]
2025-05-30 07:22:12,891 - DEBUG - [RodapePaginacao.build] Chamando build() do RodapePaginacao. [_log | meu_logger]
2025-05-30 07:22:12,891 - DEBUG - [RodapePaginacao.construir] Construindo controles do rodapé de paginação. [_log | meu_logger]
2025-05-30 07:22:12,891 - DEBUG - [RodapePaginacao.construir] Texto da página: Página 1 de 2 [_log | meu_logger]
2025-05-30 07:22:12,912 - INFO - [EstoquePage.start] View de estoque adicionada à página. [_log | meu_logger]
2025-05-30 07:22:12,913 - DEBUG - [EstoqueDataHandler.listar_produtos_paginados] Chamando listar_produtos() com: Página=1, Quantidade=20, OrdenarPor=None, Filtros=None [_log | meu_logger]
2025-05-30 07:22:12,913 - DEBUG - [EstoqueDataHandler.listar_produtos_paginados] Usando resultado em cache da paginação. [_log | meu_logger]
2025-05-30 07:22:12,914 - DEBUG - [EstoquePage._log_initial_data] Dados iniciais carregados: [{'id': 4, 'nome': 'Pod 77', 'descricao': 'texto', 'preco': Decimal('778.00'), 'quantidade': 4, 'tipo': 'unidade'}]... [_log | meu_logger]
2025-05-30 07:22:16,822 - INFO - [DialogAdicionarProduto.__init__] Inicializando o DialogAdicionarProduto [_log | meu_logger]
2025-05-30 07:22:16,823 - INFO - [DialogAdicionarProduto.__init__] Diálogo inicializado com sucesso. [_log | meu_logger]
2025-05-30 07:22:16,824 - INFO - [DialogAdicionarProduto.mostrar] Exibindo o diálogo para adicionar produto. [_log | meu_logger]
2025-05-30 07:22:16,824 - INFO - [DialogAdicionarProduto.mostrar] Entrou no if de não há dialogue [_log | meu_logger]
2025-05-30 07:22:16,825 - DEBUG - [DialogAdicionarProduto.mostrar] Dialogue : alertdialog {'open': False, 'modal': True} [_log | meu_logger]
2025-05-30 07:22:25,581 - DEBUG - [EstoquePageController.<lambda>] Operação cancelada pelo usuário [_log | meu_logger]
2025-05-30 07:22:27,046 - INFO - [DialogAdicionarProduto.__init__] Inicializando o DialogAdicionarProduto [_log | meu_logger]
2025-05-30 07:22:27,048 - INFO - [DialogAdicionarProduto.__init__] Diálogo inicializado com sucesso. [_log | meu_logger]
2025-05-30 07:22:27,048 - INFO - [DialogAdicionarProduto.mostrar] Exibindo o diálogo para adicionar produto. [_log | meu_logger]
2025-05-30 07:22:27,048 - INFO - [DialogAdicionarProduto.mostrar] Entrou no if de não há dialogue [_log | meu_logger]
2025-05-30 07:22:27,049 - DEBUG - [DialogAdicionarProduto.mostrar] Dialogue : alertdialog {'open': False, 'modal': True} [_log | meu_logger]
2025-05-30 07:38:40,299 - DEBUG - [EstoquePageController.<lambda>] Operação cancelada pelo usuário [_log | meu_logger]
2025-05-30 08:08:49,165 - INFO - [EstoquePage.__init__] Iniciando EstoquePage... [_log | meu_logger]
2025-05-30 08:08:49,171 - INFO - [EstoqueModel.__init__] EstoqueModel inicializado. [_log | meu_logger]
2025-05-30 08:08:49,173 - INFO - [RodapePaginacao.__init__] RodapePaginacao inicializado. [_log | meu_logger]
2025-05-30 08:08:49,173 - DEBUG - [RodapePaginacao.__init__] Total de páginas definido: None [_log | meu_logger]
2025-05-30 08:08:49,174 - INFO - [EstoquePageView.__init__] EstoquePageView inicializado. [_log | meu_logger]
2025-05-30 08:08:49,181 - INFO - [EstoquePageController.__init__] EstoquePageController inicializado. [_log | meu_logger]
2025-05-30 08:08:49,182 - INFO - [EstoquePage.__init__] EstoquePageController criado com sucesso. [_log | meu_logger]
2025-05-30 08:08:49,182 - DEBUG - [EstoquePage.start] Método start() chamado. Exibindo view do estoque. [_log | meu_logger]
2025-05-30 08:08:49,183 - DEBUG - [EstoquePageController.exibir_view_estoque] Exibindo view_estoque. [_log | meu_logger]
2025-05-30 08:08:49,183 - DEBUG - [EstoquePageController.carregar_dados_estoque] Buscando dados de produtos no model. [_log | meu_logger]
2025-05-30 08:08:49,183 - DEBUG - [EstoqueDataHandler.listar_produtos_paginados] Chamando listar_produtos() com: Página=1, Quantidade=20, OrdenarPor=None, Filtros=None [_log | meu_logger]
2025-05-30 08:08:49,350 - DEBUG - [EstoqueModel.get_colunas_produto] Buscando colunas da tabela 'produto'. [_log | meu_logger]
2025-05-30 08:08:49,402 - DEBUG - [EstoqueModel.get_colunas_produto] Colunas encontradas: ['id', 'nome', 'descricao', 'preco', 'quantidade', 'tipo'] [_log | meu_logger]
2025-05-30 08:08:49,403 - INFO - [EstoquePageView.alimentar_Dados] Atualizando dados da tabela... [_log | meu_logger]
2025-05-30 08:08:49,411 - DEBUG - [EstoquePageView.alimentar_Dados] Headers: ['id', 'nome', 'descricao', 'preco', 'quantidade', 'tipo'] [_log | meu_logger]
2025-05-30 08:08:49,411 - DEBUG - [EstoquePageView.alimentar_Dados] Total de linhas: 20 [_log | meu_logger]
2025-05-30 08:08:49,413 - INFO - [EstoquePageView.create_view_estoque] Construindo view de estoque... [_log | meu_logger]
2025-05-30 08:08:49,415 - DEBUG - [RodapePaginacao.build] Chamando build() do RodapePaginacao. [_log | meu_logger]
2025-05-30 08:08:49,415 - DEBUG - [RodapePaginacao.construir] Construindo controles do rodapé de paginação. [_log | meu_logger]
2025-05-30 08:08:49,416 - DEBUG - [RodapePaginacao.construir] Texto da página: Página 1 de 2 [_log | meu_logger]
2025-05-30 08:08:49,435 - INFO - [EstoquePage.start] View de estoque adicionada à página. [_log | meu_logger]
2025-05-30 08:08:49,436 - DEBUG - [EstoqueDataHandler.listar_produtos_paginados] Chamando listar_produtos() com: Página=1, Quantidade=20, OrdenarPor=None, Filtros=None [_log | meu_logger]
2025-05-30 08:08:49,437 - DEBUG - [EstoqueDataHandler.listar_produtos_paginados] Usando resultado em cache da paginação. [_log | meu_logger]
2025-05-30 08:08:49,437 - DEBUG - [EstoquePage._log_initial_data] Dados iniciais carregados: [{'id': 4, 'nome': 'Pod 77', 'descricao': 'texto', 'preco': Decimal('778.00'), 'quantidade': 4, 'tipo': 'unidade'}]... [_log | meu_logger]
2025-05-30 08:08:50,552 - INFO - [DialogAdicionarProduto.__init__] Inicializando o DialogAdicionarProduto [_log | meu_logger]
2025-05-30 08:08:50,553 - INFO - [DialogAdicionarProduto.__init__] Diálogo inicializado com sucesso. [_log | meu_logger]
2025-05-30 08:08:50,553 - INFO - [DialogAdicionarProduto.mostrar] Exibindo o diálogo para adicionar produto. [_log | meu_logger]
2025-05-30 08:08:54,495 - DEBUG - [EstoquePageController.<lambda>] Operação cancelada pelo usuário [_log | meu_logger]
2025-05-30 08:13:56,996 - INFO - [EstoquePage.__init__] Iniciando EstoquePage... [_log | meu_logger]
2025-05-30 08:13:57,019 - INFO - [EstoqueModel.__init__] EstoqueModel inicializado. [_log | meu_logger]
2025-05-30 08:13:57,022 - INFO - [RodapePaginacao.__init__] RodapePaginacao inicializado. [_log | meu_logger]
2025-05-30 08:13:57,026 - DEBUG - [RodapePaginacao.__init__] Total de páginas definido: None [_log | meu_logger]
2025-05-30 08:13:57,027 - INFO - [EstoquePageView.__init__] EstoquePageView inicializado. [_log | meu_logger]
2025-05-30 08:13:57,030 - INFO - [EstoquePageController.__init__] EstoquePageController inicializado. [_log | meu_logger]
2025-05-30 08:13:57,032 - INFO - [EstoquePage.__init__] EstoquePageController criado com sucesso. [_log | meu_logger]
2025-05-30 08:13:57,038 - DEBUG - [EstoquePage.start] Método start() chamado. Exibindo view do estoque. [_log | meu_logger]
2025-05-30 08:13:57,045 - DEBUG - [EstoquePageController.exibir_view_estoque] Exibindo view_estoque. [_log | meu_logger]
2025-05-30 08:13:57,045 - DEBUG - [EstoquePageController.carregar_dados_estoque] Buscando dados de produtos no model. [_log | meu_logger]
2025-05-30 08:13:57,046 - DEBUG - [EstoqueDataHandler.listar_produtos_paginados] Chamando listar_produtos() com: Página=1, Quantidade=20, OrdenarPor=None, Filtros=None [_log | meu_logger]
2025-05-30 08:13:57,073 - DEBUG - [EstoqueModel.get_colunas_produto] Buscando colunas da tabela 'produto'. [_log | meu_logger]
2025-05-30 08:13:57,084 - DEBUG - [EstoqueModel.get_colunas_produto] Colunas encontradas: ['id', 'nome', 'descricao', 'preco', 'quantidade', 'tipo'] [_log | meu_logger]
2025-05-30 08:13:57,084 - INFO - [EstoquePageView.alimentar_Dados] Atualizando dados da tabela... [_log | meu_logger]
2025-05-30 08:13:57,093 - DEBUG - [EstoquePageView.alimentar_Dados] Headers: ['id', 'nome', 'descricao', 'preco', 'quantidade', 'tipo'] [_log | meu_logger]
2025-05-30 08:13:57,093 - DEBUG - [EstoquePageView.alimentar_Dados] Total de linhas: 20 [_log | meu_logger]
2025-05-30 08:13:57,094 - INFO - [EstoquePageView.create_view_estoque] Construindo view de estoque... [_log | meu_logger]
2025-05-30 08:13:57,095 - DEBUG - [RodapePaginacao.build] Chamando build() do RodapePaginacao. [_log | meu_logger]
2025-05-30 08:13:57,096 - DEBUG - [RodapePaginacao.construir] Construindo controles do rodapé de paginação. [_log | meu_logger]
2025-05-30 08:13:57,096 - DEBUG - [RodapePaginacao.construir] Texto da página: Página 1 de 2 [_log | meu_logger]
2025-05-30 08:13:57,128 - INFO - [EstoquePage.start] View de estoque adicionada à página. [_log | meu_logger]
2025-05-30 08:13:57,130 - DEBUG - [EstoqueDataHandler.listar_produtos_paginados] Chamando listar_produtos() com: Página=1, Quantidade=20, OrdenarPor=None, Filtros=None [_log | meu_logger]
2025-05-30 08:13:57,130 - DEBUG - [EstoqueDataHandler.listar_produtos_paginados] Usando resultado em cache da paginação. [_log | meu_logger]
2025-05-30 08:13:57,132 - DEBUG - [EstoquePage._log_initial_data] Dados iniciais carregados: [{'id': 4, 'nome': 'Pod 77', 'descricao': 'texto', 'preco': Decimal('778.00'), 'quantidade': 4, 'tipo': 'unidade'}]... [_log | meu_logger]
2025-05-30 08:14:01,732 - INFO - [DialogAdicionarProduto.__init__] Inicializando o DialogAdicionarProduto [_log | meu_logger]
2025-05-30 08:14:01,733 - INFO - [DialogAdicionarProduto.__init__] Diálogo inicializado com sucesso. [_log | meu_logger]
2025-05-30 08:14:01,734 - INFO - [DialogAdicionarProduto.mostrar] Exibindo o diálogo para adicionar produto. [_log | meu_logger]
2025-05-30 08:14:05,107 - DEBUG - [EstoquePageController.cancelar_callback] Operação cancelada pelo usuário [_log | meu_logger]
2025-05-30 08:14:07,293 - INFO - [DialogAdicionarProduto.__init__] Inicializando o DialogAdicionarProduto [_log | meu_logger]
2025-05-30 08:14:07,294 - INFO - [DialogAdicionarProduto.__init__] Diálogo inicializado com sucesso. [_log | meu_logger]
2025-05-30 08:14:07,294 - INFO - [DialogAdicionarProduto.mostrar] Exibindo o diálogo para adicionar produto. [_log | meu_logger]
2025-05-30 08:14:15,157 - ERROR - [EstoqueProductHandler.adicionar_produto] Erro ao salvar produto: 'EstoqueModel' object has no attribute 'adicionar' [_log | meu_logger]
2025-05-30 08:14:24,180 - DEBUG - [RodapePaginacao.proxima_pagina] Botão 'próximo' clicado. [_log | meu_logger]
2025-05-30 08:14:24,180 - INFO - [RodapePaginacao.proxima_pagina] Indo para a próxima página: 2 [_log | meu_logger]
2025-05-30 08:14:24,180 - DEBUG - [RodapePaginacao.atualizar] Atualizando componentes para a página 2. [_log | meu_logger]
2025-05-30 08:14:24,183 - DEBUG - [RodapePaginacao.atualizar] Chamando callback ao_mudar_pagina. [_log | meu_logger]
2025-05-30 08:14:24,184 - DEBUG - [EstoquePageController.carregar_dados_estoque] Buscando dados de produtos no model. [_log | meu_logger]
2025-05-30 08:14:24,184 - DEBUG - [EstoqueDataHandler.listar_produtos_paginados] Chamando listar_produtos() com: Página=2, Quantidade=20, OrdenarPor=None, Filtros=None [_log | meu_logger]
2025-05-30 08:14:24,195 - DEBUG - [EstoqueModel.get_colunas_produto] Buscando colunas da tabela 'produto'. [_log | meu_logger]
2025-05-30 08:14:24,198 - DEBUG - [EstoqueModel.get_colunas_produto] Colunas encontradas: ['id', 'nome', 'descricao', 'preco', 'quantidade', 'tipo'] [_log | meu_logger]
2025-05-30 08:14:24,199 - INFO - [EstoquePageView.alimentar_Dados] Atualizando dados da tabela... [_log | meu_logger]
2025-05-30 08:14:24,200 - DEBUG - [EstoquePageView.alimentar_Dados] Headers: ['id', 'nome', 'descricao', 'preco', 'quantidade', 'tipo'] [_log | meu_logger]
2025-05-30 08:14:24,200 - DEBUG - [EstoquePageView.alimentar_Dados] Total de linhas: 1 [_log | meu_logger]
2025-05-30 08:14:25,741 - DEBUG - [RodapePaginacao.pagina_anterior] Botão 'anterior' clicado. [_log | meu_logger]
2025-05-30 08:14:25,741 - INFO - [RodapePaginacao.pagina_anterior] Indo para a página anterior: 1 [_log | meu_logger]
2025-05-30 08:14:25,741 - DEBUG - [RodapePaginacao.atualizar] Atualizando componentes para a página 1. [_log | meu_logger]
2025-05-30 08:14:25,743 - DEBUG - [RodapePaginacao.atualizar] Chamando callback ao_mudar_pagina. [_log | meu_logger]
2025-05-30 08:14:25,743 - DEBUG - [EstoquePageController.carregar_dados_estoque] Buscando dados de produtos no model. [_log | meu_logger]
2025-05-30 08:14:25,743 - DEBUG - [EstoqueDataHandler.listar_produtos_paginados] Chamando listar_produtos() com: Página=1, Quantidade=20, OrdenarPor=None, Filtros=None [_log | meu_logger]
2025-05-30 08:14:25,744 - DEBUG - [EstoqueDataHandler.listar_produtos_paginados] Usando resultado em cache da paginação. [_log | meu_logger]
2025-05-30 08:14:25,744 - INFO - [EstoquePageView.alimentar_Dados] Atualizando dados da tabela... [_log | meu_logger]
2025-05-30 08:14:25,754 - DEBUG - [EstoquePageView.alimentar_Dados] Headers: ['id', 'nome', 'descricao', 'preco', 'quantidade', 'tipo'] [_log | meu_logger]
2025-05-30 08:14:25,754 - DEBUG - [EstoquePageView.alimentar_Dados] Total de linhas: 20 [_log | meu_logger]
2025-05-30 09:40:18,472 - INFO - [EstoquePage.__init__] Iniciando EstoquePage... [_log | meu_logger]
2025-05-30 09:40:18,476 - INFO - [EstoqueModel.__init__] EstoqueModel inicializado. [_log | meu_logger]
2025-05-30 09:40:18,481 - INFO - [RodapePaginacao.__init__] RodapePaginacao inicializado. [_log | meu_logger]
2025-05-30 09:40:18,481 - DEBUG - [RodapePaginacao.__init__] Total de páginas definido: None [_log | meu_logger]
2025-05-30 09:40:18,482 - INFO - [EstoquePageView.__init__] EstoquePageView inicializado. [_log | meu_logger]
2025-05-30 09:40:18,483 - INFO - [EstoquePageController.__init__] EstoquePageController inicializado. [_log | meu_logger]
2025-05-30 09:40:18,483 - INFO - [EstoquePage.__init__] EstoquePageController criado com sucesso. [_log | meu_logger]
2025-05-30 09:40:18,483 - DEBUG - [EstoquePage.start] Método start() chamado. Exibindo view do estoque. [_log | meu_logger]
2025-05-30 09:40:18,484 - DEBUG - [EstoquePageController.exibir_view_estoque] Exibindo view_estoque. [_log | meu_logger]
2025-05-30 09:40:18,484 - DEBUG - [EstoquePageController.carregar_dados_estoque] Buscando dados de produtos no model. [_log | meu_logger]
2025-05-30 09:40:18,484 - DEBUG - [EstoqueDataHandler.listar_produtos_paginados] Chamando listar_produtos() com: Página=1, Quantidade=20, OrdenarPor=None, Filtros=None [_log | meu_logger]
2025-05-30 09:40:18,704 - DEBUG - [EstoqueModel.get_colunas_produto] Buscando colunas da tabela 'produto'. [_log | meu_logger]
2025-05-30 09:40:18,766 - DEBUG - [EstoqueModel.get_colunas_produto] Colunas encontradas: ['id', 'nome', 'descricao', 'preco', 'quantidade', 'tipo'] [_log | meu_logger]
2025-05-30 09:40:18,766 - INFO - [EstoquePageView.alimentar_Dados] Atualizando dados da tabela... [_log | meu_logger]
2025-05-30 09:40:18,774 - DEBUG - [EstoquePageView.alimentar_Dados] Headers: ['id', 'nome', 'descricao', 'preco', 'quantidade', 'tipo'] [_log | meu_logger]
2025-05-30 09:40:18,774 - DEBUG - [EstoquePageView.alimentar_Dados] Total de linhas: 20 [_log | meu_logger]
2025-05-30 09:40:18,775 - INFO - [EstoquePageView.create_view_estoque] Construindo view de estoque... [_log | meu_logger]
2025-05-30 09:40:18,777 - DEBUG - [RodapePaginacao.build] Chamando build() do RodapePaginacao. [_log | meu_logger]
2025-05-30 09:40:18,777 - DEBUG - [RodapePaginacao.construir] Construindo controles do rodapé de paginação. [_log | meu_logger]
2025-05-30 09:40:18,778 - DEBUG - [RodapePaginacao.construir] Texto da página: Página 1 de 2 [_log | meu_logger]
2025-05-30 09:40:18,802 - INFO - [EstoquePage.start] View de estoque adicionada à página. [_log | meu_logger]
2025-05-30 09:40:18,803 - DEBUG - [EstoqueDataHandler.listar_produtos_paginados] Chamando listar_produtos() com: Página=1, Quantidade=20, OrdenarPor=None, Filtros=None [_log | meu_logger]
2025-05-30 09:40:18,803 - DEBUG - [EstoqueDataHandler.listar_produtos_paginados] Usando resultado em cache da paginação. [_log | meu_logger]
2025-05-30 09:40:18,804 - DEBUG - [EstoquePage._log_initial_data] Dados iniciais carregados: [{'id': 4, 'nome': 'Pod 77', 'descricao': 'texto', 'preco': Decimal('778.00'), 'quantidade': 4, 'tipo': 'unidade'}]... [_log | meu_logger]
2025-05-30 09:40:20,488 - INFO - [DialogAdicionarProduto.__init__] Inicializando o DialogAdicionarProduto [_log | meu_logger]
2025-05-30 09:42:14,675 - INFO - [EstoquePage.__init__] Iniciando EstoquePage... [_log | meu_logger]
2025-05-30 09:42:14,680 - INFO - [EstoqueModel.__init__] EstoqueModel inicializado. [_log | meu_logger]
2025-05-30 09:42:14,682 - INFO - [RodapePaginacao.__init__] RodapePaginacao inicializado. [_log | meu_logger]
2025-05-30 09:42:14,682 - DEBUG - [RodapePaginacao.__init__] Total de páginas definido: None [_log | meu_logger]
2025-05-30 09:42:14,684 - INFO - [EstoquePageView.__init__] EstoquePageView inicializado. [_log | meu_logger]
2025-05-30 09:42:14,686 - INFO - [EstoquePageController.__init__] EstoquePageController inicializado. [_log | meu_logger]
2025-05-30 09:42:14,687 - INFO - [EstoquePage.__init__] EstoquePageController criado com sucesso. [_log | meu_logger]
2025-05-30 09:42:14,687 - DEBUG - [EstoquePage.start] Método start() chamado. Exibindo view do estoque. [_log | meu_logger]
2025-05-30 09:42:14,688 - DEBUG - [EstoquePageController.exibir_view_estoque] Exibindo view_estoque. [_log | meu_logger]
2025-05-30 09:42:14,688 - DEBUG - [EstoquePageController.carregar_dados_estoque] Buscando dados de produtos no model. [_log | meu_logger]
2025-05-30 09:42:14,688 - DEBUG - [EstoqueDataHandler.listar_produtos_paginados] Chamando listar_produtos() com: Página=1, Quantidade=20, OrdenarPor=None, Filtros=None [_log | meu_logger]
2025-05-30 09:42:14,743 - DEBUG - [EstoqueModel.get_colunas_produto] Buscando colunas da tabela 'produto'. [_log | meu_logger]
2025-05-30 09:42:14,761 - DEBUG - [EstoqueModel.get_colunas_produto] Colunas encontradas: ['id', 'nome', 'descricao', 'preco', 'quantidade', 'tipo'] [_log | meu_logger]
2025-05-30 09:42:14,761 - INFO - [EstoquePageView.alimentar_Dados] Atualizando dados da tabela... [_log | meu_logger]
2025-05-30 09:42:14,770 - DEBUG - [EstoquePageView.alimentar_Dados] Headers: ['id', 'nome', 'descricao', 'preco', 'quantidade', 'tipo'] [_log | meu_logger]
2025-05-30 09:42:14,770 - DEBUG - [EstoquePageView.alimentar_Dados] Total de linhas: 20 [_log | meu_logger]
2025-05-30 09:42:14,771 - INFO - [EstoquePageView.create_view_estoque] Construindo view de estoque... [_log | meu_logger]
2025-05-30 09:42:14,774 - DEBUG - [RodapePaginacao.build] Chamando build() do RodapePaginacao. [_log | meu_logger]
2025-05-30 09:42:14,775 - DEBUG - [RodapePaginacao.construir] Construindo controles do rodapé de paginação. [_log | meu_logger]
2025-05-30 09:42:14,776 - DEBUG - [RodapePaginacao.construir] Texto da página: Página 1 de 2 [_log | meu_logger]
2025-05-30 09:42:14,810 - INFO - [EstoquePage.start] View de estoque adicionada à página. [_log | meu_logger]
2025-05-30 09:42:14,811 - DEBUG - [EstoqueDataHandler.listar_produtos_paginados] Chamando listar_produtos() com: Página=1, Quantidade=20, OrdenarPor=None, Filtros=None [_log | meu_logger]
2025-05-30 09:42:14,811 - DEBUG - [EstoqueDataHandler.listar_produtos_paginados] Usando resultado em cache da paginação. [_log | meu_logger]
2025-05-30 09:42:14,811 - DEBUG - [EstoquePage._log_initial_data] Dados iniciais carregados: [{'id': 4, 'nome': 'Pod 77', 'descricao': 'texto', 'preco': Decimal('778.00'), 'quantidade': 4, 'tipo': 'unidade'}]... [_log | meu_logger]
2025-05-30 09:42:16,246 - INFO - [DialogAdicionarProduto.__init__] Inicializando o DialogAdicionarProduto [_log | meu_logger]
2025-05-30 09:42:16,252 - INFO - [DialogAdicionarProduto.__init__] Diálogo inicializado com sucesso. [_log | meu_logger]
2025-05-30 09:42:16,253 - INFO - [DialogAdicionarProduto.mostrar] Exibindo o diálogo para adicionar/editar produto. [_log | meu_logger]
2025-05-30 09:42:22,910 - INFO - [DialogAdicionarProduto.__init__] Inicializando o DialogAdicionarProduto [_log | meu_logger]
2025-05-30 09:42:22,916 - INFO - [DialogAdicionarProduto.__init__] Diálogo inicializado com sucesso. [_log | meu_logger]
2025-05-30 09:42:22,917 - INFO - [DialogAdicionarProduto.mostrar] Exibindo o diálogo para adicionar/editar produto. [_log | meu_logger]
2025-05-30 09:45:17,374 - INFO - [EstoquePage.__init__] Iniciando EstoquePage... [_log | meu_logger]
2025-05-30 09:45:17,389 - INFO - [EstoqueModel.__init__] EstoqueModel inicializado. [_log | meu_logger]
2025-05-30 09:45:17,393 - INFO - [RodapePaginacao.__init__] RodapePaginacao inicializado. [_log | meu_logger]
2025-05-30 09:45:17,393 - DEBUG - [RodapePaginacao.__init__] Total de páginas definido: None [_log | meu_logger]
2025-05-30 09:45:17,396 - INFO - [EstoquePageView.__init__] EstoquePageView inicializado. [_log | meu_logger]
2025-05-30 09:45:17,397 - INFO - [EstoquePageController.__init__] EstoquePageController inicializado. [_log | meu_logger]
2025-05-30 09:45:17,399 - INFO - [EstoquePage.__init__] EstoquePageController criado com sucesso. [_log | meu_logger]
2025-05-30 09:45:17,404 - DEBUG - [EstoquePage.start] Método start() chamado. Exibindo view do estoque. [_log | meu_logger]
2025-05-30 09:45:17,405 - DEBUG - [EstoquePageController.exibir_view_estoque] Exibindo view_estoque. [_log | meu_logger]
2025-05-30 09:45:17,406 - DEBUG - [EstoquePageController.carregar_dados_estoque] Buscando dados de produtos no model. [_log | meu_logger]
2025-05-30 09:45:17,407 - DEBUG - [EstoqueDataHandler.listar_produtos_paginados] Chamando listar_produtos() com: Página=1, Quantidade=20, OrdenarPor=None, Filtros=None [_log | meu_logger]
2025-05-30 09:45:17,440 - DEBUG - [EstoqueModel.get_colunas_produto] Buscando colunas da tabela 'produto'. [_log | meu_logger]
2025-05-30 09:45:17,458 - DEBUG - [EstoqueModel.get_colunas_produto] Colunas encontradas: ['id', 'nome', 'descricao', 'preco', 'quantidade', 'tipo'] [_log | meu_logger]
2025-05-30 09:45:17,458 - INFO - [EstoquePageView.alimentar_Dados] Atualizando dados da tabela... [_log | meu_logger]
2025-05-30 09:45:17,467 - DEBUG - [EstoquePageView.alimentar_Dados] Headers: ['id', 'nome', 'descricao', 'preco', 'quantidade', 'tipo'] [_log | meu_logger]
2025-05-30 09:45:17,467 - DEBUG - [EstoquePageView.alimentar_Dados] Total de linhas: 20 [_log | meu_logger]
2025-05-30 09:45:17,468 - INFO - [EstoquePageView.create_view_estoque] Construindo view de estoque... [_log | meu_logger]
2025-05-30 09:45:17,476 - DEBUG - [RodapePaginacao.build] Chamando build() do RodapePaginacao. [_log | meu_logger]
2025-05-30 09:45:17,477 - DEBUG - [RodapePaginacao.construir] Construindo controles do rodapé de paginação. [_log | meu_logger]
2025-05-30 09:45:17,478 - DEBUG - [RodapePaginacao.construir] Texto da página: Página 1 de 2 [_log | meu_logger]
2025-05-30 09:45:17,508 - INFO - [EstoquePage.start] View de estoque adicionada à página. [_log | meu_logger]
2025-05-30 09:45:17,510 - DEBUG - [EstoqueDataHandler.listar_produtos_paginados] Chamando listar_produtos() com: Página=1, Quantidade=20, OrdenarPor=None, Filtros=None [_log | meu_logger]
2025-05-30 09:45:17,510 - DEBUG - [EstoqueDataHandler.listar_produtos_paginados] Usando resultado em cache da paginação. [_log | meu_logger]
2025-05-30 09:45:17,510 - DEBUG - [EstoquePage._log_initial_data] Dados iniciais carregados: [{'id': 4, 'nome': 'Pod 77', 'descricao': 'texto', 'preco': Decimal('778.00'), 'quantidade': 4, 'tipo': 'unidade'}]... [_log | meu_logger]
2025-05-30 09:45:18,773 - INFO - [DialogAdicionarProduto.__init__] Inicializando o DialogAdicionarProduto [_log | meu_logger]
2025-05-30 09:45:18,779 - INFO - [DialogAdicionarProduto.__init__] Diálogo inicializado com sucesso. [_log | meu_logger]
2025-05-30 09:45:18,780 - INFO - [DialogAdicionarProduto.mostrar] Exibindo o diálogo para adicionar/editar produto. [_log | meu_logger]
2025-05-30 09:52:22,708 - INFO - [EstoquePage.__init__] Iniciando EstoquePage... [_log | meu_logger]
2025-05-30 09:52:22,711 - INFO - [EstoqueModel.__init__] EstoqueModel inicializado. [_log | meu_logger]
2025-05-30 09:52:22,712 - INFO - [RodapePaginacao.__init__] RodapePaginacao inicializado. [_log | meu_logger]
2025-05-30 09:52:22,713 - DEBUG - [RodapePaginacao.__init__] Total de páginas definido: None [_log | meu_logger]
2025-05-30 09:52:22,713 - INFO - [EstoquePageView.__init__] EstoquePageView inicializado. [_log | meu_logger]
2025-05-30 09:52:22,715 - INFO - [EstoquePageController.__init__] EstoquePageController inicializado. [_log | meu_logger]
2025-05-30 09:52:22,715 - INFO - [EstoquePage.__init__] EstoquePageController criado com sucesso. [_log | meu_logger]
2025-05-30 09:52:22,716 - DEBUG - [EstoquePage.start] Método start() chamado. Exibindo view do estoque. [_log | meu_logger]
2025-05-30 09:52:22,716 - DEBUG - [EstoquePageController.exibir_view_estoque] Exibindo view_estoque. [_log | meu_logger]
2025-05-30 09:52:22,716 - DEBUG - [EstoquePageController.carregar_dados_estoque] Buscando dados de produtos no model. [_log | meu_logger]
2025-05-30 09:52:22,717 - DEBUG - [EstoqueDataHandler.listar_produtos_paginados] Chamando listar_produtos() com: Página=1, Quantidade=20, OrdenarPor=None, Filtros=None [_log | meu_logger]
2025-05-30 09:52:22,745 - DEBUG - [EstoqueModel.get_colunas_produto] Buscando colunas da tabela 'produto'. [_log | meu_logger]
2025-05-30 09:52:22,773 - DEBUG - [EstoqueModel.get_colunas_produto] Colunas encontradas: ['id', 'nome', 'descricao', 'preco', 'quantidade', 'tipo'] [_log | meu_logger]
2025-05-30 09:52:22,774 - INFO - [EstoquePageView.alimentar_Dados] Atualizando dados da tabela... [_log | meu_logger]
2025-05-30 09:52:22,788 - DEBUG - [EstoquePageView.alimentar_Dados] Headers: ['id', 'nome', 'descricao', 'preco', 'quantidade', 'tipo'] [_log | meu_logger]
2025-05-30 09:52:22,789 - DEBUG - [EstoquePageView.alimentar_Dados] Total de linhas: 20 [_log | meu_logger]
2025-05-30 09:52:22,789 - INFO - [EstoquePageView.create_view_estoque] Construindo view de estoque... [_log | meu_logger]
2025-05-30 09:52:22,791 - DEBUG - [RodapePaginacao.build] Chamando build() do RodapePaginacao. [_log | meu_logger]
2025-05-30 09:52:22,792 - DEBUG - [RodapePaginacao.construir] Construindo controles do rodapé de paginação. [_log | meu_logger]
2025-05-30 09:52:22,793 - DEBUG - [RodapePaginacao.construir] Texto da página: Página 1 de 2 [_log | meu_logger]
2025-05-30 09:52:22,818 - INFO - [EstoquePage.start] View de estoque adicionada à página. [_log | meu_logger]
2025-05-30 09:52:22,822 - DEBUG - [EstoqueDataHandler.listar_produtos_paginados] Chamando listar_produtos() com: Página=1, Quantidade=20, OrdenarPor=None, Filtros=None [_log | meu_logger]
2025-05-30 09:52:22,822 - DEBUG - [EstoqueDataHandler.listar_produtos_paginados] Usando resultado em cache da paginação. [_log | meu_logger]
2025-05-30 09:52:22,823 - DEBUG - [EstoquePage._log_initial_data] Dados iniciais carregados: [{'id': 4, 'nome': 'Pod 77', 'descricao': 'texto', 'preco': Decimal('778.00'), 'quantidade': 4, 'tipo': 'unidade'}]... [_log | meu_logger]
2025-05-30 09:52:24,320 - INFO - [DialogAdicionarProduto.__init__] Inicializando o DialogAdicionarProduto [_log | meu_logger]
2025-05-30 09:52:24,326 - INFO - [DialogAdicionarProduto.__init__] Diálogo inicializado com sucesso. [_log | meu_logger]
2025-05-30 09:52:24,326 - INFO - [DialogAdicionarProduto.mostrar] Exibindo o diálogo para adicionar/editar produto. [_log | meu_logger]
2025-05-30 09:53:13,919 - DEBUG - [EstoquePageController.cancelar_callback] Operação cancelada pelo usuário [_log | meu_logger]
2025-05-30 09:53:23,351 - INFO - [DialogAdicionarProduto.__init__] Inicializando o DialogAdicionarProduto [_log | meu_logger]
2025-05-30 09:53:23,359 - INFO - [DialogAdicionarProduto.__init__] Diálogo inicializado com sucesso. [_log | meu_logger]
2025-05-30 09:53:23,359 - INFO - [DialogAdicionarProduto.mostrar] Exibindo o diálogo para adicionar/editar produto. [_log | meu_logger]
2025-05-30 10:06:44,554 - INFO - [EstoquePage.__init__] Iniciando EstoquePage... [_log | meu_logger]
2025-05-30 10:06:44,565 - INFO - [EstoqueModel.__init__] EstoqueModel inicializado. [_log | meu_logger]
2025-05-30 10:06:44,569 - INFO - [RodapePaginacao.__init__] RodapePaginacao inicializado. [_log | meu_logger]
2025-05-30 10:06:44,576 - DEBUG - [RodapePaginacao.__init__] Total de páginas definido: None [_log | meu_logger]
2025-05-30 10:06:44,591 - INFO - [EstoquePageView.__init__] EstoquePageView inicializado. [_log | meu_logger]
2025-05-30 10:06:44,593 - INFO - [EstoquePageController.__init__] EstoquePageController inicializado. [_log | meu_logger]
2025-05-30 10:06:44,593 - INFO - [EstoquePage.__init__] EstoquePageController criado com sucesso. [_log | meu_logger]
2025-05-30 10:06:44,594 - DEBUG - [EstoquePage.start] Método start() chamado. Exibindo view do estoque. [_log | meu_logger]
2025-05-30 10:06:44,595 - DEBUG - [EstoquePageController.exibir_view_estoque] Exibindo view_estoque. [_log | meu_logger]
2025-05-30 10:06:44,595 - DEBUG - [EstoquePageController.carregar_dados_estoque] Buscando dados de produtos no model. [_log | meu_logger]
2025-05-30 10:06:44,595 - DEBUG - [EstoqueDataHandler.listar_produtos_paginados] Chamando listar_produtos() com: Página=1, Quantidade=20, OrdenarPor=None, Filtros=None [_log | meu_logger]
2025-05-30 10:06:44,646 - DEBUG - [EstoqueModel.get_colunas_produto] Buscando colunas da tabela 'produto'. [_log | meu_logger]
2025-05-30 10:06:44,679 - DEBUG - [EstoqueModel.get_colunas_produto] Colunas encontradas: ['id', 'nome', 'descricao', 'preco', 'quantidade', 'tipo'] [_log | meu_logger]
2025-05-30 10:06:44,680 - INFO - [EstoquePageView.alimentar_Dados] Atualizando dados da tabela... [_log | meu_logger]
2025-05-30 10:06:44,688 - DEBUG - [EstoquePageView.alimentar_Dados] Headers: ['id', 'nome', 'descricao', 'preco', 'quantidade', 'tipo'] [_log | meu_logger]
2025-05-30 10:06:44,689 - DEBUG - [EstoquePageView.alimentar_Dados] Total de linhas: 20 [_log | meu_logger]
2025-05-30 10:06:44,690 - INFO - [EstoquePageView.create_view_estoque] Construindo view de estoque... [_log | meu_logger]
2025-05-30 10:06:44,692 - DEBUG - [RodapePaginacao.build] Chamando build() do RodapePaginacao. [_log | meu_logger]
2025-05-30 10:06:44,693 - DEBUG - [RodapePaginacao.construir] Construindo controles do rodapé de paginação. [_log | meu_logger]
2025-05-30 10:06:44,693 - DEBUG - [RodapePaginacao.construir] Texto da página: Página 1 de 2 [_log | meu_logger]
2025-05-30 10:06:44,718 - INFO - [EstoquePage.start] View de estoque adicionada à página. [_log | meu_logger]
2025-05-30 10:06:44,719 - DEBUG - [EstoqueDataHandler.listar_produtos_paginados] Chamando listar_produtos() com: Página=1, Quantidade=20, OrdenarPor=None, Filtros=None [_log | meu_logger]
2025-05-30 10:06:44,719 - DEBUG - [EstoqueDataHandler.listar_produtos_paginados] Usando resultado em cache da paginação. [_log | meu_logger]
2025-05-30 10:06:44,719 - DEBUG - [EstoquePage._log_initial_data] Dados iniciais carregados: [{'id': 4, 'nome': 'Pod 77', 'descricao': 'texto', 'preco': Decimal('778.00'), 'quantidade': 4, 'tipo': 'unidade'}]... [_log | meu_logger]
2025-05-30 10:06:45,864 - INFO - [DialogAdicionarProduto.__init__] Inicializando o DialogAdicionarProduto [_log | meu_logger]
2025-05-30 10:06:45,874 - INFO - [DialogAdicionarProduto.__init__] Diálogo inicializado com sucesso. [_log | meu_logger]
2025-05-30 10:06:45,875 - INFO - [DialogAdicionarProduto.mostrar] Exibindo o diálogo para adicionar/editar produto. [_log | meu_logger]
2025-05-30 10:10:10,601 - INFO - [EstoquePage.__init__] Iniciando EstoquePage... [_log | meu_logger]
2025-05-30 10:10:10,610 - INFO - [EstoqueModel.__init__] EstoqueModel inicializado. [_log | meu_logger]
2025-05-30 10:10:10,611 - INFO - [RodapePaginacao.__init__] RodapePaginacao inicializado. [_log | meu_logger]
2025-05-30 10:10:10,616 - DEBUG - [RodapePaginacao.__init__] Total de páginas definido: None [_log | meu_logger]
2025-05-30 10:10:10,618 - INFO - [EstoquePageView.__init__] EstoquePageView inicializado. [_log | meu_logger]
2025-05-30 10:10:10,620 - INFO - [EstoquePageController.__init__] EstoquePageController inicializado. [_log | meu_logger]
2025-05-30 10:10:10,622 - INFO - [EstoquePage.__init__] EstoquePageController criado com sucesso. [_log | meu_logger]
2025-05-30 10:10:10,635 - DEBUG - [EstoquePage.start] Método start() chamado. Exibindo view do estoque. [_log | meu_logger]
2025-05-30 10:10:10,635 - DEBUG - [EstoquePageController.exibir_view_estoque] Exibindo view_estoque. [_log | meu_logger]
2025-05-30 10:10:10,636 - DEBUG - [EstoquePageController.carregar_dados_estoque] Buscando dados de produtos no model. [_log | meu_logger]
2025-05-30 10:10:10,639 - DEBUG - [EstoqueDataHandler.listar_produtos_paginados] Chamando listar_produtos() com: Página=1, Quantidade=20, OrdenarPor=None, Filtros=None [_log | meu_logger]
2025-05-30 10:10:10,677 - DEBUG - [EstoqueModel.get_colunas_produto] Buscando colunas da tabela 'produto'. [_log | meu_logger]
2025-05-30 10:10:10,691 - DEBUG - [EstoqueModel.get_colunas_produto] Colunas encontradas: ['id', 'nome', 'descricao', 'preco', 'quantidade', 'tipo'] [_log | meu_logger]
2025-05-30 10:10:10,691 - INFO - [EstoquePageView.alimentar_Dados] Atualizando dados da tabela... [_log | meu_logger]
2025-05-30 10:10:10,706 - DEBUG - [EstoquePageView.alimentar_Dados] Headers: ['id', 'nome', 'descricao', 'preco', 'quantidade', 'tipo'] [_log | meu_logger]
2025-05-30 10:10:10,707 - DEBUG - [EstoquePageView.alimentar_Dados] Total de linhas: 20 [_log | meu_logger]
2025-05-30 10:10:10,709 - INFO - [EstoquePageView.create_view_estoque] Construindo view de estoque... [_log | meu_logger]
2025-05-30 10:10:10,713 - DEBUG - [RodapePaginacao.build] Chamando build() do RodapePaginacao. [_log | meu_logger]
2025-05-30 10:10:10,713 - DEBUG - [RodapePaginacao.construir] Construindo controles do rodapé de paginação. [_log | meu_logger]
2025-05-30 10:10:10,714 - DEBUG - [RodapePaginacao.construir] Texto da página: Página 1 de 2 [_log | meu_logger]
2025-05-30 10:10:10,741 - INFO - [EstoquePage.start] View de estoque adicionada à página. [_log | meu_logger]
2025-05-30 10:10:10,742 - DEBUG - [EstoqueDataHandler.listar_produtos_paginados] Chamando listar_produtos() com: Página=1, Quantidade=20, OrdenarPor=None, Filtros=None [_log | meu_logger]
2025-05-30 10:10:10,742 - DEBUG - [EstoqueDataHandler.listar_produtos_paginados] Usando resultado em cache da paginação. [_log | meu_logger]
2025-05-30 10:10:10,742 - DEBUG - [EstoquePage._log_initial_data] Dados iniciais carregados: [{'id': 4, 'nome': 'Pod 77', 'descricao': 'texto', 'preco': Decimal('778.00'), 'quantidade': 4, 'tipo': 'unidade'}]... [_log | meu_logger]
2025-05-30 10:10:12,348 - INFO - [DialogAdicionarProduto.__init__] Inicializando o DialogAdicionarProduto [_log | meu_logger]
2025-05-30 10:10:12,355 - INFO - [DialogAdicionarProduto.__init__] Diálogo inicializado com sucesso. [_log | meu_logger]
2025-05-30 10:10:12,355 - INFO - [DialogAdicionarProduto.mostrar] Exibindo o diálogo para adicionar/editar produto. [_log | meu_logger]
2025-05-30 10:13:47,821 - INFO - [EstoquePage.__init__] Iniciando EstoquePage... [_log | meu_logger]
2025-05-30 10:13:47,832 - INFO - [EstoqueModel.__init__] EstoqueModel inicializado. [_log | meu_logger]
2025-05-30 10:13:47,836 - INFO - [RodapePaginacao.__init__] RodapePaginacao inicializado. [_log | meu_logger]
2025-05-30 10:13:47,837 - DEBUG - [RodapePaginacao.__init__] Total de páginas definido: None [_log | meu_logger]
2025-05-30 10:13:47,843 - INFO - [EstoquePageView.__init__] EstoquePageView inicializado. [_log | meu_logger]
2025-05-30 10:13:47,846 - INFO - [EstoquePageController.__init__] EstoquePageController inicializado. [_log | meu_logger]
2025-05-30 10:13:47,846 - INFO - [EstoquePage.__init__] EstoquePageController criado com sucesso. [_log | meu_logger]
2025-05-30 10:13:47,855 - DEBUG - [EstoquePage.start] Método start() chamado. Exibindo view do estoque. [_log | meu_logger]
2025-05-30 10:13:47,857 - DEBUG - [EstoquePageController.exibir_view_estoque] Exibindo view_estoque. [_log | meu_logger]
2025-05-30 10:13:47,857 - DEBUG - [EstoquePageController.carregar_dados_estoque] Buscando dados de produtos no model. [_log | meu_logger]
2025-05-30 10:13:47,858 - DEBUG - [EstoqueDataHandler.listar_produtos_paginados] Chamando listar_produtos() com: Página=1, Quantidade=20, OrdenarPor=None, Filtros=None [_log | meu_logger]
2025-05-30 10:13:47,898 - DEBUG - [EstoqueModel.get_colunas_produto] Buscando colunas da tabela 'produto'. [_log | meu_logger]
2025-05-30 10:13:47,912 - DEBUG - [EstoqueModel.get_colunas_produto] Colunas encontradas: ['id', 'nome', 'descricao', 'preco', 'quantidade', 'tipo'] [_log | meu_logger]
2025-05-30 10:13:47,912 - INFO - [EstoquePageView.alimentar_Dados] Atualizando dados da tabela... [_log | meu_logger]
2025-05-30 10:13:47,922 - DEBUG - [EstoquePageView.alimentar_Dados] Headers: ['id', 'nome', 'descricao', 'preco', 'quantidade', 'tipo'] [_log | meu_logger]
2025-05-30 10:13:47,923 - DEBUG - [EstoquePageView.alimentar_Dados] Total de linhas: 20 [_log | meu_logger]
2025-05-30 10:13:47,925 - INFO - [EstoquePageView.create_view_estoque] Construindo view de estoque... [_log | meu_logger]
2025-05-30 10:13:47,928 - DEBUG - [RodapePaginacao.build] Chamando build() do RodapePaginacao. [_log | meu_logger]
2025-05-30 10:13:47,929 - DEBUG - [RodapePaginacao.construir] Construindo controles do rodapé de paginação. [_log | meu_logger]
2025-05-30 10:13:47,930 - DEBUG - [RodapePaginacao.construir] Texto da página: Página 1 de 2 [_log | meu_logger]
2025-05-30 10:13:47,959 - INFO - [EstoquePage.start] View de estoque adicionada à página. [_log | meu_logger]
2025-05-30 10:13:47,959 - DEBUG - [EstoqueDataHandler.listar_produtos_paginados] Chamando listar_produtos() com: Página=1, Quantidade=20, OrdenarPor=None, Filtros=None [_log | meu_logger]
2025-05-30 10:13:47,960 - DEBUG - [EstoqueDataHandler.listar_produtos_paginados] Usando resultado em cache da paginação. [_log | meu_logger]
2025-05-30 10:13:47,960 - DEBUG - [EstoquePage._log_initial_data] Dados iniciais carregados: [{'id': 4, 'nome': 'Pod 77', 'descricao': 'texto', 'preco': Decimal('778.00'), 'quantidade': 4, 'tipo': 'unidade'}]... [_log | meu_logger]
2025-05-30 10:13:49,178 - INFO - [DialogAdicionarProduto.__init__] Inicializando o DialogAdicionarProduto [_log | meu_logger]
2025-05-30 10:13:49,187 - INFO - [DialogAdicionarProduto.__init__] Diálogo inicializado com sucesso. [_log | meu_logger]
2025-05-30 10:13:49,188 - INFO - [DialogAdicionarProduto.mostrar] Exibindo o diálogo para adicionar/editar produto. [_log | meu_logger]
2025-05-30 10:15:32,079 - INFO - [EstoquePage.__init__] Iniciando EstoquePage... [_log | meu_logger]
2025-05-30 10:15:32,085 - INFO - [EstoqueModel.__init__] EstoqueModel inicializado. [_log | meu_logger]
2025-05-30 10:15:32,087 - INFO - [RodapePaginacao.__init__] RodapePaginacao inicializado. [_log | meu_logger]
2025-05-30 10:15:32,090 - DEBUG - [RodapePaginacao.__init__] Total de páginas definido: None [_log | meu_logger]
2025-05-30 10:15:32,096 - INFO - [EstoquePageView.__init__] EstoquePageView inicializado. [_log | meu_logger]
2025-05-30 10:15:32,098 - INFO - [EstoquePageController.__init__] EstoquePageController inicializado. [_log | meu_logger]
2025-05-30 10:15:32,109 - INFO - [EstoquePage.__init__] EstoquePageController criado com sucesso. [_log | meu_logger]
2025-05-30 10:15:32,110 - DEBUG - [EstoquePage.start] Método start() chamado. Exibindo view do estoque. [_log | meu_logger]
2025-05-30 10:15:32,111 - DEBUG - [EstoquePageController.exibir_view_estoque] Exibindo view_estoque. [_log | meu_logger]
2025-05-30 10:15:32,111 - DEBUG - [EstoquePageController.carregar_dados_estoque] Buscando dados de produtos no model. [_log | meu_logger]
2025-05-30 10:15:32,112 - DEBUG - [EstoqueDataHandler.listar_produtos_paginados] Chamando listar_produtos() com: Página=1, Quantidade=20, OrdenarPor=None, Filtros=None [_log | meu_logger]
2025-05-30 10:15:32,146 - DEBUG - [EstoqueModel.get_colunas_produto] Buscando colunas da tabela 'produto'. [_log | meu_logger]
2025-05-30 10:15:32,154 - DEBUG - [EstoqueModel.get_colunas_produto] Colunas encontradas: ['id', 'nome', 'descricao', 'preco', 'quantidade', 'tipo'] [_log | meu_logger]
2025-05-30 10:15:32,155 - INFO - [EstoquePageView.alimentar_Dados] Atualizando dados da tabela... [_log | meu_logger]
2025-05-30 10:15:32,163 - DEBUG - [EstoquePageView.alimentar_Dados] Headers: ['id', 'nome', 'descricao', 'preco', 'quantidade', 'tipo'] [_log | meu_logger]
2025-05-30 10:15:32,163 - DEBUG - [EstoquePageView.alimentar_Dados] Total de linhas: 20 [_log | meu_logger]
2025-05-30 10:15:32,165 - INFO - [EstoquePageView.create_view_estoque] Construindo view de estoque... [_log | meu_logger]
2025-05-30 10:15:32,167 - DEBUG - [RodapePaginacao.build] Chamando build() do RodapePaginacao. [_log | meu_logger]
2025-05-30 10:15:32,168 - DEBUG - [RodapePaginacao.construir] Construindo controles do rodapé de paginação. [_log | meu_logger]
2025-05-30 10:15:32,170 - DEBUG - [RodapePaginacao.construir] Texto da página: Página 1 de 2 [_log | meu_logger]
2025-05-30 10:15:32,201 - INFO - [EstoquePage.start] View de estoque adicionada à página. [_log | meu_logger]
2025-05-30 10:15:32,203 - DEBUG - [EstoqueDataHandler.listar_produtos_paginados] Chamando listar_produtos() com: Página=1, Quantidade=20, OrdenarPor=None, Filtros=None [_log | meu_logger]
2025-05-30 10:15:32,204 - DEBUG - [EstoqueDataHandler.listar_produtos_paginados] Usando resultado em cache da paginação. [_log | meu_logger]
2025-05-30 10:15:32,204 - DEBUG - [EstoquePage._log_initial_data] Dados iniciais carregados: [{'id': 4, 'nome': 'Pod 77', 'descricao': 'texto', 'preco': Decimal('778.00'), 'quantidade': 4, 'tipo': 'unidade'}]... [_log | meu_logger]
2025-05-30 10:15:33,257 - INFO - [DialogAdicionarProduto.__init__] Inicializando o DialogAdicionarProduto [_log | meu_logger]
2025-05-30 10:15:33,264 - INFO - [DialogAdicionarProduto.__init__] Diálogo inicializado com sucesso. [_log | meu_logger]
2025-05-30 10:15:33,264 - INFO - [DialogAdicionarProduto.mostrar] Exibindo o diálogo para adicionar/editar produto. [_log | meu_logger]
2025-05-30 10:17:31,449 - INFO - [EstoquePage.__init__] Iniciando EstoquePage... [_log | meu_logger]
2025-05-30 10:17:31,480 - INFO - [EstoqueModel.__init__] EstoqueModel inicializado. [_log | meu_logger]
2025-05-30 10:17:31,482 - INFO - [RodapePaginacao.__init__] RodapePaginacao inicializado. [_log | meu_logger]
2025-05-30 10:17:31,483 - DEBUG - [RodapePaginacao.__init__] Total de páginas definido: None [_log | meu_logger]
2025-05-30 10:17:31,486 - INFO - [EstoquePageView.__init__] EstoquePageView inicializado. [_log | meu_logger]
2025-05-30 10:17:31,487 - INFO - [EstoquePageController.__init__] EstoquePageController inicializado. [_log | meu_logger]
2025-05-30 10:17:31,487 - INFO - [EstoquePage.__init__] EstoquePageController criado com sucesso. [_log | meu_logger]
2025-05-30 10:17:31,488 - DEBUG - [EstoquePage.start] Método start() chamado. Exibindo view do estoque. [_log | meu_logger]
2025-05-30 10:17:31,489 - DEBUG - [EstoquePageController.exibir_view_estoque] Exibindo view_estoque. [_log | meu_logger]
2025-05-30 10:17:31,494 - DEBUG - [EstoquePageController.carregar_dados_estoque] Buscando dados de produtos no model. [_log | meu_logger]
2025-05-30 10:17:31,497 - DEBUG - [EstoqueDataHandler.listar_produtos_paginados] Chamando listar_produtos() com: Página=1, Quantidade=20, OrdenarPor=None, Filtros=None [_log | meu_logger]
2025-05-30 10:17:31,518 - DEBUG - [EstoqueModel.get_colunas_produto] Buscando colunas da tabela 'produto'. [_log | meu_logger]
2025-05-30 10:17:31,526 - DEBUG - [EstoqueModel.get_colunas_produto] Colunas encontradas: ['id', 'nome', 'descricao', 'preco', 'quantidade', 'tipo'] [_log | meu_logger]
2025-05-30 10:17:31,527 - INFO - [EstoquePageView.alimentar_Dados] Atualizando dados da tabela... [_log | meu_logger]
2025-05-30 10:17:31,537 - DEBUG - [EstoquePageView.alimentar_Dados] Headers: ['id', 'nome', 'descricao', 'preco', 'quantidade', 'tipo'] [_log | meu_logger]
2025-05-30 10:17:31,537 - DEBUG - [EstoquePageView.alimentar_Dados] Total de linhas: 20 [_log | meu_logger]
2025-05-30 10:17:31,538 - INFO - [EstoquePageView.create_view_estoque] Construindo view de estoque... [_log | meu_logger]
2025-05-30 10:17:31,540 - DEBUG - [RodapePaginacao.build] Chamando build() do RodapePaginacao. [_log | meu_logger]
2025-05-30 10:17:31,541 - DEBUG - [RodapePaginacao.construir] Construindo controles do rodapé de paginação. [_log | meu_logger]
2025-05-30 10:17:31,543 - DEBUG - [RodapePaginacao.construir] Texto da página: Página 1 de 2 [_log | meu_logger]
2025-05-30 10:17:31,567 - INFO - [EstoquePage.start] View de estoque adicionada à página. [_log | meu_logger]
2025-05-30 10:17:31,568 - DEBUG - [EstoqueDataHandler.listar_produtos_paginados] Chamando listar_produtos() com: Página=1, Quantidade=20, OrdenarPor=None, Filtros=None [_log | meu_logger]
2025-05-30 10:17:31,568 - DEBUG - [EstoqueDataHandler.listar_produtos_paginados] Usando resultado em cache da paginação. [_log | meu_logger]
2025-05-30 10:17:31,568 - DEBUG - [EstoquePage._log_initial_data] Dados iniciais carregados: [{'id': 4, 'nome': 'Pod 77', 'descricao': 'texto', 'preco': Decimal('778.00'), 'quantidade': 4, 'tipo': 'unidade'}]... [_log | meu_logger]
2025-05-30 10:17:32,472 - INFO - [DialogAdicionarProduto.__init__] Inicializando o DialogAdicionarProduto [_log | meu_logger]
2025-05-30 10:17:32,481 - INFO - [DialogAdicionarProduto.__init__] Diálogo inicializado com sucesso. [_log | meu_logger]
2025-05-30 10:17:32,481 - INFO - [DialogAdicionarProduto.mostrar] Exibindo o diálogo para adicionar/editar produto. [_log | meu_logger]
2025-05-30 10:17:32,481 - INFO - [DialogAdicionarProduto.mostrar] Criando novo produto. [_log | meu_logger]
2025-05-30 10:17:32,482 - INFO - [DialogAdicionarProduto.mostrar] Abrindo o diálogo. [_log | meu_logger]
2025-05-30 10:17:35,975 - INFO - [DialogAdicionarProduto.coletar_dados] Coletando dados do formulário. [_log | meu_logger]
2025-05-30 10:17:35,976 - INFO - [DialogAdicionarProduto._validar_preco] Preço validado: R$ 0.0 [_log | meu_logger]
2025-05-30 10:17:35,976 - INFO - [DialogAdicionarProduto._validar_quantidade] Quantidade validada: 1 [_log | meu_logger]
2025-05-30 10:17:35,976 - INFO - [DialogAdicionarProduto.salvar] Dados coletados: {'id': None, 'nome': '', 'descricao': '', 'preco': 0.0, 'quantidade': 1, 'tipo': 'unidade'} [_log | meu_logger]
2025-05-30 10:17:35,977 - ERROR - [DialogAdicionarProduto.salvar] Erro durante o salvamento: Nome do produto é obrigatório [_log | meu_logger]
2025-05-30 10:17:35,978 - ERROR - [DialogAdicionarProduto._mostrar_erro] Exibindo erro: Nome do produto é obrigatório [_log | meu_logger]
2025-05-30 10:17:49,344 - INFO - [DialogAdicionarProduto.coletar_dados] Coletando dados do formulário. [_log | meu_logger]
2025-05-30 10:17:49,344 - INFO - [DialogAdicionarProduto._validar_preco] Preço validado: R$ 3.0 [_log | meu_logger]
2025-05-30 10:17:49,344 - INFO - [DialogAdicionarProduto._validar_quantidade] Quantidade validada: 1 [_log | meu_logger]
2025-05-30 10:17:49,345 - INFO - [DialogAdicionarProduto.salvar] Dados coletados: {'id': None, 'nome': 'T', 'descricao': 't', 'preco': 3.0, 'quantidade': 1, 'tipo': 'unidade'} [_log | meu_logger]
2025-05-30 10:17:49,345 - INFO - [DialogAdicionarProduto.salvar] Iniciando processo de salvamento... [_log | meu_logger]
2025-05-30 10:17:49,357 - INFO - [DialogAdicionarProduto.salvar] Chamada para on_salvar. [_log | meu_logger]
2025-05-30 10:17:49,358 - ERROR - [EstoqueProductHandler.adicionar_produto] Erro ao salvar produto: 'EstoqueModel' object has no attribute 'adicionar' [_log | meu_logger]
2025-05-30 10:17:49,370 - INFO - [DialogAdicionarProduto.fechar] Fechando o diálogo. [_log | meu_logger]
2025-05-30 10:17:49,384 - INFO - [DialogAdicionarProduto.salvar] Produto salvo com sucesso. [_log | meu_logger]
2025-05-30 10:17:49,384 - INFO - [DialogAdicionarProduto.fechar] Fechando o diálogo. [_log | meu_logger]
2025-05-30 10:18:10,934 - DEBUG - [RodapePaginacao.proxima_pagina] Botão 'próximo' clicado. [_log | meu_logger]
2025-05-30 10:18:10,934 - INFO - [RodapePaginacao.proxima_pagina] Indo para a próxima página: 2 [_log | meu_logger]
2025-05-30 10:18:10,935 - DEBUG - [RodapePaginacao.atualizar] Atualizando componentes para a página 2. [_log | meu_logger]
2025-05-30 10:18:10,937 - DEBUG - [RodapePaginacao.atualizar] Chamando callback ao_mudar_pagina. [_log | meu_logger]
2025-05-30 10:18:10,937 - DEBUG - [EstoquePageController.carregar_dados_estoque] Buscando dados de produtos no model. [_log | meu_logger]
2025-05-30 10:18:10,937 - DEBUG - [EstoqueDataHandler.listar_produtos_paginados] Chamando listar_produtos() com: Página=2, Quantidade=20, OrdenarPor=None, Filtros=None [_log | meu_logger]
2025-05-30 10:18:10,940 - DEBUG - [EstoqueModel.get_colunas_produto] Buscando colunas da tabela 'produto'. [_log | meu_logger]
2025-05-30 10:18:10,952 - DEBUG - [EstoqueModel.get_colunas_produto] Colunas encontradas: ['id', 'nome', 'descricao', 'preco', 'quantidade', 'tipo'] [_log | meu_logger]
2025-05-30 10:18:10,952 - INFO - [EstoquePageView.alimentar_Dados] Atualizando dados da tabela... [_log | meu_logger]
2025-05-30 10:18:10,953 - DEBUG - [EstoquePageView.alimentar_Dados] Headers: ['id', 'nome', 'descricao', 'preco', 'quantidade', 'tipo'] [_log | meu_logger]
2025-05-30 10:18:10,953 - DEBUG - [EstoquePageView.alimentar_Dados] Total de linhas: 1 [_log | meu_logger]
2025-05-30 10:18:12,966 - DEBUG - [RodapePaginacao.pagina_anterior] Botão 'anterior' clicado. [_log | meu_logger]
2025-05-30 10:18:12,966 - INFO - [RodapePaginacao.pagina_anterior] Indo para a página anterior: 1 [_log | meu_logger]
2025-05-30 10:18:12,967 - DEBUG - [RodapePaginacao.atualizar] Atualizando componentes para a página 1. [_log | meu_logger]
2025-05-30 10:18:12,968 - DEBUG - [RodapePaginacao.atualizar] Chamando callback ao_mudar_pagina. [_log | meu_logger]
2025-05-30 10:18:12,968 - DEBUG - [EstoquePageController.carregar_dados_estoque] Buscando dados de produtos no model. [_log | meu_logger]
2025-05-30 10:18:12,969 - DEBUG - [EstoqueDataHandler.listar_produtos_paginados] Chamando listar_produtos() com: Página=1, Quantidade=20, OrdenarPor=None, Filtros=None [_log | meu_logger]
2025-05-30 10:18:12,969 - DEBUG - [EstoqueDataHandler.listar_produtos_paginados] Usando resultado em cache da paginação. [_log | meu_logger]
2025-05-30 10:18:12,969 - INFO - [EstoquePageView.alimentar_Dados] Atualizando dados da tabela... [_log | meu_logger]
2025-05-30 10:18:12,980 - DEBUG - [EstoquePageView.alimentar_Dados] Headers: ['id', 'nome', 'descricao', 'preco', 'quantidade', 'tipo'] [_log | meu_logger]
2025-05-30 10:18:12,981 - DEBUG - [EstoquePageView.alimentar_Dados] Total de linhas: 20 [_log | meu_logger]
2025-05-30 10:18:13,903 - INFO - [DialogAdicionarProduto.__init__] Inicializando o DialogAdicionarProduto [_log | meu_logger]
2025-05-30 10:18:13,911 - INFO - [DialogAdicionarProduto.__init__] Diálogo inicializado com sucesso. [_log | meu_logger]
2025-05-30 10:18:13,911 - INFO - [DialogAdicionarProduto.mostrar] Exibindo o diálogo para adicionar/editar produto. [_log | meu_logger]
2025-05-30 10:18:13,912 - INFO - [DialogAdicionarProduto.mostrar] Criando novo produto. [_log | meu_logger]
2025-05-30 10:18:13,912 - INFO - [DialogAdicionarProduto.mostrar] Abrindo o diálogo. [_log | meu_logger]
2025-05-30 10:18:23,542 - INFO - [DialogAdicionarProduto.coletar_dados] Coletando dados do formulário. [_log | meu_logger]
2025-05-30 10:18:23,543 - INFO - [DialogAdicionarProduto._validar_preco] Preço validado: R$ 45.0 [_log | meu_logger]
2025-05-30 10:18:23,543 - INFO - [DialogAdicionarProduto._validar_quantidade] Quantidade validada: 1 [_log | meu_logger]
2025-05-30 10:18:23,544 - INFO - [DialogAdicionarProduto.salvar] Dados coletados: {'id': None, 'nome': 'Ggggggggg', 'descricao': 'ggggggggg', 'preco': 45.0, 'quantidade': 1, 'tipo': 'unidade'} [_log | meu_logger]
2025-05-30 10:18:23,544 - INFO - [DialogAdicionarProduto.salvar] Iniciando processo de salvamento... [_log | meu_logger]
2025-05-30 10:18:23,557 - INFO - [DialogAdicionarProduto.salvar] Chamada para on_salvar. [_log | meu_logger]
2025-05-30 10:18:23,558 - ERROR - [EstoqueProductHandler.adicionar_produto] Erro ao salvar produto: 'EstoqueModel' object has no attribute 'adicionar' [_log | meu_logger]
2025-05-30 10:18:23,569 - INFO - [DialogAdicionarProduto.fechar] Fechando o diálogo. [_log | meu_logger]
2025-05-30 10:18:23,580 - INFO - [DialogAdicionarProduto.salvar] Produto salvo com sucesso. [_log | meu_logger]
2025-05-30 10:18:23,581 - INFO - [DialogAdicionarProduto.fechar] Fechando o diálogo. [_log | meu_logger]
2025-05-30 10:18:29,327 - DEBUG - [EstoquePageController.busca_por_nome] Buscando produtos por nome: g [_log | meu_logger]
2025-05-30 10:18:29,327 - DEBUG - [EstoqueDataHandler.listar_produtos_paginados] Chamando listar_produtos() com: Página=1, Quantidade=20, OrdenarPor=None, Filtros=g [_log | meu_logger]
2025-05-30 10:18:29,352 - INFO - [EstoquePageView.alimentar_Dados] Atualizando dados da tabela... [_log | meu_logger]
2025-05-30 10:18:29,352 - DEBUG - [EstoquePageView.alimentar_Dados] Headers: [] [_log | meu_logger]
2025-05-30 10:18:29,352 - DEBUG - [EstoquePageView.alimentar_Dados] Total de linhas: 0 [_log | meu_logger]
2025-05-30 10:18:29,354 - ERROR - [EstoquePageController._handle_error] Erro na busca por nome: columns must contain at minimum one visible DataColumn [_log | meu_logger]
2025-05-30 10:18:30,623 - DEBUG - [EstoquePageController.busca_por_nome] Buscando produtos por nome: g [_log | meu_logger]
2025-05-30 10:18:30,623 - DEBUG - [EstoqueDataHandler.listar_produtos_paginados] Chamando listar_produtos() com: Página=1, Quantidade=20, OrdenarPor=None, Filtros=g [_log | meu_logger]
2025-05-30 10:18:30,624 - DEBUG - [EstoqueDataHandler.listar_produtos_paginados] Usando resultado em cache da paginação. [_log | meu_logger]
2025-05-30 10:18:30,624 - INFO - [EstoquePageView.alimentar_Dados] Atualizando dados da tabela... [_log | meu_logger]
2025-05-30 10:18:30,624 - DEBUG - [EstoquePageView.alimentar_Dados] Headers: [] [_log | meu_logger]
2025-05-30 10:18:30,624 - DEBUG - [EstoquePageView.alimentar_Dados] Total de linhas: 0 [_log | meu_logger]
2025-05-30 10:18:30,627 - ERROR - [EstoquePageController._handle_error] Erro na busca por nome: columns must contain at minimum one visible DataColumn [_log | meu_logger]
2025-05-30 10:18:32,678 - DEBUG - [EstoquePageController.busca_por_nome] Buscando produtos por nome: g [_log | meu_logger]
2025-05-30 10:18:32,678 - DEBUG - [EstoqueDataHandler.listar_produtos_paginados] Chamando listar_produtos() com: Página=1, Quantidade=20, OrdenarPor=None, Filtros=g [_log | meu_logger]
2025-05-30 10:18:32,679 - DEBUG - [EstoqueDataHandler.listar_produtos_paginados] Usando resultado em cache da paginação. [_log | meu_logger]
2025-05-30 10:18:32,679 - INFO - [EstoquePageView.alimentar_Dados] Atualizando dados da tabela... [_log | meu_logger]
2025-05-30 10:18:32,679 - DEBUG - [EstoquePageView.alimentar_Dados] Headers: [] [_log | meu_logger]
2025-05-30 10:18:32,679 - DEBUG - [EstoquePageView.alimentar_Dados] Total de linhas: 0 [_log | meu_logger]
2025-05-30 10:18:32,682 - ERROR - [EstoquePageController._handle_error] Erro na busca por nome: columns must contain at minimum one visible DataColumn [_log | meu_logger]
2025-05-30 10:18:32,870 - DEBUG - [EstoquePageController.busca_por_nome] Buscando produtos por nome: g [_log | meu_logger]
2025-05-30 10:18:32,871 - DEBUG - [EstoqueDataHandler.listar_produtos_paginados] Chamando listar_produtos() com: Página=1, Quantidade=20, OrdenarPor=None, Filtros=g [_log | meu_logger]
2025-05-30 10:18:32,871 - DEBUG - [EstoqueDataHandler.listar_produtos_paginados] Usando resultado em cache da paginação. [_log | meu_logger]
2025-05-30 10:18:32,871 - INFO - [EstoquePageView.alimentar_Dados] Atualizando dados da tabela... [_log | meu_logger]
2025-05-30 10:18:32,873 - DEBUG - [EstoquePageView.alimentar_Dados] Headers: [] [_log | meu_logger]
2025-05-30 10:18:32,873 - DEBUG - [EstoquePageView.alimentar_Dados] Total de linhas: 0 [_log | meu_logger]
2025-05-30 10:18:32,876 - ERROR - [EstoquePageController._handle_error] Erro na busca por nome: columns must contain at minimum one visible DataColumn [_log | meu_logger]
2025-05-30 10:18:33,039 - DEBUG - [EstoquePageController.busca_por_nome] Buscando produtos por nome: g [_log | meu_logger]
2025-05-30 10:18:33,039 - DEBUG - [EstoqueDataHandler.listar_produtos_paginados] Chamando listar_produtos() com: Página=1, Quantidade=20, OrdenarPor=None, Filtros=g [_log | meu_logger]
2025-05-30 10:18:33,040 - DEBUG - [EstoqueDataHandler.listar_produtos_paginados] Usando resultado em cache da paginação. [_log | meu_logger]
2025-05-30 10:18:33,040 - INFO - [EstoquePageView.alimentar_Dados] Atualizando dados da tabela... [_log | meu_logger]
2025-05-30 10:18:33,040 - DEBUG - [EstoquePageView.alimentar_Dados] Headers: [] [_log | meu_logger]
2025-05-30 10:18:33,041 - DEBUG - [EstoquePageView.alimentar_Dados] Total de linhas: 0 [_log | meu_logger]
2025-05-30 10:18:33,043 - ERROR - [EstoquePageController._handle_error] Erro na busca por nome: columns must contain at minimum one visible DataColumn [_log | meu_logger]
2025-05-30 10:18:37,414 - DEBUG - [EstoquePageController.busca_por_nome] Buscando produtos por nome: A [_log | meu_logger]
2025-05-30 10:18:37,415 - DEBUG - [EstoqueDataHandler.listar_produtos_paginados] Chamando listar_produtos() com: Página=1, Quantidade=20, OrdenarPor=None, Filtros=A [_log | meu_logger]
2025-05-30 10:18:37,426 - DEBUG - [EstoqueModel.get_colunas_produto] Buscando colunas da tabela 'produto'. [_log | meu_logger]
2025-05-30 10:18:37,429 - DEBUG - [EstoqueModel.get_colunas_produto] Colunas encontradas: ['id', 'nome', 'descricao', 'preco', 'quantidade', 'tipo'] [_log | meu_logger]
2025-05-30 10:18:37,430 - INFO - [EstoquePageView.alimentar_Dados] Atualizando dados da tabela... [_log | meu_logger]
2025-05-30 10:18:37,431 - DEBUG - [EstoquePageView.alimentar_Dados] Headers: ['id', 'nome', 'descricao', 'preco', 'quantidade', 'tipo'] [_log | meu_logger]
2025-05-30 10:18:37,431 - DEBUG - [EstoquePageView.alimentar_Dados] Total de linhas: 1 [_log | meu_logger]
2025-05-30 10:18:42,030 - DEBUG - [EstoquePageController.busca_por_nome] Buscando produtos por nome: g [_log | meu_logger]
2025-05-30 10:18:42,031 - DEBUG - [EstoqueDataHandler.listar_produtos_paginados] Chamando listar_produtos() com: Página=1, Quantidade=20, OrdenarPor=None, Filtros=g [_log | meu_logger]
2025-05-30 10:18:42,031 - DEBUG - [EstoqueDataHandler.listar_produtos_paginados] Usando resultado em cache da paginação. [_log | meu_logger]
2025-05-30 10:18:42,031 - INFO - [EstoquePageView.alimentar_Dados] Atualizando dados da tabela... [_log | meu_logger]
2025-05-30 10:18:42,032 - DEBUG - [EstoquePageView.alimentar_Dados] Headers: [] [_log | meu_logger]
2025-05-30 10:18:42,032 - DEBUG - [EstoquePageView.alimentar_Dados] Total de linhas: 0 [_log | meu_logger]
2025-05-30 10:18:42,035 - ERROR - [EstoquePageController._handle_error] Erro na busca por nome: columns must contain at minimum one visible DataColumn [_log | meu_logger]
2025-05-30 10:18:45,414 - DEBUG - [EstoquePageController.carregar_dados_estoque] Buscando dados de produtos no model. [_log | meu_logger]
2025-05-30 10:18:45,414 - DEBUG - [EstoqueDataHandler.listar_produtos_paginados] Chamando listar_produtos() com: Página=1, Quantidade=20, OrdenarPor=None, Filtros=None [_log | meu_logger]
2025-05-30 10:18:45,417 - DEBUG - [EstoqueModel.get_colunas_produto] Buscando colunas da tabela 'produto'. [_log | meu_logger]
2025-05-30 10:18:45,420 - DEBUG - [EstoqueModel.get_colunas_produto] Colunas encontradas: ['id', 'nome', 'descricao', 'preco', 'quantidade', 'tipo'] [_log | meu_logger]
2025-05-30 10:18:45,420 - INFO - [EstoquePageView.alimentar_Dados] Atualizando dados da tabela... [_log | meu_logger]
2025-05-30 10:18:45,429 - DEBUG - [EstoquePageView.alimentar_Dados] Headers: ['id', 'nome', 'descricao', 'preco', 'quantidade', 'tipo'] [_log | meu_logger]
2025-05-30 10:18:45,429 - DEBUG - [EstoquePageView.alimentar_Dados] Total de linhas: 20 [_log | meu_logger]
2025-05-30 10:18:48,966 - DEBUG - [RodapePaginacao.proxima_pagina] Botão 'próximo' clicado. [_log | meu_logger]
2025-05-30 10:18:48,967 - INFO - [RodapePaginacao.proxima_pagina] Indo para a próxima página: 2 [_log | meu_logger]
2025-05-30 10:18:48,967 - DEBUG - [RodapePaginacao.atualizar] Atualizando componentes para a página 2. [_log | meu_logger]
2025-05-30 10:18:48,968 - DEBUG - [RodapePaginacao.atualizar] Chamando callback ao_mudar_pagina. [_log | meu_logger]
2025-05-30 10:18:48,969 - DEBUG - [EstoquePageController.carregar_dados_estoque] Buscando dados de produtos no model. [_log | meu_logger]
2025-05-30 10:18:48,969 - DEBUG - [EstoqueDataHandler.listar_produtos_paginados] Chamando listar_produtos() com: Página=2, Quantidade=20, OrdenarPor=None, Filtros=None [_log | meu_logger]
2025-05-30 10:18:48,972 - DEBUG - [EstoqueModel.get_colunas_produto] Buscando colunas da tabela 'produto'. [_log | meu_logger]
2025-05-30 10:18:48,975 - DEBUG - [EstoqueModel.get_colunas_produto] Colunas encontradas: ['id', 'nome', 'descricao', 'preco', 'quantidade', 'tipo'] [_log | meu_logger]
2025-05-30 10:18:48,976 - INFO - [EstoquePageView.alimentar_Dados] Atualizando dados da tabela... [_log | meu_logger]
2025-05-30 10:18:48,977 - DEBUG - [EstoquePageView.alimentar_Dados] Headers: ['id', 'nome', 'descricao', 'preco', 'quantidade', 'tipo'] [_log | meu_logger]
2025-05-30 10:18:48,977 - DEBUG - [EstoquePageView.alimentar_Dados] Total de linhas: 1 [_log | meu_logger]
2025-05-30 10:18:50,110 - DEBUG - [RodapePaginacao.pagina_anterior] Botão 'anterior' clicado. [_log | meu_logger]
2025-05-30 10:18:50,111 - INFO - [RodapePaginacao.pagina_anterior] Indo para a página anterior: 1 [_log | meu_logger]
2025-05-30 10:18:50,111 - DEBUG - [RodapePaginacao.atualizar] Atualizando componentes para a página 1. [_log | meu_logger]
2025-05-30 10:18:50,112 - DEBUG - [RodapePaginacao.atualizar] Chamando callback ao_mudar_pagina. [_log | meu_logger]
2025-05-30 10:18:50,113 - DEBUG - [EstoquePageController.carregar_dados_estoque] Buscando dados de produtos no model. [_log | meu_logger]
2025-05-30 10:18:50,113 - DEBUG - [EstoqueDataHandler.listar_produtos_paginados] Chamando listar_produtos() com: Página=1, Quantidade=20, OrdenarPor=None, Filtros=None [_log | meu_logger]
2025-05-30 10:18:50,114 - DEBUG - [EstoqueDataHandler.listar_produtos_paginados] Usando resultado em cache da paginação. [_log | meu_logger]
2025-05-30 10:18:50,114 - INFO - [EstoquePageView.alimentar_Dados] Atualizando dados da tabela... [_log | meu_logger]
2025-05-30 10:18:50,124 - DEBUG - [EstoquePageView.alimentar_Dados] Headers: ['id', 'nome', 'descricao', 'preco', 'quantidade', 'tipo'] [_log | meu_logger]
2025-05-30 10:18:50,125 - DEBUG - [EstoquePageView.alimentar_Dados] Total de linhas: 20 [_log | meu_logger]
2025-05-30 10:19:11,839 - INFO - [DialogAdicionarProduto.__init__] Inicializando o DialogAdicionarProduto [_log | meu_logger]
2025-05-30 10:19:11,846 - INFO - [DialogAdicionarProduto.__init__] Diálogo inicializado com sucesso. [_log | meu_logger]
2025-05-30 10:19:11,846 - INFO - [DialogAdicionarProduto.mostrar] Exibindo o diálogo para adicionar/editar produto. [_log | meu_logger]
2025-05-30 10:19:11,846 - INFO - [DialogAdicionarProduto.mostrar] Criando novo produto. [_log | meu_logger]
2025-05-30 10:19:11,847 - INFO - [DialogAdicionarProduto.mostrar] Abrindo o diálogo. [_log | meu_logger]
2025-05-30 10:19:19,702 - INFO - [DialogAdicionarProduto.coletar_dados] Coletando dados do formulário. [_log | meu_logger]
2025-05-30 10:19:19,702 - INFO - [DialogAdicionarProduto._validar_preco] Preço validado: R$ 5.0 [_log | meu_logger]
2025-05-30 10:19:19,703 - INFO - [DialogAdicionarProduto._validar_quantidade] Quantidade validada: 1 [_log | meu_logger]
2025-05-30 10:19:19,703 - INFO - [DialogAdicionarProduto.salvar] Dados coletados: {'id': None, 'nome': 'A', 'descricao': 'A', 'preco': 5.0, 'quantidade': 1, 'tipo': 'unidade'} [_log | meu_logger]
2025-05-30 10:19:19,704 - INFO - [DialogAdicionarProduto.salvar] Iniciando processo de salvamento... [_log | meu_logger]
2025-05-30 10:19:19,716 - INFO - [DialogAdicionarProduto.salvar] Chamada para on_salvar. [_log | meu_logger]
2025-05-30 10:19:19,717 - ERROR - [EstoqueProductHandler.adicionar_produto] Erro ao salvar produto: 'EstoqueModel' object has no attribute 'adicionar' [_log | meu_logger]
2025-05-30 10:19:19,730 - INFO - [DialogAdicionarProduto.fechar] Fechando o diálogo. [_log | meu_logger]
2025-05-30 10:19:19,742 - INFO - [DialogAdicionarProduto.salvar] Produto salvo com sucesso. [_log | meu_logger]
2025-05-30 10:19:19,743 - INFO - [DialogAdicionarProduto.fechar] Fechando o diálogo. [_log | meu_logger]
2025-05-30 10:29:01,030 - INFO - [EstoquePage.__init__] Iniciando EstoquePage... [_log | meu_logger]
2025-05-30 10:29:01,034 - INFO - [EstoqueModel.__init__] EstoqueModel inicializado. [_log | meu_logger]
2025-05-30 10:29:01,035 - INFO - [RodapePaginacao.__init__] RodapePaginacao inicializado. [_log | meu_logger]
2025-05-30 10:29:01,036 - DEBUG - [RodapePaginacao.__init__] Total de páginas definido: None [_log | meu_logger]
2025-05-30 10:29:01,038 - INFO - [EstoquePageView.__init__] EstoquePageView inicializado. [_log | meu_logger]
2025-05-30 10:29:01,044 - INFO - [EstoquePageController.__init__] EstoquePageController inicializado. [_log | meu_logger]
2025-05-30 10:29:01,044 - INFO - [EstoquePage.__init__] EstoquePageController criado com sucesso. [_log | meu_logger]
2025-05-30 10:29:01,045 - DEBUG - [EstoquePage.start] Método start() chamado. Exibindo view do estoque. [_log | meu_logger]
2025-05-30 10:29:01,045 - DEBUG - [EstoquePageController.exibir_view_estoque] Exibindo view_estoque. [_log | meu_logger]
2025-05-30 10:29:01,046 - DEBUG - [EstoquePageController.carregar_dados_estoque] Buscando dados de produtos no model. [_log | meu_logger]
2025-05-30 10:29:01,046 - DEBUG - [EstoqueDataHandler.listar_produtos_paginados] Chamando listar_produtos() com: Página=1, Quantidade=20, OrdenarPor=None, Filtros=None [_log | meu_logger]
2025-05-30 10:29:01,083 - DEBUG - [EstoqueModel.get_colunas_produto] Buscando colunas da tabela 'produto'. [_log | meu_logger]
2025-05-30 10:29:01,094 - DEBUG - [EstoqueModel.get_colunas_produto] Colunas encontradas: ['id', 'nome', 'descricao', 'preco', 'quantidade', 'tipo'] [_log | meu_logger]
2025-05-30 10:29:01,094 - INFO - [EstoquePageView.alimentar_Dados] Atualizando dados da tabela... [_log | meu_logger]
2025-05-30 10:29:01,103 - DEBUG - [EstoquePageView.alimentar_Dados] Headers: ['id', 'nome', 'descricao', 'preco', 'quantidade', 'tipo'] [_log | meu_logger]
2025-05-30 10:29:01,103 - DEBUG - [EstoquePageView.alimentar_Dados] Total de linhas: 20 [_log | meu_logger]
2025-05-30 10:29:01,104 - INFO - [EstoquePageView.create_view_estoque] Construindo view de estoque... [_log | meu_logger]
2025-05-30 10:29:01,107 - DEBUG - [RodapePaginacao.build] Chamando build() do RodapePaginacao. [_log | meu_logger]
2025-05-30 10:29:01,108 - DEBUG - [RodapePaginacao.construir] Construindo controles do rodapé de paginação. [_log | meu_logger]
2025-05-30 10:29:01,108 - DEBUG - [RodapePaginacao.construir] Texto da página: Página 1 de 2 [_log | meu_logger]
2025-05-30 10:29:01,138 - INFO - [EstoquePage.start] View de estoque adicionada à página. [_log | meu_logger]
2025-05-30 10:29:01,139 - DEBUG - [EstoqueDataHandler.listar_produtos_paginados] Chamando listar_produtos() com: Página=1, Quantidade=20, OrdenarPor=None, Filtros=None [_log | meu_logger]
2025-05-30 10:29:01,139 - DEBUG - [EstoqueDataHandler.listar_produtos_paginados] Usando resultado em cache da paginação. [_log | meu_logger]
2025-05-30 10:29:01,140 - DEBUG - [EstoquePage._log_initial_data] Dados iniciais carregados: [{'id': 4, 'nome': 'Pod 77', 'descricao': 'texto', 'preco': Decimal('778.00'), 'quantidade': 4, 'tipo': 'unidade'}]... [_log | meu_logger]
2025-05-30 10:29:02,553 - INFO - [DialogAdicionarProduto.__init__] Inicializando o DialogAdicionarProduto [_log | meu_logger]
2025-05-30 10:29:02,560 - INFO - [DialogAdicionarProduto.__init__] Diálogo inicializado com sucesso. [_log | meu_logger]
2025-05-30 10:29:02,560 - INFO - [DialogAdicionarProduto.mostrar] Exibindo o diálogo para adicionar/editar produto. [_log | meu_logger]
2025-05-30 10:29:02,561 - INFO - [DialogAdicionarProduto.mostrar] Criando novo produto. [_log | meu_logger]
2025-05-30 10:29:02,561 - INFO - [DialogAdicionarProduto.mostrar] Abrindo o diálogo. [_log | meu_logger]
2025-05-30 10:29:14,048 - INFO - [DialogAdicionarProduto.coletar_dados] Coletando dados do formulário. [_log | meu_logger]
2025-05-30 10:29:14,049 - INFO - [DialogAdicionarProduto._validar_preco] Preço validado: R$ 5.0 [_log | meu_logger]
2025-05-30 10:29:14,049 - INFO - [DialogAdicionarProduto._validar_quantidade] Quantidade validada: 1 [_log | meu_logger]
2025-05-30 10:29:14,049 - INFO - [DialogAdicionarProduto.salvar] Dados coletados: {'id': None, 'nome': 'Teste_458', 'descricao': 'Teste_458', 'preco': 5.0, 'quantidade': 1, 'tipo': 'unidade'} [_log | meu_logger]
2025-05-30 10:29:14,050 - INFO - [DialogAdicionarProduto.salvar] Iniciando processo de salvamento... [_log | meu_logger]
2025-05-30 10:29:14,061 - INFO - [DialogAdicionarProduto.salvar] Chamada para on_salvar. [_log | meu_logger]
2025-05-30 10:29:14,132 - INFO - [EstoqueModel.adicionar] Produto 'Teste_458' adicionado com sucesso. [_log | meu_logger]
2025-05-30 10:29:14,142 - DEBUG - [EstoquePageController.carregar_dados_estoque] Buscando dados de produtos no model. [_log | meu_logger]
2025-05-30 10:29:14,143 - DEBUG - [EstoqueDataHandler.listar_produtos_paginados] Chamando listar_produtos() com: Página=1, Quantidade=20, OrdenarPor=None, Filtros=None [_log | meu_logger]
2025-05-30 10:29:14,143 - DEBUG - [EstoqueDataHandler.listar_produtos_paginados] Usando resultado em cache da paginação. [_log | meu_logger]
2025-05-30 10:29:14,144 - INFO - [EstoquePageView.alimentar_Dados] Atualizando dados da tabela... [_log | meu_logger]
2025-05-30 10:29:14,153 - DEBUG - [EstoquePageView.alimentar_Dados] Headers: ['id', 'nome', 'descricao', 'preco', 'quantidade', 'tipo'] [_log | meu_logger]
2025-05-30 10:29:14,154 - DEBUG - [EstoquePageView.alimentar_Dados] Total de linhas: 20 [_log | meu_logger]
2025-05-30 10:29:14,168 - INFO - [DialogAdicionarProduto.fechar] Fechando o diálogo. [_log | meu_logger]
2025-05-30 10:29:14,181 - INFO - [DialogAdicionarProduto.salvar] Produto salvo com sucesso. [_log | meu_logger]
2025-05-30 10:29:14,181 - INFO - [DialogAdicionarProduto.fechar] Fechando o diálogo. [_log | meu_logger]
2025-05-30 10:29:27,729 - DEBUG - [EstoquePageController.busca_por_nome] Buscando produtos por nome: Teste_458 [_log | meu_logger]
2025-05-30 10:29:27,729 - DEBUG - [EstoqueDataHandler.listar_produtos_paginados] Chamando listar_produtos() com: Página=1, Quantidade=20, OrdenarPor=None, Filtros=Teste_458 [_log | meu_logger]
2025-05-30 10:29:27,732 - DEBUG - [EstoqueModel.get_colunas_produto] Buscando colunas da tabela 'produto'. [_log | meu_logger]
2025-05-30 10:29:27,735 - DEBUG - [EstoqueModel.get_colunas_produto] Colunas encontradas: ['id', 'nome', 'descricao', 'preco', 'quantidade', 'tipo'] [_log | meu_logger]
2025-05-30 10:29:27,736 - INFO - [EstoquePageView.alimentar_Dados] Atualizando dados da tabela... [_log | meu_logger]
2025-05-30 10:29:27,737 - DEBUG - [EstoquePageView.alimentar_Dados] Headers: ['id', 'nome', 'descricao', 'preco', 'quantidade', 'tipo'] [_log | meu_logger]
2025-05-30 10:29:27,737 - DEBUG - [EstoquePageView.alimentar_Dados] Total de linhas: 1 [_log | meu_logger]
2025-05-30 10:29:42,167 - INFO - [DialogAdicionarProduto.__init__] Inicializando o DialogAdicionarProduto [_log | meu_logger]
2025-05-30 10:29:42,174 - INFO - [DialogAdicionarProduto.__init__] Diálogo inicializado com sucesso. [_log | meu_logger]
2025-05-30 10:29:42,174 - INFO - [DialogAdicionarProduto.mostrar] Exibindo o diálogo para adicionar/editar produto. [_log | meu_logger]
2025-05-30 10:29:42,174 - INFO - [DialogAdicionarProduto.mostrar] Criando novo produto. [_log | meu_logger]
2025-05-30 10:29:42,175 - INFO - [DialogAdicionarProduto.mostrar] Abrindo o diálogo. [_log | meu_logger]
2025-05-30 10:29:52,567 - INFO - [DialogAdicionarProduto.coletar_dados] Coletando dados do formulário. [_log | meu_logger]
2025-05-30 10:29:52,568 - ERROR - [DialogAdicionarProduto._validar_preco] Erro ao validar preço: valor inválido. [_log | meu_logger]
2025-05-30 10:29:52,568 - ERROR - [DialogAdicionarProduto.salvar] Erro durante o salvamento: Preço inválido. Use números com até 2 casas decimais [_log | meu_logger]
2025-05-30 10:29:52,568 - ERROR - [DialogAdicionarProduto._mostrar_erro] Exibindo erro: Preço inválido. Use números com até 2 casas decimais [_log | meu_logger]
2025-05-30 10:29:53,903 - INFO - [DialogAdicionarProduto.coletar_dados] Coletando dados do formulário. [_log | meu_logger]
2025-05-30 10:29:53,903 - ERROR - [DialogAdicionarProduto._validar_preco] Erro ao validar preço: valor inválido. [_log | meu_logger]
2025-05-30 10:29:53,904 - ERROR - [DialogAdicionarProduto.salvar] Erro durante o salvamento: Preço inválido. Use números com até 2 casas decimais [_log | meu_logger]
2025-05-30 10:29:53,904 - ERROR - [DialogAdicionarProduto._mostrar_erro] Exibindo erro: Preço inválido. Use números com até 2 casas decimais [_log | meu_logger]
2025-05-30 10:29:55,399 - INFO - [DialogAdicionarProduto.coletar_dados] Coletando dados do formulário. [_log | meu_logger]
2025-05-30 10:29:55,400 - ERROR - [DialogAdicionarProduto._validar_preco] Erro ao validar preço: valor inválido. [_log | meu_logger]
2025-05-30 10:29:55,400 - ERROR - [DialogAdicionarProduto.salvar] Erro durante o salvamento: Preço inválido. Use números com até 2 casas decimais [_log | meu_logger]
2025-05-30 10:29:55,400 - ERROR - [DialogAdicionarProduto._mostrar_erro] Exibindo erro: Preço inválido. Use números com até 2 casas decimais [_log | meu_logger]
2025-05-30 10:30:02,895 - INFO - [DialogAdicionarProduto.cancelar] Operação cancelada pelo usuário. [_log | meu_logger]
2025-05-30 10:30:02,895 - DEBUG - [EstoquePageController.cancelar_callback] Operação cancelada pelo usuário [_log | meu_logger]
2025-05-30 10:30:02,895 - INFO - [DialogAdicionarProduto.fechar] Fechando o diálogo. [_log | meu_logger]
2025-05-30 10:30:02,900 - INFO - [DialogAdicionarProduto.fechar] Fechando o diálogo. [_log | meu_logger]
2025-05-30 10:50:13,691 - DEBUG - [RodapePaginacao.proxima_pagina] Botão 'próximo' clicado. [_log | meu_logger]
2025-05-30 10:50:13,691 - DEBUG - [RodapePaginacao.proxima_pagina] Página atual já é a última. Nenhuma ação tomada. [_log | meu_logger]
2025-05-30 10:50:18,954 - DEBUG - [EstoquePageController.carregar_dados_estoque] Buscando dados de produtos no model. [_log | meu_logger]
2025-05-30 10:50:18,955 - DEBUG - [EstoqueDataHandler.listar_produtos_paginados] Chamando listar_produtos() com: Página=1, Quantidade=20, OrdenarPor=None, Filtros=None [_log | meu_logger]
2025-05-30 10:50:18,958 - DEBUG - [EstoqueModel.get_colunas_produto] Buscando colunas da tabela 'produto'. [_log | meu_logger]
2025-05-30 10:50:18,962 - DEBUG - [EstoqueModel.get_colunas_produto] Colunas encontradas: ['id', 'nome', 'descricao', 'preco', 'quantidade', 'tipo'] [_log | meu_logger]
2025-05-30 10:50:18,962 - INFO - [EstoquePageView.alimentar_Dados] Atualizando dados da tabela... [_log | meu_logger]
2025-05-30 10:50:18,971 - DEBUG - [EstoquePageView.alimentar_Dados] Headers: ['id', 'nome', 'descricao', 'preco', 'quantidade', 'tipo'] [_log | meu_logger]
2025-05-30 10:50:18,971 - DEBUG - [EstoquePageView.alimentar_Dados] Total de linhas: 20 [_log | meu_logger]
2025-05-30 10:53:42,311 - INFO - [EstoquePage.__init__] Iniciando EstoquePage... [_log | meu_logger]
2025-05-30 10:53:42,319 - INFO - [EstoqueModel.__init__] EstoqueModel inicializado. [_log | meu_logger]
2025-05-30 10:53:42,322 - INFO - [RodapePaginacao.__init__] RodapePaginacao inicializado. [_log | meu_logger]
2025-05-30 10:53:42,324 - DEBUG - [RodapePaginacao.__init__] Total de páginas definido: None [_log | meu_logger]
2025-05-30 10:53:42,333 - INFO - [EstoquePageView.__init__] EstoquePageView inicializado. [_log | meu_logger]
2025-05-30 10:53:42,335 - INFO - [EstoquePageController.__init__] EstoquePageController inicializado. [_log | meu_logger]
2025-05-30 10:53:42,336 - INFO - [EstoquePage.__init__] EstoquePageController criado com sucesso. [_log | meu_logger]
2025-05-30 10:53:42,337 - DEBUG - [EstoquePage.start] Método start() chamado. Exibindo view do estoque. [_log | meu_logger]
2025-05-30 10:53:42,337 - DEBUG - [EstoquePageController.exibir_view_estoque] Exibindo view_estoque. [_log | meu_logger]
2025-05-30 10:53:42,337 - DEBUG - [EstoquePageController.carregar_dados_estoque] Buscando dados de produtos no model. [_log | meu_logger]
2025-05-30 10:53:42,337 - DEBUG - [EstoqueDataHandler.listar_produtos_paginados] Chamando listar_produtos() com: Página=1, Quantidade=20, OrdenarPor=None, Filtros=None [_log | meu_logger]
2025-05-30 10:53:42,367 - DEBUG - [EstoqueModel.get_colunas_produto] Buscando colunas da tabela 'produto'. [_log | meu_logger]
2025-05-30 10:53:42,379 - DEBUG - [EstoqueModel.get_colunas_produto] Colunas encontradas: ['id', 'nome', 'descricao', 'preco', 'quantidade', 'tipo'] [_log | meu_logger]
2025-05-30 10:53:42,379 - INFO - [EstoquePageView.alimentar_Dados] Atualizando dados da tabela... [_log | meu_logger]
2025-05-30 10:53:42,388 - DEBUG - [EstoquePageView.alimentar_Dados] Headers: ['id', 'nome', 'descricao', 'preco', 'quantidade', 'tipo'] [_log | meu_logger]
2025-05-30 10:53:42,388 - DEBUG - [EstoquePageView.alimentar_Dados] Total de linhas: 20 [_log | meu_logger]
2025-05-30 10:53:42,389 - INFO - [EstoquePageView.create_view_estoque] Construindo view de estoque... [_log | meu_logger]
2025-05-30 10:53:42,392 - DEBUG - [RodapePaginacao.build] Chamando build() do RodapePaginacao. [_log | meu_logger]
2025-05-30 10:53:42,392 - DEBUG - [RodapePaginacao.construir] Construindo controles do rodapé de paginação. [_log | meu_logger]
2025-05-30 10:53:42,393 - DEBUG - [RodapePaginacao.construir] Texto da página: Página 1 de 2 [_log | meu_logger]
2025-05-30 10:53:42,423 - INFO - [EstoquePage.start] View de estoque adicionada à página. [_log | meu_logger]
2025-05-30 10:53:42,423 - DEBUG - [EstoqueDataHandler.listar_produtos_paginados] Chamando listar_produtos() com: Página=1, Quantidade=20, OrdenarPor=None, Filtros=None [_log | meu_logger]
2025-05-30 10:53:42,423 - DEBUG - [EstoqueDataHandler.listar_produtos_paginados] Usando resultado em cache da paginação. [_log | meu_logger]
2025-05-30 10:53:42,426 - DEBUG - [EstoquePage._log_initial_data] Dados iniciais carregados: [{'id': 4, 'nome': 'Pod 77', 'descricao': 'texto', 'preco': Decimal('778.00'), 'quantidade': 4, 'tipo': 'unidade'}]... [_log | meu_logger]
2025-05-30 10:53:45,281 - INFO - [DialogAdicionarProduto.__init__] Inicializando o DialogAdicionarProduto [_log | meu_logger]
2025-05-30 10:53:45,288 - INFO - [DialogAdicionarProduto.__init__] Diálogo inicializado com sucesso. [_log | meu_logger]
2025-05-30 10:53:45,289 - INFO - [DialogAdicionarProduto.mostrar] Exibindo o diálogo para adicionar/editar produto. [_log | meu_logger]
2025-05-30 10:53:45,289 - INFO - [DialogAdicionarProduto.mostrar] Criando novo produto. [_log | meu_logger]
2025-05-30 10:53:45,289 - INFO - [DialogAdicionarProduto.mostrar] Abrindo o diálogo. [_log | meu_logger]
2025-05-30 10:53:46,863 - INFO - [DialogAdicionarProduto.coletar_dados] Coletando dados do formulário. [_log | meu_logger]
2025-05-30 10:53:46,864 - ERROR - [DialogAdicionarProduto._validar_preco] Erro ao validar preço: valor inválido. [_log | meu_logger]
2025-05-30 10:53:46,865 - ERROR - [DialogAdicionarProduto.salvar] Erro durante o salvamento: Preço inválido. Use números com até 2 casas [_log | meu_logger]
2025-05-30 10:53:50,423 - INFO - [DialogAdicionarProduto.coletar_dados] Coletando dados do formulário. [_log | meu_logger]
2025-05-30 10:53:50,424 - ERROR - [DialogAdicionarProduto._validar_preco] Erro ao validar preço: valor inválido. [_log | meu_logger]
2025-05-30 10:53:50,424 - ERROR - [DialogAdicionarProduto.salvar] Erro durante o salvamento: Preço inválido. Use números com até 2 casas [_log | meu_logger]
