2025-05-29 07:42:56,477 - INFO - [EstoquePage.__init__] Iniciando EstoquePage... [_log | meu_logger]
2025-05-29 07:42:56,483 - INFO - [EstoqueModel.__init__] EstoqueModel inicializado. [_log | meu_logger]
2025-05-29 07:42:56,485 - INFO - [RodapePaginacao.__init__] RodapePaginacao inicializado. [_log | meu_logger]
2025-05-29 07:42:56,485 - DEBUG - [RodapePaginacao.__init__] Total de páginas definido: None [_log | meu_logger]
2025-05-29 07:42:56,487 - INFO - [EstoquePageView.__init__] EstoquePageView inicializado. [_log | meu_logger]
2025-05-29 07:42:56,488 - INFO - [EstoquePageController.__init__] EstoquePageController inicializado. [_log | meu_logger]
2025-05-29 07:42:56,489 - INFO - [EstoquePage.__init__] EstoquePageController criado com sucesso. [_log | meu_logger]
2025-05-29 07:42:56,489 - DEBUG - [EstoquePage.start] Método start() chamado. Exibindo view do estoque. [_log | meu_logger]
2025-05-29 07:42:56,489 - DEBUG - [EstoquePageController.exibir_view_estoque] Exibindo view_estoque. [_log | meu_logger]
2025-05-29 07:42:56,490 - DEBUG - [EstoquePageController.carregar_dados_estoque] Buscando dados de produtos no model. [_log | meu_logger]
2025-05-29 07:42:56,491 - DEBUG - [EstoquePageController.listar_produtos_paginados] Chamando listar_produtos() com: Página=1, Quantidade=20, OrdenarPor=None, Filtros=None [_log | meu_logger]
2025-05-29 07:42:56,669 - DEBUG - [EstoqueModel.get_colunas_produto] Buscando colunas da tabela 'produto'. [_log | meu_logger]
2025-05-29 07:42:56,720 - DEBUG - [EstoqueModel.get_colunas_produto] Colunas encontradas: ['id', 'nome', 'descricao', 'preco', 'quantidade', 'tipo'] [_log | meu_logger]
2025-05-29 07:42:56,720 - DEBUG - [EstoquePageController.carregar_dados_estoque] 6 colunas retornadas. [_log | meu_logger]
2025-05-29 07:42:56,720 - DEBUG - [EstoquePageController.carregar_dados_estoque] 20 produtos retornados. [_log | meu_logger]
2025-05-29 07:42:56,720 - DEBUG - [EstoquePageController.carregar_dados_estoque] Total de páginas: 2 [_log | meu_logger]
2025-05-29 07:42:56,721 - INFO - [EstoquePageView.alimentar_Dados] Atualizando dados da tabela... [_log | meu_logger]
2025-05-29 07:42:56,730 - DEBUG - [EstoquePageView.alimentar_Dados] Headers: ['id', 'nome', 'descricao', 'preco', 'quantidade', 'tipo'] [_log | meu_logger]
2025-05-29 07:42:56,730 - DEBUG - [EstoquePageView.alimentar_Dados] Total de linhas: 20 [_log | meu_logger]
2025-05-29 07:42:56,731 - INFO - [EstoquePageView.create_view_estoque] Construindo view de estoque... [_log | meu_logger]
2025-05-29 07:42:56,733 - DEBUG - [RodapePaginacao.build] Chamando build() do RodapePaginacao. [_log | meu_logger]
2025-05-29 07:42:56,733 - DEBUG - [RodapePaginacao.construir] Construindo controles do rodapé de paginação. [_log | meu_logger]
2025-05-29 07:42:56,733 - DEBUG - [RodapePaginacao.construir] Texto da página: Página 1 de 2 [_log | meu_logger]
2025-05-29 07:42:56,754 - INFO - [EstoquePage.start] View de estoque adicionada à página. [_log | meu_logger]
2025-05-29 07:42:56,757 - DEBUG - [EstoquePageController.listar_produtos_paginados] Chamando listar_produtos() com: Página=1, Quantidade=20, OrdenarPor=None, Filtros=None [_log | meu_logger]
2025-05-29 07:42:56,757 - DEBUG - [EstoquePageController.listar_produtos_paginados] Usando resultado em cache da paginação. [_log | meu_logger]
2025-05-29 07:42:56,758 - INFO - [EstoquePage.start] {'dados': [{'id': 4, 'nome': 'Pod 77', 'descricao': 'texto', 'preco': Decimal('778.00'), 'quantidade': 4, 'tipo': 'unidade'}, {'id': 5, 'nome': 'Prod_88', 'descricao': 'Descrição Nova', 'preco': Decimal('77.00'), 'quantidade': 44, 'tipo': 'kg'}, {'id': 6, 'nome': 'Prod_77', 'descricao': 'l', 'preco': Decimal('85.00'), 'quantidade': 88, 'tipo': 'litro'}, {'id': 8, 'nome': 'kkk', 'descricao': 'kkkk', 'preco': Decimal('99.00'), 'quantidade': 555, 'tipo': 'caixa'}, {'id': 9, 'nome': 'A', 'descricao': 'A', 'preco': Decimal('1.00'), 'quantidade': 14, 'tipo': 'unidade'}, {'id': 10, 'nome': 'p1', 'descricao': 'p1', 'preco': Decimal('0.00'), 'quantidade': 1, 'tipo': 'unidade'}, {'id': 11, 'nome': 'phujkfv', 'descricao': 'uku', 'preco': Decimal('33.00'), 'quantidade': 33, 'tipo': 'kg'}, {'id': 12, 'nome': 'fdfdf', 'descricao': 'dfsfs', 'preco': Decimal('5215.00'), 'quantidade': 515, 'tipo': 'unidade'}, {'id': 13, 'nome': 'dfsdf', 'descricao': 'sfsdf', 'preco': Decimal('515.00'), 'quantidade': 22, 'tipo': 'unidade'}, {'id': 15, 'nome': 'tttt', 'descricao': 'trtr', 'preco': Decimal('55.00'), 'quantidade': 55, 'tipo': 'unidade'}, {'id': 16, 'nome': 'Teste', 'descricao': '77', 'preco': Decimal('58.00'), 'quantidade': 77, 'tipo': 'litro'}, {'id': 17, 'nome': 'Maste', 'descricao': 'dsd', 'preco': Decimal('44.00'), 'quantidade': 44, 'tipo': 'litro'}, {'id': 18, 'nome': '2', 'descricao': '22', 'preco': Decimal('525.00'), 'quantidade': 55, 'tipo': 'kg'}, {'id': 19, 'nome': 'Tes_ide', 'descricao': '2121ff', 'preco': Decimal('8547.00'), 'quantidade': 223, 'tipo': 'unidade'}, {'id': 20, 'nome': 'Tes_ide', 'descricao': '2121ff', 'preco': Decimal('8547.00'), 'quantidade': 223, 'tipo': 'unidade'}, {'id': 21, 'nome': 'Tes_ide', 'descricao': '2121ff', 'preco': Decimal('8547.00'), 'quantidade': 223, 'tipo': 'unidade'}, {'id': 22, 'nome': 'Bolo de Chocolate', 'descricao': None, 'preco': Decimal('50.00'), 'quantidade': 1, 'tipo': 'unidade'}, {'id': 23, 'nome': 'Bolo de Morango', 'descricao': None, 'preco': Decimal('45.00'), 'quantidade': 1, 'tipo': 'unidade'}, {'id': 24, 'nome': 'Cupcake', 'descricao': None, 'preco': Decimal('5.00'), 'quantidade': 12, 'tipo': 'unidade'}, {'id': 25, 'nome': 'Torta de Maçã', 'descricao': None, 'preco': Decimal('40.00'), 'quantidade': 1, 'tipo': 'unidade'}], 'colunas': ['id', 'nome', 'descricao', 'preco', 'quantidade', 'tipo'], 'pagina_atual': 1, 'por_pagina': 20, 'total_registros': 21, 'total_paginas': 2} [_log | meu_logger]
2025-05-29 07:43:57,788 - INFO - [EstoquePage.__init__] Iniciando EstoquePage... [_log | meu_logger]
2025-05-29 07:43:57,795 - INFO - [EstoqueModel.__init__] EstoqueModel inicializado. [_log | meu_logger]
2025-05-29 07:43:57,797 - INFO - [RodapePaginacao.__init__] RodapePaginacao inicializado. [_log | meu_logger]
2025-05-29 07:43:57,797 - DEBUG - [RodapePaginacao.__init__] Total de páginas definido: None [_log | meu_logger]
2025-05-29 07:43:57,799 - INFO - [EstoquePageView.__init__] EstoquePageView inicializado. [_log | meu_logger]
2025-05-29 07:43:57,838 - INFO - [EstoquePageController.__init__] EstoquePageController inicializado. [_log | meu_logger]
2025-05-29 07:43:57,845 - INFO - [EstoquePage.__init__] EstoquePageController criado com sucesso. [_log | meu_logger]
2025-05-29 07:43:57,847 - DEBUG - [EstoquePage.start] Método start() chamado. Exibindo view do estoque. [_log | meu_logger]
2025-05-29 07:43:57,847 - DEBUG - [EstoquePageController.exibir_view_estoque] Exibindo view_estoque. [_log | meu_logger]
2025-05-29 07:43:57,848 - DEBUG - [EstoquePageController.carregar_dados_estoque] Buscando dados de produtos no model. [_log | meu_logger]
2025-05-29 07:43:57,849 - DEBUG - [EstoquePageController.listar_produtos_paginados] Chamando listar_produtos() com: Página=1, Quantidade=20, OrdenarPor=None, Filtros=None [_log | meu_logger]
2025-05-29 07:43:57,886 - DEBUG - [EstoqueModel.get_colunas_produto] Buscando colunas da tabela 'produto'. [_log | meu_logger]
2025-05-29 07:43:57,900 - DEBUG - [EstoqueModel.get_colunas_produto] Colunas encontradas: ['id', 'nome', 'descricao', 'preco', 'quantidade', 'tipo'] [_log | meu_logger]
2025-05-29 07:43:57,900 - DEBUG - [EstoquePageController.carregar_dados_estoque] 6 colunas retornadas. [_log | meu_logger]
2025-05-29 07:43:57,901 - DEBUG - [EstoquePageController.carregar_dados_estoque] 20 produtos retornados. [_log | meu_logger]
2025-05-29 07:43:57,901 - DEBUG - [EstoquePageController.carregar_dados_estoque] Total de páginas: 2 [_log | meu_logger]
2025-05-29 07:43:57,901 - INFO - [EstoquePageView.alimentar_Dados] Atualizando dados da tabela... [_log | meu_logger]
2025-05-29 07:43:57,909 - DEBUG - [EstoquePageView.alimentar_Dados] Headers: ['id', 'nome', 'descricao', 'preco', 'quantidade', 'tipo'] [_log | meu_logger]
2025-05-29 07:43:57,910 - DEBUG - [EstoquePageView.alimentar_Dados] Total de linhas: 20 [_log | meu_logger]
2025-05-29 07:43:57,912 - INFO - [EstoquePageView.create_view_estoque] Construindo view de estoque... [_log | meu_logger]
2025-05-29 07:43:57,919 - DEBUG - [RodapePaginacao.build] Chamando build() do RodapePaginacao. [_log | meu_logger]
2025-05-29 07:43:57,919 - DEBUG - [RodapePaginacao.construir] Construindo controles do rodapé de paginação. [_log | meu_logger]
2025-05-29 07:43:57,920 - DEBUG - [RodapePaginacao.construir] Texto da página: Página 1 de 2 [_log | meu_logger]
2025-05-29 07:43:57,944 - INFO - [EstoquePage.start] View de estoque adicionada à página. [_log | meu_logger]
2025-05-29 07:43:57,945 - DEBUG - [EstoquePageController.listar_produtos_paginados] Chamando listar_produtos() com: Página=1, Quantidade=20, OrdenarPor=None, Filtros=None [_log | meu_logger]
2025-05-29 07:43:57,945 - DEBUG - [EstoquePageController.listar_produtos_paginados] Usando resultado em cache da paginação. [_log | meu_logger]
2025-05-29 07:43:57,946 - INFO - [EstoquePage.start] {'dados': [{'id': 4, 'nome': 'Pod 77', 'descricao': 'texto', 'preco': Decimal('778.00'), 'quantidade': 4, 'tipo': 'unidade'}, {'id': 5, 'nome': 'Prod_88', 'descricao': 'Descrição Nova', 'preco': Decimal('77.00'), 'quantidade': 44, 'tipo': 'kg'}, {'id': 6, 'nome': 'Prod_77', 'descricao': 'l', 'preco': Decimal('85.00'), 'quantidade': 88, 'tipo': 'litro'}, {'id': 8, 'nome': 'kkk', 'descricao': 'kkkk', 'preco': Decimal('99.00'), 'quantidade': 555, 'tipo': 'caixa'}, {'id': 9, 'nome': 'A', 'descricao': 'A', 'preco': Decimal('1.00'), 'quantidade': 14, 'tipo': 'unidade'}, {'id': 10, 'nome': 'p1', 'descricao': 'p1', 'preco': Decimal('0.00'), 'quantidade': 1, 'tipo': 'unidade'}, {'id': 11, 'nome': 'phujkfv', 'descricao': 'uku', 'preco': Decimal('33.00'), 'quantidade': 33, 'tipo': 'kg'}, {'id': 12, 'nome': 'fdfdf', 'descricao': 'dfsfs', 'preco': Decimal('5215.00'), 'quantidade': 515, 'tipo': 'unidade'}, {'id': 13, 'nome': 'dfsdf', 'descricao': 'sfsdf', 'preco': Decimal('515.00'), 'quantidade': 22, 'tipo': 'unidade'}, {'id': 15, 'nome': 'tttt', 'descricao': 'trtr', 'preco': Decimal('55.00'), 'quantidade': 55, 'tipo': 'unidade'}, {'id': 16, 'nome': 'Teste', 'descricao': '77', 'preco': Decimal('58.00'), 'quantidade': 77, 'tipo': 'litro'}, {'id': 17, 'nome': 'Maste', 'descricao': 'dsd', 'preco': Decimal('44.00'), 'quantidade': 44, 'tipo': 'litro'}, {'id': 18, 'nome': '2', 'descricao': '22', 'preco': Decimal('525.00'), 'quantidade': 55, 'tipo': 'kg'}, {'id': 19, 'nome': 'Tes_ide', 'descricao': '2121ff', 'preco': Decimal('8547.00'), 'quantidade': 223, 'tipo': 'unidade'}, {'id': 20, 'nome': 'Tes_ide', 'descricao': '2121ff', 'preco': Decimal('8547.00'), 'quantidade': 223, 'tipo': 'unidade'}, {'id': 21, 'nome': 'Tes_ide', 'descricao': '2121ff', 'preco': Decimal('8547.00'), 'quantidade': 223, 'tipo': 'unidade'}, {'id': 22, 'nome': 'Bolo de Chocolate', 'descricao': None, 'preco': Decimal('50.00'), 'quantidade': 1, 'tipo': 'unidade'}, {'id': 23, 'nome': 'Bolo de Morango', 'descricao': None, 'preco': Decimal('45.00'), 'quantidade': 1, 'tipo': 'unidade'}, {'id': 24, 'nome': 'Cupcake', 'descricao': None, 'preco': Decimal('5.00'), 'quantidade': 12, 'tipo': 'unidade'}, {'id': 25, 'nome': 'Torta de Maçã', 'descricao': None, 'preco': Decimal('40.00'), 'quantidade': 1, 'tipo': 'unidade'}], 'colunas': ['id', 'nome', 'descricao', 'preco', 'quantidade', 'tipo'], 'pagina_atual': 1, 'por_pagina': 20, 'total_registros': 21, 'total_paginas': 2} [_log | meu_logger]
2025-05-29 07:43:59,647 - DEBUG - [EstoquePageController.adicionar_produto] Função adicionar_produto iniciada [_log | meu_logger]
2025-05-29 07:44:01,463 - DEBUG - [EstoquePageController.adicionar_produto] Função adicionar_produto iniciada [_log | meu_logger]
2025-05-29 07:57:46,462 - INFO - [EstoquePage.__init__] Iniciando EstoquePage... [_log | meu_logger]
2025-05-29 07:57:46,469 - INFO - [EstoqueModel.__init__] EstoqueModel inicializado. [_log | meu_logger]
2025-05-29 07:57:46,474 - INFO - [RodapePaginacao.__init__] RodapePaginacao inicializado. [_log | meu_logger]
2025-05-29 07:57:46,479 - DEBUG - [RodapePaginacao.__init__] Total de páginas definido: None [_log | meu_logger]
2025-05-29 07:57:46,487 - INFO - [EstoquePageView.__init__] EstoquePageView inicializado. [_log | meu_logger]
2025-05-29 07:57:46,489 - INFO - [DialogAdicionarProduto.__init__] Inicializando o DialogAdicionarProduto [_log | meu_logger]
2025-05-29 07:57:46,490 - INFO - [DialogAdicionarProduto.__init__] Diálogo inicializado com sucesso. [_log | meu_logger]
2025-05-29 07:57:46,490 - INFO - [EstoquePageController.__init__] EstoquePageController inicializado. [_log | meu_logger]
2025-05-29 07:57:46,491 - INFO - [EstoquePage.__init__] EstoquePageController criado com sucesso. [_log | meu_logger]
2025-05-29 07:57:46,491 - DEBUG - [EstoquePage.start] Método start() chamado. Exibindo view do estoque. [_log | meu_logger]
2025-05-29 07:57:46,492 - DEBUG - [EstoquePageController.exibir_view_estoque] Exibindo view_estoque. [_log | meu_logger]
2025-05-29 07:57:46,492 - DEBUG - [EstoquePageController.carregar_dados_estoque] Buscando dados de produtos no model. [_log | meu_logger]
2025-05-29 07:57:46,492 - DEBUG - [EstoquePageController.listar_produtos_paginados] Chamando listar_produtos() com: Página=1, Quantidade=20, OrdenarPor=None, Filtros=None [_log | meu_logger]
2025-05-29 07:57:46,526 - DEBUG - [EstoqueModel.get_colunas_produto] Buscando colunas da tabela 'produto'. [_log | meu_logger]
2025-05-29 07:57:46,540 - DEBUG - [EstoqueModel.get_colunas_produto] Colunas encontradas: ['id', 'nome', 'descricao', 'preco', 'quantidade', 'tipo'] [_log | meu_logger]
2025-05-29 07:57:46,540 - DEBUG - [EstoquePageController.carregar_dados_estoque] 6 colunas retornadas. [_log | meu_logger]
2025-05-29 07:57:46,540 - DEBUG - [EstoquePageController.carregar_dados_estoque] 20 produtos retornados. [_log | meu_logger]
2025-05-29 07:57:46,541 - DEBUG - [EstoquePageController.carregar_dados_estoque] Total de páginas: 2 [_log | meu_logger]
2025-05-29 07:57:46,541 - INFO - [EstoquePageView.alimentar_Dados] Atualizando dados da tabela... [_log | meu_logger]
2025-05-29 07:57:46,552 - DEBUG - [EstoquePageView.alimentar_Dados] Headers: ['id', 'nome', 'descricao', 'preco', 'quantidade', 'tipo'] [_log | meu_logger]
2025-05-29 07:57:46,553 - DEBUG - [EstoquePageView.alimentar_Dados] Total de linhas: 20 [_log | meu_logger]
2025-05-29 07:57:46,554 - INFO - [EstoquePageView.create_view_estoque] Construindo view de estoque... [_log | meu_logger]
2025-05-29 07:57:46,557 - DEBUG - [RodapePaginacao.build] Chamando build() do RodapePaginacao. [_log | meu_logger]
2025-05-29 07:57:46,558 - DEBUG - [RodapePaginacao.construir] Construindo controles do rodapé de paginação. [_log | meu_logger]
2025-05-29 07:57:46,558 - DEBUG - [RodapePaginacao.construir] Texto da página: Página 1 de 2 [_log | meu_logger]
2025-05-29 07:57:46,604 - INFO - [EstoquePage.start] View de estoque adicionada à página. [_log | meu_logger]
2025-05-29 07:57:46,605 - DEBUG - [EstoquePageController.listar_produtos_paginados] Chamando listar_produtos() com: Página=1, Quantidade=20, OrdenarPor=None, Filtros=None [_log | meu_logger]
2025-05-29 07:57:46,605 - DEBUG - [EstoquePageController.listar_produtos_paginados] Usando resultado em cache da paginação. [_log | meu_logger]
2025-05-29 07:57:46,606 - INFO - [EstoquePage.start] {'dados': [{'id': 4, 'nome': 'Pod 77', 'descricao': 'texto', 'preco': Decimal('778.00'), 'quantidade': 4, 'tipo': 'unidade'}, {'id': 5, 'nome': 'Prod_88', 'descricao': 'Descrição Nova', 'preco': Decimal('77.00'), 'quantidade': 44, 'tipo': 'kg'}, {'id': 6, 'nome': 'Prod_77', 'descricao': 'l', 'preco': Decimal('85.00'), 'quantidade': 88, 'tipo': 'litro'}, {'id': 8, 'nome': 'kkk', 'descricao': 'kkkk', 'preco': Decimal('99.00'), 'quantidade': 555, 'tipo': 'caixa'}, {'id': 9, 'nome': 'A', 'descricao': 'A', 'preco': Decimal('1.00'), 'quantidade': 14, 'tipo': 'unidade'}, {'id': 10, 'nome': 'p1', 'descricao': 'p1', 'preco': Decimal('0.00'), 'quantidade': 1, 'tipo': 'unidade'}, {'id': 11, 'nome': 'phujkfv', 'descricao': 'uku', 'preco': Decimal('33.00'), 'quantidade': 33, 'tipo': 'kg'}, {'id': 12, 'nome': 'fdfdf', 'descricao': 'dfsfs', 'preco': Decimal('5215.00'), 'quantidade': 515, 'tipo': 'unidade'}, {'id': 13, 'nome': 'dfsdf', 'descricao': 'sfsdf', 'preco': Decimal('515.00'), 'quantidade': 22, 'tipo': 'unidade'}, {'id': 15, 'nome': 'tttt', 'descricao': 'trtr', 'preco': Decimal('55.00'), 'quantidade': 55, 'tipo': 'unidade'}, {'id': 16, 'nome': 'Teste', 'descricao': '77', 'preco': Decimal('58.00'), 'quantidade': 77, 'tipo': 'litro'}, {'id': 17, 'nome': 'Maste', 'descricao': 'dsd', 'preco': Decimal('44.00'), 'quantidade': 44, 'tipo': 'litro'}, {'id': 18, 'nome': '2', 'descricao': '22', 'preco': Decimal('525.00'), 'quantidade': 55, 'tipo': 'kg'}, {'id': 19, 'nome': 'Tes_ide', 'descricao': '2121ff', 'preco': Decimal('8547.00'), 'quantidade': 223, 'tipo': 'unidade'}, {'id': 20, 'nome': 'Tes_ide', 'descricao': '2121ff', 'preco': Decimal('8547.00'), 'quantidade': 223, 'tipo': 'unidade'}, {'id': 21, 'nome': 'Tes_ide', 'descricao': '2121ff', 'preco': Decimal('8547.00'), 'quantidade': 223, 'tipo': 'unidade'}, {'id': 22, 'nome': 'Bolo de Chocolate', 'descricao': None, 'preco': Decimal('50.00'), 'quantidade': 1, 'tipo': 'unidade'}, {'id': 23, 'nome': 'Bolo de Morango', 'descricao': None, 'preco': Decimal('45.00'), 'quantidade': 1, 'tipo': 'unidade'}, {'id': 24, 'nome': 'Cupcake', 'descricao': None, 'preco': Decimal('5.00'), 'quantidade': 12, 'tipo': 'unidade'}, {'id': 25, 'nome': 'Torta de Maçã', 'descricao': None, 'preco': Decimal('40.00'), 'quantidade': 1, 'tipo': 'unidade'}], 'colunas': ['id', 'nome', 'descricao', 'preco', 'quantidade', 'tipo'], 'pagina_atual': 1, 'por_pagina': 20, 'total_registros': 21, 'total_paginas': 2} [_log | meu_logger]
2025-05-29 07:57:48,942 - DEBUG - [EstoquePageController.adicionar_produto] Função adicionar_produto iniciada [_log | meu_logger]
2025-05-29 07:57:48,943 - INFO - [DialogAdicionarProduto.mostrar] Exibindo o diálogo para adicionar produto. [_log | meu_logger]
2025-05-29 07:57:48,943 - DEBUG - [DialogAdicionarProduto.mostrar] Abrindo o diálogo na página. [_log | meu_logger]
2025-05-29 08:07:20,309 - INFO - [EstoquePage.__init__] Iniciando EstoquePage... [_log | meu_logger]
2025-05-29 08:07:20,313 - INFO - [EstoqueModel.__init__] EstoqueModel inicializado. [_log | meu_logger]
2025-05-29 08:07:20,317 - INFO - [RodapePaginacao.__init__] RodapePaginacao inicializado. [_log | meu_logger]
2025-05-29 08:07:20,319 - DEBUG - [RodapePaginacao.__init__] Total de páginas definido: None [_log | meu_logger]
2025-05-29 08:07:20,320 - INFO - [EstoquePageView.__init__] EstoquePageView inicializado. [_log | meu_logger]
2025-05-29 08:07:20,323 - INFO - [EstoquePageController.__init__] EstoquePageController inicializado. [_log | meu_logger]
2025-05-29 08:07:20,324 - INFO - [EstoquePage.__init__] EstoquePageController criado com sucesso. [_log | meu_logger]
2025-05-29 08:07:20,326 - DEBUG - [EstoquePage.start] Método start() chamado. Exibindo view do estoque. [_log | meu_logger]
2025-05-29 08:07:20,327 - DEBUG - [EstoquePageController.exibir_view_estoque] Exibindo view_estoque. [_log | meu_logger]
2025-05-29 08:07:20,327 - DEBUG - [EstoquePageController.carregar_dados_estoque] Buscando dados de produtos no model. [_log | meu_logger]
2025-05-29 08:07:20,328 - DEBUG - [EstoquePageController.listar_produtos_paginados] Chamando listar_produtos() com: Página=1, Quantidade=20, OrdenarPor=None, Filtros=None [_log | meu_logger]
2025-05-29 08:07:20,356 - DEBUG - [EstoqueModel.get_colunas_produto] Buscando colunas da tabela 'produto'. [_log | meu_logger]
2025-05-29 08:07:20,369 - DEBUG - [EstoqueModel.get_colunas_produto] Colunas encontradas: ['id', 'nome', 'descricao', 'preco', 'quantidade', 'tipo'] [_log | meu_logger]
2025-05-29 08:07:20,369 - DEBUG - [EstoquePageController.carregar_dados_estoque] 6 colunas retornadas. [_log | meu_logger]
2025-05-29 08:07:20,369 - DEBUG - [EstoquePageController.carregar_dados_estoque] 20 produtos retornados. [_log | meu_logger]
2025-05-29 08:07:20,370 - DEBUG - [EstoquePageController.carregar_dados_estoque] Total de páginas: 2 [_log | meu_logger]
2025-05-29 08:07:20,370 - INFO - [EstoquePageView.alimentar_Dados] Atualizando dados da tabela... [_log | meu_logger]
2025-05-29 08:07:20,378 - DEBUG - [EstoquePageView.alimentar_Dados] Headers: ['id', 'nome', 'descricao', 'preco', 'quantidade', 'tipo'] [_log | meu_logger]
2025-05-29 08:07:20,378 - DEBUG - [EstoquePageView.alimentar_Dados] Total de linhas: 20 [_log | meu_logger]
2025-05-29 08:07:20,379 - INFO - [EstoquePageView.create_view_estoque] Construindo view de estoque... [_log | meu_logger]
2025-05-29 08:07:20,381 - DEBUG - [RodapePaginacao.build] Chamando build() do RodapePaginacao. [_log | meu_logger]
2025-05-29 08:07:20,381 - DEBUG - [RodapePaginacao.construir] Construindo controles do rodapé de paginação. [_log | meu_logger]
2025-05-29 08:07:20,381 - DEBUG - [RodapePaginacao.construir] Texto da página: Página 1 de 2 [_log | meu_logger]
2025-05-29 08:07:20,402 - INFO - [EstoquePage.start] View de estoque adicionada à página. [_log | meu_logger]
2025-05-29 08:07:20,403 - DEBUG - [EstoquePageController.listar_produtos_paginados] Chamando listar_produtos() com: Página=1, Quantidade=20, OrdenarPor=None, Filtros=None [_log | meu_logger]
2025-05-29 08:07:20,405 - DEBUG - [EstoquePageController.listar_produtos_paginados] Usando resultado em cache da paginação. [_log | meu_logger]
2025-05-29 08:07:20,405 - INFO - [EstoquePage.start] {'dados': [{'id': 4, 'nome': 'Pod 77', 'descricao': 'texto', 'preco': Decimal('778.00'), 'quantidade': 4, 'tipo': 'unidade'}, {'id': 5, 'nome': 'Prod_88', 'descricao': 'Descrição Nova', 'preco': Decimal('77.00'), 'quantidade': 44, 'tipo': 'kg'}, {'id': 6, 'nome': 'Prod_77', 'descricao': 'l', 'preco': Decimal('85.00'), 'quantidade': 88, 'tipo': 'litro'}, {'id': 8, 'nome': 'kkk', 'descricao': 'kkkk', 'preco': Decimal('99.00'), 'quantidade': 555, 'tipo': 'caixa'}, {'id': 9, 'nome': 'A', 'descricao': 'A', 'preco': Decimal('1.00'), 'quantidade': 14, 'tipo': 'unidade'}, {'id': 10, 'nome': 'p1', 'descricao': 'p1', 'preco': Decimal('0.00'), 'quantidade': 1, 'tipo': 'unidade'}, {'id': 11, 'nome': 'phujkfv', 'descricao': 'uku', 'preco': Decimal('33.00'), 'quantidade': 33, 'tipo': 'kg'}, {'id': 12, 'nome': 'fdfdf', 'descricao': 'dfsfs', 'preco': Decimal('5215.00'), 'quantidade': 515, 'tipo': 'unidade'}, {'id': 13, 'nome': 'dfsdf', 'descricao': 'sfsdf', 'preco': Decimal('515.00'), 'quantidade': 22, 'tipo': 'unidade'}, {'id': 15, 'nome': 'tttt', 'descricao': 'trtr', 'preco': Decimal('55.00'), 'quantidade': 55, 'tipo': 'unidade'}, {'id': 16, 'nome': 'Teste', 'descricao': '77', 'preco': Decimal('58.00'), 'quantidade': 77, 'tipo': 'litro'}, {'id': 17, 'nome': 'Maste', 'descricao': 'dsd', 'preco': Decimal('44.00'), 'quantidade': 44, 'tipo': 'litro'}, {'id': 18, 'nome': '2', 'descricao': '22', 'preco': Decimal('525.00'), 'quantidade': 55, 'tipo': 'kg'}, {'id': 19, 'nome': 'Tes_ide', 'descricao': '2121ff', 'preco': Decimal('8547.00'), 'quantidade': 223, 'tipo': 'unidade'}, {'id': 20, 'nome': 'Tes_ide', 'descricao': '2121ff', 'preco': Decimal('8547.00'), 'quantidade': 223, 'tipo': 'unidade'}, {'id': 21, 'nome': 'Tes_ide', 'descricao': '2121ff', 'preco': Decimal('8547.00'), 'quantidade': 223, 'tipo': 'unidade'}, {'id': 22, 'nome': 'Bolo de Chocolate', 'descricao': None, 'preco': Decimal('50.00'), 'quantidade': 1, 'tipo': 'unidade'}, {'id': 23, 'nome': 'Bolo de Morango', 'descricao': None, 'preco': Decimal('45.00'), 'quantidade': 1, 'tipo': 'unidade'}, {'id': 24, 'nome': 'Cupcake', 'descricao': None, 'preco': Decimal('5.00'), 'quantidade': 12, 'tipo': 'unidade'}, {'id': 25, 'nome': 'Torta de Maçã', 'descricao': None, 'preco': Decimal('40.00'), 'quantidade': 1, 'tipo': 'unidade'}], 'colunas': ['id', 'nome', 'descricao', 'preco', 'quantidade', 'tipo'], 'pagina_atual': 1, 'por_pagina': 20, 'total_registros': 21, 'total_paginas': 2} [_log | meu_logger]
2025-05-29 08:07:21,992 - INFO - [DialogAdicionarProduto.__init__] Inicializando o DialogAdicionarProduto [_log | meu_logger]
2025-05-29 08:07:21,993 - INFO - [DialogAdicionarProduto.__init__] Diálogo inicializado com sucesso. [_log | meu_logger]
2025-05-29 08:07:21,994 - INFO - [DialogAdicionarProduto.mostrar] Exibindo o diálogo para adicionar produto. [_log | meu_logger]
2025-05-29 08:07:44,959 - DEBUG - [EstoquePageController.busca_por_nome] Buscando produtos por nome: A [_log | meu_logger]
2025-05-29 08:07:44,977 - DEBUG - [EstoqueModel.get_colunas_produto] Buscando colunas da tabela 'produto'. [_log | meu_logger]
2025-05-29 08:07:44,983 - DEBUG - [EstoqueModel.get_colunas_produto] Colunas encontradas: ['id', 'nome', 'descricao', 'preco', 'quantidade', 'tipo'] [_log | meu_logger]
2025-05-29 08:07:44,983 - INFO - [EstoquePageView.alimentar_Dados] Atualizando dados da tabela... [_log | meu_logger]
2025-05-29 08:07:44,985 - DEBUG - [EstoquePageView.alimentar_Dados] Headers: ['id', 'nome', 'descricao', 'preco', 'quantidade', 'tipo'] [_log | meu_logger]
2025-05-29 08:07:44,986 - DEBUG - [EstoquePageView.alimentar_Dados] Total de linhas: 1 [_log | meu_logger]
2025-05-29 08:07:49,079 - DEBUG - [EstoquePageController.carregar_dados_estoque] Buscando dados de produtos no model. [_log | meu_logger]
2025-05-29 08:07:49,079 - DEBUG - [EstoquePageController.listar_produtos_paginados] Chamando listar_produtos() com: Página=1, Quantidade=20, OrdenarPor=None, Filtros=None [_log | meu_logger]
2025-05-29 08:07:49,082 - DEBUG - [EstoqueModel.get_colunas_produto] Buscando colunas da tabela 'produto'. [_log | meu_logger]
2025-05-29 08:07:49,085 - DEBUG - [EstoqueModel.get_colunas_produto] Colunas encontradas: ['id', 'nome', 'descricao', 'preco', 'quantidade', 'tipo'] [_log | meu_logger]
2025-05-29 08:07:49,086 - DEBUG - [EstoquePageController.carregar_dados_estoque] 6 colunas retornadas. [_log | meu_logger]
2025-05-29 08:07:49,086 - DEBUG - [EstoquePageController.carregar_dados_estoque] 20 produtos retornados. [_log | meu_logger]
2025-05-29 08:07:49,086 - DEBUG - [EstoquePageController.carregar_dados_estoque] Total de páginas: 2 [_log | meu_logger]
2025-05-29 08:07:49,087 - INFO - [EstoquePageView.alimentar_Dados] Atualizando dados da tabela... [_log | meu_logger]
2025-05-29 08:07:49,096 - DEBUG - [EstoquePageView.alimentar_Dados] Headers: ['id', 'nome', 'descricao', 'preco', 'quantidade', 'tipo'] [_log | meu_logger]
2025-05-29 08:07:49,096 - DEBUG - [EstoquePageView.alimentar_Dados] Total de linhas: 20 [_log | meu_logger]
2025-05-29 08:07:49,911 - INFO - [DialogAdicionarProduto.__init__] Inicializando o DialogAdicionarProduto [_log | meu_logger]
2025-05-29 08:07:49,912 - INFO - [DialogAdicionarProduto.__init__] Diálogo inicializado com sucesso. [_log | meu_logger]
2025-05-29 08:07:49,912 - INFO - [DialogAdicionarProduto.mostrar] Exibindo o diálogo para adicionar produto. [_log | meu_logger]
2025-05-29 08:10:30,615 - INFO - [EstoquePage.__init__] Iniciando EstoquePage... [_log | meu_logger]
2025-05-29 08:10:30,628 - INFO - [EstoqueModel.__init__] EstoqueModel inicializado. [_log | meu_logger]
2025-05-29 08:10:30,637 - INFO - [RodapePaginacao.__init__] RodapePaginacao inicializado. [_log | meu_logger]
2025-05-29 08:10:30,637 - DEBUG - [RodapePaginacao.__init__] Total de páginas definido: None [_log | meu_logger]
2025-05-29 08:10:30,638 - INFO - [EstoquePageView.__init__] EstoquePageView inicializado. [_log | meu_logger]
2025-05-29 08:10:30,639 - INFO - [EstoquePageController.__init__] EstoquePageController inicializado. [_log | meu_logger]
2025-05-29 08:10:30,640 - INFO - [EstoquePage.__init__] EstoquePageController criado com sucesso. [_log | meu_logger]
2025-05-29 08:10:30,640 - DEBUG - [EstoquePage.start] Método start() chamado. Exibindo view do estoque. [_log | meu_logger]
2025-05-29 08:10:30,640 - DEBUG - [EstoquePageController.exibir_view_estoque] Exibindo view_estoque. [_log | meu_logger]
2025-05-29 08:10:30,643 - DEBUG - [EstoquePageController.carregar_dados_estoque] Buscando dados de produtos no model. [_log | meu_logger]
2025-05-29 08:10:30,667 - DEBUG - [EstoquePageController.listar_produtos_paginados] Chamando listar_produtos() com: Página=1, Quantidade=20, OrdenarPor=None, Filtros=None [_log | meu_logger]
2025-05-29 08:10:30,699 - DEBUG - [EstoqueModel.get_colunas_produto] Buscando colunas da tabela 'produto'. [_log | meu_logger]
2025-05-29 08:10:30,713 - DEBUG - [EstoqueModel.get_colunas_produto] Colunas encontradas: ['id', 'nome', 'descricao', 'preco', 'quantidade', 'tipo'] [_log | meu_logger]
2025-05-29 08:10:30,714 - DEBUG - [EstoquePageController.carregar_dados_estoque] 6 colunas retornadas. [_log | meu_logger]
2025-05-29 08:10:30,714 - DEBUG - [EstoquePageController.carregar_dados_estoque] 20 produtos retornados. [_log | meu_logger]
2025-05-29 08:10:30,714 - DEBUG - [EstoquePageController.carregar_dados_estoque] Total de páginas: 2 [_log | meu_logger]
2025-05-29 08:10:30,714 - INFO - [EstoquePageView.alimentar_Dados] Atualizando dados da tabela... [_log | meu_logger]
2025-05-29 08:10:30,722 - DEBUG - [EstoquePageView.alimentar_Dados] Headers: ['id', 'nome', 'descricao', 'preco', 'quantidade', 'tipo'] [_log | meu_logger]
2025-05-29 08:10:30,722 - DEBUG - [EstoquePageView.alimentar_Dados] Total de linhas: 20 [_log | meu_logger]
2025-05-29 08:10:30,723 - INFO - [EstoquePageView.create_view_estoque] Construindo view de estoque... [_log | meu_logger]
2025-05-29 08:10:30,726 - DEBUG - [RodapePaginacao.build] Chamando build() do RodapePaginacao. [_log | meu_logger]
2025-05-29 08:10:30,727 - DEBUG - [RodapePaginacao.construir] Construindo controles do rodapé de paginação. [_log | meu_logger]
2025-05-29 08:10:30,727 - DEBUG - [RodapePaginacao.construir] Texto da página: Página 1 de 2 [_log | meu_logger]
2025-05-29 08:10:30,758 - INFO - [EstoquePage.start] View de estoque adicionada à página. [_log | meu_logger]
2025-05-29 08:10:30,758 - DEBUG - [EstoquePageController.listar_produtos_paginados] Chamando listar_produtos() com: Página=1, Quantidade=20, OrdenarPor=None, Filtros=None [_log | meu_logger]
2025-05-29 08:10:30,758 - DEBUG - [EstoquePageController.listar_produtos_paginados] Usando resultado em cache da paginação. [_log | meu_logger]
2025-05-29 08:10:30,759 - INFO - [EstoquePage.start] {'dados': [{'id': 4, 'nome': 'Pod 77', 'descricao': 'texto', 'preco': Decimal('778.00'), 'quantidade': 4, 'tipo': 'unidade'}, {'id': 5, 'nome': 'Prod_88', 'descricao': 'Descrição Nova', 'preco': Decimal('77.00'), 'quantidade': 44, 'tipo': 'kg'}, {'id': 6, 'nome': 'Prod_77', 'descricao': 'l', 'preco': Decimal('85.00'), 'quantidade': 88, 'tipo': 'litro'}, {'id': 8, 'nome': 'kkk', 'descricao': 'kkkk', 'preco': Decimal('99.00'), 'quantidade': 555, 'tipo': 'caixa'}, {'id': 9, 'nome': 'A', 'descricao': 'A', 'preco': Decimal('1.00'), 'quantidade': 14, 'tipo': 'unidade'}, {'id': 10, 'nome': 'p1', 'descricao': 'p1', 'preco': Decimal('0.00'), 'quantidade': 1, 'tipo': 'unidade'}, {'id': 11, 'nome': 'phujkfv', 'descricao': 'uku', 'preco': Decimal('33.00'), 'quantidade': 33, 'tipo': 'kg'}, {'id': 12, 'nome': 'fdfdf', 'descricao': 'dfsfs', 'preco': Decimal('5215.00'), 'quantidade': 515, 'tipo': 'unidade'}, {'id': 13, 'nome': 'dfsdf', 'descricao': 'sfsdf', 'preco': Decimal('515.00'), 'quantidade': 22, 'tipo': 'unidade'}, {'id': 15, 'nome': 'tttt', 'descricao': 'trtr', 'preco': Decimal('55.00'), 'quantidade': 55, 'tipo': 'unidade'}, {'id': 16, 'nome': 'Teste', 'descricao': '77', 'preco': Decimal('58.00'), 'quantidade': 77, 'tipo': 'litro'}, {'id': 17, 'nome': 'Maste', 'descricao': 'dsd', 'preco': Decimal('44.00'), 'quantidade': 44, 'tipo': 'litro'}, {'id': 18, 'nome': '2', 'descricao': '22', 'preco': Decimal('525.00'), 'quantidade': 55, 'tipo': 'kg'}, {'id': 19, 'nome': 'Tes_ide', 'descricao': '2121ff', 'preco': Decimal('8547.00'), 'quantidade': 223, 'tipo': 'unidade'}, {'id': 20, 'nome': 'Tes_ide', 'descricao': '2121ff', 'preco': Decimal('8547.00'), 'quantidade': 223, 'tipo': 'unidade'}, {'id': 21, 'nome': 'Tes_ide', 'descricao': '2121ff', 'preco': Decimal('8547.00'), 'quantidade': 223, 'tipo': 'unidade'}, {'id': 22, 'nome': 'Bolo de Chocolate', 'descricao': None, 'preco': Decimal('50.00'), 'quantidade': 1, 'tipo': 'unidade'}, {'id': 23, 'nome': 'Bolo de Morango', 'descricao': None, 'preco': Decimal('45.00'), 'quantidade': 1, 'tipo': 'unidade'}, {'id': 24, 'nome': 'Cupcake', 'descricao': None, 'preco': Decimal('5.00'), 'quantidade': 12, 'tipo': 'unidade'}, {'id': 25, 'nome': 'Torta de Maçã', 'descricao': None, 'preco': Decimal('40.00'), 'quantidade': 1, 'tipo': 'unidade'}], 'colunas': ['id', 'nome', 'descricao', 'preco', 'quantidade', 'tipo'], 'pagina_atual': 1, 'por_pagina': 20, 'total_registros': 21, 'total_paginas': 2} [_log | meu_logger]
2025-05-29 08:10:32,221 - INFO - [DialogAdicionarProduto.__init__] Inicializando o DialogAdicionarProduto [_log | meu_logger]
2025-05-29 08:10:32,223 - INFO - [DialogAdicionarProduto.__init__] Diálogo inicializado com sucesso. [_log | meu_logger]
2025-05-29 08:10:32,224 - INFO - [DialogAdicionarProduto.mostrar] Exibindo o diálogo para adicionar produto. [_log | meu_logger]
2025-05-29 08:53:59,219 - INFO - [EstoquePage.__init__] Iniciando EstoquePage... [_log | meu_logger]
2025-05-29 08:53:59,224 - INFO - [EstoqueModel.__init__] EstoqueModel inicializado. [_log | meu_logger]
2025-05-29 08:53:59,225 - INFO - [RodapePaginacao.__init__] RodapePaginacao inicializado. [_log | meu_logger]
2025-05-29 08:53:59,226 - DEBUG - [RodapePaginacao.__init__] Total de páginas definido: None [_log | meu_logger]
2025-05-29 08:53:59,227 - INFO - [EstoquePageView.__init__] EstoquePageView inicializado. [_log | meu_logger]
2025-05-29 08:53:59,228 - INFO - [EstoquePageController.__init__] EstoquePageController inicializado. [_log | meu_logger]
2025-05-29 08:53:59,229 - INFO - [EstoquePage.__init__] EstoquePageController criado com sucesso. [_log | meu_logger]
2025-05-29 08:53:59,229 - DEBUG - [EstoquePage.start] Método start() chamado. Exibindo view do estoque. [_log | meu_logger]
2025-05-29 08:53:59,229 - DEBUG - [EstoquePageController.exibir_view_estoque] Exibindo view_estoque. [_log | meu_logger]
2025-05-29 08:53:59,229 - DEBUG - [EstoquePageController.carregar_dados_estoque] Buscando dados de produtos no model. [_log | meu_logger]
2025-05-29 08:53:59,230 - DEBUG - [EstoquePageController.listar_produtos_paginados] Chamando listar_produtos() com: Página=1, Quantidade=20, OrdenarPor=None, Filtros=None [_log | meu_logger]
2025-05-29 08:53:59,287 - DEBUG - [EstoqueModel.get_colunas_produto] Buscando colunas da tabela 'produto'. [_log | meu_logger]
2025-05-29 08:53:59,311 - DEBUG - [EstoqueModel.get_colunas_produto] Colunas encontradas: ['id', 'nome', 'descricao', 'preco', 'quantidade', 'tipo'] [_log | meu_logger]
2025-05-29 08:53:59,311 - DEBUG - [EstoquePageController.carregar_dados_estoque] 6 colunas retornadas. [_log | meu_logger]
2025-05-29 08:53:59,311 - DEBUG - [EstoquePageController.carregar_dados_estoque] 20 produtos retornados. [_log | meu_logger]
2025-05-29 08:53:59,311 - DEBUG - [EstoquePageController.carregar_dados_estoque] Total de páginas: 2 [_log | meu_logger]
2025-05-29 08:53:59,312 - INFO - [EstoquePageView.alimentar_Dados] Atualizando dados da tabela... [_log | meu_logger]
2025-05-29 08:53:59,321 - DEBUG - [EstoquePageView.alimentar_Dados] Headers: ['id', 'nome', 'descricao', 'preco', 'quantidade', 'tipo'] [_log | meu_logger]
2025-05-29 08:53:59,321 - DEBUG - [EstoquePageView.alimentar_Dados] Total de linhas: 20 [_log | meu_logger]
2025-05-29 08:53:59,322 - INFO - [EstoquePageView.create_view_estoque] Construindo view de estoque... [_log | meu_logger]
2025-05-29 08:53:59,324 - DEBUG - [RodapePaginacao.build] Chamando build() do RodapePaginacao. [_log | meu_logger]
2025-05-29 08:53:59,324 - DEBUG - [RodapePaginacao.construir] Construindo controles do rodapé de paginação. [_log | meu_logger]
2025-05-29 08:53:59,325 - DEBUG - [RodapePaginacao.construir] Texto da página: Página 1 de 2 [_log | meu_logger]
2025-05-29 08:53:59,342 - INFO - [EstoquePage.start] View de estoque adicionada à página. [_log | meu_logger]
2025-05-29 08:53:59,343 - DEBUG - [EstoquePageController.listar_produtos_paginados] Chamando listar_produtos() com: Página=1, Quantidade=20, OrdenarPor=None, Filtros=None [_log | meu_logger]
2025-05-29 08:53:59,343 - DEBUG - [EstoquePageController.listar_produtos_paginados] Usando resultado em cache da paginação. [_log | meu_logger]
2025-05-29 08:53:59,344 - INFO - [EstoquePage.start] {'dados': [{'id': 4, 'nome': 'Pod 77', 'descricao': 'texto', 'preco': Decimal('778.00'), 'quantidade': 4, 'tipo': 'unidade'}, {'id': 5, 'nome': 'Prod_88', 'descricao': 'Descrição Nova', 'preco': Decimal('77.00'), 'quantidade': 44, 'tipo': 'kg'}, {'id': 6, 'nome': 'Prod_77', 'descricao': 'l', 'preco': Decimal('85.00'), 'quantidade': 88, 'tipo': 'litro'}, {'id': 8, 'nome': 'kkk', 'descricao': 'kkkk', 'preco': Decimal('99.00'), 'quantidade': 555, 'tipo': 'caixa'}, {'id': 9, 'nome': 'A', 'descricao': 'A', 'preco': Decimal('1.00'), 'quantidade': 14, 'tipo': 'unidade'}, {'id': 10, 'nome': 'p1', 'descricao': 'p1', 'preco': Decimal('0.00'), 'quantidade': 1, 'tipo': 'unidade'}, {'id': 11, 'nome': 'phujkfv', 'descricao': 'uku', 'preco': Decimal('33.00'), 'quantidade': 33, 'tipo': 'kg'}, {'id': 12, 'nome': 'fdfdf', 'descricao': 'dfsfs', 'preco': Decimal('5215.00'), 'quantidade': 515, 'tipo': 'unidade'}, {'id': 13, 'nome': 'dfsdf', 'descricao': 'sfsdf', 'preco': Decimal('515.00'), 'quantidade': 22, 'tipo': 'unidade'}, {'id': 15, 'nome': 'tttt', 'descricao': 'trtr', 'preco': Decimal('55.00'), 'quantidade': 55, 'tipo': 'unidade'}, {'id': 16, 'nome': 'Teste', 'descricao': '77', 'preco': Decimal('58.00'), 'quantidade': 77, 'tipo': 'litro'}, {'id': 17, 'nome': 'Maste', 'descricao': 'dsd', 'preco': Decimal('44.00'), 'quantidade': 44, 'tipo': 'litro'}, {'id': 18, 'nome': '2', 'descricao': '22', 'preco': Decimal('525.00'), 'quantidade': 55, 'tipo': 'kg'}, {'id': 19, 'nome': 'Tes_ide', 'descricao': '2121ff', 'preco': Decimal('8547.00'), 'quantidade': 223, 'tipo': 'unidade'}, {'id': 20, 'nome': 'Tes_ide', 'descricao': '2121ff', 'preco': Decimal('8547.00'), 'quantidade': 223, 'tipo': 'unidade'}, {'id': 21, 'nome': 'Tes_ide', 'descricao': '2121ff', 'preco': Decimal('8547.00'), 'quantidade': 223, 'tipo': 'unidade'}, {'id': 22, 'nome': 'Bolo de Chocolate', 'descricao': None, 'preco': Decimal('50.00'), 'quantidade': 1, 'tipo': 'unidade'}, {'id': 23, 'nome': 'Bolo de Morango', 'descricao': None, 'preco': Decimal('45.00'), 'quantidade': 1, 'tipo': 'unidade'}, {'id': 24, 'nome': 'Cupcake', 'descricao': None, 'preco': Decimal('5.00'), 'quantidade': 12, 'tipo': 'unidade'}, {'id': 25, 'nome': 'Torta de Maçã', 'descricao': None, 'preco': Decimal('40.00'), 'quantidade': 1, 'tipo': 'unidade'}], 'colunas': ['id', 'nome', 'descricao', 'preco', 'quantidade', 'tipo'], 'pagina_atual': 1, 'por_pagina': 20, 'total_registros': 21, 'total_paginas': 2} [_log | meu_logger]
2025-05-29 08:54:01,503 - INFO - [DialogAdicionarProduto.__init__] Inicializando o DialogAdicionarProduto [_log | meu_logger]
2025-05-29 08:54:01,504 - INFO - [DialogAdicionarProduto.__init__] Diálogo inicializado com sucesso. [_log | meu_logger]
2025-05-29 08:59:52,293 - INFO - [EstoquePage.__init__] Iniciando EstoquePage... [_log | meu_logger]
2025-05-29 08:59:52,297 - INFO - [EstoqueModel.__init__] EstoqueModel inicializado. [_log | meu_logger]
2025-05-29 08:59:52,299 - INFO - [RodapePaginacao.__init__] RodapePaginacao inicializado. [_log | meu_logger]
2025-05-29 08:59:52,299 - DEBUG - [RodapePaginacao.__init__] Total de páginas definido: None [_log | meu_logger]
2025-05-29 08:59:52,301 - INFO - [EstoquePageView.__init__] EstoquePageView inicializado. [_log | meu_logger]
2025-05-29 08:59:52,302 - INFO - [EstoquePageController.__init__] EstoquePageController inicializado. [_log | meu_logger]
2025-05-29 08:59:52,303 - INFO - [EstoquePage.__init__] EstoquePageController criado com sucesso. [_log | meu_logger]
2025-05-29 08:59:52,304 - DEBUG - [EstoquePage.start] Método start() chamado. Exibindo view do estoque. [_log | meu_logger]
2025-05-29 08:59:52,305 - DEBUG - [EstoquePageController.exibir_view_estoque] Exibindo view_estoque. [_log | meu_logger]
2025-05-29 08:59:52,305 - DEBUG - [EstoquePageController.carregar_dados_estoque] Buscando dados de produtos no model. [_log | meu_logger]
2025-05-29 08:59:52,306 - DEBUG - [EstoquePageController.listar_produtos_paginados] Chamando listar_produtos() com: Página=1, Quantidade=20, OrdenarPor=None, Filtros=None [_log | meu_logger]
2025-05-29 08:59:52,341 - DEBUG - [EstoqueModel.get_colunas_produto] Buscando colunas da tabela 'produto'. [_log | meu_logger]
2025-05-29 08:59:52,358 - DEBUG - [EstoqueModel.get_colunas_produto] Colunas encontradas: ['id', 'nome', 'descricao', 'preco', 'quantidade', 'tipo'] [_log | meu_logger]
2025-05-29 08:59:52,358 - DEBUG - [EstoquePageController.carregar_dados_estoque] 6 colunas retornadas. [_log | meu_logger]
2025-05-29 08:59:52,359 - DEBUG - [EstoquePageController.carregar_dados_estoque] 20 produtos retornados. [_log | meu_logger]
2025-05-29 08:59:52,359 - DEBUG - [EstoquePageController.carregar_dados_estoque] Total de páginas: 2 [_log | meu_logger]
2025-05-29 08:59:52,359 - INFO - [EstoquePageView.alimentar_Dados] Atualizando dados da tabela... [_log | meu_logger]
2025-05-29 08:59:52,370 - DEBUG - [EstoquePageView.alimentar_Dados] Headers: ['id', 'nome', 'descricao', 'preco', 'quantidade', 'tipo'] [_log | meu_logger]
2025-05-29 08:59:52,370 - DEBUG - [EstoquePageView.alimentar_Dados] Total de linhas: 20 [_log | meu_logger]
2025-05-29 08:59:52,372 - INFO - [EstoquePageView.create_view_estoque] Construindo view de estoque... [_log | meu_logger]
2025-05-29 08:59:52,375 - DEBUG - [RodapePaginacao.build] Chamando build() do RodapePaginacao. [_log | meu_logger]
2025-05-29 08:59:52,376 - DEBUG - [RodapePaginacao.construir] Construindo controles do rodapé de paginação. [_log | meu_logger]
2025-05-29 08:59:52,378 - DEBUG - [RodapePaginacao.construir] Texto da página: Página 1 de 2 [_log | meu_logger]
2025-05-29 08:59:52,404 - INFO - [EstoquePage.start] View de estoque adicionada à página. [_log | meu_logger]
2025-05-29 08:59:52,406 - DEBUG - [EstoquePageController.listar_produtos_paginados] Chamando listar_produtos() com: Página=1, Quantidade=20, OrdenarPor=None, Filtros=None [_log | meu_logger]
2025-05-29 08:59:52,406 - DEBUG - [EstoquePageController.listar_produtos_paginados] Usando resultado em cache da paginação. [_log | meu_logger]
2025-05-29 08:59:52,407 - INFO - [EstoquePage.start] {'dados': [{'id': 4, 'nome': 'Pod 77', 'descricao': 'texto', 'preco': Decimal('778.00'), 'quantidade': 4, 'tipo': 'unidade'}, {'id': 5, 'nome': 'Prod_88', 'descricao': 'Descrição Nova', 'preco': Decimal('77.00'), 'quantidade': 44, 'tipo': 'kg'}, {'id': 6, 'nome': 'Prod_77', 'descricao': 'l', 'preco': Decimal('85.00'), 'quantidade': 88, 'tipo': 'litro'}, {'id': 8, 'nome': 'kkk', 'descricao': 'kkkk', 'preco': Decimal('99.00'), 'quantidade': 555, 'tipo': 'caixa'}, {'id': 9, 'nome': 'A', 'descricao': 'A', 'preco': Decimal('1.00'), 'quantidade': 14, 'tipo': 'unidade'}, {'id': 10, 'nome': 'p1', 'descricao': 'p1', 'preco': Decimal('0.00'), 'quantidade': 1, 'tipo': 'unidade'}, {'id': 11, 'nome': 'phujkfv', 'descricao': 'uku', 'preco': Decimal('33.00'), 'quantidade': 33, 'tipo': 'kg'}, {'id': 12, 'nome': 'fdfdf', 'descricao': 'dfsfs', 'preco': Decimal('5215.00'), 'quantidade': 515, 'tipo': 'unidade'}, {'id': 13, 'nome': 'dfsdf', 'descricao': 'sfsdf', 'preco': Decimal('515.00'), 'quantidade': 22, 'tipo': 'unidade'}, {'id': 15, 'nome': 'tttt', 'descricao': 'trtr', 'preco': Decimal('55.00'), 'quantidade': 55, 'tipo': 'unidade'}, {'id': 16, 'nome': 'Teste', 'descricao': '77', 'preco': Decimal('58.00'), 'quantidade': 77, 'tipo': 'litro'}, {'id': 17, 'nome': 'Maste', 'descricao': 'dsd', 'preco': Decimal('44.00'), 'quantidade': 44, 'tipo': 'litro'}, {'id': 18, 'nome': '2', 'descricao': '22', 'preco': Decimal('525.00'), 'quantidade': 55, 'tipo': 'kg'}, {'id': 19, 'nome': 'Tes_ide', 'descricao': '2121ff', 'preco': Decimal('8547.00'), 'quantidade': 223, 'tipo': 'unidade'}, {'id': 20, 'nome': 'Tes_ide', 'descricao': '2121ff', 'preco': Decimal('8547.00'), 'quantidade': 223, 'tipo': 'unidade'}, {'id': 21, 'nome': 'Tes_ide', 'descricao': '2121ff', 'preco': Decimal('8547.00'), 'quantidade': 223, 'tipo': 'unidade'}, {'id': 22, 'nome': 'Bolo de Chocolate', 'descricao': None, 'preco': Decimal('50.00'), 'quantidade': 1, 'tipo': 'unidade'}, {'id': 23, 'nome': 'Bolo de Morango', 'descricao': None, 'preco': Decimal('45.00'), 'quantidade': 1, 'tipo': 'unidade'}, {'id': 24, 'nome': 'Cupcake', 'descricao': None, 'preco': Decimal('5.00'), 'quantidade': 12, 'tipo': 'unidade'}, {'id': 25, 'nome': 'Torta de Maçã', 'descricao': None, 'preco': Decimal('40.00'), 'quantidade': 1, 'tipo': 'unidade'}], 'colunas': ['id', 'nome', 'descricao', 'preco', 'quantidade', 'tipo'], 'pagina_atual': 1, 'por_pagina': 20, 'total_registros': 21, 'total_paginas': 2} [_log | meu_logger]
2025-05-29 08:59:53,787 - INFO - [DialogAdicionarProduto.__init__] Inicializando o DialogAdicionarProduto [_log | meu_logger]
2025-05-29 08:59:53,788 - INFO - [DialogAdicionarProduto.__init__] Diálogo inicializado com sucesso. [_log | meu_logger]
2025-05-29 09:01:31,817 - INFO - [EstoquePage.__init__] Iniciando EstoquePage... [_log | meu_logger]
2025-05-29 09:01:31,825 - INFO - [EstoqueModel.__init__] EstoqueModel inicializado. [_log | meu_logger]
2025-05-29 09:01:31,827 - INFO - [RodapePaginacao.__init__] RodapePaginacao inicializado. [_log | meu_logger]
2025-05-29 09:01:31,827 - DEBUG - [RodapePaginacao.__init__] Total de páginas definido: None [_log | meu_logger]
2025-05-29 09:01:31,830 - INFO - [EstoquePageView.__init__] EstoquePageView inicializado. [_log | meu_logger]
2025-05-29 09:01:31,831 - INFO - [EstoquePageController.__init__] EstoquePageController inicializado. [_log | meu_logger]
2025-05-29 09:01:31,836 - INFO - [EstoquePage.__init__] EstoquePageController criado com sucesso. [_log | meu_logger]
2025-05-29 09:01:31,840 - DEBUG - [EstoquePage.start] Método start() chamado. Exibindo view do estoque. [_log | meu_logger]
2025-05-29 09:01:31,841 - DEBUG - [EstoquePageController.exibir_view_estoque] Exibindo view_estoque. [_log | meu_logger]
2025-05-29 09:01:31,848 - DEBUG - [EstoquePageController.carregar_dados_estoque] Buscando dados de produtos no model. [_log | meu_logger]
2025-05-29 09:01:31,854 - DEBUG - [EstoquePageController.listar_produtos_paginados] Chamando listar_produtos() com: Página=1, Quantidade=20, OrdenarPor=None, Filtros=None [_log | meu_logger]
2025-05-29 09:01:31,890 - DEBUG - [EstoqueModel.get_colunas_produto] Buscando colunas da tabela 'produto'. [_log | meu_logger]
2025-05-29 09:01:31,903 - DEBUG - [EstoqueModel.get_colunas_produto] Colunas encontradas: ['id', 'nome', 'descricao', 'preco', 'quantidade', 'tipo'] [_log | meu_logger]
2025-05-29 09:01:31,904 - DEBUG - [EstoquePageController.carregar_dados_estoque] 6 colunas retornadas. [_log | meu_logger]
2025-05-29 09:01:31,904 - DEBUG - [EstoquePageController.carregar_dados_estoque] 20 produtos retornados. [_log | meu_logger]
2025-05-29 09:01:31,904 - DEBUG - [EstoquePageController.carregar_dados_estoque] Total de páginas: 2 [_log | meu_logger]
2025-05-29 09:01:31,904 - INFO - [EstoquePageView.alimentar_Dados] Atualizando dados da tabela... [_log | meu_logger]
2025-05-29 09:01:31,914 - DEBUG - [EstoquePageView.alimentar_Dados] Headers: ['id', 'nome', 'descricao', 'preco', 'quantidade', 'tipo'] [_log | meu_logger]
2025-05-29 09:01:31,915 - DEBUG - [EstoquePageView.alimentar_Dados] Total de linhas: 20 [_log | meu_logger]
2025-05-29 09:01:31,916 - INFO - [EstoquePageView.create_view_estoque] Construindo view de estoque... [_log | meu_logger]
2025-05-29 09:01:31,919 - DEBUG - [RodapePaginacao.build] Chamando build() do RodapePaginacao. [_log | meu_logger]
2025-05-29 09:01:31,919 - DEBUG - [RodapePaginacao.construir] Construindo controles do rodapé de paginação. [_log | meu_logger]
2025-05-29 09:01:31,920 - DEBUG - [RodapePaginacao.construir] Texto da página: Página 1 de 2 [_log | meu_logger]
2025-05-29 09:01:31,944 - INFO - [EstoquePage.start] View de estoque adicionada à página. [_log | meu_logger]
2025-05-29 09:01:31,944 - DEBUG - [EstoquePageController.listar_produtos_paginados] Chamando listar_produtos() com: Página=1, Quantidade=20, OrdenarPor=None, Filtros=None [_log | meu_logger]
2025-05-29 09:01:31,945 - DEBUG - [EstoquePageController.listar_produtos_paginados] Usando resultado em cache da paginação. [_log | meu_logger]
2025-05-29 09:01:31,945 - INFO - [EstoquePage.start] {'dados': [{'id': 4, 'nome': 'Pod 77', 'descricao': 'texto', 'preco': Decimal('778.00'), 'quantidade': 4, 'tipo': 'unidade'}, {'id': 5, 'nome': 'Prod_88', 'descricao': 'Descrição Nova', 'preco': Decimal('77.00'), 'quantidade': 44, 'tipo': 'kg'}, {'id': 6, 'nome': 'Prod_77', 'descricao': 'l', 'preco': Decimal('85.00'), 'quantidade': 88, 'tipo': 'litro'}, {'id': 8, 'nome': 'kkk', 'descricao': 'kkkk', 'preco': Decimal('99.00'), 'quantidade': 555, 'tipo': 'caixa'}, {'id': 9, 'nome': 'A', 'descricao': 'A', 'preco': Decimal('1.00'), 'quantidade': 14, 'tipo': 'unidade'}, {'id': 10, 'nome': 'p1', 'descricao': 'p1', 'preco': Decimal('0.00'), 'quantidade': 1, 'tipo': 'unidade'}, {'id': 11, 'nome': 'phujkfv', 'descricao': 'uku', 'preco': Decimal('33.00'), 'quantidade': 33, 'tipo': 'kg'}, {'id': 12, 'nome': 'fdfdf', 'descricao': 'dfsfs', 'preco': Decimal('5215.00'), 'quantidade': 515, 'tipo': 'unidade'}, {'id': 13, 'nome': 'dfsdf', 'descricao': 'sfsdf', 'preco': Decimal('515.00'), 'quantidade': 22, 'tipo': 'unidade'}, {'id': 15, 'nome': 'tttt', 'descricao': 'trtr', 'preco': Decimal('55.00'), 'quantidade': 55, 'tipo': 'unidade'}, {'id': 16, 'nome': 'Teste', 'descricao': '77', 'preco': Decimal('58.00'), 'quantidade': 77, 'tipo': 'litro'}, {'id': 17, 'nome': 'Maste', 'descricao': 'dsd', 'preco': Decimal('44.00'), 'quantidade': 44, 'tipo': 'litro'}, {'id': 18, 'nome': '2', 'descricao': '22', 'preco': Decimal('525.00'), 'quantidade': 55, 'tipo': 'kg'}, {'id': 19, 'nome': 'Tes_ide', 'descricao': '2121ff', 'preco': Decimal('8547.00'), 'quantidade': 223, 'tipo': 'unidade'}, {'id': 20, 'nome': 'Tes_ide', 'descricao': '2121ff', 'preco': Decimal('8547.00'), 'quantidade': 223, 'tipo': 'unidade'}, {'id': 21, 'nome': 'Tes_ide', 'descricao': '2121ff', 'preco': Decimal('8547.00'), 'quantidade': 223, 'tipo': 'unidade'}, {'id': 22, 'nome': 'Bolo de Chocolate', 'descricao': None, 'preco': Decimal('50.00'), 'quantidade': 1, 'tipo': 'unidade'}, {'id': 23, 'nome': 'Bolo de Morango', 'descricao': None, 'preco': Decimal('45.00'), 'quantidade': 1, 'tipo': 'unidade'}, {'id': 24, 'nome': 'Cupcake', 'descricao': None, 'preco': Decimal('5.00'), 'quantidade': 12, 'tipo': 'unidade'}, {'id': 25, 'nome': 'Torta de Maçã', 'descricao': None, 'preco': Decimal('40.00'), 'quantidade': 1, 'tipo': 'unidade'}], 'colunas': ['id', 'nome', 'descricao', 'preco', 'quantidade', 'tipo'], 'pagina_atual': 1, 'por_pagina': 20, 'total_registros': 21, 'total_paginas': 2} [_log | meu_logger]
2025-05-29 09:01:33,282 - INFO - [DialogAdicionarProduto.__init__] Inicializando o DialogAdicionarProduto [_log | meu_logger]
2025-05-29 09:01:33,283 - INFO - [DialogAdicionarProduto.__init__] Diálogo inicializado com sucesso. [_log | meu_logger]
2025-05-29 09:01:33,283 - INFO - [DialogAdicionarProduto.mostrar] Exibindo o diálogo para adicionar produto. [_log | meu_logger]
2025-05-29 09:14:29,025 - INFO - [EstoquePage.__init__] Iniciando EstoquePage... [_log | meu_logger]
2025-05-29 09:14:29,040 - INFO - [EstoqueModel.__init__] EstoqueModel inicializado. [_log | meu_logger]
2025-05-29 09:14:29,042 - INFO - [RodapePaginacao.__init__] RodapePaginacao inicializado. [_log | meu_logger]
2025-05-29 09:14:29,042 - DEBUG - [RodapePaginacao.__init__] Total de páginas definido: None [_log | meu_logger]
2025-05-29 09:14:29,043 - INFO - [EstoquePageView.__init__] EstoquePageView inicializado. [_log | meu_logger]
2025-05-29 09:14:29,044 - INFO - [EstoquePageController.__init__] EstoquePageController inicializado. [_log | meu_logger]
2025-05-29 09:14:29,044 - INFO - [EstoquePage.__init__] EstoquePageController criado com sucesso. [_log | meu_logger]
2025-05-29 09:14:29,045 - DEBUG - [EstoquePage.start] Método start() chamado. Exibindo view do estoque. [_log | meu_logger]
2025-05-29 09:14:29,046 - DEBUG - [EstoquePageController.exibir_view_estoque] Exibindo view_estoque. [_log | meu_logger]
2025-05-29 09:14:29,046 - DEBUG - [EstoquePageController.carregar_dados_estoque] Buscando dados de produtos no model. [_log | meu_logger]
2025-05-29 09:14:29,046 - DEBUG - [EstoquePageController.listar_produtos_paginados] Chamando listar_produtos() com: Página=1, Quantidade=20, OrdenarPor=None, Filtros=None [_log | meu_logger]
2025-05-29 09:14:29,125 - DEBUG - [EstoqueModel.get_colunas_produto] Buscando colunas da tabela 'produto'. [_log | meu_logger]
2025-05-29 09:14:29,158 - DEBUG - [EstoqueModel.get_colunas_produto] Colunas encontradas: ['id', 'nome', 'descricao', 'preco', 'quantidade', 'tipo'] [_log | meu_logger]
2025-05-29 09:14:29,159 - DEBUG - [EstoquePageController.carregar_dados_estoque] 6 colunas retornadas. [_log | meu_logger]
2025-05-29 09:14:29,159 - DEBUG - [EstoquePageController.carregar_dados_estoque] 20 produtos retornados. [_log | meu_logger]
2025-05-29 09:14:29,159 - DEBUG - [EstoquePageController.carregar_dados_estoque] Total de páginas: 2 [_log | meu_logger]
2025-05-29 09:14:29,159 - INFO - [EstoquePageView.alimentar_Dados] Atualizando dados da tabela... [_log | meu_logger]
2025-05-29 09:14:29,168 - DEBUG - [EstoquePageView.alimentar_Dados] Headers: ['id', 'nome', 'descricao', 'preco', 'quantidade', 'tipo'] [_log | meu_logger]
2025-05-29 09:14:29,169 - DEBUG - [EstoquePageView.alimentar_Dados] Total de linhas: 20 [_log | meu_logger]
2025-05-29 09:14:29,171 - INFO - [EstoquePageView.create_view_estoque] Construindo view de estoque... [_log | meu_logger]
2025-05-29 09:14:29,173 - DEBUG - [RodapePaginacao.build] Chamando build() do RodapePaginacao. [_log | meu_logger]
2025-05-29 09:14:29,173 - DEBUG - [RodapePaginacao.construir] Construindo controles do rodapé de paginação. [_log | meu_logger]
2025-05-29 09:14:29,174 - DEBUG - [RodapePaginacao.construir] Texto da página: Página 1 de 2 [_log | meu_logger]
2025-05-29 09:14:29,197 - INFO - [EstoquePage.start] View de estoque adicionada à página. [_log | meu_logger]
2025-05-29 09:14:29,198 - DEBUG - [EstoquePageController.listar_produtos_paginados] Chamando listar_produtos() com: Página=1, Quantidade=20, OrdenarPor=None, Filtros=None [_log | meu_logger]
2025-05-29 09:14:29,198 - DEBUG - [EstoquePageController.listar_produtos_paginados] Usando resultado em cache da paginação. [_log | meu_logger]
2025-05-29 09:14:29,206 - INFO - [EstoquePage.start] {'dados': [{'id': 4, 'nome': 'Pod 77', 'descricao': 'texto', 'preco': Decimal('778.00'), 'quantidade': 4, 'tipo': 'unidade'}, {'id': 5, 'nome': 'Prod_88', 'descricao': 'Descrição Nova', 'preco': Decimal('77.00'), 'quantidade': 44, 'tipo': 'kg'}, {'id': 6, 'nome': 'Prod_77', 'descricao': 'l', 'preco': Decimal('85.00'), 'quantidade': 88, 'tipo': 'litro'}, {'id': 8, 'nome': 'kkk', 'descricao': 'kkkk', 'preco': Decimal('99.00'), 'quantidade': 555, 'tipo': 'caixa'}, {'id': 9, 'nome': 'A', 'descricao': 'A', 'preco': Decimal('1.00'), 'quantidade': 14, 'tipo': 'unidade'}, {'id': 10, 'nome': 'p1', 'descricao': 'p1', 'preco': Decimal('0.00'), 'quantidade': 1, 'tipo': 'unidade'}, {'id': 11, 'nome': 'phujkfv', 'descricao': 'uku', 'preco': Decimal('33.00'), 'quantidade': 33, 'tipo': 'kg'}, {'id': 12, 'nome': 'fdfdf', 'descricao': 'dfsfs', 'preco': Decimal('5215.00'), 'quantidade': 515, 'tipo': 'unidade'}, {'id': 13, 'nome': 'dfsdf', 'descricao': 'sfsdf', 'preco': Decimal('515.00'), 'quantidade': 22, 'tipo': 'unidade'}, {'id': 15, 'nome': 'tttt', 'descricao': 'trtr', 'preco': Decimal('55.00'), 'quantidade': 55, 'tipo': 'unidade'}, {'id': 16, 'nome': 'Teste', 'descricao': '77', 'preco': Decimal('58.00'), 'quantidade': 77, 'tipo': 'litro'}, {'id': 17, 'nome': 'Maste', 'descricao': 'dsd', 'preco': Decimal('44.00'), 'quantidade': 44, 'tipo': 'litro'}, {'id': 18, 'nome': '2', 'descricao': '22', 'preco': Decimal('525.00'), 'quantidade': 55, 'tipo': 'kg'}, {'id': 19, 'nome': 'Tes_ide', 'descricao': '2121ff', 'preco': Decimal('8547.00'), 'quantidade': 223, 'tipo': 'unidade'}, {'id': 20, 'nome': 'Tes_ide', 'descricao': '2121ff', 'preco': Decimal('8547.00'), 'quantidade': 223, 'tipo': 'unidade'}, {'id': 21, 'nome': 'Tes_ide', 'descricao': '2121ff', 'preco': Decimal('8547.00'), 'quantidade': 223, 'tipo': 'unidade'}, {'id': 22, 'nome': 'Bolo de Chocolate', 'descricao': None, 'preco': Decimal('50.00'), 'quantidade': 1, 'tipo': 'unidade'}, {'id': 23, 'nome': 'Bolo de Morango', 'descricao': None, 'preco': Decimal('45.00'), 'quantidade': 1, 'tipo': 'unidade'}, {'id': 24, 'nome': 'Cupcake', 'descricao': None, 'preco': Decimal('5.00'), 'quantidade': 12, 'tipo': 'unidade'}, {'id': 25, 'nome': 'Torta de Maçã', 'descricao': None, 'preco': Decimal('40.00'), 'quantidade': 1, 'tipo': 'unidade'}], 'colunas': ['id', 'nome', 'descricao', 'preco', 'quantidade', 'tipo'], 'pagina_atual': 1, 'por_pagina': 20, 'total_registros': 21, 'total_paginas': 2} [_log | meu_logger]
2025-05-29 09:14:31,033 - INFO - [DialogAdicionarProduto.__init__] Inicializando o DialogAdicionarProduto [_log | meu_logger]
2025-05-29 09:14:31,035 - INFO - [DialogAdicionarProduto.__init__] Diálogo inicializado com sucesso. [_log | meu_logger]
2025-05-29 09:14:31,036 - INFO - [DialogAdicionarProduto.mostrar] Exibindo o diálogo para adicionar produto. [_log | meu_logger]
2025-05-29 09:16:07,636 - INFO - [EstoquePage.__init__] Iniciando EstoquePage... [_log | meu_logger]
2025-05-29 09:16:07,642 - INFO - [EstoqueModel.__init__] EstoqueModel inicializado. [_log | meu_logger]
2025-05-29 09:16:07,647 - INFO - [RodapePaginacao.__init__] RodapePaginacao inicializado. [_log | meu_logger]
2025-05-29 09:16:07,648 - DEBUG - [RodapePaginacao.__init__] Total de páginas definido: None [_log | meu_logger]
2025-05-29 09:16:07,649 - INFO - [EstoquePageView.__init__] EstoquePageView inicializado. [_log | meu_logger]
2025-05-29 09:16:07,650 - INFO - [EstoquePageController.__init__] EstoquePageController inicializado. [_log | meu_logger]
2025-05-29 09:16:07,650 - INFO - [EstoquePage.__init__] EstoquePageController criado com sucesso. [_log | meu_logger]
2025-05-29 09:16:07,651 - DEBUG - [EstoquePage.start] Método start() chamado. Exibindo view do estoque. [_log | meu_logger]
2025-05-29 09:16:07,652 - DEBUG - [EstoquePageController.exibir_view_estoque] Exibindo view_estoque. [_log | meu_logger]
2025-05-29 09:16:07,652 - DEBUG - [EstoquePageController.carregar_dados_estoque] Buscando dados de produtos no model. [_log | meu_logger]
2025-05-29 09:16:07,660 - DEBUG - [EstoquePageController.listar_produtos_paginados] Chamando listar_produtos() com: Página=1, Quantidade=20, OrdenarPor=None, Filtros=None [_log | meu_logger]
2025-05-29 09:16:07,694 - DEBUG - [EstoqueModel.get_colunas_produto] Buscando colunas da tabela 'produto'. [_log | meu_logger]
2025-05-29 09:16:07,707 - DEBUG - [EstoqueModel.get_colunas_produto] Colunas encontradas: ['id', 'nome', 'descricao', 'preco', 'quantidade', 'tipo'] [_log | meu_logger]
2025-05-29 09:16:07,707 - DEBUG - [EstoquePageController.carregar_dados_estoque] 6 colunas retornadas. [_log | meu_logger]
2025-05-29 09:16:07,707 - DEBUG - [EstoquePageController.carregar_dados_estoque] 20 produtos retornados. [_log | meu_logger]
2025-05-29 09:16:07,707 - DEBUG - [EstoquePageController.carregar_dados_estoque] Total de páginas: 2 [_log | meu_logger]
2025-05-29 09:16:07,708 - INFO - [EstoquePageView.alimentar_Dados] Atualizando dados da tabela... [_log | meu_logger]
2025-05-29 09:16:07,717 - DEBUG - [EstoquePageView.alimentar_Dados] Headers: ['id', 'nome', 'descricao', 'preco', 'quantidade', 'tipo'] [_log | meu_logger]
2025-05-29 09:16:07,717 - DEBUG - [EstoquePageView.alimentar_Dados] Total de linhas: 20 [_log | meu_logger]
2025-05-29 09:16:07,718 - INFO - [EstoquePageView.create_view_estoque] Construindo view de estoque... [_log | meu_logger]
2025-05-29 09:16:07,719 - DEBUG - [RodapePaginacao.build] Chamando build() do RodapePaginacao. [_log | meu_logger]
2025-05-29 09:16:07,720 - DEBUG - [RodapePaginacao.construir] Construindo controles do rodapé de paginação. [_log | meu_logger]
2025-05-29 09:16:07,721 - DEBUG - [RodapePaginacao.construir] Texto da página: Página 1 de 2 [_log | meu_logger]
2025-05-29 09:16:07,747 - INFO - [EstoquePage.start] View de estoque adicionada à página. [_log | meu_logger]
2025-05-29 09:16:07,748 - DEBUG - [EstoquePageController.listar_produtos_paginados] Chamando listar_produtos() com: Página=1, Quantidade=20, OrdenarPor=None, Filtros=None [_log | meu_logger]
2025-05-29 09:16:07,749 - DEBUG - [EstoquePageController.listar_produtos_paginados] Usando resultado em cache da paginação. [_log | meu_logger]
2025-05-29 09:16:07,749 - INFO - [EstoquePage.start] {'dados': [{'id': 4, 'nome': 'Pod 77', 'descricao': 'texto', 'preco': Decimal('778.00'), 'quantidade': 4, 'tipo': 'unidade'}, {'id': 5, 'nome': 'Prod_88', 'descricao': 'Descrição Nova', 'preco': Decimal('77.00'), 'quantidade': 44, 'tipo': 'kg'}, {'id': 6, 'nome': 'Prod_77', 'descricao': 'l', 'preco': Decimal('85.00'), 'quantidade': 88, 'tipo': 'litro'}, {'id': 8, 'nome': 'kkk', 'descricao': 'kkkk', 'preco': Decimal('99.00'), 'quantidade': 555, 'tipo': 'caixa'}, {'id': 9, 'nome': 'A', 'descricao': 'A', 'preco': Decimal('1.00'), 'quantidade': 14, 'tipo': 'unidade'}, {'id': 10, 'nome': 'p1', 'descricao': 'p1', 'preco': Decimal('0.00'), 'quantidade': 1, 'tipo': 'unidade'}, {'id': 11, 'nome': 'phujkfv', 'descricao': 'uku', 'preco': Decimal('33.00'), 'quantidade': 33, 'tipo': 'kg'}, {'id': 12, 'nome': 'fdfdf', 'descricao': 'dfsfs', 'preco': Decimal('5215.00'), 'quantidade': 515, 'tipo': 'unidade'}, {'id': 13, 'nome': 'dfsdf', 'descricao': 'sfsdf', 'preco': Decimal('515.00'), 'quantidade': 22, 'tipo': 'unidade'}, {'id': 15, 'nome': 'tttt', 'descricao': 'trtr', 'preco': Decimal('55.00'), 'quantidade': 55, 'tipo': 'unidade'}, {'id': 16, 'nome': 'Teste', 'descricao': '77', 'preco': Decimal('58.00'), 'quantidade': 77, 'tipo': 'litro'}, {'id': 17, 'nome': 'Maste', 'descricao': 'dsd', 'preco': Decimal('44.00'), 'quantidade': 44, 'tipo': 'litro'}, {'id': 18, 'nome': '2', 'descricao': '22', 'preco': Decimal('525.00'), 'quantidade': 55, 'tipo': 'kg'}, {'id': 19, 'nome': 'Tes_ide', 'descricao': '2121ff', 'preco': Decimal('8547.00'), 'quantidade': 223, 'tipo': 'unidade'}, {'id': 20, 'nome': 'Tes_ide', 'descricao': '2121ff', 'preco': Decimal('8547.00'), 'quantidade': 223, 'tipo': 'unidade'}, {'id': 21, 'nome': 'Tes_ide', 'descricao': '2121ff', 'preco': Decimal('8547.00'), 'quantidade': 223, 'tipo': 'unidade'}, {'id': 22, 'nome': 'Bolo de Chocolate', 'descricao': None, 'preco': Decimal('50.00'), 'quantidade': 1, 'tipo': 'unidade'}, {'id': 23, 'nome': 'Bolo de Morango', 'descricao': None, 'preco': Decimal('45.00'), 'quantidade': 1, 'tipo': 'unidade'}, {'id': 24, 'nome': 'Cupcake', 'descricao': None, 'preco': Decimal('5.00'), 'quantidade': 12, 'tipo': 'unidade'}, {'id': 25, 'nome': 'Torta de Maçã', 'descricao': None, 'preco': Decimal('40.00'), 'quantidade': 1, 'tipo': 'unidade'}], 'colunas': ['id', 'nome', 'descricao', 'preco', 'quantidade', 'tipo'], 'pagina_atual': 1, 'por_pagina': 20, 'total_registros': 21, 'total_paginas': 2} [_log | meu_logger]
2025-05-29 09:16:09,647 - INFO - [DialogAdicionarProduto.__init__] Inicializando o DialogAdicionarProduto [_log | meu_logger]
2025-05-29 09:16:09,649 - INFO - [DialogAdicionarProduto.__init__] Diálogo inicializado com sucesso. [_log | meu_logger]
2025-05-29 09:16:09,649 - INFO - [DialogAdicionarProduto.mostrar] Exibindo o diálogo para adicionar produto. [_log | meu_logger]
2025-05-29 09:18:04,748 - INFO - [EstoquePage.__init__] Iniciando EstoquePage... [_log | meu_logger]
2025-05-29 09:18:04,754 - INFO - [EstoqueModel.__init__] EstoqueModel inicializado. [_log | meu_logger]
2025-05-29 09:18:04,766 - INFO - [RodapePaginacao.__init__] RodapePaginacao inicializado. [_log | meu_logger]
2025-05-29 09:18:04,770 - DEBUG - [RodapePaginacao.__init__] Total de páginas definido: None [_log | meu_logger]
2025-05-29 09:18:04,775 - INFO - [EstoquePageView.__init__] EstoquePageView inicializado. [_log | meu_logger]
2025-05-29 09:18:04,781 - INFO - [EstoquePageController.__init__] EstoquePageController inicializado. [_log | meu_logger]
2025-05-29 09:18:04,782 - INFO - [EstoquePage.__init__] EstoquePageController criado com sucesso. [_log | meu_logger]
2025-05-29 09:18:04,782 - DEBUG - [EstoquePage.start] Método start() chamado. Exibindo view do estoque. [_log | meu_logger]
2025-05-29 09:18:04,783 - DEBUG - [EstoquePageController.exibir_view_estoque] Exibindo view_estoque. [_log | meu_logger]
2025-05-29 09:18:04,783 - DEBUG - [EstoquePageController.carregar_dados_estoque] Buscando dados de produtos no model. [_log | meu_logger]
2025-05-29 09:18:04,783 - DEBUG - [EstoquePageController.listar_produtos_paginados] Chamando listar_produtos() com: Página=1, Quantidade=20, OrdenarPor=None, Filtros=None [_log | meu_logger]
2025-05-29 09:18:04,813 - DEBUG - [EstoqueModel.get_colunas_produto] Buscando colunas da tabela 'produto'. [_log | meu_logger]
2025-05-29 09:18:04,828 - DEBUG - [EstoqueModel.get_colunas_produto] Colunas encontradas: ['id', 'nome', 'descricao', 'preco', 'quantidade', 'tipo'] [_log | meu_logger]
2025-05-29 09:18:04,829 - DEBUG - [EstoquePageController.carregar_dados_estoque] 6 colunas retornadas. [_log | meu_logger]
2025-05-29 09:18:04,830 - DEBUG - [EstoquePageController.carregar_dados_estoque] 20 produtos retornados. [_log | meu_logger]
2025-05-29 09:18:04,830 - DEBUG - [EstoquePageController.carregar_dados_estoque] Total de páginas: 2 [_log | meu_logger]
2025-05-29 09:18:04,830 - INFO - [EstoquePageView.alimentar_Dados] Atualizando dados da tabela... [_log | meu_logger]
2025-05-29 09:18:04,840 - DEBUG - [EstoquePageView.alimentar_Dados] Headers: ['id', 'nome', 'descricao', 'preco', 'quantidade', 'tipo'] [_log | meu_logger]
2025-05-29 09:18:04,840 - DEBUG - [EstoquePageView.alimentar_Dados] Total de linhas: 20 [_log | meu_logger]
2025-05-29 09:18:04,842 - INFO - [EstoquePageView.create_view_estoque] Construindo view de estoque... [_log | meu_logger]
2025-05-29 09:18:04,844 - DEBUG - [RodapePaginacao.build] Chamando build() do RodapePaginacao. [_log | meu_logger]
2025-05-29 09:18:04,844 - DEBUG - [RodapePaginacao.construir] Construindo controles do rodapé de paginação. [_log | meu_logger]
2025-05-29 09:18:04,845 - DEBUG - [RodapePaginacao.construir] Texto da página: Página 1 de 2 [_log | meu_logger]
2025-05-29 09:18:04,872 - INFO - [EstoquePage.start] View de estoque adicionada à página. [_log | meu_logger]
2025-05-29 09:18:04,874 - DEBUG - [EstoquePageController.listar_produtos_paginados] Chamando listar_produtos() com: Página=1, Quantidade=20, OrdenarPor=None, Filtros=None [_log | meu_logger]
2025-05-29 09:18:04,874 - DEBUG - [EstoquePageController.listar_produtos_paginados] Usando resultado em cache da paginação. [_log | meu_logger]
2025-05-29 09:18:04,875 - INFO - [EstoquePage.start] {'dados': [{'id': 4, 'nome': 'Pod 77', 'descricao': 'texto', 'preco': Decimal('778.00'), 'quantidade': 4, 'tipo': 'unidade'}, {'id': 5, 'nome': 'Prod_88', 'descricao': 'Descrição Nova', 'preco': Decimal('77.00'), 'quantidade': 44, 'tipo': 'kg'}, {'id': 6, 'nome': 'Prod_77', 'descricao': 'l', 'preco': Decimal('85.00'), 'quantidade': 88, 'tipo': 'litro'}, {'id': 8, 'nome': 'kkk', 'descricao': 'kkkk', 'preco': Decimal('99.00'), 'quantidade': 555, 'tipo': 'caixa'}, {'id': 9, 'nome': 'A', 'descricao': 'A', 'preco': Decimal('1.00'), 'quantidade': 14, 'tipo': 'unidade'}, {'id': 10, 'nome': 'p1', 'descricao': 'p1', 'preco': Decimal('0.00'), 'quantidade': 1, 'tipo': 'unidade'}, {'id': 11, 'nome': 'phujkfv', 'descricao': 'uku', 'preco': Decimal('33.00'), 'quantidade': 33, 'tipo': 'kg'}, {'id': 12, 'nome': 'fdfdf', 'descricao': 'dfsfs', 'preco': Decimal('5215.00'), 'quantidade': 515, 'tipo': 'unidade'}, {'id': 13, 'nome': 'dfsdf', 'descricao': 'sfsdf', 'preco': Decimal('515.00'), 'quantidade': 22, 'tipo': 'unidade'}, {'id': 15, 'nome': 'tttt', 'descricao': 'trtr', 'preco': Decimal('55.00'), 'quantidade': 55, 'tipo': 'unidade'}, {'id': 16, 'nome': 'Teste', 'descricao': '77', 'preco': Decimal('58.00'), 'quantidade': 77, 'tipo': 'litro'}, {'id': 17, 'nome': 'Maste', 'descricao': 'dsd', 'preco': Decimal('44.00'), 'quantidade': 44, 'tipo': 'litro'}, {'id': 18, 'nome': '2', 'descricao': '22', 'preco': Decimal('525.00'), 'quantidade': 55, 'tipo': 'kg'}, {'id': 19, 'nome': 'Tes_ide', 'descricao': '2121ff', 'preco': Decimal('8547.00'), 'quantidade': 223, 'tipo': 'unidade'}, {'id': 20, 'nome': 'Tes_ide', 'descricao': '2121ff', 'preco': Decimal('8547.00'), 'quantidade': 223, 'tipo': 'unidade'}, {'id': 21, 'nome': 'Tes_ide', 'descricao': '2121ff', 'preco': Decimal('8547.00'), 'quantidade': 223, 'tipo': 'unidade'}, {'id': 22, 'nome': 'Bolo de Chocolate', 'descricao': None, 'preco': Decimal('50.00'), 'quantidade': 1, 'tipo': 'unidade'}, {'id': 23, 'nome': 'Bolo de Morango', 'descricao': None, 'preco': Decimal('45.00'), 'quantidade': 1, 'tipo': 'unidade'}, {'id': 24, 'nome': 'Cupcake', 'descricao': None, 'preco': Decimal('5.00'), 'quantidade': 12, 'tipo': 'unidade'}, {'id': 25, 'nome': 'Torta de Maçã', 'descricao': None, 'preco': Decimal('40.00'), 'quantidade': 1, 'tipo': 'unidade'}], 'colunas': ['id', 'nome', 'descricao', 'preco', 'quantidade', 'tipo'], 'pagina_atual': 1, 'por_pagina': 20, 'total_registros': 21, 'total_paginas': 2} [_log | meu_logger]
2025-05-29 09:18:06,375 - INFO - [DialogAdicionarProduto.__init__] Inicializando o DialogAdicionarProduto [_log | meu_logger]
2025-05-29 09:18:06,376 - INFO - [DialogAdicionarProduto.__init__] Diálogo inicializado com sucesso. [_log | meu_logger]
2025-05-29 09:18:06,377 - INFO - [DialogAdicionarProduto.mostrar] Exibindo o diálogo para adicionar produto. [_log | meu_logger]
2025-05-29 09:23:38,314 - INFO - [EstoquePage.__init__] Iniciando EstoquePage... [_log | meu_logger]
2025-05-29 09:23:38,339 - INFO - [EstoqueModel.__init__] EstoqueModel inicializado. [_log | meu_logger]
2025-05-29 09:23:38,340 - INFO - [RodapePaginacao.__init__] RodapePaginacao inicializado. [_log | meu_logger]
2025-05-29 09:23:38,344 - DEBUG - [RodapePaginacao.__init__] Total de páginas definido: None [_log | meu_logger]
2025-05-29 09:23:38,346 - INFO - [EstoquePageView.__init__] EstoquePageView inicializado. [_log | meu_logger]
2025-05-29 09:23:38,347 - INFO - [EstoquePageController.__init__] EstoquePageController inicializado. [_log | meu_logger]
2025-05-29 09:23:38,348 - INFO - [EstoquePage.__init__] EstoquePageController criado com sucesso. [_log | meu_logger]
2025-05-29 09:23:38,351 - DEBUG - [EstoquePage.start] Método start() chamado. Exibindo view do estoque. [_log | meu_logger]
2025-05-29 09:23:38,352 - DEBUG - [EstoquePageController.exibir_view_estoque] Exibindo view_estoque. [_log | meu_logger]
2025-05-29 09:23:38,352 - DEBUG - [EstoquePageController.carregar_dados_estoque] Buscando dados de produtos no model. [_log | meu_logger]
2025-05-29 09:23:38,353 - DEBUG - [EstoqueDataHandler.listar_produtos_paginados] Chamando listar_produtos() com: Página=1, Quantidade=20, OrdenarPor=None, Filtros=None [_log | meu_logger]
2025-05-29 09:23:38,381 - DEBUG - [EstoqueModel.get_colunas_produto] Buscando colunas da tabela 'produto'. [_log | meu_logger]
2025-05-29 09:23:38,388 - DEBUG - [EstoqueModel.get_colunas_produto] Colunas encontradas: ['id', 'nome', 'descricao', 'preco', 'quantidade', 'tipo'] [_log | meu_logger]
2025-05-29 09:23:38,388 - INFO - [EstoquePageView.alimentar_Dados] Atualizando dados da tabela... [_log | meu_logger]
2025-05-29 09:23:38,398 - DEBUG - [EstoquePageView.alimentar_Dados] Headers: ['id', 'nome', 'descricao', 'preco', 'quantidade', 'tipo'] [_log | meu_logger]
2025-05-29 09:23:38,398 - DEBUG - [EstoquePageView.alimentar_Dados] Total de linhas: 20 [_log | meu_logger]
2025-05-29 09:23:38,400 - INFO - [EstoquePageView.create_view_estoque] Construindo view de estoque... [_log | meu_logger]
2025-05-29 09:23:38,402 - DEBUG - [RodapePaginacao.build] Chamando build() do RodapePaginacao. [_log | meu_logger]
2025-05-29 09:23:38,403 - DEBUG - [RodapePaginacao.construir] Construindo controles do rodapé de paginação. [_log | meu_logger]
2025-05-29 09:23:38,403 - DEBUG - [RodapePaginacao.construir] Texto da página: Página 1 de 2 [_log | meu_logger]
2025-05-29 09:23:38,430 - INFO - [EstoquePage.start] View de estoque adicionada à página. [_log | meu_logger]
2025-05-29 09:25:59,320 - INFO - [EstoquePage.__init__] Iniciando EstoquePage... [_log | meu_logger]
2025-05-29 09:25:59,326 - INFO - [EstoqueModel.__init__] EstoqueModel inicializado. [_log | meu_logger]
2025-05-29 09:25:59,328 - INFO - [RodapePaginacao.__init__] RodapePaginacao inicializado. [_log | meu_logger]
2025-05-29 09:25:59,328 - DEBUG - [RodapePaginacao.__init__] Total de páginas definido: None [_log | meu_logger]
2025-05-29 09:25:59,330 - INFO - [EstoquePageView.__init__] EstoquePageView inicializado. [_log | meu_logger]
2025-05-29 09:25:59,334 - INFO - [EstoquePageController.__init__] EstoquePageController inicializado. [_log | meu_logger]
2025-05-29 09:25:59,335 - INFO - [EstoquePage.__init__] EstoquePageController criado com sucesso. [_log | meu_logger]
2025-05-29 09:25:59,337 - DEBUG - [EstoquePage.start] Método start() chamado. Exibindo view do estoque. [_log | meu_logger]
2025-05-29 09:25:59,337 - DEBUG - [EstoquePageController.exibir_view_estoque] Exibindo view_estoque. [_log | meu_logger]
2025-05-29 09:25:59,338 - DEBUG - [EstoquePageController.carregar_dados_estoque] Buscando dados de produtos no model. [_log | meu_logger]
2025-05-29 09:25:59,338 - DEBUG - [EstoqueDataHandler.listar_produtos_paginados] Chamando listar_produtos() com: Página=1, Quantidade=20, OrdenarPor=None, Filtros=None [_log | meu_logger]
2025-05-29 09:25:59,371 - DEBUG - [EstoqueModel.get_colunas_produto] Buscando colunas da tabela 'produto'. [_log | meu_logger]
2025-05-29 09:25:59,379 - DEBUG - [EstoqueModel.get_colunas_produto] Colunas encontradas: ['id', 'nome', 'descricao', 'preco', 'quantidade', 'tipo'] [_log | meu_logger]
2025-05-29 09:25:59,379 - INFO - [EstoquePageView.alimentar_Dados] Atualizando dados da tabela... [_log | meu_logger]
2025-05-29 09:25:59,388 - DEBUG - [EstoquePageView.alimentar_Dados] Headers: ['id', 'nome', 'descricao', 'preco', 'quantidade', 'tipo'] [_log | meu_logger]
2025-05-29 09:25:59,388 - DEBUG - [EstoquePageView.alimentar_Dados] Total de linhas: 20 [_log | meu_logger]
2025-05-29 09:25:59,389 - INFO - [EstoquePageView.create_view_estoque] Construindo view de estoque... [_log | meu_logger]
2025-05-29 09:25:59,391 - DEBUG - [RodapePaginacao.build] Chamando build() do RodapePaginacao. [_log | meu_logger]
2025-05-29 09:25:59,392 - DEBUG - [RodapePaginacao.construir] Construindo controles do rodapé de paginação. [_log | meu_logger]
2025-05-29 09:25:59,393 - DEBUG - [RodapePaginacao.construir] Texto da página: Página 1 de 2 [_log | meu_logger]
2025-05-29 09:25:59,422 - INFO - [EstoquePage.start] View de estoque adicionada à página. [_log | meu_logger]
2025-05-29 09:25:59,423 - DEBUG - [EstoqueDataHandler.listar_produtos_paginados] Chamando listar_produtos() com: Página=1, Quantidade=20, OrdenarPor=None, Filtros=None [_log | meu_logger]
2025-05-29 09:25:59,423 - DEBUG - [EstoqueDataHandler.listar_produtos_paginados] Usando resultado em cache da paginação. [_log | meu_logger]
2025-05-29 09:25:59,423 - DEBUG - [EstoquePage._log_initial_data] Dados iniciais carregados: [{'id': 4, 'nome': 'Pod 77', 'descricao': 'texto', 'preco': Decimal('778.00'), 'quantidade': 4, 'tipo': 'unidade'}]... [_log | meu_logger]
2025-05-29 09:26:04,111 - DEBUG - [EstoquePageController.busca_por_nome] Buscando produtos por nome: A [_log | meu_logger]
2025-05-29 09:26:04,112 - DEBUG - [EstoqueDataHandler.listar_produtos_paginados] Chamando listar_produtos() com: Página=1, Quantidade=20, OrdenarPor=None, Filtros=A [_log | meu_logger]
2025-05-29 09:26:04,126 - DEBUG - [EstoqueModel.get_colunas_produto] Buscando colunas da tabela 'produto'. [_log | meu_logger]
2025-05-29 09:26:04,130 - DEBUG - [EstoqueModel.get_colunas_produto] Colunas encontradas: ['id', 'nome', 'descricao', 'preco', 'quantidade', 'tipo'] [_log | meu_logger]
2025-05-29 09:26:04,130 - INFO - [EstoquePageView.alimentar_Dados] Atualizando dados da tabela... [_log | meu_logger]
2025-05-29 09:26:04,131 - DEBUG - [EstoquePageView.alimentar_Dados] Headers: ['id', 'nome', 'descricao', 'preco', 'quantidade', 'tipo'] [_log | meu_logger]
2025-05-29 09:26:04,131 - DEBUG - [EstoquePageView.alimentar_Dados] Total de linhas: 1 [_log | meu_logger]
2025-05-29 09:26:09,064 - DEBUG - [EstoquePageController.busca_por_nome] Buscando produtos por nome: B [_log | meu_logger]
2025-05-29 09:26:09,065 - DEBUG - [EstoqueDataHandler.listar_produtos_paginados] Chamando listar_produtos() com: Página=1, Quantidade=20, OrdenarPor=None, Filtros=B [_log | meu_logger]
2025-05-29 09:26:09,068 - DEBUG - [EstoqueModel.get_colunas_produto] Buscando colunas da tabela 'produto'. [_log | meu_logger]
2025-05-29 09:26:09,073 - DEBUG - [EstoqueModel.get_colunas_produto] Colunas encontradas: ['id', 'nome', 'descricao', 'preco', 'quantidade', 'tipo'] [_log | meu_logger]
2025-05-29 09:26:09,073 - INFO - [EstoquePageView.alimentar_Dados] Atualizando dados da tabela... [_log | meu_logger]
2025-05-29 09:26:09,075 - DEBUG - [EstoquePageView.alimentar_Dados] Headers: ['id', 'nome', 'descricao', 'preco', 'quantidade', 'tipo'] [_log | meu_logger]
2025-05-29 09:26:09,075 - DEBUG - [EstoquePageView.alimentar_Dados] Total de linhas: 2 [_log | meu_logger]
2025-05-29 09:26:12,487 - DEBUG - [EstoquePageController.carregar_dados_estoque] Buscando dados de produtos no model. [_log | meu_logger]
2025-05-29 09:26:12,488 - DEBUG - [EstoqueDataHandler.listar_produtos_paginados] Chamando listar_produtos() com: Página=1, Quantidade=20, OrdenarPor=None, Filtros=None [_log | meu_logger]
2025-05-29 09:26:12,490 - DEBUG - [EstoqueModel.get_colunas_produto] Buscando colunas da tabela 'produto'. [_log | meu_logger]
2025-05-29 09:26:12,494 - DEBUG - [EstoqueModel.get_colunas_produto] Colunas encontradas: ['id', 'nome', 'descricao', 'preco', 'quantidade', 'tipo'] [_log | meu_logger]
2025-05-29 09:26:12,494 - INFO - [EstoquePageView.alimentar_Dados] Atualizando dados da tabela... [_log | meu_logger]
2025-05-29 09:26:12,502 - DEBUG - [EstoquePageView.alimentar_Dados] Headers: ['id', 'nome', 'descricao', 'preco', 'quantidade', 'tipo'] [_log | meu_logger]
2025-05-29 09:26:12,502 - DEBUG - [EstoquePageView.alimentar_Dados] Total de linhas: 20 [_log | meu_logger]
2025-05-29 09:26:13,936 - INFO - [DialogAdicionarProduto.__init__] Inicializando o DialogAdicionarProduto [_log | meu_logger]
2025-05-29 09:26:13,937 - INFO - [DialogAdicionarProduto.__init__] Diálogo inicializado com sucesso. [_log | meu_logger]
2025-05-29 09:26:13,937 - INFO - [DialogAdicionarProduto.mostrar] Exibindo o diálogo para adicionar produto. [_log | meu_logger]
2025-05-29 09:31:22,538 - INFO - [EstoquePage.__init__] Iniciando EstoquePage... [_log | meu_logger]
2025-05-29 09:31:22,542 - INFO - [EstoqueModel.__init__] EstoqueModel inicializado. [_log | meu_logger]
2025-05-29 09:31:22,550 - INFO - [RodapePaginacao.__init__] RodapePaginacao inicializado. [_log | meu_logger]
2025-05-29 09:31:22,550 - DEBUG - [RodapePaginacao.__init__] Total de páginas definido: None [_log | meu_logger]
2025-05-29 09:31:22,556 - INFO - [EstoquePageView.__init__] EstoquePageView inicializado. [_log | meu_logger]
2025-05-29 09:31:22,556 - INFO - [EstoquePageController.__init__] EstoquePageController inicializado. [_log | meu_logger]
2025-05-29 09:31:22,557 - INFO - [EstoquePage.__init__] EstoquePageController criado com sucesso. [_log | meu_logger]
2025-05-29 09:31:22,557 - DEBUG - [EstoquePage.start] Método start() chamado. Exibindo view do estoque. [_log | meu_logger]
2025-05-29 09:31:22,558 - DEBUG - [EstoquePageController.exibir_view_estoque] Exibindo view_estoque. [_log | meu_logger]
2025-05-29 09:31:22,558 - DEBUG - [EstoquePageController.carregar_dados_estoque] Buscando dados de produtos no model. [_log | meu_logger]
2025-05-29 09:31:22,558 - DEBUG - [EstoqueDataHandler.listar_produtos_paginados] Chamando listar_produtos() com: Página=1, Quantidade=20, OrdenarPor=None, Filtros=None [_log | meu_logger]
2025-05-29 09:31:22,587 - DEBUG - [EstoqueModel.get_colunas_produto] Buscando colunas da tabela 'produto'. [_log | meu_logger]
2025-05-29 09:31:22,597 - DEBUG - [EstoqueModel.get_colunas_produto] Colunas encontradas: ['id', 'nome', 'descricao', 'preco', 'quantidade', 'tipo'] [_log | meu_logger]
2025-05-29 09:31:22,597 - INFO - [EstoquePageView.alimentar_Dados] Atualizando dados da tabela... [_log | meu_logger]
2025-05-29 09:31:22,606 - DEBUG - [EstoquePageView.alimentar_Dados] Headers: ['id', 'nome', 'descricao', 'preco', 'quantidade', 'tipo'] [_log | meu_logger]
2025-05-29 09:31:22,606 - DEBUG - [EstoquePageView.alimentar_Dados] Total de linhas: 20 [_log | meu_logger]
2025-05-29 09:31:22,608 - INFO - [EstoquePageView.create_view_estoque] Construindo view de estoque... [_log | meu_logger]
2025-05-29 09:31:22,610 - DEBUG - [RodapePaginacao.build] Chamando build() do RodapePaginacao. [_log | meu_logger]
2025-05-29 09:31:22,611 - DEBUG - [RodapePaginacao.construir] Construindo controles do rodapé de paginação. [_log | meu_logger]
2025-05-29 09:31:22,612 - DEBUG - [RodapePaginacao.construir] Texto da página: Página 1 de 2 [_log | meu_logger]
2025-05-29 09:31:22,639 - INFO - [EstoquePage.start] View de estoque adicionada à página. [_log | meu_logger]
2025-05-29 09:31:22,642 - DEBUG - [EstoqueDataHandler.listar_produtos_paginados] Chamando listar_produtos() com: Página=1, Quantidade=20, OrdenarPor=None, Filtros=None [_log | meu_logger]
2025-05-29 09:31:22,643 - DEBUG - [EstoqueDataHandler.listar_produtos_paginados] Usando resultado em cache da paginação. [_log | meu_logger]
2025-05-29 09:31:22,644 - DEBUG - [EstoquePage._log_initial_data] Dados iniciais carregados: [{'id': 4, 'nome': 'Pod 77', 'descricao': 'texto', 'preco': Decimal('778.00'), 'quantidade': 4, 'tipo': 'unidade'}]... [_log | meu_logger]
2025-05-29 09:31:25,659 - DEBUG - [EstoquePageController.busca_por_nome] Buscando produtos por nome: A [_log | meu_logger]
2025-05-29 09:31:25,660 - DEBUG - [EstoqueDataHandler.listar_produtos_paginados] Chamando listar_produtos() com: Página=1, Quantidade=20, OrdenarPor=None, Filtros=A [_log | meu_logger]
2025-05-29 09:31:25,671 - DEBUG - [EstoqueModel.get_colunas_produto] Buscando colunas da tabela 'produto'. [_log | meu_logger]
2025-05-29 09:31:25,675 - DEBUG - [EstoqueModel.get_colunas_produto] Colunas encontradas: ['id', 'nome', 'descricao', 'preco', 'quantidade', 'tipo'] [_log | meu_logger]
2025-05-29 09:31:25,675 - INFO - [EstoquePageView.alimentar_Dados] Atualizando dados da tabela... [_log | meu_logger]
2025-05-29 09:31:25,676 - DEBUG - [EstoquePageView.alimentar_Dados] Headers: ['id', 'nome', 'descricao', 'preco', 'quantidade', 'tipo'] [_log | meu_logger]
2025-05-29 09:31:25,677 - DEBUG - [EstoquePageView.alimentar_Dados] Total de linhas: 1 [_log | meu_logger]
2025-05-29 09:31:29,196 - DEBUG - [EstoquePageController.busca_por_nome] Buscando produtos por nome: B [_log | meu_logger]
2025-05-29 09:31:29,197 - DEBUG - [EstoqueDataHandler.listar_produtos_paginados] Chamando listar_produtos() com: Página=1, Quantidade=20, OrdenarPor=None, Filtros=B [_log | meu_logger]
2025-05-29 09:31:29,200 - DEBUG - [EstoqueModel.get_colunas_produto] Buscando colunas da tabela 'produto'. [_log | meu_logger]
2025-05-29 09:31:29,203 - DEBUG - [EstoqueModel.get_colunas_produto] Colunas encontradas: ['id', 'nome', 'descricao', 'preco', 'quantidade', 'tipo'] [_log | meu_logger]
2025-05-29 09:31:29,203 - INFO - [EstoquePageView.alimentar_Dados] Atualizando dados da tabela... [_log | meu_logger]
2025-05-29 09:31:29,204 - DEBUG - [EstoquePageView.alimentar_Dados] Headers: ['id', 'nome', 'descricao', 'preco', 'quantidade', 'tipo'] [_log | meu_logger]
2025-05-29 09:31:29,205 - DEBUG - [EstoquePageView.alimentar_Dados] Total de linhas: 2 [_log | meu_logger]
2025-05-29 09:31:34,196 - DEBUG - [EstoquePageController.carregar_dados_estoque] Buscando dados de produtos no model. [_log | meu_logger]
2025-05-29 09:31:34,197 - DEBUG - [EstoqueDataHandler.listar_produtos_paginados] Chamando listar_produtos() com: Página=1, Quantidade=20, OrdenarPor=None, Filtros=None [_log | meu_logger]
2025-05-29 09:31:34,199 - DEBUG - [EstoqueModel.get_colunas_produto] Buscando colunas da tabela 'produto'. [_log | meu_logger]
2025-05-29 09:31:34,211 - DEBUG - [EstoqueModel.get_colunas_produto] Colunas encontradas: ['id', 'nome', 'descricao', 'preco', 'quantidade', 'tipo'] [_log | meu_logger]
2025-05-29 09:31:34,212 - INFO - [EstoquePageView.alimentar_Dados] Atualizando dados da tabela... [_log | meu_logger]
2025-05-29 09:31:34,221 - DEBUG - [EstoquePageView.alimentar_Dados] Headers: ['id', 'nome', 'descricao', 'preco', 'quantidade', 'tipo'] [_log | meu_logger]
2025-05-29 09:31:34,221 - DEBUG - [EstoquePageView.alimentar_Dados] Total de linhas: 20 [_log | meu_logger]
2025-05-29 09:31:36,404 - DEBUG - [RodapePaginacao.proxima_pagina] Botão 'próximo' clicado. [_log | meu_logger]
2025-05-29 09:31:36,404 - INFO - [RodapePaginacao.proxima_pagina] Indo para a próxima página: 2 [_log | meu_logger]
2025-05-29 09:31:36,404 - DEBUG - [RodapePaginacao.atualizar] Atualizando componentes para a página 2. [_log | meu_logger]
2025-05-29 09:31:36,408 - DEBUG - [RodapePaginacao.atualizar] Chamando callback ao_mudar_pagina. [_log | meu_logger]
2025-05-29 09:31:36,409 - DEBUG - [EstoquePageController.carregar_dados_estoque] Buscando dados de produtos no model. [_log | meu_logger]
2025-05-29 09:31:36,409 - DEBUG - [EstoqueDataHandler.listar_produtos_paginados] Chamando listar_produtos() com: Página=2, Quantidade=20, OrdenarPor=None, Filtros=None [_log | meu_logger]
2025-05-29 09:31:36,420 - DEBUG - [EstoqueModel.get_colunas_produto] Buscando colunas da tabela 'produto'. [_log | meu_logger]
2025-05-29 09:31:36,425 - DEBUG - [EstoqueModel.get_colunas_produto] Colunas encontradas: ['id', 'nome', 'descricao', 'preco', 'quantidade', 'tipo'] [_log | meu_logger]
2025-05-29 09:31:36,425 - INFO - [EstoquePageView.alimentar_Dados] Atualizando dados da tabela... [_log | meu_logger]
2025-05-29 09:31:36,427 - DEBUG - [EstoquePageView.alimentar_Dados] Headers: ['id', 'nome', 'descricao', 'preco', 'quantidade', 'tipo'] [_log | meu_logger]
2025-05-29 09:31:36,427 - DEBUG - [EstoquePageView.alimentar_Dados] Total de linhas: 1 [_log | meu_logger]
2025-05-29 09:31:37,804 - DEBUG - [RodapePaginacao.pagina_anterior] Botão 'anterior' clicado. [_log | meu_logger]
2025-05-29 09:31:37,804 - INFO - [RodapePaginacao.pagina_anterior] Indo para a página anterior: 1 [_log | meu_logger]
2025-05-29 09:31:37,805 - DEBUG - [RodapePaginacao.atualizar] Atualizando componentes para a página 1. [_log | meu_logger]
2025-05-29 09:31:37,806 - DEBUG - [RodapePaginacao.atualizar] Chamando callback ao_mudar_pagina. [_log | meu_logger]
2025-05-29 09:31:37,807 - DEBUG - [EstoquePageController.carregar_dados_estoque] Buscando dados de produtos no model. [_log | meu_logger]
2025-05-29 09:31:37,807 - DEBUG - [EstoqueDataHandler.listar_produtos_paginados] Chamando listar_produtos() com: Página=1, Quantidade=20, OrdenarPor=None, Filtros=None [_log | meu_logger]
2025-05-29 09:31:37,807 - DEBUG - [EstoqueDataHandler.listar_produtos_paginados] Usando resultado em cache da paginação. [_log | meu_logger]
2025-05-29 09:31:37,807 - INFO - [EstoquePageView.alimentar_Dados] Atualizando dados da tabela... [_log | meu_logger]
2025-05-29 09:31:37,817 - DEBUG - [EstoquePageView.alimentar_Dados] Headers: ['id', 'nome', 'descricao', 'preco', 'quantidade', 'tipo'] [_log | meu_logger]
2025-05-29 09:31:37,818 - DEBUG - [EstoquePageView.alimentar_Dados] Total de linhas: 20 [_log | meu_logger]
2025-05-29 09:33:44,779 - INFO - [DialogAdicionarProduto.__init__] Inicializando o DialogAdicionarProduto [_log | meu_logger]
2025-05-29 09:33:44,781 - INFO - [DialogAdicionarProduto.__init__] Diálogo inicializado com sucesso. [_log | meu_logger]
2025-05-29 09:33:44,781 - INFO - [DialogAdicionarProduto.mostrar] Exibindo o diálogo para adicionar produto. [_log | meu_logger]
2025-05-29 09:36:30,575 - INFO - [EstoquePage.__init__] Iniciando EstoquePage... [_log | meu_logger]
2025-05-29 09:36:30,604 - INFO - [EstoqueModel.__init__] EstoqueModel inicializado. [_log | meu_logger]
2025-05-29 09:36:30,616 - INFO - [RodapePaginacao.__init__] RodapePaginacao inicializado. [_log | meu_logger]
2025-05-29 09:36:30,618 - DEBUG - [RodapePaginacao.__init__] Total de páginas definido: None [_log | meu_logger]
2025-05-29 09:36:30,621 - INFO - [EstoquePageView.__init__] EstoquePageView inicializado. [_log | meu_logger]
2025-05-29 09:36:30,622 - INFO - [EstoquePageController.__init__] EstoquePageController inicializado. [_log | meu_logger]
2025-05-29 09:36:30,624 - INFO - [EstoquePage.__init__] EstoquePageController criado com sucesso. [_log | meu_logger]
2025-05-29 09:36:30,626 - DEBUG - [EstoquePage.start] Método start() chamado. Exibindo view do estoque. [_log | meu_logger]
2025-05-29 09:36:30,627 - DEBUG - [EstoquePageController.exibir_view_estoque] Exibindo view_estoque. [_log | meu_logger]
2025-05-29 09:36:30,627 - DEBUG - [EstoquePageController.carregar_dados_estoque] Buscando dados de produtos no model. [_log | meu_logger]
2025-05-29 09:36:30,628 - DEBUG - [EstoqueDataHandler.listar_produtos_paginados] Chamando listar_produtos() com: Página=1, Quantidade=20, OrdenarPor=None, Filtros=None [_log | meu_logger]
2025-05-29 09:36:30,647 - DEBUG - [EstoqueModel.get_colunas_produto] Buscando colunas da tabela 'produto'. [_log | meu_logger]
2025-05-29 09:36:30,658 - DEBUG - [EstoqueModel.get_colunas_produto] Colunas encontradas: ['id', 'nome', 'descricao', 'preco', 'quantidade', 'tipo'] [_log | meu_logger]
2025-05-29 09:36:30,658 - INFO - [EstoquePageView.alimentar_Dados] Atualizando dados da tabela... [_log | meu_logger]
2025-05-29 09:36:30,666 - DEBUG - [EstoquePageView.alimentar_Dados] Headers: ['id', 'nome', 'descricao', 'preco', 'quantidade', 'tipo'] [_log | meu_logger]
2025-05-29 09:36:30,667 - DEBUG - [EstoquePageView.alimentar_Dados] Total de linhas: 20 [_log | meu_logger]
2025-05-29 09:36:30,667 - INFO - [EstoquePageView.create_view_estoque] Construindo view de estoque... [_log | meu_logger]
2025-05-29 09:36:30,669 - DEBUG - [RodapePaginacao.build] Chamando build() do RodapePaginacao. [_log | meu_logger]
2025-05-29 09:36:30,669 - DEBUG - [RodapePaginacao.construir] Construindo controles do rodapé de paginação. [_log | meu_logger]
2025-05-29 09:36:30,670 - DEBUG - [RodapePaginacao.construir] Texto da página: Página 1 de 2 [_log | meu_logger]
2025-05-29 09:36:30,696 - INFO - [EstoquePage.start] View de estoque adicionada à página. [_log | meu_logger]
2025-05-29 09:36:30,696 - DEBUG - [EstoqueDataHandler.listar_produtos_paginados] Chamando listar_produtos() com: Página=1, Quantidade=20, OrdenarPor=None, Filtros=None [_log | meu_logger]
2025-05-29 09:36:30,696 - DEBUG - [EstoqueDataHandler.listar_produtos_paginados] Usando resultado em cache da paginação. [_log | meu_logger]
2025-05-29 09:36:30,697 - DEBUG - [EstoquePage._log_initial_data] Dados iniciais carregados: [{'id': 4, 'nome': 'Pod 77', 'descricao': 'texto', 'preco': Decimal('778.00'), 'quantidade': 4, 'tipo': 'unidade'}]... [_log | meu_logger]
2025-05-29 09:36:35,089 - INFO - [DialogAdicionarProduto.__init__] Inicializando o DialogAdicionarProduto [_log | meu_logger]
2025-05-29 09:36:35,090 - INFO - [DialogAdicionarProduto.__init__] Diálogo inicializado com sucesso. [_log | meu_logger]
2025-05-29 09:36:35,091 - INFO - [DialogAdicionarProduto.mostrar] Exibindo o diálogo para adicionar produto. [_log | meu_logger]
2025-05-29 09:36:35,091 - INFO - [DialogAdicionarProduto.mostrar] Entrou no if de não há dialogue [_log | meu_logger]
2025-05-29 09:37:39,065 - INFO - [EstoquePage.__init__] Iniciando EstoquePage... [_log | meu_logger]
2025-05-29 09:37:39,069 - INFO - [EstoqueModel.__init__] EstoqueModel inicializado. [_log | meu_logger]
2025-05-29 09:37:39,070 - INFO - [RodapePaginacao.__init__] RodapePaginacao inicializado. [_log | meu_logger]
2025-05-29 09:37:39,070 - DEBUG - [RodapePaginacao.__init__] Total de páginas definido: None [_log | meu_logger]
2025-05-29 09:37:39,071 - INFO - [EstoquePageView.__init__] EstoquePageView inicializado. [_log | meu_logger]
2025-05-29 09:37:39,072 - INFO - [EstoquePageController.__init__] EstoquePageController inicializado. [_log | meu_logger]
2025-05-29 09:37:39,073 - INFO - [EstoquePage.__init__] EstoquePageController criado com sucesso. [_log | meu_logger]
2025-05-29 09:37:39,074 - DEBUG - [EstoquePage.start] Método start() chamado. Exibindo view do estoque. [_log | meu_logger]
2025-05-29 09:37:39,075 - DEBUG - [EstoquePageController.exibir_view_estoque] Exibindo view_estoque. [_log | meu_logger]
2025-05-29 09:37:39,076 - DEBUG - [EstoquePageController.carregar_dados_estoque] Buscando dados de produtos no model. [_log | meu_logger]
2025-05-29 09:37:39,076 - DEBUG - [EstoqueDataHandler.listar_produtos_paginados] Chamando listar_produtos() com: Página=1, Quantidade=20, OrdenarPor=None, Filtros=None [_log | meu_logger]
2025-05-29 09:37:39,095 - DEBUG - [EstoqueModel.get_colunas_produto] Buscando colunas da tabela 'produto'. [_log | meu_logger]
2025-05-29 09:37:39,103 - DEBUG - [EstoqueModel.get_colunas_produto] Colunas encontradas: ['id', 'nome', 'descricao', 'preco', 'quantidade', 'tipo'] [_log | meu_logger]
2025-05-29 09:37:39,104 - INFO - [EstoquePageView.alimentar_Dados] Atualizando dados da tabela... [_log | meu_logger]
2025-05-29 09:37:39,119 - DEBUG - [EstoquePageView.alimentar_Dados] Headers: ['id', 'nome', 'descricao', 'preco', 'quantidade', 'tipo'] [_log | meu_logger]
2025-05-29 09:37:39,119 - DEBUG - [EstoquePageView.alimentar_Dados] Total de linhas: 20 [_log | meu_logger]
2025-05-29 09:37:39,121 - INFO - [EstoquePageView.create_view_estoque] Construindo view de estoque... [_log | meu_logger]
2025-05-29 09:37:39,124 - DEBUG - [RodapePaginacao.build] Chamando build() do RodapePaginacao. [_log | meu_logger]
2025-05-29 09:37:39,124 - DEBUG - [RodapePaginacao.construir] Construindo controles do rodapé de paginação. [_log | meu_logger]
2025-05-29 09:37:39,124 - DEBUG - [RodapePaginacao.construir] Texto da página: Página 1 de 2 [_log | meu_logger]
2025-05-29 09:37:39,143 - INFO - [EstoquePage.start] View de estoque adicionada à página. [_log | meu_logger]
2025-05-29 09:37:39,145 - DEBUG - [EstoqueDataHandler.listar_produtos_paginados] Chamando listar_produtos() com: Página=1, Quantidade=20, OrdenarPor=None, Filtros=None [_log | meu_logger]
2025-05-29 09:37:39,148 - DEBUG - [EstoqueDataHandler.listar_produtos_paginados] Usando resultado em cache da paginação. [_log | meu_logger]
2025-05-29 09:37:39,148 - DEBUG - [EstoquePage._log_initial_data] Dados iniciais carregados: [{'id': 4, 'nome': 'Pod 77', 'descricao': 'texto', 'preco': Decimal('778.00'), 'quantidade': 4, 'tipo': 'unidade'}]... [_log | meu_logger]
2025-05-29 09:37:42,664 - INFO - [DialogAdicionarProduto.__init__] Inicializando o DialogAdicionarProduto [_log | meu_logger]
2025-05-29 09:37:42,665 - INFO - [DialogAdicionarProduto.__init__] Diálogo inicializado com sucesso. [_log | meu_logger]
2025-05-29 09:37:42,666 - INFO - [DialogAdicionarProduto.mostrar] Exibindo o diálogo para adicionar produto. [_log | meu_logger]
2025-05-29 09:37:42,666 - INFO - [DialogAdicionarProduto.mostrar] Entrou no if de não há dialogue [_log | meu_logger]
2025-05-29 09:37:42,666 - DEBUG - [DialogAdicionarProduto.mostrar] Dialogue : alertdialog {'open': False, 'modal': True} [_log | meu_logger]
