2025-05-14 14:13:11,045 - INFO - [EstoquePage.__init__] Iniciando EstoquePage... [_log | meu_logger]
2025-05-14 14:13:11,055 - INFO - [EstoqueModel.__init__] EstoqueModel inicializado. [_log | meu_logger]
2025-05-14 14:13:11,056 - INFO - [EstoquePageView.__init__] EstoquePageController inicializado. [_log | meu_logger]
2025-05-14 14:13:11,058 - INFO - [EstoquePageController.__init__] EstoquePageController inicializado. [_log | meu_logger]
2025-05-14 14:13:11,059 - INFO - [EstoquePage.__init__] EstoquePageController criado com sucesso. [_log | meu_logger]
2025-05-14 14:13:11,060 - DEBUG - [EstoquePage.start] Método start() chamado. Exibindo view do estoque. [_log | meu_logger]
2025-05-14 14:13:11,061 - DEBUG - [EstoquePageController.exibir_view_estoque] Chamando view_estoque() da view. [_log | meu_logger]
2025-05-14 14:13:11,061 - DEBUG - [EstoquePageController.carregar_dados_estoque] Buscando dados de produtos no model. [_log | meu_logger]
2025-05-14 14:13:11,061 - DEBUG - [EstoqueModel.buscar_produtos] Executando busca de todos os produtos. [_log | meu_logger]
2025-05-14 14:13:11,105 - DEBUG - [EstoqueModel.buscar_produtos] 21 produtos encontrados. [_log | meu_logger]
2025-05-14 14:13:11,106 - DEBUG - [EstoqueModel.buscar_produtos] [{'id': 4, 'nome': 'Pod 77', 'descricao': 'texto', 'preco': Decimal('778.00'), 'quantidade': 4, 'tipo': 'unidade'}, {'id': 5, 'nome': 'Prod_88', 'descricao': 'Descrição Nova', 'preco': Decimal('77.00'), 'quantidade': 44, 'tipo': 'kg'}, {'id': 6, 'nome': 'Prod_77', 'descricao': 'l', 'preco': Decimal('85.00'), 'quantidade': 88, 'tipo': 'litro'}, {'id': 8, 'nome': 'kkk', 'descricao': 'kkkk', 'preco': Decimal('99.00'), 'quantidade': 555, 'tipo': 'caixa'}, {'id': 9, 'nome': 'A', 'descricao': 'A', 'preco': Decimal('1.00'), 'quantidade': 14, 'tipo': 'unidade'}, {'id': 10, 'nome': 'p1', 'descricao': 'p1', 'preco': Decimal('0.00'), 'quantidade': 1, 'tipo': 'unidade'}, {'id': 11, 'nome': 'phujkfv', 'descricao': 'uku', 'preco': Decimal('33.00'), 'quantidade': 33, 'tipo': 'kg'}, {'id': 12, 'nome': 'fdfdf', 'descricao': 'dfsfs', 'preco': Decimal('5215.00'), 'quantidade': 515, 'tipo': 'unidade'}, {'id': 13, 'nome': 'dfsdf', 'descricao': 'sfsdf', 'preco': Decimal('515.00'), 'quantidade': 22, 'tipo': 'unidade'}, {'id': 15, 'nome': 'tttt', 'descricao': 'trtr', 'preco': Decimal('55.00'), 'quantidade': 55, 'tipo': 'unidade'}, {'id': 16, 'nome': 'Teste', 'descricao': '77', 'preco': Decimal('58.00'), 'quantidade': 77, 'tipo': 'litro'}, {'id': 17, 'nome': 'Maste', 'descricao': 'dsd', 'preco': Decimal('44.00'), 'quantidade': 44, 'tipo': 'litro'}, {'id': 18, 'nome': '2', 'descricao': '22', 'preco': Decimal('525.00'), 'quantidade': 55, 'tipo': 'kg'}, {'id': 19, 'nome': 'Tes_ide', 'descricao': '2121ff', 'preco': Decimal('8547.00'), 'quantidade': 223, 'tipo': 'unidade'}, {'id': 20, 'nome': 'Tes_ide', 'descricao': '2121ff', 'preco': Decimal('8547.00'), 'quantidade': 223, 'tipo': 'unidade'}, {'id': 21, 'nome': 'Tes_ide', 'descricao': '2121ff', 'preco': Decimal('8547.00'), 'quantidade': 223, 'tipo': 'unidade'}, {'id': 22, 'nome': 'Bolo de Chocolate', 'descricao': None, 'preco': Decimal('50.00'), 'quantidade': 1, 'tipo': 'unidade'}, {'id': 23, 'nome': 'Bolo de Morango', 'descricao': None, 'preco': Decimal('45.00'), 'quantidade': 1, 'tipo': 'unidade'}, {'id': 24, 'nome': 'Cupcake', 'descricao': None, 'preco': Decimal('5.00'), 'quantidade': 12, 'tipo': 'unidade'}, {'id': 25, 'nome': 'Torta de Maçã', 'descricao': None, 'preco': Decimal('40.00'), 'quantidade': 1, 'tipo': 'unidade'}, {'id': 26, 'nome': 'Pão de Mel', 'descricao': None, 'preco': Decimal('3.50'), 'quantidade': 10, 'tipo': 'unidade'}] [_log | meu_logger]
2025-05-14 14:13:11,106 - DEBUG - [EstoqueModel.get_colunas_produto] Buscando colunas da tabela 'produto'. [_log | meu_logger]
2025-05-14 14:13:11,128 - DEBUG - [EstoqueModel.get_colunas_produto] Colunas encontradas: ['id', 'nome', 'descricao', 'preco', 'quantidade', 'tipo'] [_log | meu_logger]
2025-05-14 14:13:11,128 - DEBUG - [EstoquePageController.carregar_dados_estoque] 6 colunas retonadas do modeu [_log | meu_logger]
2025-05-14 14:13:11,129 - DEBUG - [EstoquePageController.carregar_dados_estoque] 21 produtos retornados do model. [_log | meu_logger]
2025-05-14 14:13:11,129 - DEBUG - [EstoquePageController.carregar_dados_estoque] Chamando create_view_estoque() com os dados. [_log | meu_logger]
2025-05-14 14:13:11,129 - INFO - [EstoquePageView.create_view_estoque] Criando view estoque  [_log | meu_logger]
2025-05-14 14:13:11,130 - DEBUG - [Table.set_data] ✅ Dados da tabela atualizados. [_log | meu_logger]
2025-05-14 14:13:11,130 - INFO - [Table.set_data] 🔢 Total de colunas recebidas: 6 [_log | meu_logger]
2025-05-14 14:13:11,131 - INFO - [Table.set_data] 📦 Total de produtos (linhas) recebidas: 21 [_log | meu_logger]
2025-05-14 14:13:11,153 - INFO - [EstoquePage.start] View de estoque adicionada à página. [_log | meu_logger]
2025-05-14 14:16:33,047 - INFO - [EstoquePage.__init__] Iniciando EstoquePage... [_log | meu_logger]
2025-05-14 14:16:33,057 - INFO - [EstoqueModel.__init__] EstoqueModel inicializado. [_log | meu_logger]
2025-05-14 14:16:33,057 - INFO - [EstoquePageView.__init__] EstoquePageController inicializado. [_log | meu_logger]
2025-05-14 14:16:33,059 - INFO - [EstoquePageController.__init__] EstoquePageController inicializado. [_log | meu_logger]
2025-05-14 14:16:33,062 - INFO - [EstoquePage.__init__] EstoquePageController criado com sucesso. [_log | meu_logger]
2025-05-14 14:16:33,064 - DEBUG - [EstoquePage.start] Método start() chamado. Exibindo view do estoque. [_log | meu_logger]
2025-05-14 14:16:33,064 - DEBUG - [EstoquePageController.exibir_view_estoque] Chamando view_estoque() da view. [_log | meu_logger]
2025-05-14 14:16:33,066 - DEBUG - [EstoquePageController.carregar_dados_estoque] Buscando dados de produtos no model. [_log | meu_logger]
2025-05-14 14:16:33,067 - DEBUG - [EstoqueModel.buscar_produtos] Executando busca de todos os produtos. [_log | meu_logger]
2025-05-14 14:16:33,090 - DEBUG - [EstoqueModel.buscar_produtos] 21 produtos encontrados. [_log | meu_logger]
2025-05-14 14:16:33,091 - DEBUG - [EstoqueModel.buscar_produtos] [{'id': 4, 'nome': 'Pod 77', 'descricao': 'texto', 'preco': Decimal('778.00'), 'quantidade': 4, 'tipo': 'unidade'}, {'id': 5, 'nome': 'Prod_88', 'descricao': 'Descrição Nova', 'preco': Decimal('77.00'), 'quantidade': 44, 'tipo': 'kg'}, {'id': 6, 'nome': 'Prod_77', 'descricao': 'l', 'preco': Decimal('85.00'), 'quantidade': 88, 'tipo': 'litro'}, {'id': 8, 'nome': 'kkk', 'descricao': 'kkkk', 'preco': Decimal('99.00'), 'quantidade': 555, 'tipo': 'caixa'}, {'id': 9, 'nome': 'A', 'descricao': 'A', 'preco': Decimal('1.00'), 'quantidade': 14, 'tipo': 'unidade'}, {'id': 10, 'nome': 'p1', 'descricao': 'p1', 'preco': Decimal('0.00'), 'quantidade': 1, 'tipo': 'unidade'}, {'id': 11, 'nome': 'phujkfv', 'descricao': 'uku', 'preco': Decimal('33.00'), 'quantidade': 33, 'tipo': 'kg'}, {'id': 12, 'nome': 'fdfdf', 'descricao': 'dfsfs', 'preco': Decimal('5215.00'), 'quantidade': 515, 'tipo': 'unidade'}, {'id': 13, 'nome': 'dfsdf', 'descricao': 'sfsdf', 'preco': Decimal('515.00'), 'quantidade': 22, 'tipo': 'unidade'}, {'id': 15, 'nome': 'tttt', 'descricao': 'trtr', 'preco': Decimal('55.00'), 'quantidade': 55, 'tipo': 'unidade'}, {'id': 16, 'nome': 'Teste', 'descricao': '77', 'preco': Decimal('58.00'), 'quantidade': 77, 'tipo': 'litro'}, {'id': 17, 'nome': 'Maste', 'descricao': 'dsd', 'preco': Decimal('44.00'), 'quantidade': 44, 'tipo': 'litro'}, {'id': 18, 'nome': '2', 'descricao': '22', 'preco': Decimal('525.00'), 'quantidade': 55, 'tipo': 'kg'}, {'id': 19, 'nome': 'Tes_ide', 'descricao': '2121ff', 'preco': Decimal('8547.00'), 'quantidade': 223, 'tipo': 'unidade'}, {'id': 20, 'nome': 'Tes_ide', 'descricao': '2121ff', 'preco': Decimal('8547.00'), 'quantidade': 223, 'tipo': 'unidade'}, {'id': 21, 'nome': 'Tes_ide', 'descricao': '2121ff', 'preco': Decimal('8547.00'), 'quantidade': 223, 'tipo': 'unidade'}, {'id': 22, 'nome': 'Bolo de Chocolate', 'descricao': None, 'preco': Decimal('50.00'), 'quantidade': 1, 'tipo': 'unidade'}, {'id': 23, 'nome': 'Bolo de Morango', 'descricao': None, 'preco': Decimal('45.00'), 'quantidade': 1, 'tipo': 'unidade'}, {'id': 24, 'nome': 'Cupcake', 'descricao': None, 'preco': Decimal('5.00'), 'quantidade': 12, 'tipo': 'unidade'}, {'id': 25, 'nome': 'Torta de Maçã', 'descricao': None, 'preco': Decimal('40.00'), 'quantidade': 1, 'tipo': 'unidade'}, {'id': 26, 'nome': 'Pão de Mel', 'descricao': None, 'preco': Decimal('3.50'), 'quantidade': 10, 'tipo': 'unidade'}] [_log | meu_logger]
2025-05-14 14:16:33,092 - DEBUG - [EstoqueModel.get_colunas_produto] Buscando colunas da tabela 'produto'. [_log | meu_logger]
2025-05-14 14:16:33,102 - DEBUG - [EstoqueModel.get_colunas_produto] Colunas encontradas: ['id', 'nome', 'descricao', 'preco', 'quantidade', 'tipo'] [_log | meu_logger]
2025-05-14 14:16:33,103 - DEBUG - [EstoquePageController.carregar_dados_estoque] 6 colunas retonadas do modeu [_log | meu_logger]
2025-05-14 14:16:33,103 - DEBUG - [EstoquePageController.carregar_dados_estoque] 21 produtos retornados do model. [_log | meu_logger]
2025-05-14 14:16:33,104 - DEBUG - [EstoquePageController.carregar_dados_estoque] Chamando create_view_estoque() com os dados. [_log | meu_logger]
2025-05-14 14:16:33,104 - INFO - [EstoquePageView.create_view_estoque] Criando view estoque  [_log | meu_logger]
2025-05-14 14:16:33,105 - DEBUG - [Table.set_data] ✅ Dados da tabela atualizados. [_log | meu_logger]
2025-05-14 14:16:33,106 - INFO - [Table.set_data] 🔢 Total de colunas recebidas: 6 [_log | meu_logger]
2025-05-14 14:16:33,106 - INFO - [Table.set_data] 📦 Total de produtos (linhas) recebidas: 21 [_log | meu_logger]
2025-05-14 14:16:33,106 - INFO - [EstoquePageView.create_view_estoque] 

>>> PRDUTOS CARREGADOS NA TABLE <<< [_log | meu_logger]
2025-05-14 14:16:33,118 - DEBUG - [EstoquePageView.create_view_estoque] datatable {} [_log | meu_logger]
2025-05-14 14:16:33,147 - INFO - [EstoquePage.start] View de estoque adicionada à página. [_log | meu_logger]
2025-05-14 14:21:32,269 - INFO - [EstoquePage.__init__] Iniciando EstoquePage... [_log | meu_logger]
2025-05-14 14:21:32,274 - INFO - [EstoqueModel.__init__] EstoqueModel inicializado. [_log | meu_logger]
2025-05-14 14:21:32,279 - INFO - [EstoquePageView.__init__] EstoquePageView inicializado. [_log | meu_logger]
2025-05-14 14:21:32,280 - INFO - [EstoquePageController.__init__] EstoquePageController inicializado. [_log | meu_logger]
2025-05-14 14:21:32,280 - INFO - [EstoquePage.__init__] EstoquePageController criado com sucesso. [_log | meu_logger]
2025-05-14 14:21:32,281 - DEBUG - [EstoquePage.start] Método start() chamado. Exibindo view do estoque. [_log | meu_logger]
2025-05-14 14:21:32,281 - DEBUG - [EstoquePageController.exibir_view_estoque] Chamando view_estoque() da view. [_log | meu_logger]
2025-05-14 14:21:32,282 - DEBUG - [EstoquePageController.carregar_dados_estoque] Buscando dados de produtos no model. [_log | meu_logger]
2025-05-14 14:21:32,283 - DEBUG - [EstoqueModel.buscar_produtos] Executando busca de todos os produtos. [_log | meu_logger]
2025-05-14 14:21:32,313 - DEBUG - [EstoqueModel.buscar_produtos] 21 produtos encontrados. [_log | meu_logger]
2025-05-14 14:21:32,314 - DEBUG - [EstoqueModel.buscar_produtos] [{'id': 4, 'nome': 'Pod 77', 'descricao': 'texto', 'preco': Decimal('778.00'), 'quantidade': 4, 'tipo': 'unidade'}, {'id': 5, 'nome': 'Prod_88', 'descricao': 'Descrição Nova', 'preco': Decimal('77.00'), 'quantidade': 44, 'tipo': 'kg'}, {'id': 6, 'nome': 'Prod_77', 'descricao': 'l', 'preco': Decimal('85.00'), 'quantidade': 88, 'tipo': 'litro'}, {'id': 8, 'nome': 'kkk', 'descricao': 'kkkk', 'preco': Decimal('99.00'), 'quantidade': 555, 'tipo': 'caixa'}, {'id': 9, 'nome': 'A', 'descricao': 'A', 'preco': Decimal('1.00'), 'quantidade': 14, 'tipo': 'unidade'}, {'id': 10, 'nome': 'p1', 'descricao': 'p1', 'preco': Decimal('0.00'), 'quantidade': 1, 'tipo': 'unidade'}, {'id': 11, 'nome': 'phujkfv', 'descricao': 'uku', 'preco': Decimal('33.00'), 'quantidade': 33, 'tipo': 'kg'}, {'id': 12, 'nome': 'fdfdf', 'descricao': 'dfsfs', 'preco': Decimal('5215.00'), 'quantidade': 515, 'tipo': 'unidade'}, {'id': 13, 'nome': 'dfsdf', 'descricao': 'sfsdf', 'preco': Decimal('515.00'), 'quantidade': 22, 'tipo': 'unidade'}, {'id': 15, 'nome': 'tttt', 'descricao': 'trtr', 'preco': Decimal('55.00'), 'quantidade': 55, 'tipo': 'unidade'}, {'id': 16, 'nome': 'Teste', 'descricao': '77', 'preco': Decimal('58.00'), 'quantidade': 77, 'tipo': 'litro'}, {'id': 17, 'nome': 'Maste', 'descricao': 'dsd', 'preco': Decimal('44.00'), 'quantidade': 44, 'tipo': 'litro'}, {'id': 18, 'nome': '2', 'descricao': '22', 'preco': Decimal('525.00'), 'quantidade': 55, 'tipo': 'kg'}, {'id': 19, 'nome': 'Tes_ide', 'descricao': '2121ff', 'preco': Decimal('8547.00'), 'quantidade': 223, 'tipo': 'unidade'}, {'id': 20, 'nome': 'Tes_ide', 'descricao': '2121ff', 'preco': Decimal('8547.00'), 'quantidade': 223, 'tipo': 'unidade'}, {'id': 21, 'nome': 'Tes_ide', 'descricao': '2121ff', 'preco': Decimal('8547.00'), 'quantidade': 223, 'tipo': 'unidade'}, {'id': 22, 'nome': 'Bolo de Chocolate', 'descricao': None, 'preco': Decimal('50.00'), 'quantidade': 1, 'tipo': 'unidade'}, {'id': 23, 'nome': 'Bolo de Morango', 'descricao': None, 'preco': Decimal('45.00'), 'quantidade': 1, 'tipo': 'unidade'}, {'id': 24, 'nome': 'Cupcake', 'descricao': None, 'preco': Decimal('5.00'), 'quantidade': 12, 'tipo': 'unidade'}, {'id': 25, 'nome': 'Torta de Maçã', 'descricao': None, 'preco': Decimal('40.00'), 'quantidade': 1, 'tipo': 'unidade'}, {'id': 26, 'nome': 'Pão de Mel', 'descricao': None, 'preco': Decimal('3.50'), 'quantidade': 10, 'tipo': 'unidade'}] [_log | meu_logger]
2025-05-14 14:21:32,314 - DEBUG - [EstoqueModel.get_colunas_produto] Buscando colunas da tabela 'produto'. [_log | meu_logger]
2025-05-14 14:21:32,330 - DEBUG - [EstoqueModel.get_colunas_produto] Colunas encontradas: ['id', 'nome', 'descricao', 'preco', 'quantidade', 'tipo'] [_log | meu_logger]
2025-05-14 14:21:32,330 - DEBUG - [EstoquePageController.carregar_dados_estoque] 6 colunas retonadas do modeu [_log | meu_logger]
2025-05-14 14:21:32,331 - DEBUG - [EstoquePageController.carregar_dados_estoque] 21 produtos retornados do model. [_log | meu_logger]
2025-05-14 14:21:32,331 - DEBUG - [EstoquePageController.carregar_dados_estoque] Chamando create_view_estoque() com os dados. [_log | meu_logger]
2025-05-14 14:21:32,331 - INFO - [EstoquePageView.create_view_estoque] Criando view estoque [_log | meu_logger]
2025-05-14 14:21:32,332 - DEBUG - [Table.set_data] ✅ Dados da tabela atualizados. [_log | meu_logger]
2025-05-14 14:21:32,332 - INFO - [Table.set_data] 🔢 Total de colunas recebidas: 6 [_log | meu_logger]
2025-05-14 14:21:32,332 - INFO - [Table.set_data] 📦 Total de produtos (linhas) recebidas: 21 [_log | meu_logger]
2025-05-14 14:21:32,333 - INFO - [EstoquePageView.create_view_estoque] >>> PRODUTOS CARREGADOS NA TABLE <<< [_log | meu_logger]
2025-05-14 14:21:32,333 - INFO - [EstoquePageView.create_view_estoque] 🔢 Colunas: 6 [_log | meu_logger]
2025-05-14 14:21:32,333 - INFO - [EstoquePageView.create_view_estoque] 📦 Produtos: 21 [_log | meu_logger]
2025-05-14 14:21:32,352 - INFO - [EstoquePage.start] View de estoque adicionada à página. [_log | meu_logger]
2025-05-14 14:23:11,076 - INFO - [EstoquePage.__init__] Iniciando EstoquePage... [_log | meu_logger]
2025-05-14 14:23:11,079 - INFO - [EstoqueModel.__init__] EstoqueModel inicializado. [_log | meu_logger]
2025-05-14 14:23:11,080 - INFO - [EstoquePageView.__init__] EstoquePageView inicializado. [_log | meu_logger]
2025-05-14 14:23:11,081 - INFO - [EstoquePageController.__init__] EstoquePageController inicializado. [_log | meu_logger]
2025-05-14 14:23:11,081 - INFO - [EstoquePage.__init__] EstoquePageController criado com sucesso. [_log | meu_logger]
2025-05-14 14:23:11,082 - DEBUG - [EstoquePage.start] Método start() chamado. Exibindo view do estoque. [_log | meu_logger]
2025-05-14 14:23:11,082 - DEBUG - [EstoquePageController.exibir_view_estoque] Chamando view_estoque() da view. [_log | meu_logger]
2025-05-14 14:23:11,082 - DEBUG - [EstoquePageController.carregar_dados_estoque] Buscando dados de produtos no model. [_log | meu_logger]
2025-05-14 14:23:11,083 - DEBUG - [EstoqueModel.buscar_produtos] Executando busca de todos os produtos. [_log | meu_logger]
2025-05-14 14:23:11,102 - DEBUG - [EstoqueModel.buscar_produtos] 21 produtos encontrados. [_log | meu_logger]
2025-05-14 14:23:11,103 - DEBUG - [EstoqueModel.buscar_produtos] [{'id': 4, 'nome': 'Pod 77', 'descricao': 'texto', 'preco': Decimal('778.00'), 'quantidade': 4, 'tipo': 'unidade'}, {'id': 5, 'nome': 'Prod_88', 'descricao': 'Descrição Nova', 'preco': Decimal('77.00'), 'quantidade': 44, 'tipo': 'kg'}, {'id': 6, 'nome': 'Prod_77', 'descricao': 'l', 'preco': Decimal('85.00'), 'quantidade': 88, 'tipo': 'litro'}, {'id': 8, 'nome': 'kkk', 'descricao': 'kkkk', 'preco': Decimal('99.00'), 'quantidade': 555, 'tipo': 'caixa'}, {'id': 9, 'nome': 'A', 'descricao': 'A', 'preco': Decimal('1.00'), 'quantidade': 14, 'tipo': 'unidade'}, {'id': 10, 'nome': 'p1', 'descricao': 'p1', 'preco': Decimal('0.00'), 'quantidade': 1, 'tipo': 'unidade'}, {'id': 11, 'nome': 'phujkfv', 'descricao': 'uku', 'preco': Decimal('33.00'), 'quantidade': 33, 'tipo': 'kg'}, {'id': 12, 'nome': 'fdfdf', 'descricao': 'dfsfs', 'preco': Decimal('5215.00'), 'quantidade': 515, 'tipo': 'unidade'}, {'id': 13, 'nome': 'dfsdf', 'descricao': 'sfsdf', 'preco': Decimal('515.00'), 'quantidade': 22, 'tipo': 'unidade'}, {'id': 15, 'nome': 'tttt', 'descricao': 'trtr', 'preco': Decimal('55.00'), 'quantidade': 55, 'tipo': 'unidade'}, {'id': 16, 'nome': 'Teste', 'descricao': '77', 'preco': Decimal('58.00'), 'quantidade': 77, 'tipo': 'litro'}, {'id': 17, 'nome': 'Maste', 'descricao': 'dsd', 'preco': Decimal('44.00'), 'quantidade': 44, 'tipo': 'litro'}, {'id': 18, 'nome': '2', 'descricao': '22', 'preco': Decimal('525.00'), 'quantidade': 55, 'tipo': 'kg'}, {'id': 19, 'nome': 'Tes_ide', 'descricao': '2121ff', 'preco': Decimal('8547.00'), 'quantidade': 223, 'tipo': 'unidade'}, {'id': 20, 'nome': 'Tes_ide', 'descricao': '2121ff', 'preco': Decimal('8547.00'), 'quantidade': 223, 'tipo': 'unidade'}, {'id': 21, 'nome': 'Tes_ide', 'descricao': '2121ff', 'preco': Decimal('8547.00'), 'quantidade': 223, 'tipo': 'unidade'}, {'id': 22, 'nome': 'Bolo de Chocolate', 'descricao': None, 'preco': Decimal('50.00'), 'quantidade': 1, 'tipo': 'unidade'}, {'id': 23, 'nome': 'Bolo de Morango', 'descricao': None, 'preco': Decimal('45.00'), 'quantidade': 1, 'tipo': 'unidade'}, {'id': 24, 'nome': 'Cupcake', 'descricao': None, 'preco': Decimal('5.00'), 'quantidade': 12, 'tipo': 'unidade'}, {'id': 25, 'nome': 'Torta de Maçã', 'descricao': None, 'preco': Decimal('40.00'), 'quantidade': 1, 'tipo': 'unidade'}, {'id': 26, 'nome': 'Pão de Mel', 'descricao': None, 'preco': Decimal('3.50'), 'quantidade': 10, 'tipo': 'unidade'}] [_log | meu_logger]
2025-05-14 14:23:11,103 - DEBUG - [EstoqueModel.get_colunas_produto] Buscando colunas da tabela 'produto'. [_log | meu_logger]
2025-05-14 14:23:11,110 - DEBUG - [EstoqueModel.get_colunas_produto] Colunas encontradas: ['id', 'nome', 'descricao', 'preco', 'quantidade', 'tipo'] [_log | meu_logger]
2025-05-14 14:23:11,110 - DEBUG - [EstoquePageController.carregar_dados_estoque] 6 colunas retonadas do modeu [_log | meu_logger]
2025-05-14 14:23:11,111 - DEBUG - [EstoquePageController.carregar_dados_estoque] 21 produtos retornados do model. [_log | meu_logger]
2025-05-14 14:23:11,111 - DEBUG - [EstoquePageController.carregar_dados_estoque] Chamando create_view_estoque() com os dados. [_log | meu_logger]
2025-05-14 14:23:11,111 - INFO - [EstoquePageView.create_view_estoque] Criando view estoque [_log | meu_logger]
2025-05-14 14:23:11,111 - DEBUG - [Table.set_data] ✅ Dados da tabela atualizados. [_log | meu_logger]
2025-05-14 14:23:11,111 - INFO - [Table.set_data] 🔢 Total de colunas recebidas: 6 [_log | meu_logger]
2025-05-14 14:23:11,112 - INFO - [Table.set_data] 📦 Total de produtos (linhas) recebidas: 21 [_log | meu_logger]
2025-05-14 14:23:11,112 - INFO - [EstoquePageView.create_view_estoque] >>> PRODUTOS CARREGADOS NA TABLE <<< [_log | meu_logger]
2025-05-14 14:23:11,112 - INFO - [EstoquePageView.create_view_estoque] 🔢 Colunas: 6 [_log | meu_logger]
2025-05-14 14:23:11,113 - INFO - [EstoquePageView.create_view_estoque] 📦 Produtos: 21 [_log | meu_logger]
2025-05-14 14:23:11,134 - INFO - [EstoquePage.start] View de estoque adicionada à página. [_log | meu_logger]
2025-05-14 14:29:53,465 - INFO - [EstoquePage.__init__] Iniciando EstoquePage... [_log | meu_logger]
2025-05-14 14:29:53,477 - INFO - [EstoqueModel.__init__] EstoqueModel inicializado. [_log | meu_logger]
2025-05-14 14:29:53,478 - INFO - [EstoquePageView.__init__] EstoquePageView inicializado. [_log | meu_logger]
2025-05-14 14:29:53,479 - INFO - [EstoquePageController.__init__] EstoquePageController inicializado. [_log | meu_logger]
2025-05-14 14:29:53,480 - INFO - [EstoquePage.__init__] EstoquePageController criado com sucesso. [_log | meu_logger]
2025-05-14 14:29:53,484 - DEBUG - [EstoquePage.start] Método start() chamado. Exibindo view do estoque. [_log | meu_logger]
2025-05-14 14:29:53,488 - DEBUG - [EstoquePageController.exibir_view_estoque] Chamando view_estoque() da view. [_log | meu_logger]
2025-05-14 14:29:53,490 - DEBUG - [EstoquePageController.carregar_dados_estoque] Buscando dados de produtos no model. [_log | meu_logger]
2025-05-14 14:32:21,906 - INFO - [EstoquePage.__init__] Iniciando EstoquePage... [_log | meu_logger]
2025-05-14 14:32:21,912 - INFO - [EstoqueModel.__init__] EstoqueModel inicializado. [_log | meu_logger]
2025-05-14 14:32:21,913 - INFO - [EstoquePageView.__init__] EstoquePageView inicializado. [_log | meu_logger]
2025-05-14 14:32:21,914 - INFO - [EstoquePageController.__init__] EstoquePageController inicializado. [_log | meu_logger]
2025-05-14 14:32:21,916 - INFO - [EstoquePage.__init__] EstoquePageController criado com sucesso. [_log | meu_logger]
2025-05-14 14:32:21,917 - DEBUG - [EstoquePage.start] Método start() chamado. Exibindo view do estoque. [_log | meu_logger]
2025-05-14 14:32:21,918 - DEBUG - [EstoquePageController.exibir_view_estoque] Chamando view_estoque() da view. [_log | meu_logger]
2025-05-14 14:32:21,918 - DEBUG - [EstoquePageController.carregar_dados_estoque] Buscando dados de produtos no model. [_log | meu_logger]
2025-05-14 14:32:21,955 - DEBUG - [EstoqueModel.get_colunas_produto] Buscando colunas da tabela 'produto'. [_log | meu_logger]
2025-05-14 14:32:21,982 - DEBUG - [EstoqueModel.get_colunas_produto] Colunas encontradas: ['id', 'nome', 'descricao', 'preco', 'quantidade', 'tipo'] [_log | meu_logger]
2025-05-14 14:32:21,983 - DEBUG - [EstoquePageController.carregar_dados_estoque] 6 colunas retonadas do modeu [_log | meu_logger]
2025-05-14 14:32:21,983 - DEBUG - [EstoquePageController.carregar_dados_estoque] 21 produtos retornados do model. [_log | meu_logger]
2025-05-14 14:32:21,983 - DEBUG - [EstoquePageController.carregar_dados_estoque] Chamando create_view_estoque() com os dados. [_log | meu_logger]
2025-05-14 14:32:21,983 - INFO - [EstoquePageView.create_view_estoque] Criando view estoque [_log | meu_logger]
2025-05-14 14:32:21,983 - DEBUG - [Table.set_data] ✅ Dados da tabela atualizados. [_log | meu_logger]
2025-05-14 14:32:21,984 - INFO - [Table.set_data] 🔢 Total de colunas recebidas: 6 [_log | meu_logger]
2025-05-14 14:32:21,984 - INFO - [Table.set_data] 📦 Total de produtos (linhas) recebidas: 21 [_log | meu_logger]
2025-05-14 14:32:21,984 - INFO - [EstoquePageView.create_view_estoque] >>> PRODUTOS CARREGADOS NA TABLE <<< [_log | meu_logger]
2025-05-14 14:32:21,984 - INFO - [EstoquePageView.create_view_estoque] 🔢 Colunas: 6 [_log | meu_logger]
2025-05-14 14:32:21,985 - INFO - [EstoquePageView.create_view_estoque] 📦 Produtos: 21 [_log | meu_logger]
2025-05-14 14:32:22,011 - INFO - [EstoquePage.start] View de estoque adicionada à página. [_log | meu_logger]
2025-05-14 14:45:26,644 - INFO - [EstoquePage.__init__] Iniciando EstoquePage... [_log | meu_logger]
2025-05-14 14:45:26,652 - INFO - [EstoqueModel.__init__] EstoqueModel inicializado. [_log | meu_logger]
2025-05-14 14:45:26,654 - INFO - [EstoquePageView.__init__] EstoquePageView inicializado. [_log | meu_logger]
2025-05-14 14:45:26,659 - INFO - [EstoquePageController.__init__] EstoquePageController inicializado. [_log | meu_logger]
2025-05-14 14:45:26,659 - INFO - [EstoquePage.__init__] EstoquePageController criado com sucesso. [_log | meu_logger]
2025-05-14 14:45:26,660 - DEBUG - [EstoquePage.start] Método start() chamado. Exibindo view do estoque. [_log | meu_logger]
2025-05-14 14:45:26,660 - DEBUG - [EstoquePageController.exibir_view_estoque] Chamando view_estoque() da view. [_log | meu_logger]
2025-05-14 14:45:26,660 - DEBUG - [EstoquePageController.carregar_dados_estoque] Buscando dados de produtos no model. [_log | meu_logger]
2025-05-14 14:45:26,791 - DEBUG - [EstoqueModel.get_colunas_produto] Buscando colunas da tabela 'produto'. [_log | meu_logger]
2025-05-14 14:45:26,840 - DEBUG - [EstoqueModel.get_colunas_produto] Colunas encontradas: ['id', 'nome', 'descricao', 'preco', 'quantidade', 'tipo'] [_log | meu_logger]
2025-05-14 14:45:26,840 - DEBUG - [EstoquePageController.carregar_dados_estoque] 6 colunas retonadas do modeu [_log | meu_logger]
2025-05-14 14:45:26,840 - DEBUG - [EstoquePageController.carregar_dados_estoque] 21 produtos retornados do model. [_log | meu_logger]
2025-05-14 14:45:26,840 - DEBUG - [EstoquePageController.carregar_dados_estoque] Chamando create_view_estoque() com os dados. [_log | meu_logger]
2025-05-14 14:45:26,841 - INFO - [EstoquePageView.create_view_estoque] Criando view estoque [_log | meu_logger]
2025-05-14 14:45:26,841 - DEBUG - [Table.set_data] ✅ Dados da tabela atualizados. [_log | meu_logger]
2025-05-14 14:45:26,841 - INFO - [Table.set_data] 🔢 Total de colunas recebidas: 6 [_log | meu_logger]
2025-05-14 14:45:26,842 - INFO - [Table.set_data] 📦 Total de produtos (linhas) recebidas: 21 [_log | meu_logger]
2025-05-14 14:45:26,842 - INFO - [EstoquePageView.create_view_estoque] >>> PRODUTOS CARREGADOS NA TABLE <<< [_log | meu_logger]
2025-05-14 14:45:26,842 - INFO - [EstoquePageView.create_view_estoque] 🔢 Colunas: 6 [_log | meu_logger]
2025-05-14 14:45:26,842 - INFO - [EstoquePageView.create_view_estoque] 📦 Produtos: 21 [_log | meu_logger]
2025-05-14 14:46:12,264 - INFO - [EstoquePage.__init__] Iniciando EstoquePage... [_log | meu_logger]
2025-05-14 14:46:12,275 - INFO - [EstoqueModel.__init__] EstoqueModel inicializado. [_log | meu_logger]
2025-05-14 14:46:12,283 - INFO - [EstoquePageView.__init__] EstoquePageView inicializado. [_log | meu_logger]
2025-05-14 14:46:12,286 - INFO - [EstoquePageController.__init__] EstoquePageController inicializado. [_log | meu_logger]
2025-05-14 14:46:12,287 - INFO - [EstoquePage.__init__] EstoquePageController criado com sucesso. [_log | meu_logger]
2025-05-14 14:46:12,288 - DEBUG - [EstoquePage.start] Método start() chamado. Exibindo view do estoque. [_log | meu_logger]
2025-05-14 14:46:12,292 - DEBUG - [EstoquePageController.exibir_view_estoque] Chamando view_estoque() da view. [_log | meu_logger]
2025-05-14 14:46:12,293 - DEBUG - [EstoquePageController.carregar_dados_estoque] Buscando dados de produtos no model. [_log | meu_logger]
2025-05-14 14:46:12,334 - DEBUG - [EstoqueModel.get_colunas_produto] Buscando colunas da tabela 'produto'. [_log | meu_logger]
2025-05-14 14:46:12,362 - DEBUG - [EstoqueModel.get_colunas_produto] Colunas encontradas: ['id', 'nome', 'descricao', 'preco', 'quantidade', 'tipo'] [_log | meu_logger]
2025-05-14 14:46:12,362 - DEBUG - [EstoquePageController.carregar_dados_estoque] 6 colunas retonadas do modeu [_log | meu_logger]
2025-05-14 14:46:12,362 - DEBUG - [EstoquePageController.carregar_dados_estoque] 21 produtos retornados do model. [_log | meu_logger]
2025-05-14 14:46:12,363 - DEBUG - [EstoquePageController.carregar_dados_estoque] Chamando create_view_estoque() com os dados. [_log | meu_logger]
2025-05-14 14:46:12,363 - INFO - [EstoquePageView.create_view_estoque] Criando view estoque [_log | meu_logger]
2025-05-14 14:46:12,363 - DEBUG - [Table.set_data] ✅ Dados da tabela atualizados. [_log | meu_logger]
2025-05-14 14:46:12,364 - INFO - [Table.set_data] 🔢 Total de colunas recebidas: 6 [_log | meu_logger]
2025-05-14 14:46:12,364 - INFO - [Table.set_data] 📦 Total de produtos (linhas) recebidas: 21 [_log | meu_logger]
2025-05-14 14:46:12,365 - INFO - [EstoquePageView.create_view_estoque] >>> PRODUTOS CARREGADOS NA TABLE <<< [_log | meu_logger]
2025-05-14 14:46:12,366 - INFO - [EstoquePageView.create_view_estoque] 🔢 Colunas: 6 [_log | meu_logger]
2025-05-14 14:46:12,366 - INFO - [EstoquePageView.create_view_estoque] 📦 Produtos: 21 [_log | meu_logger]
2025-05-14 14:51:21,610 - INFO - [EstoquePage.__init__] Iniciando EstoquePage... [_log | meu_logger]
2025-05-14 14:51:21,624 - INFO - [EstoqueModel.__init__] EstoqueModel inicializado. [_log | meu_logger]
2025-05-14 14:51:21,627 - INFO - [EstoquePageView.__init__] EstoquePageView inicializado. [_log | meu_logger]
2025-05-14 14:51:21,630 - INFO - [EstoquePageController.__init__] EstoquePageController inicializado. [_log | meu_logger]
2025-05-14 14:51:21,630 - INFO - [EstoquePage.__init__] EstoquePageController criado com sucesso. [_log | meu_logger]
2025-05-14 14:51:21,630 - DEBUG - [EstoquePage.start] Método start() chamado. Exibindo view do estoque. [_log | meu_logger]
2025-05-14 14:51:21,631 - DEBUG - [EstoquePageController.exibir_view_estoque] Chamando view_estoque() da view. [_log | meu_logger]
2025-05-14 14:51:21,631 - DEBUG - [EstoquePageController.carregar_dados_estoque] Buscando dados de produtos no model. [_log | meu_logger]
2025-05-14 14:51:21,721 - DEBUG - [EstoqueModel.get_colunas_produto] Buscando colunas da tabela 'produto'. [_log | meu_logger]
2025-05-14 14:51:21,776 - DEBUG - [EstoqueModel.get_colunas_produto] Colunas encontradas: ['id', 'nome', 'descricao', 'preco', 'quantidade', 'tipo'] [_log | meu_logger]
2025-05-14 14:51:21,776 - DEBUG - [EstoquePageController.carregar_dados_estoque] 6 colunas retonadas do modeu [_log | meu_logger]
2025-05-14 14:51:21,777 - DEBUG - [EstoquePageController.carregar_dados_estoque] 21 produtos retornados do model. [_log | meu_logger]
2025-05-14 14:51:21,777 - DEBUG - [EstoquePageController.carregar_dados_estoque] Chamando create_view_estoque() com os dados. [_log | meu_logger]
2025-05-14 14:51:21,777 - INFO - [EstoquePageView.create_view_estoque] Criando view estoque [_log | meu_logger]
2025-05-14 14:51:21,777 - DEBUG - [Table.set_data] ✅ Dados da tabela atualizados. [_log | meu_logger]
2025-05-14 14:51:21,778 - INFO - [Table.set_data] 🔢 Total de colunas recebidas: 6 [_log | meu_logger]
2025-05-14 14:51:21,778 - INFO - [Table.set_data] 📦 Total de produtos (linhas) recebidas: 21 [_log | meu_logger]
2025-05-14 14:51:21,778 - INFO - [EstoquePageView.create_view_estoque] >>> PRODUTOS CARREGADOS NA TABLE <<< [_log | meu_logger]
2025-05-14 14:51:21,778 - INFO - [EstoquePageView.create_view_estoque] 🔢 Colunas: 6 [_log | meu_logger]
2025-05-14 14:51:21,779 - INFO - [EstoquePageView.create_view_estoque] 📦 Produtos: 21 [_log | meu_logger]
2025-05-14 14:51:21,801 - INFO - [EstoquePage.start] View de estoque adicionada à página. [_log | meu_logger]
2025-05-14 14:54:00,412 - INFO - [EstoquePage.__init__] Iniciando EstoquePage... [_log | meu_logger]
2025-05-14 14:54:00,417 - INFO - [EstoqueModel.__init__] EstoqueModel inicializado. [_log | meu_logger]
2025-05-14 14:54:00,419 - INFO - [EstoquePageView.__init__] EstoquePageView inicializado. [_log | meu_logger]
2025-05-14 14:54:00,420 - INFO - [EstoquePageController.__init__] EstoquePageController inicializado. [_log | meu_logger]
2025-05-14 14:54:00,420 - INFO - [EstoquePage.__init__] EstoquePageController criado com sucesso. [_log | meu_logger]
2025-05-14 14:54:00,420 - DEBUG - [EstoquePage.start] Método start() chamado. Exibindo view do estoque. [_log | meu_logger]
2025-05-14 14:54:00,420 - DEBUG - [EstoquePageController.exibir_view_estoque] Chamando view_estoque() da view. [_log | meu_logger]
2025-05-14 14:54:00,421 - DEBUG - [EstoquePageController.carregar_dados_estoque] Buscando dados de produtos no model. [_log | meu_logger]
2025-05-14 14:54:00,456 - DEBUG - [EstoqueModel.get_colunas_produto] Buscando colunas da tabela 'produto'. [_log | meu_logger]
2025-05-14 14:54:00,481 - DEBUG - [EstoqueModel.get_colunas_produto] Colunas encontradas: ['id', 'nome', 'descricao', 'preco', 'quantidade', 'tipo'] [_log | meu_logger]
2025-05-14 14:54:00,481 - DEBUG - [EstoquePageController.carregar_dados_estoque] 6 colunas retonadas do modeu [_log | meu_logger]
2025-05-14 14:54:00,482 - DEBUG - [EstoquePageController.carregar_dados_estoque] 21 produtos retornados do model. [_log | meu_logger]
2025-05-14 14:54:00,482 - DEBUG - [EstoquePageController.carregar_dados_estoque] Chamando create_view_estoque() com os dados. [_log | meu_logger]
2025-05-14 14:54:00,482 - INFO - [EstoquePageView.create_view_estoque] Criando view estoque [_log | meu_logger]
2025-05-14 14:54:00,482 - DEBUG - [Table.set_data] ✅ Dados da tabela atualizados. [_log | meu_logger]
2025-05-14 14:54:00,483 - INFO - [Table.set_data] 🔢 Total de colunas recebidas: 6 [_log | meu_logger]
2025-05-14 14:54:00,483 - INFO - [Table.set_data] 📦 Total de produtos (linhas) recebidas: 21 [_log | meu_logger]
2025-05-14 14:54:00,483 - INFO - [EstoquePageView.create_view_estoque] >>> PRODUTOS CARREGADOS NA TABLE <<< [_log | meu_logger]
2025-05-14 14:54:00,484 - INFO - [EstoquePageView.create_view_estoque] 🔢 Colunas: 6 [_log | meu_logger]
2025-05-14 14:54:00,484 - INFO - [EstoquePageView.create_view_estoque] 📦 Produtos: 21 [_log | meu_logger]
2025-05-14 14:54:00,511 - INFO - [EstoquePage.start] View de estoque adicionada à página. [_log | meu_logger]
2025-05-14 14:56:44,292 - INFO - [EstoquePage.__init__] Iniciando EstoquePage... [_log | meu_logger]
2025-05-14 14:56:44,307 - INFO - [EstoqueModel.__init__] EstoqueModel inicializado. [_log | meu_logger]
2025-05-14 14:56:44,312 - INFO - [EstoquePageView.__init__] EstoquePageView inicializado. [_log | meu_logger]
2025-05-14 14:56:44,315 - INFO - [EstoquePageController.__init__] EstoquePageController inicializado. [_log | meu_logger]
2025-05-14 14:56:44,315 - INFO - [EstoquePage.__init__] EstoquePageController criado com sucesso. [_log | meu_logger]
2025-05-14 14:56:44,316 - DEBUG - [EstoquePage.start] Método start() chamado. Exibindo view do estoque. [_log | meu_logger]
2025-05-14 14:56:44,317 - DEBUG - [EstoquePageController.exibir_view_estoque] Chamando view_estoque() da view. [_log | meu_logger]
2025-05-14 14:56:44,317 - DEBUG - [EstoquePageController.carregar_dados_estoque] Buscando dados de produtos no model. [_log | meu_logger]
2025-05-14 14:56:44,373 - DEBUG - [EstoqueModel.get_colunas_produto] Buscando colunas da tabela 'produto'. [_log | meu_logger]
2025-05-14 14:56:44,387 - DEBUG - [EstoqueModel.get_colunas_produto] Colunas encontradas: ['id', 'nome', 'descricao', 'preco', 'quantidade', 'tipo'] [_log | meu_logger]
2025-05-14 14:56:44,387 - DEBUG - [EstoquePageController.carregar_dados_estoque] 6 colunas retonadas do modeu [_log | meu_logger]
2025-05-14 14:56:44,387 - DEBUG - [EstoquePageController.carregar_dados_estoque] 21 produtos retornados do model. [_log | meu_logger]
2025-05-14 14:56:44,387 - DEBUG - [EstoquePageController.carregar_dados_estoque] Chamando create_view_estoque() com os dados. [_log | meu_logger]
2025-05-14 14:56:44,388 - INFO - [EstoquePageView.create_view_estoque] Criando view estoque [_log | meu_logger]
2025-05-14 14:56:44,388 - DEBUG - [Table.set_data] ✅ Dados da tabela atualizados. [_log | meu_logger]
2025-05-14 14:56:44,388 - INFO - [Table.set_data] 🔢 Colunas: 6 | 📦 Linhas: 21 [_log | meu_logger]
2025-05-14 14:56:44,389 - INFO - [EstoquePageView.create_view_estoque] >>> PRODUTOS CARREGADOS NA TABLE <<< [_log | meu_logger]
2025-05-14 14:56:44,389 - INFO - [EstoquePageView.create_view_estoque] 🔢 Colunas: 6 [_log | meu_logger]
2025-05-14 14:56:44,389 - INFO - [EstoquePageView.create_view_estoque] 📦 Produtos: 21 [_log | meu_logger]
2025-05-14 14:58:21,790 - INFO - [EstoquePage.__init__] Iniciando EstoquePage... [_log | meu_logger]
2025-05-14 14:58:21,795 - INFO - [EstoqueModel.__init__] EstoqueModel inicializado. [_log | meu_logger]
2025-05-14 14:58:42,374 - INFO - [EstoquePage.__init__] Iniciando EstoquePage... [_log | meu_logger]
2025-05-14 14:58:42,383 - INFO - [EstoqueModel.__init__] EstoqueModel inicializado. [_log | meu_logger]
2025-05-14 14:58:42,389 - INFO - [EstoquePageView.__init__] EstoquePageView inicializado. [_log | meu_logger]
2025-05-14 14:58:42,390 - INFO - [EstoquePageController.__init__] EstoquePageController inicializado. [_log | meu_logger]
2025-05-14 14:58:42,398 - INFO - [EstoquePage.__init__] EstoquePageController criado com sucesso. [_log | meu_logger]
2025-05-14 14:58:42,399 - DEBUG - [EstoquePage.start] Método start() chamado. Exibindo view do estoque. [_log | meu_logger]
2025-05-14 14:58:42,399 - DEBUG - [EstoquePageController.exibir_view_estoque] Chamando view_estoque() da view. [_log | meu_logger]
2025-05-14 14:58:42,400 - DEBUG - [EstoquePageController.carregar_dados_estoque] Buscando dados de produtos no model. [_log | meu_logger]
2025-05-14 14:58:42,434 - DEBUG - [EstoqueModel.get_colunas_produto] Buscando colunas da tabela 'produto'. [_log | meu_logger]
2025-05-14 14:58:42,445 - DEBUG - [EstoqueModel.get_colunas_produto] Colunas encontradas: ['id', 'nome', 'descricao', 'preco', 'quantidade', 'tipo'] [_log | meu_logger]
2025-05-14 14:58:42,445 - DEBUG - [EstoquePageController.carregar_dados_estoque] 6 colunas retonadas do modeu [_log | meu_logger]
2025-05-14 14:58:42,445 - DEBUG - [EstoquePageController.carregar_dados_estoque] 21 produtos retornados do model. [_log | meu_logger]
2025-05-14 14:58:42,445 - DEBUG - [EstoquePageController.carregar_dados_estoque] Chamando create_view_estoque() com os dados. [_log | meu_logger]
2025-05-14 14:58:42,446 - INFO - [EstoquePageView.create_view_estoque] Construindo view de estoque... [_log | meu_logger]
2025-05-14 14:58:42,446 - DEBUG - [Table.set_data] ✅ Dados da tabela atualizados. [_log | meu_logger]
2025-05-14 14:58:42,446 - INFO - [Table.set_data] 🔢 Total de colunas recebidas: 6 [_log | meu_logger]
2025-05-14 14:58:42,446 - INFO - [Table.set_data] 📦 Total de produtos (linhas) recebidas: 21 [_log | meu_logger]
2025-05-14 14:58:42,447 - INFO - [EstoquePageView.create_view_estoque] Dados carregados: 21 produtos [_log | meu_logger]
2025-05-14 14:58:42,469 - INFO - [EstoquePage.start] View de estoque adicionada à página. [_log | meu_logger]
2025-05-14 15:01:33,247 - INFO - [EstoquePage.__init__] Iniciando EstoquePage... [_log | meu_logger]
2025-05-14 15:01:33,254 - INFO - [EstoqueModel.__init__] EstoqueModel inicializado. [_log | meu_logger]
2025-05-14 15:01:33,255 - INFO - [EstoquePageView.__init__] EstoquePageView inicializado. [_log | meu_logger]
2025-05-14 15:01:33,261 - INFO - [EstoquePageController.__init__] EstoquePageController inicializado. [_log | meu_logger]
2025-05-14 15:01:33,262 - INFO - [EstoquePage.__init__] EstoquePageController criado com sucesso. [_log | meu_logger]
2025-05-14 15:01:33,273 - DEBUG - [EstoquePage.start] Método start() chamado. Exibindo view do estoque. [_log | meu_logger]
2025-05-14 15:01:33,278 - DEBUG - [EstoquePageController.exibir_view_estoque] Chamando view_estoque() da view. [_log | meu_logger]
2025-05-14 15:01:33,279 - DEBUG - [EstoquePageController.carregar_dados_estoque] Buscando dados de produtos no model. [_log | meu_logger]
2025-05-14 15:01:33,307 - DEBUG - [EstoqueModel.get_colunas_produto] Buscando colunas da tabela 'produto'. [_log | meu_logger]
2025-05-14 15:01:33,318 - DEBUG - [EstoqueModel.get_colunas_produto] Colunas encontradas: ['id', 'nome', 'descricao', 'preco', 'quantidade', 'tipo'] [_log | meu_logger]
2025-05-14 15:01:33,318 - DEBUG - [EstoquePageController.carregar_dados_estoque] 6 colunas retonadas do modeu [_log | meu_logger]
2025-05-14 15:01:33,319 - DEBUG - [EstoquePageController.carregar_dados_estoque] 21 produtos retornados do model. [_log | meu_logger]
2025-05-14 15:01:33,319 - DEBUG - [EstoquePageController.carregar_dados_estoque] Chamando create_view_estoque() com os dados. [_log | meu_logger]
2025-05-14 15:01:33,319 - INFO - [EstoquePageView.create_view_estoque] Construindo view de estoque... [_log | meu_logger]
2025-05-14 15:01:33,319 - DEBUG - [Table.set_data] ✅ Dados da tabela atualizados. [_log | meu_logger]
2025-05-14 15:01:33,319 - INFO - [Table.set_data] 🔢 Total de colunas recebidas: 6 [_log | meu_logger]
2025-05-14 15:01:33,320 - INFO - [Table.set_data] 📦 Total de produtos (linhas) recebidas: 21 [_log | meu_logger]
2025-05-14 15:01:33,320 - INFO - [EstoquePageView.create_view_estoque] Dados carregados: 21 produtos [_log | meu_logger]
2025-05-14 15:01:33,348 - INFO - [EstoquePage.start] View de estoque adicionada à página. [_log | meu_logger]
2025-05-14 15:06:18,065 - INFO - [EstoquePage.__init__] Iniciando EstoquePage... [_log | meu_logger]
2025-05-14 15:06:18,071 - INFO - [EstoqueModel.__init__] EstoqueModel inicializado. [_log | meu_logger]
2025-05-14 15:06:18,073 - INFO - [EstoquePageView.__init__] EstoquePageView inicializado. [_log | meu_logger]
2025-05-14 15:06:18,073 - INFO - [EstoquePageController.__init__] EstoquePageController inicializado. [_log | meu_logger]
2025-05-14 15:06:18,074 - INFO - [EstoquePage.__init__] EstoquePageController criado com sucesso. [_log | meu_logger]
2025-05-14 15:06:18,074 - DEBUG - [EstoquePage.start] Método start() chamado. Exibindo view do estoque. [_log | meu_logger]
2025-05-14 15:06:18,074 - DEBUG - [EstoquePageController.exibir_view_estoque] Chamando view_estoque() da view. [_log | meu_logger]
2025-05-14 15:06:18,074 - DEBUG - [EstoquePageController.carregar_dados_estoque] Buscando dados de produtos no model. [_log | meu_logger]
2025-05-14 15:06:18,254 - DEBUG - [EstoqueModel.get_colunas_produto] Buscando colunas da tabela 'produto'. [_log | meu_logger]
2025-05-14 15:06:18,295 - DEBUG - [EstoqueModel.get_colunas_produto] Colunas encontradas: ['id', 'nome', 'descricao', 'preco', 'quantidade', 'tipo'] [_log | meu_logger]
2025-05-14 15:06:18,295 - DEBUG - [EstoquePageController.carregar_dados_estoque] 6 colunas retonadas do modeu [_log | meu_logger]
2025-05-14 15:06:18,296 - DEBUG - [EstoquePageController.carregar_dados_estoque] 21 produtos retornados do model. [_log | meu_logger]
2025-05-14 15:06:18,296 - DEBUG - [EstoquePageController.carregar_dados_estoque] Chamando create_view_estoque() com os dados. [_log | meu_logger]
2025-05-14 15:06:18,296 - INFO - [EstoquePageView.create_view_estoque] Construindo view de estoque... [_log | meu_logger]
2025-05-14 15:06:18,296 - DEBUG - [Table.set_data] ✅ Dados da tabela atualizados. [_log | meu_logger]
2025-05-14 15:06:18,297 - INFO - [Table.set_data] 🔢 Total de colunas recebidas: 6 [_log | meu_logger]
2025-05-14 15:06:18,297 - INFO - [Table.set_data] 📦 Total de produtos (linhas) recebidas: 21 [_log | meu_logger]
2025-05-14 15:06:18,297 - INFO - [EstoquePageView.create_view_estoque] Dados carregados: 21 produtos [_log | meu_logger]
2025-05-14 15:06:18,315 - INFO - [EstoquePage.start] View de estoque adicionada à página. [_log | meu_logger]
2025-05-14 15:11:45,103 - INFO - [EstoquePage.__init__] Iniciando EstoquePage... [_log | meu_logger]
2025-05-14 15:11:45,106 - INFO - [EstoqueModel.__init__] EstoqueModel inicializado. [_log | meu_logger]
2025-05-14 15:11:45,109 - INFO - [EstoquePageView.__init__] EstoquePageView inicializado. [_log | meu_logger]
2025-05-14 15:11:45,110 - INFO - [EstoquePageController.__init__] EstoquePageController inicializado. [_log | meu_logger]
2025-05-14 15:11:45,110 - INFO - [EstoquePage.__init__] EstoquePageController criado com sucesso. [_log | meu_logger]
2025-05-14 15:11:45,113 - DEBUG - [EstoquePage.start] Método start() chamado. Exibindo view do estoque. [_log | meu_logger]
2025-05-14 15:11:45,113 - DEBUG - [EstoquePageController.exibir_view_estoque] Chamando view_estoque() da view. [_log | meu_logger]
2025-05-14 15:11:45,113 - DEBUG - [EstoquePageController.carregar_dados_estoque] Buscando dados de produtos no model. [_log | meu_logger]
2025-05-14 15:11:45,139 - DEBUG - [EstoqueModel.get_colunas_produto] Buscando colunas da tabela 'produto'. [_log | meu_logger]
2025-05-14 15:11:45,160 - DEBUG - [EstoqueModel.get_colunas_produto] Colunas encontradas: ['id', 'nome', 'descricao', 'preco', 'quantidade', 'tipo'] [_log | meu_logger]
2025-05-14 15:11:45,161 - DEBUG - [EstoquePageController.carregar_dados_estoque] 6 colunas retonadas do modeu [_log | meu_logger]
2025-05-14 15:11:45,161 - DEBUG - [EstoquePageController.carregar_dados_estoque] 21 produtos retornados do model. [_log | meu_logger]
2025-05-14 15:11:45,161 - DEBUG - [EstoquePageController.carregar_dados_estoque] Chamando create_view_estoque() com os dados. [_log | meu_logger]
2025-05-14 15:11:45,161 - INFO - [EstoquePageView.create_view_estoque] Construindo view de estoque... [_log | meu_logger]
2025-05-14 15:11:45,162 - DEBUG - [Table.set_data] ✅ Dados da tabela atualizados. [_log | meu_logger]
2025-05-14 15:11:45,162 - INFO - [Table.set_data] 🔢 Total de colunas recebidas: 6 [_log | meu_logger]
2025-05-14 15:11:45,162 - INFO - [Table.set_data] 📦 Total de produtos (linhas) recebidas: 21 [_log | meu_logger]
2025-05-14 15:11:45,163 - INFO - [EstoquePageView.create_view_estoque] Dados carregados: 21 produtos [_log | meu_logger]
2025-05-14 15:11:45,182 - INFO - [EstoquePage.start] View de estoque adicionada à página. [_log | meu_logger]
2025-05-14 15:12:19,655 - INFO - [EstoquePage.__init__] Iniciando EstoquePage... [_log | meu_logger]
2025-05-14 15:12:19,660 - INFO - [EstoqueModel.__init__] EstoqueModel inicializado. [_log | meu_logger]
2025-05-14 15:12:19,662 - INFO - [EstoquePageView.__init__] EstoquePageView inicializado. [_log | meu_logger]
2025-05-14 15:12:19,663 - INFO - [EstoquePageController.__init__] EstoquePageController inicializado. [_log | meu_logger]
2025-05-14 15:12:19,665 - INFO - [EstoquePage.__init__] EstoquePageController criado com sucesso. [_log | meu_logger]
2025-05-14 15:12:19,665 - DEBUG - [EstoquePage.start] Método start() chamado. Exibindo view do estoque. [_log | meu_logger]
2025-05-14 15:12:19,666 - DEBUG - [EstoquePageController.exibir_view_estoque] Chamando view_estoque() da view. [_log | meu_logger]
2025-05-14 15:12:19,667 - DEBUG - [EstoquePageController.carregar_dados_estoque] Buscando dados de produtos no model. [_log | meu_logger]
2025-05-14 15:12:19,695 - DEBUG - [EstoqueModel.get_colunas_produto] Buscando colunas da tabela 'produto'. [_log | meu_logger]
2025-05-14 15:12:19,704 - DEBUG - [EstoqueModel.get_colunas_produto] Colunas encontradas: ['id', 'nome', 'descricao', 'preco', 'quantidade', 'tipo'] [_log | meu_logger]
2025-05-14 15:12:19,704 - DEBUG - [EstoquePageController.carregar_dados_estoque] 6 colunas retonadas do modeu [_log | meu_logger]
2025-05-14 15:12:19,704 - DEBUG - [EstoquePageController.carregar_dados_estoque] 21 produtos retornados do model. [_log | meu_logger]
2025-05-14 15:12:19,705 - DEBUG - [EstoquePageController.carregar_dados_estoque] Chamando create_view_estoque() com os dados. [_log | meu_logger]
2025-05-14 15:12:19,705 - INFO - [EstoquePageView.create_view_estoque] Construindo view de estoque... [_log | meu_logger]
2025-05-14 15:12:19,705 - DEBUG - [Table.set_data] ✅ Dados da tabela atualizados. [_log | meu_logger]
2025-05-14 15:12:19,706 - INFO - [Table.set_data] 🔢 Total de colunas recebidas: 6 [_log | meu_logger]
2025-05-14 15:12:19,706 - INFO - [Table.set_data] 📦 Total de produtos (linhas) recebidas: 21 [_log | meu_logger]
2025-05-14 15:12:19,706 - INFO - [EstoquePageView.create_view_estoque] Dados carregados: 21 produtos [_log | meu_logger]
2025-05-14 15:12:19,725 - INFO - [EstoquePage.start] View de estoque adicionada à página. [_log | meu_logger]
2025-05-14 15:14:27,578 - INFO - [EstoquePage.__init__] Iniciando EstoquePage... [_log | meu_logger]
2025-05-14 15:14:27,585 - INFO - [EstoqueModel.__init__] EstoqueModel inicializado. [_log | meu_logger]
2025-05-14 15:14:27,589 - INFO - [EstoquePageView.__init__] EstoquePageView inicializado. [_log | meu_logger]
2025-05-14 15:14:27,594 - INFO - [EstoquePageController.__init__] EstoquePageController inicializado. [_log | meu_logger]
2025-05-14 15:14:27,594 - INFO - [EstoquePage.__init__] EstoquePageController criado com sucesso. [_log | meu_logger]
2025-05-14 15:14:27,596 - DEBUG - [EstoquePage.start] Método start() chamado. Exibindo view do estoque. [_log | meu_logger]
2025-05-14 15:14:27,596 - DEBUG - [EstoquePageController.exibir_view_estoque] Chamando view_estoque() da view. [_log | meu_logger]
2025-05-14 15:14:27,600 - DEBUG - [EstoquePageController.carregar_dados_estoque] Buscando dados de produtos no model. [_log | meu_logger]
2025-05-14 15:14:27,627 - DEBUG - [EstoqueModel.get_colunas_produto] Buscando colunas da tabela 'produto'. [_log | meu_logger]
2025-05-14 15:14:27,639 - DEBUG - [EstoqueModel.get_colunas_produto] Colunas encontradas: ['id', 'nome', 'descricao', 'preco', 'quantidade', 'tipo'] [_log | meu_logger]
2025-05-14 15:14:27,639 - DEBUG - [EstoquePageController.carregar_dados_estoque] 6 colunas retonadas do modeu [_log | meu_logger]
2025-05-14 15:14:27,639 - DEBUG - [EstoquePageController.carregar_dados_estoque] 21 produtos retornados do model. [_log | meu_logger]
2025-05-14 15:14:27,640 - DEBUG - [EstoquePageController.carregar_dados_estoque] Chamando create_view_estoque() com os dados. [_log | meu_logger]
2025-05-14 15:14:27,640 - INFO - [EstoquePageView.create_view_estoque] Construindo view de estoque... [_log | meu_logger]
2025-05-14 15:14:27,640 - DEBUG - [Table.set_data] ✅ Dados da tabela atualizados. [_log | meu_logger]
2025-05-14 15:14:27,640 - INFO - [Table.set_data] 🔢 Total de colunas recebidas: 6 [_log | meu_logger]
2025-05-14 15:14:27,641 - INFO - [Table.set_data] 📦 Total de produtos (linhas) recebidas: 21 [_log | meu_logger]
2025-05-14 15:14:27,641 - INFO - [EstoquePageView.create_view_estoque] Dados carregados: 21 produtos [_log | meu_logger]
2025-05-14 15:14:27,660 - INFO - [EstoquePage.start] View de estoque adicionada à página. [_log | meu_logger]
2025-05-14 15:15:30,040 - INFO - [EstoquePage.__init__] Iniciando EstoquePage... [_log | meu_logger]
2025-05-14 15:15:30,049 - INFO - [EstoqueModel.__init__] EstoqueModel inicializado. [_log | meu_logger]
2025-05-14 15:15:30,052 - INFO - [EstoquePageView.__init__] EstoquePageView inicializado. [_log | meu_logger]
2025-05-14 15:15:30,056 - INFO - [EstoquePageController.__init__] EstoquePageController inicializado. [_log | meu_logger]
2025-05-14 15:15:30,058 - INFO - [EstoquePage.__init__] EstoquePageController criado com sucesso. [_log | meu_logger]
2025-05-14 15:15:30,059 - DEBUG - [EstoquePage.start] Método start() chamado. Exibindo view do estoque. [_log | meu_logger]
2025-05-14 15:15:30,059 - DEBUG - [EstoquePageController.exibir_view_estoque] Chamando view_estoque() da view. [_log | meu_logger]
2025-05-14 15:15:30,067 - DEBUG - [EstoquePageController.carregar_dados_estoque] Buscando dados de produtos no model. [_log | meu_logger]
2025-05-14 15:15:30,091 - DEBUG - [EstoqueModel.get_colunas_produto] Buscando colunas da tabela 'produto'. [_log | meu_logger]
2025-05-14 15:15:30,100 - DEBUG - [EstoqueModel.get_colunas_produto] Colunas encontradas: ['id', 'nome', 'descricao', 'preco', 'quantidade', 'tipo'] [_log | meu_logger]
2025-05-14 15:15:30,100 - DEBUG - [EstoquePageController.carregar_dados_estoque] 6 colunas retonadas do modeu [_log | meu_logger]
2025-05-14 15:15:30,101 - DEBUG - [EstoquePageController.carregar_dados_estoque] 21 produtos retornados do model. [_log | meu_logger]
2025-05-14 15:15:30,101 - DEBUG - [EstoquePageController.carregar_dados_estoque] Chamando create_view_estoque() com os dados. [_log | meu_logger]
2025-05-14 15:15:30,101 - INFO - [EstoquePageView.create_view_estoque] Construindo view de estoque... [_log | meu_logger]
2025-05-14 15:15:30,102 - DEBUG - [Table.set_data] ✅ Dados da tabela atualizados. [_log | meu_logger]
2025-05-14 15:15:30,102 - INFO - [Table.set_data] 🔢 Total de colunas recebidas: 6 [_log | meu_logger]
2025-05-14 15:15:30,102 - INFO - [Table.set_data] 📦 Total de produtos (linhas) recebidas: 21 [_log | meu_logger]
2025-05-14 15:15:30,102 - INFO - [EstoquePageView.create_view_estoque] Dados carregados: 21 produtos [_log | meu_logger]
2025-05-14 15:15:30,122 - INFO - [EstoquePage.start] View de estoque adicionada à página. [_log | meu_logger]
2025-05-14 15:15:54,142 - INFO - [EstoquePage.__init__] Iniciando EstoquePage... [_log | meu_logger]
2025-05-14 15:15:54,148 - INFO - [EstoqueModel.__init__] EstoqueModel inicializado. [_log | meu_logger]
2025-05-14 15:15:54,150 - INFO - [EstoquePageView.__init__] EstoquePageView inicializado. [_log | meu_logger]
2025-05-14 15:15:54,155 - INFO - [EstoquePageController.__init__] EstoquePageController inicializado. [_log | meu_logger]
2025-05-14 15:15:54,156 - INFO - [EstoquePage.__init__] EstoquePageController criado com sucesso. [_log | meu_logger]
2025-05-14 15:15:54,164 - DEBUG - [EstoquePage.start] Método start() chamado. Exibindo view do estoque. [_log | meu_logger]
2025-05-14 15:15:54,169 - DEBUG - [EstoquePageController.exibir_view_estoque] Chamando view_estoque() da view. [_log | meu_logger]
2025-05-14 15:15:54,169 - DEBUG - [EstoquePageController.carregar_dados_estoque] Buscando dados de produtos no model. [_log | meu_logger]
2025-05-14 15:15:54,199 - DEBUG - [EstoqueModel.get_colunas_produto] Buscando colunas da tabela 'produto'. [_log | meu_logger]
2025-05-14 15:15:54,211 - DEBUG - [EstoqueModel.get_colunas_produto] Colunas encontradas: ['id', 'nome', 'descricao', 'preco', 'quantidade', 'tipo'] [_log | meu_logger]
2025-05-14 15:15:54,213 - DEBUG - [EstoquePageController.carregar_dados_estoque] 6 colunas retonadas do modeu [_log | meu_logger]
2025-05-14 15:15:54,213 - DEBUG - [EstoquePageController.carregar_dados_estoque] 21 produtos retornados do model. [_log | meu_logger]
2025-05-14 15:15:54,213 - DEBUG - [EstoquePageController.carregar_dados_estoque] Chamando create_view_estoque() com os dados. [_log | meu_logger]
2025-05-14 15:15:54,213 - INFO - [EstoquePageView.create_view_estoque] Construindo view de estoque... [_log | meu_logger]
2025-05-14 15:15:54,213 - DEBUG - [Table.set_data] ✅ Dados da tabela atualizados. [_log | meu_logger]
2025-05-14 15:15:54,213 - INFO - [Table.set_data] 🔢 Total de colunas recebidas: 6 [_log | meu_logger]
2025-05-14 15:15:54,213 - INFO - [Table.set_data] 📦 Total de produtos (linhas) recebidas: 21 [_log | meu_logger]
2025-05-14 15:15:54,213 - INFO - [EstoquePageView.create_view_estoque] Dados carregados: 21 produtos [_log | meu_logger]
2025-05-14 15:15:54,237 - INFO - [EstoquePage.start] View de estoque adicionada à página. [_log | meu_logger]
2025-05-14 15:16:56,836 - INFO - [EstoquePage.__init__] Iniciando EstoquePage... [_log | meu_logger]
2025-05-14 15:16:56,844 - INFO - [EstoqueModel.__init__] EstoqueModel inicializado. [_log | meu_logger]
2025-05-14 15:16:56,848 - INFO - [EstoquePageView.__init__] EstoquePageView inicializado. [_log | meu_logger]
2025-05-14 15:16:56,848 - INFO - [EstoquePageController.__init__] EstoquePageController inicializado. [_log | meu_logger]
2025-05-14 15:16:56,850 - INFO - [EstoquePage.__init__] EstoquePageController criado com sucesso. [_log | meu_logger]
2025-05-14 15:16:56,850 - DEBUG - [EstoquePage.start] Método start() chamado. Exibindo view do estoque. [_log | meu_logger]
2025-05-14 15:16:56,851 - DEBUG - [EstoquePageController.exibir_view_estoque] Chamando view_estoque() da view. [_log | meu_logger]
2025-05-14 15:16:56,851 - DEBUG - [EstoquePageController.carregar_dados_estoque] Buscando dados de produtos no model. [_log | meu_logger]
2025-05-14 15:16:56,886 - DEBUG - [EstoqueModel.get_colunas_produto] Buscando colunas da tabela 'produto'. [_log | meu_logger]
2025-05-14 15:16:56,894 - DEBUG - [EstoqueModel.get_colunas_produto] Colunas encontradas: ['id', 'nome', 'descricao', 'preco', 'quantidade', 'tipo'] [_log | meu_logger]
2025-05-14 15:16:56,894 - DEBUG - [EstoquePageController.carregar_dados_estoque] 6 colunas retonadas do modeu [_log | meu_logger]
2025-05-14 15:16:56,894 - DEBUG - [EstoquePageController.carregar_dados_estoque] 21 produtos retornados do model. [_log | meu_logger]
2025-05-14 15:16:56,895 - DEBUG - [EstoquePageController.carregar_dados_estoque] Chamando create_view_estoque() com os dados. [_log | meu_logger]
2025-05-14 15:16:56,895 - INFO - [EstoquePageView.create_view_estoque] Construindo view de estoque... [_log | meu_logger]
2025-05-14 15:16:56,895 - DEBUG - [Table.set_data] ✅ Dados da tabela atualizados. [_log | meu_logger]
2025-05-14 15:16:56,895 - INFO - [Table.set_data] 🔢 Total de colunas recebidas: 6 [_log | meu_logger]
2025-05-14 15:16:56,896 - INFO - [Table.set_data] 📦 Total de produtos (linhas) recebidas: 21 [_log | meu_logger]
2025-05-14 15:16:56,897 - INFO - [EstoquePageView.create_view_estoque] Dados carregados: 21 produtos [_log | meu_logger]
2025-05-14 15:16:56,914 - INFO - [EstoquePage.start] View de estoque adicionada à página. [_log | meu_logger]
2025-05-14 15:17:21,759 - INFO - [EstoquePage.__init__] Iniciando EstoquePage... [_log | meu_logger]
2025-05-14 15:17:21,763 - INFO - [EstoqueModel.__init__] EstoqueModel inicializado. [_log | meu_logger]
2025-05-14 15:17:21,804 - INFO - [EstoquePageView.__init__] EstoquePageView inicializado. [_log | meu_logger]
2025-05-14 15:17:21,810 - INFO - [EstoquePageController.__init__] EstoquePageController inicializado. [_log | meu_logger]
2025-05-14 15:17:21,811 - INFO - [EstoquePage.__init__] EstoquePageController criado com sucesso. [_log | meu_logger]
2025-05-14 15:17:21,812 - DEBUG - [EstoquePage.start] Método start() chamado. Exibindo view do estoque. [_log | meu_logger]
2025-05-14 15:17:21,833 - DEBUG - [EstoquePageController.exibir_view_estoque] Chamando view_estoque() da view. [_log | meu_logger]
2025-05-14 15:17:21,834 - DEBUG - [EstoquePageController.carregar_dados_estoque] Buscando dados de produtos no model. [_log | meu_logger]
2025-05-14 15:17:21,848 - DEBUG - [EstoqueModel.get_colunas_produto] Buscando colunas da tabela 'produto'. [_log | meu_logger]
2025-05-14 15:17:21,873 - DEBUG - [EstoqueModel.get_colunas_produto] Colunas encontradas: ['id', 'nome', 'descricao', 'preco', 'quantidade', 'tipo'] [_log | meu_logger]
2025-05-14 15:17:21,874 - DEBUG - [EstoquePageController.carregar_dados_estoque] 6 colunas retonadas do modeu [_log | meu_logger]
2025-05-14 15:17:21,874 - DEBUG - [EstoquePageController.carregar_dados_estoque] 21 produtos retornados do model. [_log | meu_logger]
2025-05-14 15:17:21,874 - DEBUG - [EstoquePageController.carregar_dados_estoque] Chamando create_view_estoque() com os dados. [_log | meu_logger]
2025-05-14 15:17:21,874 - INFO - [EstoquePageView.create_view_estoque] Construindo view de estoque... [_log | meu_logger]
2025-05-14 15:17:21,875 - DEBUG - [Table.set_data] ✅ Dados da tabela atualizados. [_log | meu_logger]
2025-05-14 15:17:21,875 - INFO - [Table.set_data] 🔢 Total de colunas recebidas: 6 [_log | meu_logger]
2025-05-14 15:17:21,875 - INFO - [Table.set_data] 📦 Total de produtos (linhas) recebidas: 21 [_log | meu_logger]
2025-05-14 15:17:21,875 - INFO - [EstoquePageView.create_view_estoque] Dados carregados: 21 produtos [_log | meu_logger]
2025-05-14 15:17:21,900 - INFO - [EstoquePage.start] View de estoque adicionada à página. [_log | meu_logger]
2025-05-14 16:13:19,877 - INFO - [EstoquePage.__init__] Iniciando EstoquePage... [_log | meu_logger]
2025-05-14 16:13:19,885 - INFO - [EstoqueModel.__init__] EstoqueModel inicializado. [_log | meu_logger]
2025-05-14 16:13:19,888 - INFO - [EstoquePageView.__init__] EstoquePageView inicializado. [_log | meu_logger]
2025-05-14 16:13:19,890 - INFO - [EstoquePageController.__init__] EstoquePageController inicializado. [_log | meu_logger]
2025-05-14 16:13:19,890 - INFO - [EstoquePage.__init__] EstoquePageController criado com sucesso. [_log | meu_logger]
2025-05-14 16:13:19,891 - DEBUG - [EstoquePage.start] Método start() chamado. Exibindo view do estoque. [_log | meu_logger]
2025-05-14 16:13:19,892 - DEBUG - [EstoquePageController.exibir_view_estoque] Chamando view_estoque() da view. [_log | meu_logger]
2025-05-14 16:13:19,892 - DEBUG - [EstoquePageController.carregar_dados_estoque] Buscando dados de produtos no model. [_log | meu_logger]
2025-05-14 16:13:20,027 - DEBUG - [EstoqueModel.get_colunas_produto] Buscando colunas da tabela 'produto'. [_log | meu_logger]
2025-05-14 16:13:20,077 - DEBUG - [EstoqueModel.get_colunas_produto] Colunas encontradas: ['id', 'nome', 'descricao', 'preco', 'quantidade', 'tipo'] [_log | meu_logger]
2025-05-14 16:13:20,077 - DEBUG - [EstoquePageController.carregar_dados_estoque] 6 colunas retonadas do modeu [_log | meu_logger]
2025-05-14 16:13:20,077 - DEBUG - [EstoquePageController.carregar_dados_estoque] 21 produtos retornados do model. [_log | meu_logger]
2025-05-14 16:13:20,077 - DEBUG - [EstoquePageController.carregar_dados_estoque] Chamando create_view_estoque() com os dados. [_log | meu_logger]
2025-05-14 16:13:20,078 - INFO - [EstoquePageView.create_view_estoque] Construindo view de estoque... [_log | meu_logger]
2025-05-14 16:13:20,078 - DEBUG - [Table.set_data] ✅ Dados da tabela atualizados. [_log | meu_logger]
2025-05-14 16:13:20,078 - INFO - [Table.set_data] 🔢 Total de colunas recebidas: 6 [_log | meu_logger]
2025-05-14 16:13:20,078 - INFO - [Table.set_data] 📦 Total de produtos (linhas) recebidas: 21 [_log | meu_logger]
2025-05-14 16:13:20,079 - INFO - [EstoquePageView.create_view_estoque] Dados carregados: 21 produtos [_log | meu_logger]
2025-05-14 16:13:20,096 - INFO - [EstoquePage.start] View de estoque adicionada à página. [_log | meu_logger]
2025-05-14 16:19:51,535 - INFO - [EstoquePage.__init__] Iniciando EstoquePage... [_log | meu_logger]
2025-05-14 16:19:51,539 - INFO - [EstoqueModel.__init__] EstoqueModel inicializado. [_log | meu_logger]
2025-05-14 16:19:51,540 - INFO - [EstoquePageView.__init__] EstoquePageView inicializado. [_log | meu_logger]
2025-05-14 16:19:51,541 - INFO - [EstoquePageController.__init__] EstoquePageController inicializado. [_log | meu_logger]
2025-05-14 16:19:51,541 - INFO - [EstoquePage.__init__] EstoquePageController criado com sucesso. [_log | meu_logger]
2025-05-14 16:19:51,544 - DEBUG - [EstoquePage.start] Método start() chamado. Exibindo view do estoque. [_log | meu_logger]
2025-05-14 16:19:51,544 - DEBUG - [EstoquePageController.exibir_view_estoque] Chamando view_estoque() da view. [_log | meu_logger]
2025-05-14 16:19:51,544 - DEBUG - [EstoquePageController.carregar_dados_estoque] Buscando dados de produtos no model. [_log | meu_logger]
2025-05-14 16:19:51,579 - DEBUG - [EstoqueModel.get_colunas_produto] Buscando colunas da tabela 'produto'. [_log | meu_logger]
2025-05-14 16:19:51,597 - DEBUG - [EstoqueModel.get_colunas_produto] Colunas encontradas: ['id', 'nome', 'descricao', 'preco', 'quantidade', 'tipo'] [_log | meu_logger]
2025-05-14 16:19:51,598 - DEBUG - [EstoquePageController.carregar_dados_estoque] 6 colunas retonadas do modeu [_log | meu_logger]
2025-05-14 16:19:51,598 - DEBUG - [EstoquePageController.carregar_dados_estoque] 21 produtos retornados do model. [_log | meu_logger]
2025-05-14 16:19:51,598 - DEBUG - [EstoquePageController.carregar_dados_estoque] Chamando create_view_estoque() com os dados. [_log | meu_logger]
2025-05-14 16:19:51,598 - INFO - [EstoquePageView.create_view_estoque] Construindo view de estoque... [_log | meu_logger]
2025-05-14 16:19:51,598 - DEBUG - [Table.set_data] ✅ Dados da tabela atualizados. [_log | meu_logger]
2025-05-14 16:19:51,599 - INFO - [Table.set_data] 🔢 Total de colunas recebidas: 6 [_log | meu_logger]
2025-05-14 16:19:51,599 - INFO - [Table.set_data] 📦 Total de produtos (linhas) recebidas: 21 [_log | meu_logger]
2025-05-14 16:19:51,599 - INFO - [EstoquePageView.create_view_estoque] Dados carregados: 21 produtos [_log | meu_logger]
2025-05-14 16:19:51,623 - INFO - [EstoquePage.start] View de estoque adicionada à página. [_log | meu_logger]
2025-05-14 16:25:44,443 - INFO - [EstoquePage.__init__] Iniciando EstoquePage... [_log | meu_logger]
2025-05-14 16:25:44,452 - INFO - [EstoqueModel.__init__] EstoqueModel inicializado. [_log | meu_logger]
2025-05-14 16:25:44,458 - INFO - [EstoquePageView.__init__] EstoquePageView inicializado. [_log | meu_logger]
2025-05-14 16:25:44,459 - INFO - [EstoquePageController.__init__] EstoquePageController inicializado. [_log | meu_logger]
2025-05-14 16:25:44,459 - INFO - [EstoquePage.__init__] EstoquePageController criado com sucesso. [_log | meu_logger]
2025-05-14 16:25:44,459 - DEBUG - [EstoquePage.start] Método start() chamado. Exibindo view do estoque. [_log | meu_logger]
2025-05-14 16:25:44,459 - DEBUG - [EstoquePageController.exibir_view_estoque] Chamando view_estoque() da view. [_log | meu_logger]
2025-05-14 16:25:44,460 - DEBUG - [EstoquePageController.carregar_dados_estoque] Buscando dados de produtos no model. [_log | meu_logger]
2025-05-14 16:25:44,561 - DEBUG - [EstoqueModel.get_colunas_produto] Buscando colunas da tabela 'produto'. [_log | meu_logger]
2025-05-14 16:25:44,578 - DEBUG - [EstoqueModel.get_colunas_produto] Colunas encontradas: ['id', 'nome', 'descricao', 'preco', 'quantidade', 'tipo'] [_log | meu_logger]
2025-05-14 16:25:44,578 - DEBUG - [EstoquePageController.carregar_dados_estoque] 6 colunas retonadas do modeu [_log | meu_logger]
2025-05-14 16:25:44,578 - DEBUG - [EstoquePageController.carregar_dados_estoque] 21 produtos retornados do model. [_log | meu_logger]
2025-05-14 16:25:44,579 - DEBUG - [EstoquePageController.carregar_dados_estoque] Chamando create_view_estoque() com os dados. [_log | meu_logger]
2025-05-14 16:25:44,579 - INFO - [EstoquePageView.create_view_estoque] Construindo view de estoque... [_log | meu_logger]
2025-05-14 16:25:44,580 - DEBUG - [Table.set_data] ✅ Dados da tabela atualizados. [_log | meu_logger]
2025-05-14 16:25:44,580 - INFO - [Table.set_data] 🔢 Total de colunas recebidas: 6 [_log | meu_logger]
2025-05-14 16:25:44,581 - INFO - [Table.set_data] 📦 Total de produtos (linhas) recebidas: 21 [_log | meu_logger]
2025-05-14 16:25:44,603 - INFO - [EstoquePage.start] View de estoque adicionada à página. [_log | meu_logger]
2025-05-14 16:26:39,191 - INFO - [EstoquePage.__init__] Iniciando EstoquePage... [_log | meu_logger]
2025-05-14 16:26:39,198 - INFO - [EstoqueModel.__init__] EstoqueModel inicializado. [_log | meu_logger]
2025-05-14 16:26:39,202 - INFO - [EstoquePageView.__init__] EstoquePageView inicializado. [_log | meu_logger]
2025-05-14 16:26:39,203 - INFO - [EstoquePageController.__init__] EstoquePageController inicializado. [_log | meu_logger]
2025-05-14 16:26:39,205 - INFO - [EstoquePage.__init__] EstoquePageController criado com sucesso. [_log | meu_logger]
2025-05-14 16:26:39,206 - DEBUG - [EstoquePage.start] Método start() chamado. Exibindo view do estoque. [_log | meu_logger]
2025-05-14 16:26:39,207 - DEBUG - [EstoquePageController.exibir_view_estoque] Chamando view_estoque() da view. [_log | meu_logger]
2025-05-14 16:26:39,207 - DEBUG - [EstoquePageController.carregar_dados_estoque] Buscando dados de produtos no model. [_log | meu_logger]
2025-05-14 16:26:39,235 - DEBUG - [EstoqueModel.get_colunas_produto] Buscando colunas da tabela 'produto'. [_log | meu_logger]
2025-05-14 16:26:39,254 - DEBUG - [EstoqueModel.get_colunas_produto] Colunas encontradas: ['id', 'nome', 'descricao', 'preco', 'quantidade', 'tipo'] [_log | meu_logger]
2025-05-14 16:26:39,254 - DEBUG - [EstoquePageController.carregar_dados_estoque] 6 colunas retonadas do modeu [_log | meu_logger]
2025-05-14 16:26:39,255 - DEBUG - [EstoquePageController.carregar_dados_estoque] 21 produtos retornados do model. [_log | meu_logger]
2025-05-14 16:26:39,255 - DEBUG - [EstoquePageController.carregar_dados_estoque] Chamando create_view_estoque() com os dados. [_log | meu_logger]
2025-05-14 16:26:39,255 - INFO - [EstoquePageView.create_view_estoque] Construindo view de estoque... [_log | meu_logger]
2025-05-14 16:26:39,256 - DEBUG - [Table.set_data] ✅ Dados da tabela atualizados. [_log | meu_logger]
2025-05-14 16:26:39,256 - INFO - [Table.set_data] 🔢 Total de colunas recebidas: 6 [_log | meu_logger]
2025-05-14 16:26:39,256 - INFO - [Table.set_data] 📦 Total de produtos (linhas) recebidas: 21 [_log | meu_logger]
2025-05-14 16:26:39,276 - INFO - [EstoquePage.start] View de estoque adicionada à página. [_log | meu_logger]
