2025-05-28 13:24:05,338 - INFO - [EstoquePage.__init__] Iniciando EstoquePage... [_log | meu_logger]
2025-05-28 13:24:05,342 - INFO - [EstoqueModel.__init__] EstoqueModel inicializado. [_log | meu_logger]
2025-05-28 13:24:05,343 - INFO - [RodapePaginacao.__init__] RodapePaginacao inicializado. [_log | meu_logger]
2025-05-28 13:24:05,344 - DEBUG - [RodapePaginacao.__init__] Total de páginas definido: None [_log | meu_logger]
2025-05-28 13:24:05,345 - INFO - [EstoquePageView.__init__] EstoquePageView inicializado. [_log | meu_logger]
2025-05-28 13:24:05,353 - INFO - [EstoquePageController.__init__] EstoquePageController inicializado. [_log | meu_logger]
2025-05-28 13:24:05,360 - INFO - [EstoquePage.__init__] EstoquePageController criado com sucesso. [_log | meu_logger]
2025-05-28 13:24:05,360 - DEBUG - [EstoquePage.start] Método start() chamado. Exibindo view do estoque. [_log | meu_logger]
2025-05-28 13:24:05,361 - DEBUG - [EstoquePageController.exibir_view_estoque] Chamando view_estoque() da view. [_log | meu_logger]
2025-05-28 13:24:05,361 - DEBUG - [EstoquePageController.carregar_dados_estoque] Buscando dados de produtos no model. [_log | meu_logger]
2025-05-28 13:24:05,361 - DEBUG - [EstoquePageController.listar_produtos_paginados] Chamando listar_produtos() com: Página=1, Quantidade=20, OrdenarPor=None [_log | meu_logger]
2025-05-28 13:24:05,724 - DEBUG - [EstoqueModel.get_colunas_produto] Buscando colunas da tabela 'produto'. [_log | meu_logger]
2025-05-28 13:24:05,810 - DEBUG - [EstoqueModel.get_colunas_produto] Colunas encontradas: ['id', 'nome', 'descricao', 'preco', 'quantidade', 'tipo'] [_log | meu_logger]
2025-05-28 13:24:05,811 - DEBUG - [EstoquePageController.carregar_dados_estoque] 6 colunas retornadas do model. [_log | meu_logger]
2025-05-28 13:24:05,811 - DEBUG - [EstoquePageController.carregar_dados_estoque] 20 produtos retornados do model. [_log | meu_logger]
2025-05-28 13:24:05,811 - DEBUG - [EstoquePageController.carregar_dados_estoque] Total de páginas: 2 [_log | meu_logger]
2025-05-28 13:24:05,811 - INFO - [EstoquePageView.alimentar_Dados] Atualizando dados da tabela... [_log | meu_logger]
2025-05-28 13:24:05,823 - DEBUG - [EstoquePageView.alimentar_Dados] Headers: ['id', 'nome', 'descricao', 'preco', 'quantidade', 'tipo'] [_log | meu_logger]
2025-05-28 13:24:05,824 - DEBUG - [EstoquePageView.alimentar_Dados] Total de linhas: 20 [_log | meu_logger]
2025-05-28 13:24:05,825 - INFO - [EstoquePageView.create_view_estoque] Construindo view de estoque... [_log | meu_logger]
2025-05-28 13:24:05,826 - DEBUG - [RodapePaginacao.build] Chamando build() do RodapePaginacao. [_log | meu_logger]
2025-05-28 13:24:05,827 - DEBUG - [RodapePaginacao.construir] Construindo controles do rodapé de paginação. [_log | meu_logger]
2025-05-28 13:24:05,827 - DEBUG - [RodapePaginacao.construir] Texto da página: Página 1 de 2 [_log | meu_logger]
2025-05-28 13:24:05,856 - INFO - [EstoquePage.start] View de estoque adicionada à página. [_log | meu_logger]
2025-05-28 13:24:05,856 - DEBUG - [EstoquePageController.listar_produtos_paginados] Chamando listar_produtos() com: Página=1, Quantidade=20, OrdenarPor=None [_log | meu_logger]
2025-05-28 13:24:05,856 - DEBUG - [EstoquePageController.listar_produtos_paginados] Usando resultado em cache da paginação. [_log | meu_logger]
2025-05-28 13:24:05,857 - INFO - [EstoquePage.start] {'dados': [{'id': 4, 'nome': 'Pod 77', 'descricao': 'texto', 'preco': Decimal('778.00'), 'quantidade': 4, 'tipo': 'unidade'}, {'id': 5, 'nome': 'Prod_88', 'descricao': 'Descrição Nova', 'preco': Decimal('77.00'), 'quantidade': 44, 'tipo': 'kg'}, {'id': 6, 'nome': 'Prod_77', 'descricao': 'l', 'preco': Decimal('85.00'), 'quantidade': 88, 'tipo': 'litro'}, {'id': 8, 'nome': 'kkk', 'descricao': 'kkkk', 'preco': Decimal('99.00'), 'quantidade': 555, 'tipo': 'caixa'}, {'id': 9, 'nome': 'A', 'descricao': 'A', 'preco': Decimal('1.00'), 'quantidade': 14, 'tipo': 'unidade'}, {'id': 10, 'nome': 'p1', 'descricao': 'p1', 'preco': Decimal('0.00'), 'quantidade': 1, 'tipo': 'unidade'}, {'id': 11, 'nome': 'phujkfv', 'descricao': 'uku', 'preco': Decimal('33.00'), 'quantidade': 33, 'tipo': 'kg'}, {'id': 12, 'nome': 'fdfdf', 'descricao': 'dfsfs', 'preco': Decimal('5215.00'), 'quantidade': 515, 'tipo': 'unidade'}, {'id': 13, 'nome': 'dfsdf', 'descricao': 'sfsdf', 'preco': Decimal('515.00'), 'quantidade': 22, 'tipo': 'unidade'}, {'id': 15, 'nome': 'tttt', 'descricao': 'trtr', 'preco': Decimal('55.00'), 'quantidade': 55, 'tipo': 'unidade'}, {'id': 16, 'nome': 'Teste', 'descricao': '77', 'preco': Decimal('58.00'), 'quantidade': 77, 'tipo': 'litro'}, {'id': 17, 'nome': 'Maste', 'descricao': 'dsd', 'preco': Decimal('44.00'), 'quantidade': 44, 'tipo': 'litro'}, {'id': 18, 'nome': '2', 'descricao': '22', 'preco': Decimal('525.00'), 'quantidade': 55, 'tipo': 'kg'}, {'id': 19, 'nome': 'Tes_ide', 'descricao': '2121ff', 'preco': Decimal('8547.00'), 'quantidade': 223, 'tipo': 'unidade'}, {'id': 20, 'nome': 'Tes_ide', 'descricao': '2121ff', 'preco': Decimal('8547.00'), 'quantidade': 223, 'tipo': 'unidade'}, {'id': 21, 'nome': 'Tes_ide', 'descricao': '2121ff', 'preco': Decimal('8547.00'), 'quantidade': 223, 'tipo': 'unidade'}, {'id': 22, 'nome': 'Bolo de Chocolate', 'descricao': None, 'preco': Decimal('50.00'), 'quantidade': 1, 'tipo': 'unidade'}, {'id': 23, 'nome': 'Bolo de Morango', 'descricao': None, 'preco': Decimal('45.00'), 'quantidade': 1, 'tipo': 'unidade'}, {'id': 24, 'nome': 'Cupcake', 'descricao': None, 'preco': Decimal('5.00'), 'quantidade': 12, 'tipo': 'unidade'}, {'id': 25, 'nome': 'Torta de Maçã', 'descricao': None, 'preco': Decimal('40.00'), 'quantidade': 1, 'tipo': 'unidade'}], 'colunas': ['id', 'nome', 'descricao', 'preco', 'quantidade', 'tipo'], 'pagina_atual': 1, 'por_pagina': 20, 'total_registros': 21, 'total_paginas': 2} [_log | meu_logger]
2025-05-28 13:24:16,306 - DEBUG - [EstoquePageController.busca_por_nome] Realizando busca por nome: K [_log | meu_logger]
2025-05-28 13:24:16,342 - DEBUG - [EstoqueModel.get_colunas_produto] Buscando colunas da tabela 'produto'. [_log | meu_logger]
2025-05-28 13:24:16,345 - DEBUG - [EstoqueModel.get_colunas_produto] Colunas encontradas: ['id', 'nome', 'descricao', 'preco', 'quantidade', 'tipo'] [_log | meu_logger]
2025-05-28 13:24:16,346 - INFO - [EstoquePageView.alimentar_Dados] Atualizando dados da tabela... [_log | meu_logger]
2025-05-28 13:24:16,347 - DEBUG - [EstoquePageView.alimentar_Dados] Headers: ['id', 'nome', 'descricao', 'preco', 'quantidade', 'tipo'] [_log | meu_logger]
2025-05-28 13:24:16,347 - DEBUG - [EstoquePageView.alimentar_Dados] Total de linhas: 1 [_log | meu_logger]
2025-05-28 13:24:21,192 - DEBUG - [EstoquePageController.listar_produtos_paginados] Chamando listar_produtos() com: Página=1, Quantidade=20, OrdenarPor=None [_log | meu_logger]
2025-05-28 13:24:21,195 - DEBUG - [EstoqueModel.get_colunas_produto] Buscando colunas da tabela 'produto'. [_log | meu_logger]
2025-05-28 13:24:21,199 - DEBUG - [EstoqueModel.get_colunas_produto] Colunas encontradas: ['id', 'nome', 'descricao', 'preco', 'quantidade', 'tipo'] [_log | meu_logger]
2025-05-28 13:24:24,641 - DEBUG - [RodapePaginacao.proxima_pagina] Botão 'próximo' clicado. [_log | meu_logger]
2025-05-28 13:24:24,642 - DEBUG - [RodapePaginacao.proxima_pagina] Página atual já é a última. Nenhuma ação tomada. [_log | meu_logger]
2025-05-28 13:24:26,384 - DEBUG - [RodapePaginacao.proxima_pagina] Botão 'próximo' clicado. [_log | meu_logger]
2025-05-28 13:24:26,385 - DEBUG - [RodapePaginacao.proxima_pagina] Página atual já é a última. Nenhuma ação tomada. [_log | meu_logger]
2025-05-28 13:32:44,677 - INFO - [EstoquePage.__init__] Iniciando EstoquePage... [_log | meu_logger]
2025-05-28 13:32:44,682 - INFO - [EstoqueModel.__init__] EstoqueModel inicializado. [_log | meu_logger]
2025-05-28 13:32:44,683 - INFO - [RodapePaginacao.__init__] RodapePaginacao inicializado. [_log | meu_logger]
2025-05-28 13:32:44,684 - DEBUG - [RodapePaginacao.__init__] Total de páginas definido: None [_log | meu_logger]
2025-05-28 13:32:44,685 - INFO - [EstoquePageView.__init__] EstoquePageView inicializado. [_log | meu_logger]
2025-05-28 13:32:44,685 - INFO - [EstoquePageController.__init__] EstoquePageController inicializado. [_log | meu_logger]
2025-05-28 13:32:44,686 - INFO - [EstoquePage.__init__] EstoquePageController criado com sucesso. [_log | meu_logger]
2025-05-28 13:32:44,687 - DEBUG - [EstoquePage.start] Método start() chamado. Exibindo view do estoque. [_log | meu_logger]
2025-05-28 13:32:44,687 - DEBUG - [EstoquePageController.exibir_view_estoque] Chamando view_estoque() da view. [_log | meu_logger]
2025-05-28 13:32:44,687 - DEBUG - [EstoquePageController.carregar_dados_estoque] Buscando dados de produtos no model. [_log | meu_logger]
2025-05-28 13:32:44,687 - DEBUG - [EstoquePageController.listar_produtos_paginados] Chamando listar_produtos() com: Página=1, Quantidade=20, OrdenarPor=None [_log | meu_logger]
2025-05-28 13:32:44,747 - DEBUG - [EstoqueModel.get_colunas_produto] Buscando colunas da tabela 'produto'. [_log | meu_logger]
2025-05-28 13:32:44,769 - DEBUG - [EstoqueModel.get_colunas_produto] Colunas encontradas: ['id', 'nome', 'descricao', 'preco', 'quantidade', 'tipo'] [_log | meu_logger]
2025-05-28 13:32:44,769 - DEBUG - [EstoquePageController.carregar_dados_estoque] 6 colunas retornadas do model. [_log | meu_logger]
2025-05-28 13:32:44,770 - DEBUG - [EstoquePageController.carregar_dados_estoque] 20 produtos retornados do model. [_log | meu_logger]
2025-05-28 13:32:44,770 - DEBUG - [EstoquePageController.carregar_dados_estoque] Total de páginas: 2 [_log | meu_logger]
2025-05-28 13:32:44,770 - INFO - [EstoquePageView.alimentar_Dados] Atualizando dados da tabela... [_log | meu_logger]
2025-05-28 13:32:44,779 - DEBUG - [EstoquePageView.alimentar_Dados] Headers: ['id', 'nome', 'descricao', 'preco', 'quantidade', 'tipo'] [_log | meu_logger]
2025-05-28 13:32:44,780 - DEBUG - [EstoquePageView.alimentar_Dados] Total de linhas: 20 [_log | meu_logger]
2025-05-28 13:32:44,781 - INFO - [EstoquePageView.create_view_estoque] Construindo view de estoque... [_log | meu_logger]
2025-05-28 13:32:44,782 - DEBUG - [RodapePaginacao.build] Chamando build() do RodapePaginacao. [_log | meu_logger]
2025-05-28 13:32:44,782 - DEBUG - [RodapePaginacao.construir] Construindo controles do rodapé de paginação. [_log | meu_logger]
2025-05-28 13:32:44,783 - DEBUG - [RodapePaginacao.construir] Texto da página: Página 1 de 2 [_log | meu_logger]
2025-05-28 13:32:44,800 - INFO - [EstoquePage.start] View de estoque adicionada à página. [_log | meu_logger]
2025-05-28 13:32:44,809 - DEBUG - [EstoquePageController.listar_produtos_paginados] Chamando listar_produtos() com: Página=1, Quantidade=20, OrdenarPor=None [_log | meu_logger]
2025-05-28 13:32:44,811 - DEBUG - [EstoquePageController.listar_produtos_paginados] Usando resultado em cache da paginação. [_log | meu_logger]
2025-05-28 13:32:44,811 - INFO - [EstoquePage.start] {'dados': [{'id': 4, 'nome': 'Pod 77', 'descricao': 'texto', 'preco': Decimal('778.00'), 'quantidade': 4, 'tipo': 'unidade'}, {'id': 5, 'nome': 'Prod_88', 'descricao': 'Descrição Nova', 'preco': Decimal('77.00'), 'quantidade': 44, 'tipo': 'kg'}, {'id': 6, 'nome': 'Prod_77', 'descricao': 'l', 'preco': Decimal('85.00'), 'quantidade': 88, 'tipo': 'litro'}, {'id': 8, 'nome': 'kkk', 'descricao': 'kkkk', 'preco': Decimal('99.00'), 'quantidade': 555, 'tipo': 'caixa'}, {'id': 9, 'nome': 'A', 'descricao': 'A', 'preco': Decimal('1.00'), 'quantidade': 14, 'tipo': 'unidade'}, {'id': 10, 'nome': 'p1', 'descricao': 'p1', 'preco': Decimal('0.00'), 'quantidade': 1, 'tipo': 'unidade'}, {'id': 11, 'nome': 'phujkfv', 'descricao': 'uku', 'preco': Decimal('33.00'), 'quantidade': 33, 'tipo': 'kg'}, {'id': 12, 'nome': 'fdfdf', 'descricao': 'dfsfs', 'preco': Decimal('5215.00'), 'quantidade': 515, 'tipo': 'unidade'}, {'id': 13, 'nome': 'dfsdf', 'descricao': 'sfsdf', 'preco': Decimal('515.00'), 'quantidade': 22, 'tipo': 'unidade'}, {'id': 15, 'nome': 'tttt', 'descricao': 'trtr', 'preco': Decimal('55.00'), 'quantidade': 55, 'tipo': 'unidade'}, {'id': 16, 'nome': 'Teste', 'descricao': '77', 'preco': Decimal('58.00'), 'quantidade': 77, 'tipo': 'litro'}, {'id': 17, 'nome': 'Maste', 'descricao': 'dsd', 'preco': Decimal('44.00'), 'quantidade': 44, 'tipo': 'litro'}, {'id': 18, 'nome': '2', 'descricao': '22', 'preco': Decimal('525.00'), 'quantidade': 55, 'tipo': 'kg'}, {'id': 19, 'nome': 'Tes_ide', 'descricao': '2121ff', 'preco': Decimal('8547.00'), 'quantidade': 223, 'tipo': 'unidade'}, {'id': 20, 'nome': 'Tes_ide', 'descricao': '2121ff', 'preco': Decimal('8547.00'), 'quantidade': 223, 'tipo': 'unidade'}, {'id': 21, 'nome': 'Tes_ide', 'descricao': '2121ff', 'preco': Decimal('8547.00'), 'quantidade': 223, 'tipo': 'unidade'}, {'id': 22, 'nome': 'Bolo de Chocolate', 'descricao': None, 'preco': Decimal('50.00'), 'quantidade': 1, 'tipo': 'unidade'}, {'id': 23, 'nome': 'Bolo de Morango', 'descricao': None, 'preco': Decimal('45.00'), 'quantidade': 1, 'tipo': 'unidade'}, {'id': 24, 'nome': 'Cupcake', 'descricao': None, 'preco': Decimal('5.00'), 'quantidade': 12, 'tipo': 'unidade'}, {'id': 25, 'nome': 'Torta de Maçã', 'descricao': None, 'preco': Decimal('40.00'), 'quantidade': 1, 'tipo': 'unidade'}], 'colunas': ['id', 'nome', 'descricao', 'preco', 'quantidade', 'tipo'], 'pagina_atual': 1, 'por_pagina': 20, 'total_registros': 21, 'total_paginas': 2} [_log | meu_logger]
2025-05-28 13:32:50,131 - DEBUG - [EstoquePageController.busca_por_nome] Realizando busca por nome: A [_log | meu_logger]
2025-05-28 13:32:50,136 - DEBUG - [EstoqueModel.get_colunas_produto] Buscando colunas da tabela 'produto'. [_log | meu_logger]
2025-05-28 13:32:50,142 - DEBUG - [EstoqueModel.get_colunas_produto] Colunas encontradas: ['id', 'nome', 'descricao', 'preco', 'quantidade', 'tipo'] [_log | meu_logger]
2025-05-28 13:32:50,142 - INFO - [EstoquePageView.alimentar_Dados] Atualizando dados da tabela... [_log | meu_logger]
2025-05-28 13:32:50,143 - DEBUG - [EstoquePageView.alimentar_Dados] Headers: ['id', 'nome', 'descricao', 'preco', 'quantidade', 'tipo'] [_log | meu_logger]
2025-05-28 13:32:50,144 - DEBUG - [EstoquePageView.alimentar_Dados] Total de linhas: 1 [_log | meu_logger]
2025-05-28 13:32:55,907 - DEBUG - [EstoquePageController.busca_por_nome] Realizando busca por nome: P [_log | meu_logger]
2025-05-28 13:32:55,911 - DEBUG - [EstoqueModel.get_colunas_produto] Buscando colunas da tabela 'produto'. [_log | meu_logger]
2025-05-28 13:32:55,915 - DEBUG - [EstoqueModel.get_colunas_produto] Colunas encontradas: ['id', 'nome', 'descricao', 'preco', 'quantidade', 'tipo'] [_log | meu_logger]
2025-05-28 13:32:55,915 - INFO - [EstoquePageView.alimentar_Dados] Atualizando dados da tabela... [_log | meu_logger]
2025-05-28 13:32:55,918 - DEBUG - [EstoquePageView.alimentar_Dados] Headers: ['id', 'nome', 'descricao', 'preco', 'quantidade', 'tipo'] [_log | meu_logger]
2025-05-28 13:32:55,918 - DEBUG - [EstoquePageView.alimentar_Dados] Total de linhas: 6 [_log | meu_logger]
2025-05-28 13:33:01,143 - DEBUG - [EstoquePageController.carregar_dados_estoque] Buscando dados de produtos no model. [_log | meu_logger]
2025-05-28 13:33:01,143 - DEBUG - [EstoquePageController.listar_produtos_paginados] Chamando listar_produtos() com: Página=1, Quantidade=20, OrdenarPor=None [_log | meu_logger]
2025-05-28 13:33:01,147 - DEBUG - [EstoqueModel.get_colunas_produto] Buscando colunas da tabela 'produto'. [_log | meu_logger]
2025-05-28 13:33:01,152 - DEBUG - [EstoqueModel.get_colunas_produto] Colunas encontradas: ['id', 'nome', 'descricao', 'preco', 'quantidade', 'tipo'] [_log | meu_logger]
2025-05-28 13:33:01,153 - DEBUG - [EstoquePageController.carregar_dados_estoque] 6 colunas retornadas do model. [_log | meu_logger]
2025-05-28 13:33:01,153 - DEBUG - [EstoquePageController.carregar_dados_estoque] 20 produtos retornados do model. [_log | meu_logger]
2025-05-28 13:33:01,153 - DEBUG - [EstoquePageController.carregar_dados_estoque] Total de páginas: 2 [_log | meu_logger]
2025-05-28 13:33:01,153 - INFO - [EstoquePageView.alimentar_Dados] Atualizando dados da tabela... [_log | meu_logger]
2025-05-28 13:33:01,161 - DEBUG - [EstoquePageView.alimentar_Dados] Headers: ['id', 'nome', 'descricao', 'preco', 'quantidade', 'tipo'] [_log | meu_logger]
2025-05-28 13:33:01,162 - DEBUG - [EstoquePageView.alimentar_Dados] Total de linhas: 20 [_log | meu_logger]
2025-05-28 13:33:06,963 - DEBUG - [RodapePaginacao.proxima_pagina] Botão 'próximo' clicado. [_log | meu_logger]
2025-05-28 13:33:06,963 - INFO - [RodapePaginacao.proxima_pagina] Indo para a próxima página: 2 [_log | meu_logger]
2025-05-28 13:33:06,964 - DEBUG - [RodapePaginacao.atualizar] Atualizando componentes para a página 2. [_log | meu_logger]
2025-05-28 13:33:06,966 - DEBUG - [RodapePaginacao.atualizar] Chamando callback ao_mudar_pagina. [_log | meu_logger]
2025-05-28 13:33:06,967 - DEBUG - [EstoquePageController.carregar_dados_estoque] Buscando dados de produtos no model. [_log | meu_logger]
2025-05-28 13:33:06,967 - DEBUG - [EstoquePageController.listar_produtos_paginados] Chamando listar_produtos() com: Página=2, Quantidade=20, OrdenarPor=None [_log | meu_logger]
2025-05-28 13:33:06,969 - DEBUG - [EstoqueModel.get_colunas_produto] Buscando colunas da tabela 'produto'. [_log | meu_logger]
2025-05-28 13:33:06,973 - DEBUG - [EstoqueModel.get_colunas_produto] Colunas encontradas: ['id', 'nome', 'descricao', 'preco', 'quantidade', 'tipo'] [_log | meu_logger]
2025-05-28 13:33:06,973 - DEBUG - [EstoquePageController.carregar_dados_estoque] 6 colunas retornadas do model. [_log | meu_logger]
2025-05-28 13:33:06,973 - DEBUG - [EstoquePageController.carregar_dados_estoque] 1 produtos retornados do model. [_log | meu_logger]
2025-05-28 13:33:06,973 - DEBUG - [EstoquePageController.carregar_dados_estoque] Total de páginas: 2 [_log | meu_logger]
2025-05-28 13:33:06,974 - INFO - [EstoquePageView.alimentar_Dados] Atualizando dados da tabela... [_log | meu_logger]
2025-05-28 13:33:06,975 - DEBUG - [EstoquePageView.alimentar_Dados] Headers: ['id', 'nome', 'descricao', 'preco', 'quantidade', 'tipo'] [_log | meu_logger]
2025-05-28 13:33:06,975 - DEBUG - [EstoquePageView.alimentar_Dados] Total de linhas: 1 [_log | meu_logger]
2025-05-28 13:33:08,995 - DEBUG - [RodapePaginacao.pagina_anterior] Botão 'anterior' clicado. [_log | meu_logger]
2025-05-28 13:33:08,995 - INFO - [RodapePaginacao.pagina_anterior] Indo para a página anterior: 1 [_log | meu_logger]
2025-05-28 13:33:08,995 - DEBUG - [RodapePaginacao.atualizar] Atualizando componentes para a página 1. [_log | meu_logger]
2025-05-28 13:33:08,998 - DEBUG - [RodapePaginacao.atualizar] Chamando callback ao_mudar_pagina. [_log | meu_logger]
2025-05-28 13:33:08,998 - DEBUG - [EstoquePageController.carregar_dados_estoque] Buscando dados de produtos no model. [_log | meu_logger]
2025-05-28 13:33:08,998 - DEBUG - [EstoquePageController.listar_produtos_paginados] Chamando listar_produtos() com: Página=1, Quantidade=20, OrdenarPor=None [_log | meu_logger]
2025-05-28 13:33:08,999 - DEBUG - [EstoquePageController.listar_produtos_paginados] Usando resultado em cache da paginação. [_log | meu_logger]
2025-05-28 13:33:08,999 - DEBUG - [EstoquePageController.carregar_dados_estoque] 6 colunas retornadas do model. [_log | meu_logger]
2025-05-28 13:33:08,999 - DEBUG - [EstoquePageController.carregar_dados_estoque] 20 produtos retornados do model. [_log | meu_logger]
2025-05-28 13:33:09,000 - DEBUG - [EstoquePageController.carregar_dados_estoque] Total de páginas: 2 [_log | meu_logger]
2025-05-28 13:33:09,000 - INFO - [EstoquePageView.alimentar_Dados] Atualizando dados da tabela... [_log | meu_logger]
2025-05-28 13:33:09,010 - DEBUG - [EstoquePageView.alimentar_Dados] Headers: ['id', 'nome', 'descricao', 'preco', 'quantidade', 'tipo'] [_log | meu_logger]
2025-05-28 13:33:09,011 - DEBUG - [EstoquePageView.alimentar_Dados] Total de linhas: 20 [_log | meu_logger]
2025-05-28 13:33:14,411 - DEBUG - [EstoquePageController.busca_por_nome] Realizando busca por nome: K [_log | meu_logger]
2025-05-28 13:33:14,413 - DEBUG - [EstoqueModel.get_colunas_produto] Buscando colunas da tabela 'produto'. [_log | meu_logger]
2025-05-28 13:33:14,422 - DEBUG - [EstoqueModel.get_colunas_produto] Colunas encontradas: ['id', 'nome', 'descricao', 'preco', 'quantidade', 'tipo'] [_log | meu_logger]
2025-05-28 13:33:14,423 - INFO - [EstoquePageView.alimentar_Dados] Atualizando dados da tabela... [_log | meu_logger]
2025-05-28 13:33:14,424 - DEBUG - [EstoquePageView.alimentar_Dados] Headers: ['id', 'nome', 'descricao', 'preco', 'quantidade', 'tipo'] [_log | meu_logger]
2025-05-28 13:33:14,424 - DEBUG - [EstoquePageView.alimentar_Dados] Total de linhas: 1 [_log | meu_logger]
2025-05-28 13:33:18,275 - DEBUG - [EstoquePageController.busca_por_nome] Realizando busca por nome: A [_log | meu_logger]
2025-05-28 13:33:18,278 - DEBUG - [EstoqueModel.get_colunas_produto] Buscando colunas da tabela 'produto'. [_log | meu_logger]
2025-05-28 13:33:18,283 - DEBUG - [EstoqueModel.get_colunas_produto] Colunas encontradas: ['id', 'nome', 'descricao', 'preco', 'quantidade', 'tipo'] [_log | meu_logger]
2025-05-28 13:33:18,283 - INFO - [EstoquePageView.alimentar_Dados] Atualizando dados da tabela... [_log | meu_logger]
2025-05-28 13:33:18,284 - DEBUG - [EstoquePageView.alimentar_Dados] Headers: ['id', 'nome', 'descricao', 'preco', 'quantidade', 'tipo'] [_log | meu_logger]
2025-05-28 13:33:18,285 - DEBUG - [EstoquePageView.alimentar_Dados] Total de linhas: 1 [_log | meu_logger]
2025-05-28 13:33:21,722 - DEBUG - [EstoquePageController.busca_por_nome] Realizando busca por nome: B [_log | meu_logger]
2025-05-28 13:33:21,725 - DEBUG - [EstoqueModel.get_colunas_produto] Buscando colunas da tabela 'produto'. [_log | meu_logger]
2025-05-28 13:33:21,728 - DEBUG - [EstoqueModel.get_colunas_produto] Colunas encontradas: ['id', 'nome', 'descricao', 'preco', 'quantidade', 'tipo'] [_log | meu_logger]
2025-05-28 13:33:21,728 - INFO - [EstoquePageView.alimentar_Dados] Atualizando dados da tabela... [_log | meu_logger]
2025-05-28 13:33:21,729 - DEBUG - [EstoquePageView.alimentar_Dados] Headers: ['id', 'nome', 'descricao', 'preco', 'quantidade', 'tipo'] [_log | meu_logger]
2025-05-28 13:33:21,729 - DEBUG - [EstoquePageView.alimentar_Dados] Total de linhas: 2 [_log | meu_logger]
2025-05-28 13:33:25,339 - DEBUG - [EstoquePageController.busca_por_nome] Realizando busca por nome: fgf [_log | meu_logger]
2025-05-28 13:33:25,341 - INFO - [EstoquePageView.alimentar_Dados] Atualizando dados da tabela... [_log | meu_logger]
2025-05-28 13:33:25,341 - DEBUG - [EstoquePageView.alimentar_Dados] Headers: [] [_log | meu_logger]
2025-05-28 13:33:25,342 - DEBUG - [EstoquePageView.alimentar_Dados] Total de linhas: 0 [_log | meu_logger]
2025-05-28 13:33:25,344 - ERROR - [EstoquePageController.busca_por_nome] Erro na busca por nome: columns must contain at minimum one visible DataColumn [_log | meu_logger]
2025-05-28 13:33:31,324 - DEBUG - [EstoquePageController.busca_por_nome] Realizando busca por nome: B [_log | meu_logger]
2025-05-28 13:33:31,327 - DEBUG - [EstoqueModel.get_colunas_produto] Buscando colunas da tabela 'produto'. [_log | meu_logger]
2025-05-28 13:33:31,340 - DEBUG - [EstoqueModel.get_colunas_produto] Colunas encontradas: ['id', 'nome', 'descricao', 'preco', 'quantidade', 'tipo'] [_log | meu_logger]
2025-05-28 13:33:31,341 - INFO - [EstoquePageView.alimentar_Dados] Atualizando dados da tabela... [_log | meu_logger]
2025-05-28 13:33:31,342 - DEBUG - [EstoquePageView.alimentar_Dados] Headers: ['id', 'nome', 'descricao', 'preco', 'quantidade', 'tipo'] [_log | meu_logger]
2025-05-28 13:33:31,343 - DEBUG - [EstoquePageView.alimentar_Dados] Total de linhas: 2 [_log | meu_logger]
2025-05-28 13:33:37,090 - DEBUG - [EstoquePageController.busca_por_nome] Realizando busca por nome: A [_log | meu_logger]
2025-05-28 13:33:37,094 - DEBUG - [EstoqueModel.get_colunas_produto] Buscando colunas da tabela 'produto'. [_log | meu_logger]
2025-05-28 13:33:37,106 - DEBUG - [EstoqueModel.get_colunas_produto] Colunas encontradas: ['id', 'nome', 'descricao', 'preco', 'quantidade', 'tipo'] [_log | meu_logger]
2025-05-28 13:33:37,106 - INFO - [EstoquePageView.alimentar_Dados] Atualizando dados da tabela... [_log | meu_logger]
2025-05-28 13:33:37,107 - DEBUG - [EstoquePageView.alimentar_Dados] Headers: ['id', 'nome', 'descricao', 'preco', 'quantidade', 'tipo'] [_log | meu_logger]
2025-05-28 13:33:37,108 - DEBUG - [EstoquePageView.alimentar_Dados] Total de linhas: 1 [_log | meu_logger]
2025-05-28 13:33:39,835 - DEBUG - [EstoquePageController.carregar_dados_estoque] Buscando dados de produtos no model. [_log | meu_logger]
2025-05-28 13:33:39,835 - DEBUG - [EstoquePageController.listar_produtos_paginados] Chamando listar_produtos() com: Página=1, Quantidade=20, OrdenarPor=None [_log | meu_logger]
2025-05-28 13:33:39,838 - DEBUG - [EstoqueModel.get_colunas_produto] Buscando colunas da tabela 'produto'. [_log | meu_logger]
2025-05-28 13:33:39,842 - DEBUG - [EstoqueModel.get_colunas_produto] Colunas encontradas: ['id', 'nome', 'descricao', 'preco', 'quantidade', 'tipo'] [_log | meu_logger]
2025-05-28 13:33:39,843 - DEBUG - [EstoquePageController.carregar_dados_estoque] 6 colunas retornadas do model. [_log | meu_logger]
2025-05-28 13:33:39,843 - DEBUG - [EstoquePageController.carregar_dados_estoque] 20 produtos retornados do model. [_log | meu_logger]
2025-05-28 13:33:39,843 - DEBUG - [EstoquePageController.carregar_dados_estoque] Total de páginas: 2 [_log | meu_logger]
2025-05-28 13:33:39,843 - INFO - [EstoquePageView.alimentar_Dados] Atualizando dados da tabela... [_log | meu_logger]
2025-05-28 13:33:39,851 - DEBUG - [EstoquePageView.alimentar_Dados] Headers: ['id', 'nome', 'descricao', 'preco', 'quantidade', 'tipo'] [_log | meu_logger]
2025-05-28 13:33:39,851 - DEBUG - [EstoquePageView.alimentar_Dados] Total de linhas: 20 [_log | meu_logger]
2025-05-28 13:34:22,802 - DEBUG - [EstoquePageController.carregar_dados_estoque] Buscando dados de produtos no model. [_log | meu_logger]
2025-05-28 13:34:22,802 - DEBUG - [EstoquePageController.listar_produtos_paginados] Chamando listar_produtos() com: Página=1, Quantidade=20, OrdenarPor=None [_log | meu_logger]
2025-05-28 13:34:22,807 - DEBUG - [EstoqueModel.get_colunas_produto] Buscando colunas da tabela 'produto'. [_log | meu_logger]
2025-05-28 13:34:22,818 - DEBUG - [EstoqueModel.get_colunas_produto] Colunas encontradas: ['id', 'nome', 'descricao', 'preco', 'quantidade', 'tipo'] [_log | meu_logger]
2025-05-28 13:34:22,818 - DEBUG - [EstoquePageController.carregar_dados_estoque] 6 colunas retornadas do model. [_log | meu_logger]
2025-05-28 13:34:22,818 - DEBUG - [EstoquePageController.carregar_dados_estoque] 20 produtos retornados do model. [_log | meu_logger]
2025-05-28 13:34:22,818 - DEBUG - [EstoquePageController.carregar_dados_estoque] Total de páginas: 2 [_log | meu_logger]
2025-05-28 13:34:22,819 - INFO - [EstoquePageView.alimentar_Dados] Atualizando dados da tabela... [_log | meu_logger]
2025-05-28 13:34:22,827 - DEBUG - [EstoquePageView.alimentar_Dados] Headers: ['id', 'nome', 'descricao', 'preco', 'quantidade', 'tipo'] [_log | meu_logger]
2025-05-28 13:34:22,827 - DEBUG - [EstoquePageView.alimentar_Dados] Total de linhas: 20 [_log | meu_logger]
2025-05-28 13:34:32,641 - DEBUG - [EstoquePageController.busca_por_nome] Realizando busca por nome: A [_log | meu_logger]
2025-05-28 13:34:32,645 - DEBUG - [EstoqueModel.get_colunas_produto] Buscando colunas da tabela 'produto'. [_log | meu_logger]
2025-05-28 13:34:32,656 - DEBUG - [EstoqueModel.get_colunas_produto] Colunas encontradas: ['id', 'nome', 'descricao', 'preco', 'quantidade', 'tipo'] [_log | meu_logger]
2025-05-28 13:34:32,656 - INFO - [EstoquePageView.alimentar_Dados] Atualizando dados da tabela... [_log | meu_logger]
2025-05-28 13:34:32,657 - DEBUG - [EstoquePageView.alimentar_Dados] Headers: ['id', 'nome', 'descricao', 'preco', 'quantidade', 'tipo'] [_log | meu_logger]
2025-05-28 13:34:32,657 - DEBUG - [EstoquePageView.alimentar_Dados] Total de linhas: 1 [_log | meu_logger]
2025-05-28 13:34:35,826 - DEBUG - [EstoquePageController.busca_por_nome] Realizando busca por nome: B [_log | meu_logger]
2025-05-28 13:34:35,830 - DEBUG - [EstoqueModel.get_colunas_produto] Buscando colunas da tabela 'produto'. [_log | meu_logger]
2025-05-28 13:34:35,834 - DEBUG - [EstoqueModel.get_colunas_produto] Colunas encontradas: ['id', 'nome', 'descricao', 'preco', 'quantidade', 'tipo'] [_log | meu_logger]
2025-05-28 13:34:35,835 - INFO - [EstoquePageView.alimentar_Dados] Atualizando dados da tabela... [_log | meu_logger]
2025-05-28 13:34:35,836 - DEBUG - [EstoquePageView.alimentar_Dados] Headers: ['id', 'nome', 'descricao', 'preco', 'quantidade', 'tipo'] [_log | meu_logger]
2025-05-28 13:34:35,836 - DEBUG - [EstoquePageView.alimentar_Dados] Total de linhas: 2 [_log | meu_logger]
2025-05-28 13:34:38,641 - DEBUG - [EstoquePageController.carregar_dados_estoque] Buscando dados de produtos no model. [_log | meu_logger]
2025-05-28 13:34:38,642 - DEBUG - [EstoquePageController.listar_produtos_paginados] Chamando listar_produtos() com: Página=1, Quantidade=20, OrdenarPor=None [_log | meu_logger]
2025-05-28 13:34:38,646 - DEBUG - [EstoqueModel.get_colunas_produto] Buscando colunas da tabela 'produto'. [_log | meu_logger]
2025-05-28 13:34:38,649 - DEBUG - [EstoqueModel.get_colunas_produto] Colunas encontradas: ['id', 'nome', 'descricao', 'preco', 'quantidade', 'tipo'] [_log | meu_logger]
2025-05-28 13:34:38,649 - DEBUG - [EstoquePageController.carregar_dados_estoque] 6 colunas retornadas do model. [_log | meu_logger]
2025-05-28 13:34:38,649 - DEBUG - [EstoquePageController.carregar_dados_estoque] 20 produtos retornados do model. [_log | meu_logger]
2025-05-28 13:34:38,650 - DEBUG - [EstoquePageController.carregar_dados_estoque] Total de páginas: 2 [_log | meu_logger]
2025-05-28 13:34:38,650 - INFO - [EstoquePageView.alimentar_Dados] Atualizando dados da tabela... [_log | meu_logger]
2025-05-28 13:34:38,658 - DEBUG - [EstoquePageView.alimentar_Dados] Headers: ['id', 'nome', 'descricao', 'preco', 'quantidade', 'tipo'] [_log | meu_logger]
2025-05-28 13:34:38,659 - DEBUG - [EstoquePageView.alimentar_Dados] Total de linhas: 20 [_log | meu_logger]
2025-05-28 13:34:43,275 - DEBUG - [EstoquePageController.carregar_dados_estoque] Buscando dados de produtos no model. [_log | meu_logger]
2025-05-28 13:34:43,275 - DEBUG - [EstoquePageController.listar_produtos_paginados] Chamando listar_produtos() com: Página=1, Quantidade=20, OrdenarPor=None [_log | meu_logger]
2025-05-28 13:34:43,278 - DEBUG - [EstoqueModel.get_colunas_produto] Buscando colunas da tabela 'produto'. [_log | meu_logger]
2025-05-28 13:34:43,283 - DEBUG - [EstoqueModel.get_colunas_produto] Colunas encontradas: ['id', 'nome', 'descricao', 'preco', 'quantidade', 'tipo'] [_log | meu_logger]
2025-05-28 13:34:43,283 - DEBUG - [EstoquePageController.carregar_dados_estoque] 6 colunas retornadas do model. [_log | meu_logger]
2025-05-28 13:34:43,284 - DEBUG - [EstoquePageController.carregar_dados_estoque] 20 produtos retornados do model. [_log | meu_logger]
2025-05-28 13:34:43,284 - DEBUG - [EstoquePageController.carregar_dados_estoque] Total de páginas: 2 [_log | meu_logger]
2025-05-28 13:34:43,284 - INFO - [EstoquePageView.alimentar_Dados] Atualizando dados da tabela... [_log | meu_logger]
2025-05-28 13:34:43,291 - DEBUG - [EstoquePageView.alimentar_Dados] Headers: ['id', 'nome', 'descricao', 'preco', 'quantidade', 'tipo'] [_log | meu_logger]
2025-05-28 13:34:43,292 - DEBUG - [EstoquePageView.alimentar_Dados] Total de linhas: 20 [_log | meu_logger]
2025-05-28 13:34:44,705 - DEBUG - [EstoquePageController.carregar_dados_estoque] Buscando dados de produtos no model. [_log | meu_logger]
2025-05-28 13:34:44,705 - DEBUG - [EstoquePageController.listar_produtos_paginados] Chamando listar_produtos() com: Página=1, Quantidade=20, OrdenarPor=None [_log | meu_logger]
2025-05-28 13:34:44,709 - DEBUG - [EstoqueModel.get_colunas_produto] Buscando colunas da tabela 'produto'. [_log | meu_logger]
2025-05-28 13:34:44,712 - DEBUG - [EstoqueModel.get_colunas_produto] Colunas encontradas: ['id', 'nome', 'descricao', 'preco', 'quantidade', 'tipo'] [_log | meu_logger]
2025-05-28 13:34:44,712 - DEBUG - [EstoquePageController.carregar_dados_estoque] 6 colunas retornadas do model. [_log | meu_logger]
2025-05-28 13:34:44,713 - DEBUG - [EstoquePageController.carregar_dados_estoque] 20 produtos retornados do model. [_log | meu_logger]
2025-05-28 13:34:44,713 - DEBUG - [EstoquePageController.carregar_dados_estoque] Total de páginas: 2 [_log | meu_logger]
2025-05-28 13:34:44,713 - INFO - [EstoquePageView.alimentar_Dados] Atualizando dados da tabela... [_log | meu_logger]
2025-05-28 13:34:44,723 - DEBUG - [EstoquePageView.alimentar_Dados] Headers: ['id', 'nome', 'descricao', 'preco', 'quantidade', 'tipo'] [_log | meu_logger]
2025-05-28 13:34:44,723 - DEBUG - [EstoquePageView.alimentar_Dados] Total de linhas: 20 [_log | meu_logger]
2025-05-28 13:34:45,521 - DEBUG - [EstoquePageController.carregar_dados_estoque] Buscando dados de produtos no model. [_log | meu_logger]
2025-05-28 13:34:45,522 - DEBUG - [EstoquePageController.listar_produtos_paginados] Chamando listar_produtos() com: Página=1, Quantidade=20, OrdenarPor=None [_log | meu_logger]
2025-05-28 13:34:45,525 - DEBUG - [EstoqueModel.get_colunas_produto] Buscando colunas da tabela 'produto'. [_log | meu_logger]
2025-05-28 13:34:45,527 - DEBUG - [EstoqueModel.get_colunas_produto] Colunas encontradas: ['id', 'nome', 'descricao', 'preco', 'quantidade', 'tipo'] [_log | meu_logger]
2025-05-28 13:34:45,528 - DEBUG - [EstoquePageController.carregar_dados_estoque] 6 colunas retornadas do model. [_log | meu_logger]
2025-05-28 13:34:45,528 - DEBUG - [EstoquePageController.carregar_dados_estoque] 20 produtos retornados do model. [_log | meu_logger]
2025-05-28 13:34:45,528 - DEBUG - [EstoquePageController.carregar_dados_estoque] Total de páginas: 2 [_log | meu_logger]
2025-05-28 13:34:45,528 - INFO - [EstoquePageView.alimentar_Dados] Atualizando dados da tabela... [_log | meu_logger]
2025-05-28 13:34:45,536 - DEBUG - [EstoquePageView.alimentar_Dados] Headers: ['id', 'nome', 'descricao', 'preco', 'quantidade', 'tipo'] [_log | meu_logger]
2025-05-28 13:34:45,536 - DEBUG - [EstoquePageView.alimentar_Dados] Total de linhas: 20 [_log | meu_logger]
2025-05-28 13:34:46,154 - DEBUG - [EstoquePageController.carregar_dados_estoque] Buscando dados de produtos no model. [_log | meu_logger]
2025-05-28 13:34:46,154 - DEBUG - [EstoquePageController.listar_produtos_paginados] Chamando listar_produtos() com: Página=1, Quantidade=20, OrdenarPor=None [_log | meu_logger]
2025-05-28 13:34:46,157 - DEBUG - [EstoqueModel.get_colunas_produto] Buscando colunas da tabela 'produto'. [_log | meu_logger]
2025-05-28 13:34:46,160 - DEBUG - [EstoqueModel.get_colunas_produto] Colunas encontradas: ['id', 'nome', 'descricao', 'preco', 'quantidade', 'tipo'] [_log | meu_logger]
2025-05-28 13:34:46,160 - DEBUG - [EstoquePageController.carregar_dados_estoque] 6 colunas retornadas do model. [_log | meu_logger]
2025-05-28 13:34:46,160 - DEBUG - [EstoquePageController.carregar_dados_estoque] 20 produtos retornados do model. [_log | meu_logger]
2025-05-28 13:34:46,161 - DEBUG - [EstoquePageController.carregar_dados_estoque] Total de páginas: 2 [_log | meu_logger]
2025-05-28 13:34:46,161 - INFO - [EstoquePageView.alimentar_Dados] Atualizando dados da tabela... [_log | meu_logger]
2025-05-28 13:34:46,169 - DEBUG - [EstoquePageView.alimentar_Dados] Headers: ['id', 'nome', 'descricao', 'preco', 'quantidade', 'tipo'] [_log | meu_logger]
2025-05-28 13:34:46,170 - DEBUG - [EstoquePageView.alimentar_Dados] Total de linhas: 20 [_log | meu_logger]
2025-05-28 13:39:46,190 - INFO - [EstoquePage.__init__] Iniciando EstoquePage... [_log | meu_logger]
2025-05-28 13:39:46,196 - INFO - [EstoqueModel.__init__] EstoqueModel inicializado. [_log | meu_logger]
2025-05-28 13:39:46,197 - INFO - [RodapePaginacao.__init__] RodapePaginacao inicializado. [_log | meu_logger]
2025-05-28 13:39:46,198 - DEBUG - [RodapePaginacao.__init__] Total de páginas definido: None [_log | meu_logger]
2025-05-28 13:39:46,200 - INFO - [EstoquePageView.__init__] EstoquePageView inicializado. [_log | meu_logger]
2025-05-28 13:39:46,202 - INFO - [EstoquePageController.__init__] EstoquePageController inicializado. [_log | meu_logger]
2025-05-28 13:39:46,203 - INFO - [EstoquePage.__init__] EstoquePageController criado com sucesso. [_log | meu_logger]
2025-05-28 13:39:46,204 - DEBUG - [EstoquePage.start] Método start() chamado. Exibindo view do estoque. [_log | meu_logger]
2025-05-28 13:39:46,205 - DEBUG - [EstoquePageController.exibir_view_estoque] Chamando view_estoque() da view. [_log | meu_logger]
2025-05-28 13:39:46,205 - DEBUG - [EstoquePageController.carregar_dados_estoque] Buscando dados de produtos no model. [_log | meu_logger]
2025-05-28 13:39:46,205 - DEBUG - [EstoquePageController.listar_produtos_paginados] Chamando listar_produtos() com: Página=1, Quantidade=20, OrdenarPor=None [_log | meu_logger]
2025-05-28 13:39:46,244 - DEBUG - [EstoqueModel.get_colunas_produto] Buscando colunas da tabela 'produto'. [_log | meu_logger]
2025-05-28 13:39:46,301 - DEBUG - [EstoqueModel.get_colunas_produto] Colunas encontradas: ['id', 'nome', 'descricao', 'preco', 'quantidade', 'tipo'] [_log | meu_logger]
2025-05-28 13:39:46,301 - DEBUG - [EstoquePageController.carregar_dados_estoque] 6 colunas retornadas do model. [_log | meu_logger]
2025-05-28 13:39:46,302 - DEBUG - [EstoquePageController.carregar_dados_estoque] 20 produtos retornados do model. [_log | meu_logger]
2025-05-28 13:39:46,302 - DEBUG - [EstoquePageController.carregar_dados_estoque] Total de páginas: 2 [_log | meu_logger]
2025-05-28 13:39:46,302 - INFO - [EstoquePageView.alimentar_Dados] Atualizando dados da tabela... [_log | meu_logger]
2025-05-28 13:39:46,311 - DEBUG - [EstoquePageView.alimentar_Dados] Headers: ['id', 'nome', 'descricao', 'preco', 'quantidade', 'tipo'] [_log | meu_logger]
2025-05-28 13:39:46,312 - DEBUG - [EstoquePageView.alimentar_Dados] Total de linhas: 20 [_log | meu_logger]
2025-05-28 13:39:46,313 - INFO - [EstoquePageView.create_view_estoque] Construindo view de estoque... [_log | meu_logger]
2025-05-28 13:39:46,315 - DEBUG - [RodapePaginacao.build] Chamando build() do RodapePaginacao. [_log | meu_logger]
2025-05-28 13:39:46,315 - DEBUG - [RodapePaginacao.construir] Construindo controles do rodapé de paginação. [_log | meu_logger]
2025-05-28 13:39:46,316 - DEBUG - [RodapePaginacao.construir] Texto da página: Página 1 de 2 [_log | meu_logger]
2025-05-28 13:39:46,337 - INFO - [EstoquePage.start] View de estoque adicionada à página. [_log | meu_logger]
2025-05-28 13:39:46,338 - DEBUG - [EstoquePageController.listar_produtos_paginados] Chamando listar_produtos() com: Página=1, Quantidade=20, OrdenarPor=None [_log | meu_logger]
2025-05-28 13:39:46,339 - DEBUG - [EstoquePageController.listar_produtos_paginados] Usando resultado em cache da paginação. [_log | meu_logger]
2025-05-28 13:39:46,342 - INFO - [EstoquePage.start] {'dados': [{'id': 4, 'nome': 'Pod 77', 'descricao': 'texto', 'preco': Decimal('778.00'), 'quantidade': 4, 'tipo': 'unidade'}, {'id': 5, 'nome': 'Prod_88', 'descricao': 'Descrição Nova', 'preco': Decimal('77.00'), 'quantidade': 44, 'tipo': 'kg'}, {'id': 6, 'nome': 'Prod_77', 'descricao': 'l', 'preco': Decimal('85.00'), 'quantidade': 88, 'tipo': 'litro'}, {'id': 8, 'nome': 'kkk', 'descricao': 'kkkk', 'preco': Decimal('99.00'), 'quantidade': 555, 'tipo': 'caixa'}, {'id': 9, 'nome': 'A', 'descricao': 'A', 'preco': Decimal('1.00'), 'quantidade': 14, 'tipo': 'unidade'}, {'id': 10, 'nome': 'p1', 'descricao': 'p1', 'preco': Decimal('0.00'), 'quantidade': 1, 'tipo': 'unidade'}, {'id': 11, 'nome': 'phujkfv', 'descricao': 'uku', 'preco': Decimal('33.00'), 'quantidade': 33, 'tipo': 'kg'}, {'id': 12, 'nome': 'fdfdf', 'descricao': 'dfsfs', 'preco': Decimal('5215.00'), 'quantidade': 515, 'tipo': 'unidade'}, {'id': 13, 'nome': 'dfsdf', 'descricao': 'sfsdf', 'preco': Decimal('515.00'), 'quantidade': 22, 'tipo': 'unidade'}, {'id': 15, 'nome': 'tttt', 'descricao': 'trtr', 'preco': Decimal('55.00'), 'quantidade': 55, 'tipo': 'unidade'}, {'id': 16, 'nome': 'Teste', 'descricao': '77', 'preco': Decimal('58.00'), 'quantidade': 77, 'tipo': 'litro'}, {'id': 17, 'nome': 'Maste', 'descricao': 'dsd', 'preco': Decimal('44.00'), 'quantidade': 44, 'tipo': 'litro'}, {'id': 18, 'nome': '2', 'descricao': '22', 'preco': Decimal('525.00'), 'quantidade': 55, 'tipo': 'kg'}, {'id': 19, 'nome': 'Tes_ide', 'descricao': '2121ff', 'preco': Decimal('8547.00'), 'quantidade': 223, 'tipo': 'unidade'}, {'id': 20, 'nome': 'Tes_ide', 'descricao': '2121ff', 'preco': Decimal('8547.00'), 'quantidade': 223, 'tipo': 'unidade'}, {'id': 21, 'nome': 'Tes_ide', 'descricao': '2121ff', 'preco': Decimal('8547.00'), 'quantidade': 223, 'tipo': 'unidade'}, {'id': 22, 'nome': 'Bolo de Chocolate', 'descricao': None, 'preco': Decimal('50.00'), 'quantidade': 1, 'tipo': 'unidade'}, {'id': 23, 'nome': 'Bolo de Morango', 'descricao': None, 'preco': Decimal('45.00'), 'quantidade': 1, 'tipo': 'unidade'}, {'id': 24, 'nome': 'Cupcake', 'descricao': None, 'preco': Decimal('5.00'), 'quantidade': 12, 'tipo': 'unidade'}, {'id': 25, 'nome': 'Torta de Maçã', 'descricao': None, 'preco': Decimal('40.00'), 'quantidade': 1, 'tipo': 'unidade'}], 'colunas': ['id', 'nome', 'descricao', 'preco', 'quantidade', 'tipo'], 'pagina_atual': 1, 'por_pagina': 20, 'total_registros': 21, 'total_paginas': 2} [_log | meu_logger]
2025-05-28 13:39:50,293 - DEBUG - [EstoquePageController.busca_por_nome] Realizando busca por nome: A [_log | meu_logger]
2025-05-28 13:39:50,296 - DEBUG - [EstoqueModel.get_colunas_produto] Buscando colunas da tabela 'produto'. [_log | meu_logger]
2025-05-28 13:39:50,448 - DEBUG - [EstoqueModel.get_colunas_produto] Colunas encontradas: ['id', 'nome', 'descricao', 'preco', 'quantidade', 'tipo'] [_log | meu_logger]
2025-05-28 13:39:50,449 - INFO - [EstoquePageView.alimentar_Dados] Atualizando dados da tabela... [_log | meu_logger]
2025-05-28 13:39:50,450 - DEBUG - [EstoquePageView.alimentar_Dados] Headers: ['id', 'nome', 'descricao', 'preco', 'quantidade', 'tipo'] [_log | meu_logger]
2025-05-28 13:39:50,450 - DEBUG - [EstoquePageView.alimentar_Dados] Total de linhas: 1 [_log | meu_logger]
2025-05-28 13:39:54,190 - DEBUG - [EstoquePageController.carregar_dados_estoque] Buscando dados de produtos no model. [_log | meu_logger]
2025-05-28 13:39:54,190 - DEBUG - [EstoquePageController.listar_produtos_paginados] Chamando listar_produtos() com: Página=1, Quantidade=20, OrdenarPor=None [_log | meu_logger]
2025-05-28 13:39:54,194 - DEBUG - [EstoqueModel.get_colunas_produto] Buscando colunas da tabela 'produto'. [_log | meu_logger]
2025-05-28 13:39:54,199 - DEBUG - [EstoqueModel.get_colunas_produto] Colunas encontradas: ['id', 'nome', 'descricao', 'preco', 'quantidade', 'tipo'] [_log | meu_logger]
2025-05-28 13:39:54,199 - DEBUG - [EstoquePageController.carregar_dados_estoque] 6 colunas retornadas do model. [_log | meu_logger]
2025-05-28 13:39:54,199 - DEBUG - [EstoquePageController.carregar_dados_estoque] 20 produtos retornados do model. [_log | meu_logger]
2025-05-28 13:39:54,199 - DEBUG - [EstoquePageController.carregar_dados_estoque] Total de páginas: 2 [_log | meu_logger]
2025-05-28 13:39:54,199 - INFO - [EstoquePageView.alimentar_Dados] Atualizando dados da tabela... [_log | meu_logger]
2025-05-28 13:39:54,209 - DEBUG - [EstoquePageView.alimentar_Dados] Headers: ['id', 'nome', 'descricao', 'preco', 'quantidade', 'tipo'] [_log | meu_logger]
2025-05-28 13:39:54,209 - DEBUG - [EstoquePageView.alimentar_Dados] Total de linhas: 20 [_log | meu_logger]
2025-05-28 13:39:59,246 - DEBUG - [EstoquePageController.busca_por_nome] Realizando busca por nome: A [_log | meu_logger]
2025-05-28 13:39:59,249 - DEBUG - [EstoqueModel.get_colunas_produto] Buscando colunas da tabela 'produto'. [_log | meu_logger]
2025-05-28 13:39:59,253 - DEBUG - [EstoqueModel.get_colunas_produto] Colunas encontradas: ['id', 'nome', 'descricao', 'preco', 'quantidade', 'tipo'] [_log | meu_logger]
2025-05-28 13:39:59,253 - INFO - [EstoquePageView.alimentar_Dados] Atualizando dados da tabela... [_log | meu_logger]
2025-05-28 13:39:59,254 - DEBUG - [EstoquePageView.alimentar_Dados] Headers: ['id', 'nome', 'descricao', 'preco', 'quantidade', 'tipo'] [_log | meu_logger]
2025-05-28 13:39:59,255 - DEBUG - [EstoquePageView.alimentar_Dados] Total de linhas: 1 [_log | meu_logger]
2025-05-28 13:40:02,397 - DEBUG - [EstoquePageController.busca_por_nome] Realizando busca por nome: B [_log | meu_logger]
2025-05-28 13:40:02,401 - DEBUG - [EstoqueModel.get_colunas_produto] Buscando colunas da tabela 'produto'. [_log | meu_logger]
2025-05-28 13:40:02,405 - DEBUG - [EstoqueModel.get_colunas_produto] Colunas encontradas: ['id', 'nome', 'descricao', 'preco', 'quantidade', 'tipo'] [_log | meu_logger]
2025-05-28 13:40:02,405 - INFO - [EstoquePageView.alimentar_Dados] Atualizando dados da tabela... [_log | meu_logger]
2025-05-28 13:40:02,407 - DEBUG - [EstoquePageView.alimentar_Dados] Headers: ['id', 'nome', 'descricao', 'preco', 'quantidade', 'tipo'] [_log | meu_logger]
2025-05-28 13:40:02,407 - DEBUG - [EstoquePageView.alimentar_Dados] Total de linhas: 2 [_log | meu_logger]
2025-05-28 13:40:04,085 - DEBUG - [RodapePaginacao.proxima_pagina] Botão 'próximo' clicado. [_log | meu_logger]
2025-05-28 13:40:04,086 - DEBUG - [RodapePaginacao.proxima_pagina] Página atual já é a última. Nenhuma ação tomada. [_log | meu_logger]
2025-05-28 13:40:07,110 - DEBUG - [EstoquePageController.busca_por_nome] Realizando busca por nome: A [_log | meu_logger]
2025-05-28 13:40:07,114 - DEBUG - [EstoqueModel.get_colunas_produto] Buscando colunas da tabela 'produto'. [_log | meu_logger]
2025-05-28 13:40:07,122 - DEBUG - [EstoqueModel.get_colunas_produto] Colunas encontradas: ['id', 'nome', 'descricao', 'preco', 'quantidade', 'tipo'] [_log | meu_logger]
2025-05-28 13:40:07,123 - INFO - [EstoquePageView.alimentar_Dados] Atualizando dados da tabela... [_log | meu_logger]
2025-05-28 13:40:07,124 - DEBUG - [EstoquePageView.alimentar_Dados] Headers: ['id', 'nome', 'descricao', 'preco', 'quantidade', 'tipo'] [_log | meu_logger]
2025-05-28 13:40:07,124 - DEBUG - [EstoquePageView.alimentar_Dados] Total de linhas: 1 [_log | meu_logger]
2025-05-28 13:40:10,934 - DEBUG - [EstoquePageController.carregar_dados_estoque] Buscando dados de produtos no model. [_log | meu_logger]
2025-05-28 13:40:10,934 - DEBUG - [EstoquePageController.listar_produtos_paginados] Chamando listar_produtos() com: Página=1, Quantidade=20, OrdenarPor=None [_log | meu_logger]
2025-05-28 13:40:10,937 - DEBUG - [EstoqueModel.get_colunas_produto] Buscando colunas da tabela 'produto'. [_log | meu_logger]
2025-05-28 13:40:10,940 - DEBUG - [EstoqueModel.get_colunas_produto] Colunas encontradas: ['id', 'nome', 'descricao', 'preco', 'quantidade', 'tipo'] [_log | meu_logger]
2025-05-28 13:40:10,940 - DEBUG - [EstoquePageController.carregar_dados_estoque] 6 colunas retornadas do model. [_log | meu_logger]
2025-05-28 13:40:10,940 - DEBUG - [EstoquePageController.carregar_dados_estoque] 20 produtos retornados do model. [_log | meu_logger]
2025-05-28 13:40:10,941 - DEBUG - [EstoquePageController.carregar_dados_estoque] Total de páginas: 2 [_log | meu_logger]
2025-05-28 13:40:10,941 - INFO - [EstoquePageView.alimentar_Dados] Atualizando dados da tabela... [_log | meu_logger]
2025-05-28 13:40:10,948 - DEBUG - [EstoquePageView.alimentar_Dados] Headers: ['id', 'nome', 'descricao', 'preco', 'quantidade', 'tipo'] [_log | meu_logger]
2025-05-28 13:40:10,949 - DEBUG - [EstoquePageView.alimentar_Dados] Total de linhas: 20 [_log | meu_logger]
2025-05-28 13:40:16,550 - DEBUG - [EstoquePageController.busca_por_nome] Realizando busca por nome: P [_log | meu_logger]
2025-05-28 13:40:16,553 - DEBUG - [EstoqueModel.get_colunas_produto] Buscando colunas da tabela 'produto'. [_log | meu_logger]
2025-05-28 13:40:16,557 - DEBUG - [EstoqueModel.get_colunas_produto] Colunas encontradas: ['id', 'nome', 'descricao', 'preco', 'quantidade', 'tipo'] [_log | meu_logger]
2025-05-28 13:40:16,557 - INFO - [EstoquePageView.alimentar_Dados] Atualizando dados da tabela... [_log | meu_logger]
2025-05-28 13:40:16,560 - DEBUG - [EstoquePageView.alimentar_Dados] Headers: ['id', 'nome', 'descricao', 'preco', 'quantidade', 'tipo'] [_log | meu_logger]
2025-05-28 13:40:16,560 - DEBUG - [EstoquePageView.alimentar_Dados] Total de linhas: 6 [_log | meu_logger]
2025-05-28 13:40:20,589 - DEBUG - [EstoquePageController.carregar_dados_estoque] Buscando dados de produtos no model. [_log | meu_logger]
2025-05-28 13:40:20,589 - DEBUG - [EstoquePageController.listar_produtos_paginados] Chamando listar_produtos() com: Página=1, Quantidade=20, OrdenarPor=None [_log | meu_logger]
2025-05-28 13:40:20,592 - DEBUG - [EstoqueModel.get_colunas_produto] Buscando colunas da tabela 'produto'. [_log | meu_logger]
2025-05-28 13:40:20,603 - DEBUG - [EstoqueModel.get_colunas_produto] Colunas encontradas: ['id', 'nome', 'descricao', 'preco', 'quantidade', 'tipo'] [_log | meu_logger]
2025-05-28 13:40:20,603 - DEBUG - [EstoquePageController.carregar_dados_estoque] 6 colunas retornadas do model. [_log | meu_logger]
2025-05-28 13:40:20,603 - DEBUG - [EstoquePageController.carregar_dados_estoque] 20 produtos retornados do model. [_log | meu_logger]
2025-05-28 13:40:20,604 - DEBUG - [EstoquePageController.carregar_dados_estoque] Total de páginas: 2 [_log | meu_logger]
2025-05-28 13:40:20,604 - INFO - [EstoquePageView.alimentar_Dados] Atualizando dados da tabela... [_log | meu_logger]
2025-05-28 13:40:20,612 - DEBUG - [EstoquePageView.alimentar_Dados] Headers: ['id', 'nome', 'descricao', 'preco', 'quantidade', 'tipo'] [_log | meu_logger]
2025-05-28 13:40:20,612 - DEBUG - [EstoquePageView.alimentar_Dados] Total de linhas: 20 [_log | meu_logger]
2025-05-28 13:41:25,119 - INFO - [EstoquePage.__init__] Iniciando EstoquePage... [_log | meu_logger]
2025-05-28 13:41:25,128 - INFO - [EstoqueModel.__init__] EstoqueModel inicializado. [_log | meu_logger]
2025-05-28 13:41:25,132 - INFO - [RodapePaginacao.__init__] RodapePaginacao inicializado. [_log | meu_logger]
2025-05-28 13:41:25,133 - DEBUG - [RodapePaginacao.__init__] Total de páginas definido: None [_log | meu_logger]
2025-05-28 13:41:25,135 - INFO - [EstoquePageView.__init__] EstoquePageView inicializado. [_log | meu_logger]
2025-05-28 14:49:17,372 - INFO - [EstoquePage.__init__] Iniciando EstoquePage... [_log | meu_logger]
2025-05-28 14:49:17,377 - INFO - [EstoqueModel.__init__] EstoqueModel inicializado. [_log | meu_logger]
2025-05-28 14:49:17,378 - INFO - [RodapePaginacao.__init__] RodapePaginacao inicializado. [_log | meu_logger]
2025-05-28 14:49:17,379 - DEBUG - [RodapePaginacao.__init__] Total de páginas definido: None [_log | meu_logger]
2025-05-28 14:49:17,380 - INFO - [EstoquePageView.__init__] EstoquePageView inicializado. [_log | meu_logger]
2025-05-28 14:49:50,021 - INFO - [EstoquePage.__init__] Iniciando EstoquePage... [_log | meu_logger]
2025-05-28 14:49:50,027 - INFO - [EstoqueModel.__init__] EstoqueModel inicializado. [_log | meu_logger]
2025-05-28 14:49:50,038 - INFO - [RodapePaginacao.__init__] RodapePaginacao inicializado. [_log | meu_logger]
2025-05-28 14:49:50,039 - DEBUG - [RodapePaginacao.__init__] Total de páginas definido: None [_log | meu_logger]
2025-05-28 14:49:50,048 - INFO - [EstoquePageView.__init__] EstoquePageView inicializado. [_log | meu_logger]
2025-05-28 14:49:50,098 - INFO - [EstoquePageController.__init__] EstoquePageController inicializado. [_log | meu_logger]
2025-05-28 14:49:50,100 - INFO - [EstoquePage.__init__] EstoquePageController criado com sucesso. [_log | meu_logger]
2025-05-28 14:49:50,101 - DEBUG - [EstoquePage.start] Método start() chamado. Exibindo view do estoque. [_log | meu_logger]
2025-05-28 14:49:50,102 - DEBUG - [EstoquePageController.exibir_view_estoque] Exibindo view_estoque. [_log | meu_logger]
2025-05-28 14:49:50,102 - DEBUG - [EstoquePageController.carregar_dados_estoque] Buscando dados de produtos no model. [_log | meu_logger]
2025-05-28 14:49:50,103 - DEBUG - [EstoquePageController.listar_produtos_paginados] Chamando listar_produtos() com: Página=1, Quantidade=20, OrdenarPor=None, Filtros=None [_log | meu_logger]
2025-05-28 14:49:50,252 - DEBUG - [EstoqueModel.get_colunas_produto] Buscando colunas da tabela 'produto'. [_log | meu_logger]
2025-05-28 14:49:50,309 - DEBUG - [EstoqueModel.get_colunas_produto] Colunas encontradas: ['id', 'nome', 'descricao', 'preco', 'quantidade', 'tipo'] [_log | meu_logger]
2025-05-28 14:49:50,309 - DEBUG - [EstoquePageController.carregar_dados_estoque] 6 colunas retornadas. [_log | meu_logger]
2025-05-28 14:49:50,310 - DEBUG - [EstoquePageController.carregar_dados_estoque] 20 produtos retornados. [_log | meu_logger]
2025-05-28 14:49:50,310 - DEBUG - [EstoquePageController.carregar_dados_estoque] Total de páginas: 2 [_log | meu_logger]
2025-05-28 14:49:50,310 - INFO - [EstoquePageView.alimentar_Dados] Atualizando dados da tabela... [_log | meu_logger]
2025-05-28 14:49:50,318 - DEBUG - [EstoquePageView.alimentar_Dados] Headers: ['id', 'nome', 'descricao', 'preco', 'quantidade', 'tipo'] [_log | meu_logger]
2025-05-28 14:49:50,318 - DEBUG - [EstoquePageView.alimentar_Dados] Total de linhas: 20 [_log | meu_logger]
2025-05-28 14:49:50,319 - INFO - [EstoquePageView.create_view_estoque] Construindo view de estoque... [_log | meu_logger]
2025-05-28 14:49:50,321 - DEBUG - [RodapePaginacao.build] Chamando build() do RodapePaginacao. [_log | meu_logger]
2025-05-28 14:49:50,321 - DEBUG - [RodapePaginacao.construir] Construindo controles do rodapé de paginação. [_log | meu_logger]
2025-05-28 14:49:50,322 - DEBUG - [RodapePaginacao.construir] Texto da página: Página 1 de 2 [_log | meu_logger]
2025-05-28 14:49:50,342 - INFO - [EstoquePage.start] View de estoque adicionada à página. [_log | meu_logger]
2025-05-28 14:49:50,343 - DEBUG - [EstoquePageController.listar_produtos_paginados] Chamando listar_produtos() com: Página=1, Quantidade=20, OrdenarPor=None, Filtros=None [_log | meu_logger]
2025-05-28 14:49:50,344 - DEBUG - [EstoquePageController.listar_produtos_paginados] Usando resultado em cache da paginação. [_log | meu_logger]
2025-05-28 14:49:50,344 - INFO - [EstoquePage.start] {'dados': [{'id': 4, 'nome': 'Pod 77', 'descricao': 'texto', 'preco': Decimal('778.00'), 'quantidade': 4, 'tipo': 'unidade'}, {'id': 5, 'nome': 'Prod_88', 'descricao': 'Descrição Nova', 'preco': Decimal('77.00'), 'quantidade': 44, 'tipo': 'kg'}, {'id': 6, 'nome': 'Prod_77', 'descricao': 'l', 'preco': Decimal('85.00'), 'quantidade': 88, 'tipo': 'litro'}, {'id': 8, 'nome': 'kkk', 'descricao': 'kkkk', 'preco': Decimal('99.00'), 'quantidade': 555, 'tipo': 'caixa'}, {'id': 9, 'nome': 'A', 'descricao': 'A', 'preco': Decimal('1.00'), 'quantidade': 14, 'tipo': 'unidade'}, {'id': 10, 'nome': 'p1', 'descricao': 'p1', 'preco': Decimal('0.00'), 'quantidade': 1, 'tipo': 'unidade'}, {'id': 11, 'nome': 'phujkfv', 'descricao': 'uku', 'preco': Decimal('33.00'), 'quantidade': 33, 'tipo': 'kg'}, {'id': 12, 'nome': 'fdfdf', 'descricao': 'dfsfs', 'preco': Decimal('5215.00'), 'quantidade': 515, 'tipo': 'unidade'}, {'id': 13, 'nome': 'dfsdf', 'descricao': 'sfsdf', 'preco': Decimal('515.00'), 'quantidade': 22, 'tipo': 'unidade'}, {'id': 15, 'nome': 'tttt', 'descricao': 'trtr', 'preco': Decimal('55.00'), 'quantidade': 55, 'tipo': 'unidade'}, {'id': 16, 'nome': 'Teste', 'descricao': '77', 'preco': Decimal('58.00'), 'quantidade': 77, 'tipo': 'litro'}, {'id': 17, 'nome': 'Maste', 'descricao': 'dsd', 'preco': Decimal('44.00'), 'quantidade': 44, 'tipo': 'litro'}, {'id': 18, 'nome': '2', 'descricao': '22', 'preco': Decimal('525.00'), 'quantidade': 55, 'tipo': 'kg'}, {'id': 19, 'nome': 'Tes_ide', 'descricao': '2121ff', 'preco': Decimal('8547.00'), 'quantidade': 223, 'tipo': 'unidade'}, {'id': 20, 'nome': 'Tes_ide', 'descricao': '2121ff', 'preco': Decimal('8547.00'), 'quantidade': 223, 'tipo': 'unidade'}, {'id': 21, 'nome': 'Tes_ide', 'descricao': '2121ff', 'preco': Decimal('8547.00'), 'quantidade': 223, 'tipo': 'unidade'}, {'id': 22, 'nome': 'Bolo de Chocolate', 'descricao': None, 'preco': Decimal('50.00'), 'quantidade': 1, 'tipo': 'unidade'}, {'id': 23, 'nome': 'Bolo de Morango', 'descricao': None, 'preco': Decimal('45.00'), 'quantidade': 1, 'tipo': 'unidade'}, {'id': 24, 'nome': 'Cupcake', 'descricao': None, 'preco': Decimal('5.00'), 'quantidade': 12, 'tipo': 'unidade'}, {'id': 25, 'nome': 'Torta de Maçã', 'descricao': None, 'preco': Decimal('40.00'), 'quantidade': 1, 'tipo': 'unidade'}], 'colunas': ['id', 'nome', 'descricao', 'preco', 'quantidade', 'tipo'], 'pagina_atual': 1, 'por_pagina': 20, 'total_registros': 21, 'total_paginas': 2} [_log | meu_logger]
2025-05-28 14:56:29,949 - INFO - [EstoquePage.__init__] Iniciando EstoquePage... [_log | meu_logger]
2025-05-28 14:56:29,958 - INFO - [EstoqueModel.__init__] EstoqueModel inicializado. [_log | meu_logger]
2025-05-28 14:56:29,964 - INFO - [RodapePaginacao.__init__] RodapePaginacao inicializado. [_log | meu_logger]
2025-05-28 14:56:29,965 - DEBUG - [RodapePaginacao.__init__] Total de páginas definido: None [_log | meu_logger]
2025-05-28 14:56:29,966 - INFO - [EstoquePageView.__init__] EstoquePageView inicializado. [_log | meu_logger]
2025-05-28 14:56:29,968 - INFO - [EstoquePageController.__init__] EstoquePageController inicializado. [_log | meu_logger]
2025-05-28 14:56:29,981 - INFO - [EstoquePage.__init__] EstoquePageController criado com sucesso. [_log | meu_logger]
2025-05-28 14:56:29,983 - DEBUG - [EstoquePage.start] Método start() chamado. Exibindo view do estoque. [_log | meu_logger]
2025-05-28 14:56:29,984 - DEBUG - [EstoquePageController.exibir_view_estoque] Exibindo view_estoque. [_log | meu_logger]
2025-05-28 14:56:29,984 - DEBUG - [EstoquePageController.carregar_dados_estoque] Buscando dados de produtos no model. [_log | meu_logger]
2025-05-28 14:56:29,985 - DEBUG - [EstoquePageController.listar_produtos_paginados] Chamando listar_produtos() com: Página=1, Quantidade=20, OrdenarPor=None, Filtros=None [_log | meu_logger]
2025-05-28 14:56:30,033 - DEBUG - [EstoqueModel.get_colunas_produto] Buscando colunas da tabela 'produto'. [_log | meu_logger]
2025-05-28 14:56:30,063 - DEBUG - [EstoqueModel.get_colunas_produto] Colunas encontradas: ['id', 'nome', 'descricao', 'preco', 'quantidade', 'tipo'] [_log | meu_logger]
2025-05-28 14:56:30,064 - DEBUG - [EstoquePageController.carregar_dados_estoque] 6 colunas retornadas. [_log | meu_logger]
2025-05-28 14:56:30,064 - DEBUG - [EstoquePageController.carregar_dados_estoque] 20 produtos retornados. [_log | meu_logger]
2025-05-28 14:56:30,064 - DEBUG - [EstoquePageController.carregar_dados_estoque] Total de páginas: 2 [_log | meu_logger]
2025-05-28 14:56:30,065 - INFO - [EstoquePageView.alimentar_Dados] Atualizando dados da tabela... [_log | meu_logger]
2025-05-28 14:56:30,073 - DEBUG - [EstoquePageView.alimentar_Dados] Headers: ['id', 'nome', 'descricao', 'preco', 'quantidade', 'tipo'] [_log | meu_logger]
2025-05-28 14:56:30,073 - DEBUG - [EstoquePageView.alimentar_Dados] Total de linhas: 20 [_log | meu_logger]
2025-05-28 14:56:30,074 - INFO - [EstoquePageView.create_view_estoque] Construindo view de estoque... [_log | meu_logger]
2025-05-28 14:56:30,080 - DEBUG - [RodapePaginacao.build] Chamando build() do RodapePaginacao. [_log | meu_logger]
2025-05-28 14:56:30,082 - DEBUG - [RodapePaginacao.construir] Construindo controles do rodapé de paginação. [_log | meu_logger]
2025-05-28 14:56:30,083 - DEBUG - [RodapePaginacao.construir] Texto da página: Página 1 de 2 [_log | meu_logger]
2025-05-28 14:56:30,107 - INFO - [EstoquePage.start] View de estoque adicionada à página. [_log | meu_logger]
2025-05-28 14:56:30,108 - DEBUG - [EstoquePageController.listar_produtos_paginados] Chamando listar_produtos() com: Página=1, Quantidade=20, OrdenarPor=None, Filtros=None [_log | meu_logger]
2025-05-28 14:56:30,108 - DEBUG - [EstoquePageController.listar_produtos_paginados] Usando resultado em cache da paginação. [_log | meu_logger]
2025-05-28 14:56:30,110 - INFO - [EstoquePage.start] {'dados': [{'id': 4, 'nome': 'Pod 77', 'descricao': 'texto', 'preco': Decimal('778.00'), 'quantidade': 4, 'tipo': 'unidade'}, {'id': 5, 'nome': 'Prod_88', 'descricao': 'Descrição Nova', 'preco': Decimal('77.00'), 'quantidade': 44, 'tipo': 'kg'}, {'id': 6, 'nome': 'Prod_77', 'descricao': 'l', 'preco': Decimal('85.00'), 'quantidade': 88, 'tipo': 'litro'}, {'id': 8, 'nome': 'kkk', 'descricao': 'kkkk', 'preco': Decimal('99.00'), 'quantidade': 555, 'tipo': 'caixa'}, {'id': 9, 'nome': 'A', 'descricao': 'A', 'preco': Decimal('1.00'), 'quantidade': 14, 'tipo': 'unidade'}, {'id': 10, 'nome': 'p1', 'descricao': 'p1', 'preco': Decimal('0.00'), 'quantidade': 1, 'tipo': 'unidade'}, {'id': 11, 'nome': 'phujkfv', 'descricao': 'uku', 'preco': Decimal('33.00'), 'quantidade': 33, 'tipo': 'kg'}, {'id': 12, 'nome': 'fdfdf', 'descricao': 'dfsfs', 'preco': Decimal('5215.00'), 'quantidade': 515, 'tipo': 'unidade'}, {'id': 13, 'nome': 'dfsdf', 'descricao': 'sfsdf', 'preco': Decimal('515.00'), 'quantidade': 22, 'tipo': 'unidade'}, {'id': 15, 'nome': 'tttt', 'descricao': 'trtr', 'preco': Decimal('55.00'), 'quantidade': 55, 'tipo': 'unidade'}, {'id': 16, 'nome': 'Teste', 'descricao': '77', 'preco': Decimal('58.00'), 'quantidade': 77, 'tipo': 'litro'}, {'id': 17, 'nome': 'Maste', 'descricao': 'dsd', 'preco': Decimal('44.00'), 'quantidade': 44, 'tipo': 'litro'}, {'id': 18, 'nome': '2', 'descricao': '22', 'preco': Decimal('525.00'), 'quantidade': 55, 'tipo': 'kg'}, {'id': 19, 'nome': 'Tes_ide', 'descricao': '2121ff', 'preco': Decimal('8547.00'), 'quantidade': 223, 'tipo': 'unidade'}, {'id': 20, 'nome': 'Tes_ide', 'descricao': '2121ff', 'preco': Decimal('8547.00'), 'quantidade': 223, 'tipo': 'unidade'}, {'id': 21, 'nome': 'Tes_ide', 'descricao': '2121ff', 'preco': Decimal('8547.00'), 'quantidade': 223, 'tipo': 'unidade'}, {'id': 22, 'nome': 'Bolo de Chocolate', 'descricao': None, 'preco': Decimal('50.00'), 'quantidade': 1, 'tipo': 'unidade'}, {'id': 23, 'nome': 'Bolo de Morango', 'descricao': None, 'preco': Decimal('45.00'), 'quantidade': 1, 'tipo': 'unidade'}, {'id': 24, 'nome': 'Cupcake', 'descricao': None, 'preco': Decimal('5.00'), 'quantidade': 12, 'tipo': 'unidade'}, {'id': 25, 'nome': 'Torta de Maçã', 'descricao': None, 'preco': Decimal('40.00'), 'quantidade': 1, 'tipo': 'unidade'}], 'colunas': ['id', 'nome', 'descricao', 'preco', 'quantidade', 'tipo'], 'pagina_atual': 1, 'por_pagina': 20, 'total_registros': 21, 'total_paginas': 2} [_log | meu_logger]
2025-05-28 14:56:32,951 - DEBUG - [EstoquePageController.busca_por_nome] Buscando produtos por nome: A [_log | meu_logger]
2025-05-28 14:56:32,970 - DEBUG - [EstoqueModel.get_colunas_produto] Buscando colunas da tabela 'produto'. [_log | meu_logger]
2025-05-28 14:56:32,974 - DEBUG - [EstoqueModel.get_colunas_produto] Colunas encontradas: ['id', 'nome', 'descricao', 'preco', 'quantidade', 'tipo'] [_log | meu_logger]
2025-05-28 14:56:32,974 - INFO - [EstoquePageView.alimentar_Dados] Atualizando dados da tabela... [_log | meu_logger]
2025-05-28 14:56:32,975 - DEBUG - [EstoquePageView.alimentar_Dados] Headers: ['id', 'nome', 'descricao', 'preco', 'quantidade', 'tipo'] [_log | meu_logger]
2025-05-28 14:56:32,976 - DEBUG - [EstoquePageView.alimentar_Dados] Total de linhas: 1 [_log | meu_logger]
2025-05-28 14:56:36,359 - DEBUG - [EstoquePageController.busca_por_nome] Buscando produtos por nome: B [_log | meu_logger]
2025-05-28 14:56:36,364 - DEBUG - [EstoqueModel.get_colunas_produto] Buscando colunas da tabela 'produto'. [_log | meu_logger]
2025-05-28 14:56:36,368 - DEBUG - [EstoqueModel.get_colunas_produto] Colunas encontradas: ['id', 'nome', 'descricao', 'preco', 'quantidade', 'tipo'] [_log | meu_logger]
2025-05-28 14:56:36,368 - INFO - [EstoquePageView.alimentar_Dados] Atualizando dados da tabela... [_log | meu_logger]
2025-05-28 14:56:36,370 - DEBUG - [EstoquePageView.alimentar_Dados] Headers: ['id', 'nome', 'descricao', 'preco', 'quantidade', 'tipo'] [_log | meu_logger]
2025-05-28 14:56:36,370 - DEBUG - [EstoquePageView.alimentar_Dados] Total de linhas: 2 [_log | meu_logger]
2025-05-28 14:56:39,407 - DEBUG - [EstoquePageController.carregar_dados_estoque] Buscando dados de produtos no model. [_log | meu_logger]
2025-05-28 14:56:39,408 - DEBUG - [EstoquePageController.listar_produtos_paginados] Chamando listar_produtos() com: Página=1, Quantidade=20, OrdenarPor=None, Filtros=None [_log | meu_logger]
2025-05-28 14:56:39,411 - DEBUG - [EstoqueModel.get_colunas_produto] Buscando colunas da tabela 'produto'. [_log | meu_logger]
2025-05-28 14:56:39,414 - DEBUG - [EstoqueModel.get_colunas_produto] Colunas encontradas: ['id', 'nome', 'descricao', 'preco', 'quantidade', 'tipo'] [_log | meu_logger]
2025-05-28 14:56:39,415 - DEBUG - [EstoquePageController.carregar_dados_estoque] 6 colunas retornadas. [_log | meu_logger]
2025-05-28 14:56:39,415 - DEBUG - [EstoquePageController.carregar_dados_estoque] 20 produtos retornados. [_log | meu_logger]
2025-05-28 14:56:39,415 - DEBUG - [EstoquePageController.carregar_dados_estoque] Total de páginas: 2 [_log | meu_logger]
2025-05-28 14:56:39,415 - INFO - [EstoquePageView.alimentar_Dados] Atualizando dados da tabela... [_log | meu_logger]
2025-05-28 14:56:39,425 - DEBUG - [EstoquePageView.alimentar_Dados] Headers: ['id', 'nome', 'descricao', 'preco', 'quantidade', 'tipo'] [_log | meu_logger]
2025-05-28 14:56:39,426 - DEBUG - [EstoquePageView.alimentar_Dados] Total de linhas: 20 [_log | meu_logger]
2025-05-28 14:59:37,809 - INFO - [EstoquePage.__init__] Iniciando EstoquePage... [_log | meu_logger]
2025-05-28 14:59:37,814 - INFO - [EstoqueModel.__init__] EstoqueModel inicializado. [_log | meu_logger]
2025-05-28 14:59:37,815 - INFO - [RodapePaginacao.__init__] RodapePaginacao inicializado. [_log | meu_logger]
2025-05-28 14:59:37,816 - DEBUG - [RodapePaginacao.__init__] Total de páginas definido: None [_log | meu_logger]
2025-05-28 14:59:37,817 - INFO - [EstoquePageView.__init__] EstoquePageView inicializado. [_log | meu_logger]
2025-05-28 14:59:37,817 - INFO - [EstoquePageController.__init__] EstoquePageController inicializado. [_log | meu_logger]
2025-05-28 14:59:37,818 - INFO - [EstoquePage.__init__] EstoquePageController criado com sucesso. [_log | meu_logger]
2025-05-28 14:59:37,818 - DEBUG - [EstoquePage.start] Método start() chamado. Exibindo view do estoque. [_log | meu_logger]
2025-05-28 14:59:37,818 - DEBUG - [EstoquePageController.exibir_view_estoque] Exibindo view_estoque. [_log | meu_logger]
2025-05-28 14:59:37,818 - DEBUG - [EstoquePageController.carregar_dados_estoque] Buscando dados de produtos no model. [_log | meu_logger]
2025-05-28 14:59:37,819 - DEBUG - [EstoquePageController.listar_produtos_paginados] Chamando listar_produtos() com: Página=1, Quantidade=20, OrdenarPor=None, Filtros=None [_log | meu_logger]
2025-05-28 14:59:37,851 - DEBUG - [EstoqueModel.get_colunas_produto] Buscando colunas da tabela 'produto'. [_log | meu_logger]
2025-05-28 14:59:37,871 - DEBUG - [EstoqueModel.get_colunas_produto] Colunas encontradas: ['id', 'nome', 'descricao', 'preco', 'quantidade', 'tipo'] [_log | meu_logger]
2025-05-28 14:59:37,872 - DEBUG - [EstoquePageController.carregar_dados_estoque] 6 colunas retornadas. [_log | meu_logger]
2025-05-28 14:59:37,872 - DEBUG - [EstoquePageController.carregar_dados_estoque] 20 produtos retornados. [_log | meu_logger]
2025-05-28 14:59:37,872 - DEBUG - [EstoquePageController.carregar_dados_estoque] Total de páginas: 2 [_log | meu_logger]
2025-05-28 14:59:37,872 - INFO - [EstoquePageView.alimentar_Dados] Atualizando dados da tabela... [_log | meu_logger]
2025-05-28 14:59:37,884 - DEBUG - [EstoquePageView.alimentar_Dados] Headers: ['id', 'nome', 'descricao', 'preco', 'quantidade', 'tipo'] [_log | meu_logger]
2025-05-28 14:59:37,884 - DEBUG - [EstoquePageView.alimentar_Dados] Total de linhas: 20 [_log | meu_logger]
2025-05-28 14:59:37,885 - INFO - [EstoquePageView.create_view_estoque] Construindo view de estoque... [_log | meu_logger]
2025-05-28 14:59:37,887 - DEBUG - [RodapePaginacao.build] Chamando build() do RodapePaginacao. [_log | meu_logger]
2025-05-28 14:59:37,887 - DEBUG - [RodapePaginacao.construir] Construindo controles do rodapé de paginação. [_log | meu_logger]
2025-05-28 14:59:37,887 - DEBUG - [RodapePaginacao.construir] Texto da página: Página 1 de 2 [_log | meu_logger]
2025-05-28 14:59:37,907 - INFO - [EstoquePage.start] View de estoque adicionada à página. [_log | meu_logger]
2025-05-28 14:59:37,908 - DEBUG - [EstoquePageController.listar_produtos_paginados] Chamando listar_produtos() com: Página=1, Quantidade=20, OrdenarPor=None, Filtros=None [_log | meu_logger]
2025-05-28 14:59:37,908 - DEBUG - [EstoquePageController.listar_produtos_paginados] Usando resultado em cache da paginação. [_log | meu_logger]
2025-05-28 14:59:37,909 - INFO - [EstoquePage.start] {'dados': [{'id': 4, 'nome': 'Pod 77', 'descricao': 'texto', 'preco': Decimal('778.00'), 'quantidade': 4, 'tipo': 'unidade'}, {'id': 5, 'nome': 'Prod_88', 'descricao': 'Descrição Nova', 'preco': Decimal('77.00'), 'quantidade': 44, 'tipo': 'kg'}, {'id': 6, 'nome': 'Prod_77', 'descricao': 'l', 'preco': Decimal('85.00'), 'quantidade': 88, 'tipo': 'litro'}, {'id': 8, 'nome': 'kkk', 'descricao': 'kkkk', 'preco': Decimal('99.00'), 'quantidade': 555, 'tipo': 'caixa'}, {'id': 9, 'nome': 'A', 'descricao': 'A', 'preco': Decimal('1.00'), 'quantidade': 14, 'tipo': 'unidade'}, {'id': 10, 'nome': 'p1', 'descricao': 'p1', 'preco': Decimal('0.00'), 'quantidade': 1, 'tipo': 'unidade'}, {'id': 11, 'nome': 'phujkfv', 'descricao': 'uku', 'preco': Decimal('33.00'), 'quantidade': 33, 'tipo': 'kg'}, {'id': 12, 'nome': 'fdfdf', 'descricao': 'dfsfs', 'preco': Decimal('5215.00'), 'quantidade': 515, 'tipo': 'unidade'}, {'id': 13, 'nome': 'dfsdf', 'descricao': 'sfsdf', 'preco': Decimal('515.00'), 'quantidade': 22, 'tipo': 'unidade'}, {'id': 15, 'nome': 'tttt', 'descricao': 'trtr', 'preco': Decimal('55.00'), 'quantidade': 55, 'tipo': 'unidade'}, {'id': 16, 'nome': 'Teste', 'descricao': '77', 'preco': Decimal('58.00'), 'quantidade': 77, 'tipo': 'litro'}, {'id': 17, 'nome': 'Maste', 'descricao': 'dsd', 'preco': Decimal('44.00'), 'quantidade': 44, 'tipo': 'litro'}, {'id': 18, 'nome': '2', 'descricao': '22', 'preco': Decimal('525.00'), 'quantidade': 55, 'tipo': 'kg'}, {'id': 19, 'nome': 'Tes_ide', 'descricao': '2121ff', 'preco': Decimal('8547.00'), 'quantidade': 223, 'tipo': 'unidade'}, {'id': 20, 'nome': 'Tes_ide', 'descricao': '2121ff', 'preco': Decimal('8547.00'), 'quantidade': 223, 'tipo': 'unidade'}, {'id': 21, 'nome': 'Tes_ide', 'descricao': '2121ff', 'preco': Decimal('8547.00'), 'quantidade': 223, 'tipo': 'unidade'}, {'id': 22, 'nome': 'Bolo de Chocolate', 'descricao': None, 'preco': Decimal('50.00'), 'quantidade': 1, 'tipo': 'unidade'}, {'id': 23, 'nome': 'Bolo de Morango', 'descricao': None, 'preco': Decimal('45.00'), 'quantidade': 1, 'tipo': 'unidade'}, {'id': 24, 'nome': 'Cupcake', 'descricao': None, 'preco': Decimal('5.00'), 'quantidade': 12, 'tipo': 'unidade'}, {'id': 25, 'nome': 'Torta de Maçã', 'descricao': None, 'preco': Decimal('40.00'), 'quantidade': 1, 'tipo': 'unidade'}], 'colunas': ['id', 'nome', 'descricao', 'preco', 'quantidade', 'tipo'], 'pagina_atual': 1, 'por_pagina': 20, 'total_registros': 21, 'total_paginas': 2} [_log | meu_logger]
2025-05-28 14:59:40,725 - DEBUG - [EstoquePageController.editar_produto] Editando produto com ID: ControlEvent(name='click', data=None) [_log | meu_logger]
2025-05-28 14:59:45,773 - DEBUG - [EstoquePageController.editar_produto] Editando produto com ID: ControlEvent(name='click', data=None) [_log | meu_logger]
2025-05-28 15:02:42,381 - INFO - [EstoquePage.__init__] Iniciando EstoquePage... [_log | meu_logger]
2025-05-28 15:02:42,407 - INFO - [EstoqueModel.__init__] EstoqueModel inicializado. [_log | meu_logger]
2025-05-28 15:02:42,409 - INFO - [RodapePaginacao.__init__] RodapePaginacao inicializado. [_log | meu_logger]
2025-05-28 15:02:42,410 - DEBUG - [RodapePaginacao.__init__] Total de páginas definido: None [_log | meu_logger]
2025-05-28 15:02:42,411 - INFO - [EstoquePageView.__init__] EstoquePageView inicializado. [_log | meu_logger]
2025-05-28 15:02:42,412 - INFO - [EstoquePageController.__init__] EstoquePageController inicializado. [_log | meu_logger]
2025-05-28 15:02:42,413 - INFO - [EstoquePage.__init__] EstoquePageController criado com sucesso. [_log | meu_logger]
2025-05-28 15:02:42,413 - DEBUG - [EstoquePage.start] Método start() chamado. Exibindo view do estoque. [_log | meu_logger]
2025-05-28 15:02:42,413 - DEBUG - [EstoquePageController.exibir_view_estoque] Exibindo view_estoque. [_log | meu_logger]
2025-05-28 15:02:42,413 - DEBUG - [EstoquePageController.carregar_dados_estoque] Buscando dados de produtos no model. [_log | meu_logger]
2025-05-28 15:02:42,414 - DEBUG - [EstoquePageController.listar_produtos_paginados] Chamando listar_produtos() com: Página=1, Quantidade=20, OrdenarPor=None, Filtros=None [_log | meu_logger]
2025-05-28 15:02:42,454 - DEBUG - [EstoqueModel.get_colunas_produto] Buscando colunas da tabela 'produto'. [_log | meu_logger]
2025-05-28 15:02:42,474 - DEBUG - [EstoqueModel.get_colunas_produto] Colunas encontradas: ['id', 'nome', 'descricao', 'preco', 'quantidade', 'tipo'] [_log | meu_logger]
2025-05-28 15:02:42,474 - DEBUG - [EstoquePageController.carregar_dados_estoque] 6 colunas retornadas. [_log | meu_logger]
2025-05-28 15:02:42,475 - DEBUG - [EstoquePageController.carregar_dados_estoque] 20 produtos retornados. [_log | meu_logger]
2025-05-28 15:02:42,475 - DEBUG - [EstoquePageController.carregar_dados_estoque] Total de páginas: 2 [_log | meu_logger]
2025-05-28 15:02:42,476 - INFO - [EstoquePageView.alimentar_Dados] Atualizando dados da tabela... [_log | meu_logger]
2025-05-28 15:02:42,486 - DEBUG - [EstoquePageView.alimentar_Dados] Headers: ['id', 'nome', 'descricao', 'preco', 'quantidade', 'tipo'] [_log | meu_logger]
2025-05-28 15:02:42,486 - DEBUG - [EstoquePageView.alimentar_Dados] Total de linhas: 20 [_log | meu_logger]
2025-05-28 15:02:42,487 - INFO - [EstoquePageView.create_view_estoque] Construindo view de estoque... [_log | meu_logger]
2025-05-28 15:02:42,490 - DEBUG - [RodapePaginacao.build] Chamando build() do RodapePaginacao. [_log | meu_logger]
2025-05-28 15:02:42,491 - DEBUG - [RodapePaginacao.construir] Construindo controles do rodapé de paginação. [_log | meu_logger]
2025-05-28 15:02:42,491 - DEBUG - [RodapePaginacao.construir] Texto da página: Página 1 de 2 [_log | meu_logger]
2025-05-28 15:02:42,517 - INFO - [EstoquePage.start] View de estoque adicionada à página. [_log | meu_logger]
2025-05-28 15:02:42,517 - DEBUG - [EstoquePageController.listar_produtos_paginados] Chamando listar_produtos() com: Página=1, Quantidade=20, OrdenarPor=None, Filtros=None [_log | meu_logger]
2025-05-28 15:02:42,517 - DEBUG - [EstoquePageController.listar_produtos_paginados] Usando resultado em cache da paginação. [_log | meu_logger]
2025-05-28 15:02:42,519 - INFO - [EstoquePage.start] {'dados': [{'id': 4, 'nome': 'Pod 77', 'descricao': 'texto', 'preco': Decimal('778.00'), 'quantidade': 4, 'tipo': 'unidade'}, {'id': 5, 'nome': 'Prod_88', 'descricao': 'Descrição Nova', 'preco': Decimal('77.00'), 'quantidade': 44, 'tipo': 'kg'}, {'id': 6, 'nome': 'Prod_77', 'descricao': 'l', 'preco': Decimal('85.00'), 'quantidade': 88, 'tipo': 'litro'}, {'id': 8, 'nome': 'kkk', 'descricao': 'kkkk', 'preco': Decimal('99.00'), 'quantidade': 555, 'tipo': 'caixa'}, {'id': 9, 'nome': 'A', 'descricao': 'A', 'preco': Decimal('1.00'), 'quantidade': 14, 'tipo': 'unidade'}, {'id': 10, 'nome': 'p1', 'descricao': 'p1', 'preco': Decimal('0.00'), 'quantidade': 1, 'tipo': 'unidade'}, {'id': 11, 'nome': 'phujkfv', 'descricao': 'uku', 'preco': Decimal('33.00'), 'quantidade': 33, 'tipo': 'kg'}, {'id': 12, 'nome': 'fdfdf', 'descricao': 'dfsfs', 'preco': Decimal('5215.00'), 'quantidade': 515, 'tipo': 'unidade'}, {'id': 13, 'nome': 'dfsdf', 'descricao': 'sfsdf', 'preco': Decimal('515.00'), 'quantidade': 22, 'tipo': 'unidade'}, {'id': 15, 'nome': 'tttt', 'descricao': 'trtr', 'preco': Decimal('55.00'), 'quantidade': 55, 'tipo': 'unidade'}, {'id': 16, 'nome': 'Teste', 'descricao': '77', 'preco': Decimal('58.00'), 'quantidade': 77, 'tipo': 'litro'}, {'id': 17, 'nome': 'Maste', 'descricao': 'dsd', 'preco': Decimal('44.00'), 'quantidade': 44, 'tipo': 'litro'}, {'id': 18, 'nome': '2', 'descricao': '22', 'preco': Decimal('525.00'), 'quantidade': 55, 'tipo': 'kg'}, {'id': 19, 'nome': 'Tes_ide', 'descricao': '2121ff', 'preco': Decimal('8547.00'), 'quantidade': 223, 'tipo': 'unidade'}, {'id': 20, 'nome': 'Tes_ide', 'descricao': '2121ff', 'preco': Decimal('8547.00'), 'quantidade': 223, 'tipo': 'unidade'}, {'id': 21, 'nome': 'Tes_ide', 'descricao': '2121ff', 'preco': Decimal('8547.00'), 'quantidade': 223, 'tipo': 'unidade'}, {'id': 22, 'nome': 'Bolo de Chocolate', 'descricao': None, 'preco': Decimal('50.00'), 'quantidade': 1, 'tipo': 'unidade'}, {'id': 23, 'nome': 'Bolo de Morango', 'descricao': None, 'preco': Decimal('45.00'), 'quantidade': 1, 'tipo': 'unidade'}, {'id': 24, 'nome': 'Cupcake', 'descricao': None, 'preco': Decimal('5.00'), 'quantidade': 12, 'tipo': 'unidade'}, {'id': 25, 'nome': 'Torta de Maçã', 'descricao': None, 'preco': Decimal('40.00'), 'quantidade': 1, 'tipo': 'unidade'}], 'colunas': ['id', 'nome', 'descricao', 'preco', 'quantidade', 'tipo'], 'pagina_atual': 1, 'por_pagina': 20, 'total_registros': 21, 'total_paginas': 2} [_log | meu_logger]
